<?xml version="1.0" encoding="UTF-8"?>
<!-- Generated by org.testng.reporters.JUnitXMLReporter -->
<testsuite ignored="0" hostname="DESKTOP-493EAAE" failures="0" tests="3" name="autocomplete" time="9.871" errors="0" timestamp="2022-03-25T17:27:15 IST">
  <testcase classname="testingbaba.Testingbaba_autocomplete_test" name="AutocompleteTestingBaba_test01" time="0.08"/>
  <testcase classname="testingbaba.Testingbaba_autocomplete_test" name="AutocompleteTestingBaba_test02" time="1.079"/>
  <testcase classname="testingbaba.Testingbaba_autocomplete_test" name="AutocompleteTestingBaba_test03" time="2.266"/>
</testsuite> <!-- autocomplete -->
