<?xml version="1.0" encoding="UTF-8"?>
<!-- Generated by org.testng.reporters.JUnitXMLReporter -->
<testsuite ignored="0" hostname="DESKTOP-493EAAE" failures="0" tests="3" name="buttons" time="8.517" errors="0" timestamp="2022-04-18T20:08:12 IST">
  <testcase classname="testingbaba.Testingbaba_buttons_test" name="ButtonsTestingBaba_test01" time="0.175"/>
  <testcase classname="testingbaba.Testingbaba_buttons_test" name="ButtonsTestingBaba_test02" time="0.347"/>
  <testcase classname="testingbaba.Testingbaba_buttons_test" name="ButtonsTestingBaba_test03" time="0.234"/>
</testsuite> <!-- buttons -->
