<?xml version="1.0" encoding="UTF-8"?>
<!-- Generated by org.testng.reporters.JUnitXMLReporter -->
<testsuite ignored="0" hostname="IN-122P5Y2" failures="0" tests="3" name="buttons" time="14.293" errors="0" timestamp="2022-04-16T22:06:29 IST">
  <testcase classname="testingbaba.Testingbaba_buttons_test" name="@BeforeTest launchtestingbaba" time="14.272">
    <failure type="org.openqa.selenium.TimeoutException" message="Expected condition failed: waiting for visibility of [[FirefoxDriver: firefox on WINDOWS (741d811a-77b3-4fab-90f9-8572c68329d3)] -&amp;gt; xpath: //*[@id=&amp;quot;myModal2&amp;quot;]/div/div/div[1]/button] (tried for 5 second(s) with 500 milliseconds interval)
Build info: version: &amp;apos;4.1.2&amp;apos;, revision: &amp;apos;9a5a329c5a&amp;apos;
System info: host: &amp;apos;IN-122P5Y2&amp;apos;, ip: &amp;apos;192.168.1.7&amp;apos;, os.name: &amp;apos;Windows 10&amp;apos;, os.arch: &amp;apos;amd64&amp;apos;, os.version: &amp;apos;10.0&amp;apos;, java.version: &amp;apos;17.0.2&amp;apos;
Driver info: org.openqa.selenium.firefox.FirefoxDriver
Capabilities {acceptInsecureCerts: true, browserName: firefox, browserVersion: 99.0.1, javascriptEnabled: true, moz:accessibilityChecks: false, moz:buildID: 20220411174855, moz:debuggerAddress: localhost:49483, moz:geckodriverVersion: 0.31.0, moz:headless: false, moz:processID: 19248, moz:profile: C:\Users\SHIVAM~1.DUB\AppDa..., moz:shutdownTimeout: 60000, moz:useNonSpecCompliantPointerOrigin: false, moz:webdriverClick: true, pageLoadStrategy: normal, platform: WINDOWS, platformName: WINDOWS, platformVersion: 10.0, proxy: Proxy(), se:cdp: ws://localhost:49483/devtoo..., se:cdpVersion: 85.0, setWindowRect: true, strictFileInteractability: false, timeouts: {implicit: 0, pageLoad: 300000, script: 30000}, unhandledPromptBehavior: dismiss and notify}
Session ID: 741d811a-77b3-4fab-90f9-8572c68329d3">
      <![CDATA[org.openqa.selenium.TimeoutException: Expected condition failed: waiting for visibility of [[FirefoxDriver: firefox on WINDOWS (741d811a-77b3-4fab-90f9-8572c68329d3)] -> xpath: //*[@id="myModal2"]/div/div/div[1]/button] (tried for 5 second(s) with 500 milliseconds interval)
Build info: version: '4.1.2', revision: '9a5a329c5a'
System info: host: 'IN-122P5Y2', ip: '192.168.1.7', os.name: 'Windows 10', os.arch: 'amd64', os.version: '10.0', java.version: '17.0.2'
Driver info: org.openqa.selenium.firefox.FirefoxDriver
Capabilities {acceptInsecureCerts: true, browserName: firefox, browserVersion: 99.0.1, javascriptEnabled: true, moz:accessibilityChecks: false, moz:buildID: 20220411174855, moz:debuggerAddress: localhost:49483, moz:geckodriverVersion: 0.31.0, moz:headless: false, moz:processID: 19248, moz:profile: C:\Users\SHIVAM~1.DUB\AppDa..., moz:shutdownTimeout: 60000, moz:useNonSpecCompliantPointerOrigin: false, moz:webdriverClick: true, pageLoadStrategy: normal, platform: WINDOWS, platformName: WINDOWS, platformVersion: 10.0, proxy: Proxy(), se:cdp: ws://localhost:49483/devtoo..., se:cdpVersion: 85.0, setWindowRect: true, strictFileInteractability: false, timeouts: {implicit: 0, pageLoad: 300000, script: 30000}, unhandledPromptBehavior: dismiss and notify}
Session ID: 741d811a-77b3-4fab-90f9-8572c68329d3
at org.openqa.selenium.support.ui.WebDriverWait.timeoutException(WebDriverWait.java:138)
at org.openqa.selenium.support.ui.FluentWait.until(FluentWait.java:231)
at applicationutility.Applicationutility.clickme(Applicationutility.java:47)
at pages.Testingbaba_buttons_page.closebtn(Testingbaba_buttons_page.java:49)
at testingbaba.Testingbaba_buttons_test.launchtestingbaba(Testingbaba_buttons_test.java:36)
... Removed 24 stack frames]]>
    </failure>
  </testcase> <!-- @BeforeTest launchtestingbaba -->
  <testcase classname="baselibrary.Baselibrary" name="@AfterTest Teardown" time="-1.650126989795E9">
    <skipped/>
  </testcase> <!-- @AfterTest Teardown -->
  <testcase classname="testingbaba.Testingbaba_buttons_test" name="ButtonsTestingBaba_test01" time="0.0">
    <skipped/>
  </testcase> <!-- ButtonsTestingBaba_test01 -->
  <testcase classname="testingbaba.Testingbaba_buttons_test" name="ButtonsTestingBaba_test02" time="0.0">
    <skipped/>
  </testcase> <!-- ButtonsTestingBaba_test02 -->
  <testcase classname="testingbaba.Testingbaba_buttons_test" name="ButtonsTestingBaba_test03" time="0.0">
    <skipped/>
  </testcase> <!-- ButtonsTestingBaba_test03 -->
</testsuite> <!-- buttons -->
