<?xml version="1.0" encoding="UTF-8"?>
<!-- Generated by org.testng.reporters.JUnitXMLReporter -->
<testsuite ignored="0" hostname="DESKTOP-493EAAE" failures="0" tests="3" name="buttons" time="7.671" errors="0" timestamp="2022-03-04T19:55:25 IST">
  <testcase classname="test.Testingbaba_buttons_test" name="getelement" time="0.144"/>
  <testcase classname="test.Testingbaba_buttons_test" name="getbuttn" time="0.679"/>
  <testcase classname="test.Testingbaba_buttons_test" name="doble" time="0.235"/>
</testsuite> <!-- buttons -->
