<?xml version="1.0" encoding="UTF-8"?>
<!-- Generated by org.testng.reporters.JUnitXMLReporter -->
<testsuite ignored="0" hostname="IN-122P5Y2" failures="0" tests="3" name="buttons" time="8.068" errors="0" timestamp="2022-04-16T23:58:22 IST">
  <testcase classname="testingbaba.Testingbaba_buttons_test" name="@BeforeTest launchtestingbaba" time="8.042">
    <failure type="org.openqa.selenium.ElementClickInterceptedException" message="Element &amp;lt;a class=&amp;quot;nav-link&amp;quot; href=&amp;quot;newdemo.html&amp;quot;&amp;gt; is not clickable at point (599,39) because another element &amp;lt;div class=&amp;quot;modal-backdrop fade&amp;quot;&amp;gt; obscures it
Build info: version: &amp;apos;4.1.2&amp;apos;, revision: &amp;apos;9a5a329c5a&amp;apos;
System info: host: &amp;apos;IN-122P5Y2&amp;apos;, ip: &amp;apos;192.168.1.7&amp;apos;, os.name: &amp;apos;Windows 10&amp;apos;, os.arch: &amp;apos;amd64&amp;apos;, os.version: &amp;apos;10.0&amp;apos;, java.version: &amp;apos;17.0.2&amp;apos;
Driver info: org.openqa.selenium.firefox.FirefoxDriver
Command: [eb3ca26c-4b07-49cc-87ca-8df52b86f474, clickElement {id=43b51d52-ec3f-4405-8e68-2e1d6bbff0bf}]
Capabilities {acceptInsecureCerts: true, browserName: firefox, browserVersion: 99.0.1, javascriptEnabled: true, moz:accessibilityChecks: false, moz:buildID: 20220411174855, moz:debuggerAddress: localhost:64137, moz:geckodriverVersion: 0.31.0, moz:headless: false, moz:processID: 17616, moz:profile: C:\Users\SHIVAM~1.DUB\AppDa..., moz:shutdownTimeout: 60000, moz:useNonSpecCompliantPointerOrigin: false, moz:webdriverClick: true, pageLoadStrategy: normal, platform: WINDOWS, platformName: WINDOWS, platformVersion: 10.0, proxy: Proxy(), se:cdp: ws://localhost:64137/devtoo..., se:cdpVersion: 85.0, setWindowRect: true, strictFileInteractability: false, timeouts: {implicit: 0, pageLoad: 300000, script: 30000}, unhandledPromptBehavior: dismiss and notify}
Element: [[FirefoxDriver: firefox on WINDOWS (eb3ca26c-4b07-49cc-87ca-8df52b86f474)] -&amp;gt; xpath: //*[@id=&amp;quot;navbarSupportedContent&amp;quot;]/ul/li[5]/a]
Session ID: eb3ca26c-4b07-49cc-87ca-8df52b86f474">
      <![CDATA[org.openqa.selenium.ElementClickInterceptedException: Element <a class="nav-link" href="newdemo.html"> is not clickable at point (599,39) because another element <div class="modal-backdrop fade"> obscures it
Build info: version: '4.1.2', revision: '9a5a329c5a'
System info: host: 'IN-122P5Y2', ip: '192.168.1.7', os.name: 'Windows 10', os.arch: 'amd64', os.version: '10.0', java.version: '17.0.2'
Driver info: org.openqa.selenium.firefox.FirefoxDriver
Command: [eb3ca26c-4b07-49cc-87ca-8df52b86f474, clickElement {id=43b51d52-ec3f-4405-8e68-2e1d6bbff0bf}]
Capabilities {acceptInsecureCerts: true, browserName: firefox, browserVersion: 99.0.1, javascriptEnabled: true, moz:accessibilityChecks: false, moz:buildID: 20220411174855, moz:debuggerAddress: localhost:64137, moz:geckodriverVersion: 0.31.0, moz:headless: false, moz:processID: 17616, moz:profile: C:\Users\SHIVAM~1.DUB\AppDa..., moz:shutdownTimeout: 60000, moz:useNonSpecCompliantPointerOrigin: false, moz:webdriverClick: true, pageLoadStrategy: normal, platform: WINDOWS, platformName: WINDOWS, platformVersion: 10.0, proxy: Proxy(), se:cdp: ws://localhost:64137/devtoo..., se:cdpVersion: 85.0, setWindowRect: true, strictFileInteractability: false, timeouts: {implicit: 0, pageLoad: 300000, script: 30000}, unhandledPromptBehavior: dismiss and notify}
Element: [[FirefoxDriver: firefox on WINDOWS (eb3ca26c-4b07-49cc-87ca-8df52b86f474)] -> xpath: //*[@id="navbarSupportedContent"]/ul/li[5]/a]
Session ID: eb3ca26c-4b07-49cc-87ca-8df52b86f474
at org.openqa.selenium.remote.codec.w3c.W3CHttpResponseCodec.createException(W3CHttpResponseCodec.java:200)
at org.openqa.selenium.remote.codec.w3c.W3CHttpResponseCodec.decode(W3CHttpResponseCodec.java:133)
at org.openqa.selenium.remote.codec.w3c.W3CHttpResponseCodec.decode(W3CHttpResponseCodec.java:53)
at org.openqa.selenium.remote.HttpCommandExecutor.execute(HttpCommandExecutor.java:184)
at org.openqa.selenium.remote.service.DriverCommandExecutor.invokeExecute(DriverCommandExecutor.java:167)
at org.openqa.selenium.remote.service.DriverCommandExecutor.execute(DriverCommandExecutor.java:142)
at org.openqa.selenium.remote.RemoteWebDriver.execute(RemoteWebDriver.java:558)
at org.openqa.selenium.remote.RemoteWebElement.execute(RemoteWebElement.java:251)
at org.openqa.selenium.remote.RemoteWebElement.click(RemoteWebElement.java:77)
at org.openqa.selenium.support.pagefactory.internal.LocatingElementHandler.invoke(LocatingElementHandler.java:52)
at jdk.proxy2/jdk.proxy2.$Proxy33.click(Unknown Source)
at pages.Testingbaba_buttons_page.closebtn(Testingbaba_buttons_page.java:50)
at testingbaba.Testingbaba_buttons_test.launchtestingbaba(Testingbaba_buttons_test.java:36)
... Removed 33 stack frames]]>
    </failure>
  </testcase> <!-- @BeforeTest launchtestingbaba -->
  <testcase classname="baselibrary.Baselibrary" name="@AfterTest Teardown2" time="-1.650133702228E9">
    <skipped/>
  </testcase> <!-- @AfterTest Teardown2 -->
  <testcase classname="testingbaba.Testingbaba_buttons_test" name="ButtonsTestingBaba_test01" time="0.0">
    <skipped/>
  </testcase> <!-- ButtonsTestingBaba_test01 -->
  <testcase classname="testingbaba.Testingbaba_buttons_test" name="ButtonsTestingBaba_test02" time="0.0">
    <skipped/>
  </testcase> <!-- ButtonsTestingBaba_test02 -->
  <testcase classname="testingbaba.Testingbaba_buttons_test" name="ButtonsTestingBaba_test03" time="0.0">
    <skipped/>
  </testcase> <!-- ButtonsTestingBaba_test03 -->
</testsuite> <!-- buttons -->
