<?xml version="1.0" encoding="UTF-8"?>
<!-- Generated by org.testng.reporters.JUnitXMLReporter -->
<testsuite ignored="0" hostname="DESKTOP-493EAAE" failures="0" tests="3" name="buttons" time="7.464" errors="0" timestamp="2022-03-18T12:15:26 IST">
  <testcase classname="test.Testingbaba_buttons_test" name="ButtonsTestingBaba_test01" time="0.108"/>
  <testcase classname="test.Testingbaba_buttons_test" name="ButtonsTestingBaba_test02" time="0.662"/>
  <testcase classname="test.Testingbaba_buttons_test" name="ButtonsTestingBaba_test03" time="0.178"/>
</testsuite> <!-- buttons -->
