<?xml version="1.0" encoding="UTF-8"?>
<!-- Generated by org.testng.reporters.JUnitXMLReporter -->
<testsuite ignored="0" hostname="DESKTOP-493EAAE" failures="0" tests="3" name="checkbox" time="10.699" errors="0" timestamp="2022-03-11T20:05:30 IST">
  <testcase classname="test.Testingbaba_checkbox_test" name="elements" time="0.127"/>
  <testcase classname="test.Testingbaba_checkbox_test" name="checkbox" time="0.121"/>
  <testcase classname="test.Testingbaba_checkbox_test" name="mobilecheckbox" time="1.398"/>
</testsuite> <!-- checkbox -->
