<?xml version="1.0" encoding="UTF-8"?>
<!-- Generated by org.testng.reporters.JUnitXMLReporter -->
<testsuite ignored="0" hostname="DESKTOP-493EAAE" failures="0" tests="3" name="checkbox" time="16.01" errors="0" timestamp="2022-03-25T17:26:45 IST">
  <testcase classname="testingbaba.Testingbaba_checkbox_test" name="CheckboxTestingBaba_test01" time="0.056"/>
  <testcase classname="testingbaba.Testingbaba_checkbox_test" name="CheckboxTestingBaba_test02" time="4.089"/>
  <testcase classname="testingbaba.Testingbaba_checkbox_test" name="CheckboxTestingBaba_test03" time="5.437"/>
</testsuite> <!-- checkbox -->
