<?xml version="1.0" encoding="UTF-8"?>
<!-- Generated by org.testng.reporters.JUnitXMLReporter -->
<testsuite ignored="0" hostname="IN-122P5Y2" failures="0" tests="2" name="links" time="8.404" errors="0" timestamp="2022-04-16T22:07:15 IST">
  <testcase classname="testingbaba.Testingbaba_links_test" name="@BeforeTest launchtestingbaba" time="8.382">
    <failure type="org.openqa.selenium.ElementNotInteractableException" message="Element &amp;lt;button class=&amp;quot;close&amp;quot; type=&amp;quot;button&amp;quot;&amp;gt; could not be scrolled into view
Build info: version: &amp;apos;4.1.2&amp;apos;, revision: &amp;apos;9a5a329c5a&amp;apos;
System info: host: &amp;apos;IN-122P5Y2&amp;apos;, ip: &amp;apos;192.168.1.7&amp;apos;, os.name: &amp;apos;Windows 10&amp;apos;, os.arch: &amp;apos;amd64&amp;apos;, os.version: &amp;apos;10.0&amp;apos;, java.version: &amp;apos;17.0.2&amp;apos;
Driver info: org.openqa.selenium.firefox.FirefoxDriver
Command: [d431334c-cc43-492a-bff0-8092cb8661fa, clickElement {id=65629071-5c14-471d-81e0-d5280707355e}]
Capabilities {acceptInsecureCerts: true, browserName: firefox, browserVersion: 99.0.1, javascriptEnabled: true, moz:accessibilityChecks: false, moz:buildID: 20220411174855, moz:debuggerAddress: localhost:63193, moz:geckodriverVersion: 0.31.0, moz:headless: false, moz:processID: 15304, moz:profile: C:\Users\SHIVAM~1.DUB\AppDa..., moz:shutdownTimeout: 60000, moz:useNonSpecCompliantPointerOrigin: false, moz:webdriverClick: true, pageLoadStrategy: normal, platform: WINDOWS, platformName: WINDOWS, platformVersion: 10.0, proxy: Proxy(), se:cdp: ws://localhost:63193/devtoo..., se:cdpVersion: 85.0, setWindowRect: true, strictFileInteractability: false, timeouts: {implicit: 0, pageLoad: 300000, script: 30000}, unhandledPromptBehavior: dismiss and notify}
Element: [[FirefoxDriver: firefox on WINDOWS (d431334c-cc43-492a-bff0-8092cb8661fa)] -&amp;gt; xpath: //*[@id=&amp;quot;myModal2&amp;quot;]/div/div/div[1]/button]
Session ID: d431334c-cc43-492a-bff0-8092cb8661fa">
      <![CDATA[org.openqa.selenium.ElementNotInteractableException: Element <button class="close" type="button"> could not be scrolled into view
Build info: version: '4.1.2', revision: '9a5a329c5a'
System info: host: 'IN-122P5Y2', ip: '192.168.1.7', os.name: 'Windows 10', os.arch: 'amd64', os.version: '10.0', java.version: '17.0.2'
Driver info: org.openqa.selenium.firefox.FirefoxDriver
Command: [d431334c-cc43-492a-bff0-8092cb8661fa, clickElement {id=65629071-5c14-471d-81e0-d5280707355e}]
Capabilities {acceptInsecureCerts: true, browserName: firefox, browserVersion: 99.0.1, javascriptEnabled: true, moz:accessibilityChecks: false, moz:buildID: 20220411174855, moz:debuggerAddress: localhost:63193, moz:geckodriverVersion: 0.31.0, moz:headless: false, moz:processID: 15304, moz:profile: C:\Users\SHIVAM~1.DUB\AppDa..., moz:shutdownTimeout: 60000, moz:useNonSpecCompliantPointerOrigin: false, moz:webdriverClick: true, pageLoadStrategy: normal, platform: WINDOWS, platformName: WINDOWS, platformVersion: 10.0, proxy: Proxy(), se:cdp: ws://localhost:63193/devtoo..., se:cdpVersion: 85.0, setWindowRect: true, strictFileInteractability: false, timeouts: {implicit: 0, pageLoad: 300000, script: 30000}, unhandledPromptBehavior: dismiss and notify}
Element: [[FirefoxDriver: firefox on WINDOWS (d431334c-cc43-492a-bff0-8092cb8661fa)] -> xpath: //*[@id="myModal2"]/div/div/div[1]/button]
Session ID: d431334c-cc43-492a-bff0-8092cb8661fa
at org.openqa.selenium.remote.codec.w3c.W3CHttpResponseCodec.createException(W3CHttpResponseCodec.java:200)
at org.openqa.selenium.remote.codec.w3c.W3CHttpResponseCodec.decode(W3CHttpResponseCodec.java:133)
at org.openqa.selenium.remote.codec.w3c.W3CHttpResponseCodec.decode(W3CHttpResponseCodec.java:53)
at org.openqa.selenium.remote.HttpCommandExecutor.execute(HttpCommandExecutor.java:184)
at org.openqa.selenium.remote.service.DriverCommandExecutor.invokeExecute(DriverCommandExecutor.java:167)
at org.openqa.selenium.remote.service.DriverCommandExecutor.execute(DriverCommandExecutor.java:142)
at org.openqa.selenium.remote.RemoteWebDriver.execute(RemoteWebDriver.java:558)
at org.openqa.selenium.remote.RemoteWebElement.execute(RemoteWebElement.java:251)
at org.openqa.selenium.remote.RemoteWebElement.click(RemoteWebElement.java:77)
at org.openqa.selenium.support.pagefactory.internal.LocatingElementHandler.invoke(LocatingElementHandler.java:52)
at jdk.proxy2/jdk.proxy2.$Proxy33.click(Unknown Source)
at pages.Testingbaba_links_page.closebtn(Testingbaba_links_page.java:42)
at testingbaba.Testingbaba_links_test.launchtestingbaba(Testingbaba_links_test.java:36)
... Removed 33 stack frames]]>
    </failure>
  </testcase> <!-- @BeforeTest launchtestingbaba -->
  <testcase classname="baselibrary.Baselibrary" name="@AfterTest Teardown" time="-1.65012703569E9">
    <skipped/>
  </testcase> <!-- @AfterTest Teardown -->
  <testcase classname="testingbaba.Testingbaba_links_test" name="LinksTestingBaba_test01" time="0.0">
    <skipped/>
  </testcase> <!-- LinksTestingBaba_test01 -->
  <testcase classname="testingbaba.Testingbaba_links_test" name="LinksTestingBaba_test02" time="0.0">
    <skipped/>
  </testcase> <!-- LinksTestingBaba_test02 -->
</testsuite> <!-- links -->
