<?xml version="1.0" encoding="UTF-8"?>
<!-- Generated by org.testng.reporters.JUnitXMLReporter -->
<testsuite ignored="0" hostname="DESKTOP-493EAAE" failures="0" tests="1" name="smoke" time="0.051" errors="0" timestamp="2022-03-11T20:05:01 IST">
  <testcase classname="test.Testingbaba_launch_test" name="@BeforeTest launchtestingbaba" time="0.006">
    <failure type="java.lang.NullPointerException" message="Cannot invoke &amp;quot;com.aventstack.extentreports.ExtentReports.createTest(String)&amp;quot; because &amp;quot;this.report&amp;quot; is null">
      <![CDATA[java.lang.NullPointerException: Cannot invoke "com.aventstack.extentreports.ExtentReports.createTest(String)" because "this.report" is null
at test.Testingbaba_launch_test.launchtestingbaba(Testingbaba_launch_test.java:27)
... Removed 24 stack frames]]>
    </failure>
  </testcase> <!-- @BeforeTest launchtestingbaba -->
  <testcase classname="baselibrary.Baselibrary" name="@AfterTest Teardown" time="-1.647009300983E9">
    <skipped/>
  </testcase> <!-- @AfterTest Teardown -->
  <testcase classname="test.Testingbaba_launch_test" name="gettitle" time="0.0">
    <skipped/>
  </testcase> <!-- gettitle -->
</testsuite> <!-- smoke -->
