<?xml version="1.0" encoding="UTF-8"?>
<!-- Generated by org.testng.reporters.JUnitXMLReporter -->
<testsuite ignored="0" hostname="DESKTOP-493EAAE" failures="0" tests="4" name="smoke" time="10.339" errors="0" timestamp="2022-03-13T14:49:54 IST">
  <testcase classname="test.Testingbaba_textbox_test" name="TextboxTestingBaba_test01" time="0.034"/>
  <testcase classname="test.Testingbaba_textbox_test" name="TextboxTestingBaba_test02" time="0.107"/>
  <testcase classname="test.Testingbaba_textbox_test" name="TextboxTestingBaba_test03" time="0.859"/>
  <testcase classname="test.Testingbaba_textbox_test" name="TextboxTestingBaba_test04" time="0.25"/>
</testsuite> <!-- smoke -->
