<?xml version="1.0" encoding="UTF-8"?>
<!-- Generated by org.testng.reporters.JUnitXMLReporter -->
<testsuite ignored="0" hostname="DESKTOP-493EAAE" failures="0" tests="4" name="Textbox" time="6.455" errors="0" timestamp="2022-03-13T11:39:30 IST">
  <testcase classname="test.Testingbaba_textbox_test" name="TextboxTestingBaba_test01" time="0.012"/>
  <testcase classname="test.Testingbaba_textbox_test" name="TextboxTestingBaba_test02" time="0.046"/>
  <testcase classname="test.Testingbaba_textbox_test" name="TextboxTestingBaba_test03" time="0.427"/>
  <testcase classname="test.Testingbaba_textbox_test" name="TextboxTestingBaba_test04" time="0.084"/>
</testsuite> <!-- Textbox -->
