<?xml version="1.0" encoding="UTF-8"?>
<!-- Generated by org.testng.reporters.JUnitXMLReporter -->
<testsuite ignored="0" hostname="DESKTOP-493EAAE" failures="0" tests="4" name="Textbox" time="12.886" errors="0" timestamp="2022-04-19T18:58:38 IST">
  <testcase classname="testingbaba.Testingbaba_textbox_test" name="TextboxTestingBaba_test01" time="0.013"/>
  <testcase classname="testingbaba.Testingbaba_textbox_test" name="TextboxTestingBaba_test02" time="0.278"/>
  <testcase classname="testingbaba.Testingbaba_textbox_test" name="TextboxTestingBaba_test03" time="0.853"/>
  <testcase classname="testingbaba.Testingbaba_textbox_test" name="TextboxTestingBaba_test04" time="0.103"/>
</testsuite> <!-- Textbox -->
