<?xml version="1.0" encoding="UTF-8"?>
<!-- Generated by org.testng.reporters.JUnitXMLReporter -->
<testsuite ignored="0" hostname="DESKTOP-493EAAE" failures="0" tests="4" name="Textbox" time="9.926" errors="0" timestamp="2022-03-11T20:05:10 IST">
  <testcase classname="test.Testingbaba_textbox_test" name="gettitle" time="0.025"/>
  <testcase classname="test.Testingbaba_textbox_test" name="clickonelements" time="0.123"/>
  <testcase classname="test.Testingbaba_textbox_test" name="filldetails" time="0.899"/>
  <testcase classname="test.Testingbaba_textbox_test" name="getverify" time="0.288"/>
</testsuite> <!-- Textbox -->
