<?xml version="1.0" encoding="UTF-8"?>
<!-- Generated by org.testng.reporters.JUnitXMLReporter -->
<testsuite ignored="0" hostname="DESKTOP-493EAAE" failures="0" tests="4" name="Textbox" time="7.113" errors="0" timestamp="2022-03-05T15:57:02 IST">
  <testcase classname="test.Testingbaba_textbox_test" name="gettitle" time="0.013"/>
  <testcase classname="test.Testingbaba_textbox_test" name="clickonelements" time="0.085"/>
  <testcase classname="test.Testingbaba_textbox_test" name="filldetails" time="0.593"/>
  <testcase classname="test.Testingbaba_textbox_test" name="getverify" time="0.134"/>
</testsuite> <!-- Textbox -->
