<?xml version="1.0" encoding="UTF-8"?>
<!-- Generated by org.testng.reporters.JUnitXMLReporter -->
<testsuite ignored="0" hostname="IN-122P5Y2" failures="0" tests="4" name="Textbox" time="12.366" errors="0" timestamp="2022-04-17T10:06:41 IST">
  <testcase classname="testingbaba.Testingbaba_textbox_test" name="TextboxTestingBaba_test01" time="0.019"/>
  <testcase classname="testingbaba.Testingbaba_textbox_test" name="TextboxTestingBaba_test02" time="0.127"/>
  <testcase classname="testingbaba.Testingbaba_textbox_test" name="TextboxTestingBaba_test03" time="0.855"/>
  <testcase classname="testingbaba.Testingbaba_textbox_test" name="TextboxTestingBaba_test04" time="0.231"/>
</testsuite> <!-- Textbox -->
