<?xml version="1.0" encoding="UTF-8"?>
<!-- Generated by org.testng.reporters.JUnitXMLReporter -->
<testsuite ignored="0" hostname="DESKTOP-493EAAE" failures="1" tests="1" name="webtables" time="6.087" errors="0" timestamp="2022-03-04T19:55:17 IST">
  <testcase classname="test.Testingbaba_webtables_test" name="getweb" time="0.435">
    <failure type="java.lang.NoClassDefFoundError" message="org/apache/poi/util/POILogFactory">
      <![CDATA[java.lang.NoClassDefFoundError: org/apache/poi/util/POILogFactory
at org.apache.poi.POIXMLDocumentPart.<clinit>(POIXMLDocumentPart.java:49)
at excelutility.Excelutility_automation.Getreaddata(Excelutility_automation.java:17)
at pages.Testingbaba_webtables_page.getweb(Testingbaba_webtables_page.java:88)
at test.Testingbaba_webtables_test.getweb(Testingbaba_webtables_test.java:32)
at java.base/java.util.ArrayList.forEach(ArrayList.java:1511)
Caused by: java.lang.ClassNotFoundException: org.apache.poi.util.POILogFactory
at java.base/jdk.internal.loader.BuiltinClassLoader.loadClass(BuiltinClassLoader.java:641)
at java.base/jdk.internal.loader.ClassLoaders$AppClassLoader.loadClass(ClassLoaders.java:188)
at java.base/java.lang.ClassLoader.loadClass(ClassLoader.java:520)
... 32 more
... Removed 27 stack frames]]>
    </failure>
  </testcase> <!-- getweb -->
</testsuite> <!-- webtables -->
