<?xml version="1.0" encoding="UTF-8"?>
<!-- Generated by org.testng.reporters.JUnitXMLReporter -->
<testsuite ignored="0" hostname="DESKTOP-493EAAE" failures="0" tests="2" name="Default test" time="14.473" errors="0" timestamp="2022-04-14T12:27:24 IST">
  <testcase classname="testingbaba.Testingbaba_upload_test" name="UploadFileTestingBaba_test01" time="0.126"/>
  <testcase classname="testingbaba.Testingbaba_upload_test" name="UploadFileTestingBaba_test02" time="5.734"/>
</testsuite> <!-- Default test -->
