<?xml version="1.0" encoding="UTF-8"?>
<!-- Generated by org.testng.reporters.JUnitXMLReporter -->
<testsuite ignored="0" hostname="DESKTOP-493EAAE" failures="0" tests="2" name="Default test" time="30.484" errors="0" timestamp="2022-03-13T18:09:53 IST">
  <testcase classname="test.Makemytrip_launch_test" name="MakemyTripSendValidNumber_Test01" time="9.481"/>
  <testcase classname="test.Makemytrip_launch_test" name="MakemyTripSendINValidNumber_Test02" time="9.79"/>
</testsuite> <!-- Default test -->
