<?xml version="1.0" encoding="UTF-8"?>
<testng-results ignored="0" total="24" passed="24" failed="0" skipped="0">
  <reporter-output>
    <line>
      <![CDATA[About to begin executing Class smoke]]>
    </line>
    <line>
      <![CDATA[Testcase LaunchTestingBaba_test01 started successfully]]>
    </line>
    <line>
      <![CDATA[Testcase LaunchTestingBaba_test01 passed successfully]]>
    </line>
    <line>
      <![CDATA[About to end executing Class smoke]]>
    </line>
    <line>
      <![CDATA[About to begin executing Class Textbox]]>
    </line>
    <line>
      <![CDATA[Testcase TextboxTestingBaba_test01 started successfully]]>
    </line>
    <line>
      <![CDATA[inside test01]]>
    </line>
    <line>
      <![CDATA[Testcase TextboxTestingBaba_test01 passed successfully]]>
    </line>
    <line>
      <![CDATA[Testcase TextboxTestingBaba_test02 started successfully]]>
    </line>
    <line>
      <![CDATA[inside test01]]>
    </line>
    <line>
      <![CDATA[Testcase TextboxTestingBaba_test02 passed successfully]]>
    </line>
    <line>
      <![CDATA[Testcase TextboxTestingBaba_test03 started successfully]]>
    </line>
    <line>
      <![CDATA[inside test01]]>
    </line>
    <line>
      <![CDATA[Testcase TextboxTestingBaba_test03 passed successfully]]>
    </line>
    <line>
      <![CDATA[Testcase TextboxTestingBaba_test04 started successfully]]>
    </line>
    <line>
      <![CDATA[inside test01]]>
    </line>
    <line>
      <![CDATA[Testcase TextboxTestingBaba_test04 passed successfully]]>
    </line>
    <line>
      <![CDATA[About to end executing Class Textbox]]>
    </line>
    <line>
      <![CDATA[About to begin executing Class buttons]]>
    </line>
    <line>
      <![CDATA[Testcase ButtonsTestingBaba_test01 started successfully]]>
    </line>
    <line>
      <![CDATA[Testcase ButtonsTestingBaba_test01 passed successfully]]>
    </line>
    <line>
      <![CDATA[Testcase ButtonsTestingBaba_test02 started successfully]]>
    </line>
    <line>
      <![CDATA[Testcase ButtonsTestingBaba_test02 passed successfully]]>
    </line>
    <line>
      <![CDATA[Testcase ButtonsTestingBaba_test03 started successfully]]>
    </line>
    <line>
      <![CDATA[Testcase ButtonsTestingBaba_test03 passed successfully]]>
    </line>
    <line>
      <![CDATA[About to end executing Class buttons]]>
    </line>
    <line>
      <![CDATA[About to begin executing Class checkbox]]>
    </line>
    <line>
      <![CDATA[Testcase CheckboxTestingBaba_test01 started successfully]]>
    </line>
    <line>
      <![CDATA[Testcase CheckboxTestingBaba_test01 passed successfully]]>
    </line>
    <line>
      <![CDATA[Testcase CheckboxTestingBaba_test02 started successfully]]>
    </line>
    <line>
      <![CDATA[Testcase CheckboxTestingBaba_test02 passed successfully]]>
    </line>
    <line>
      <![CDATA[Testcase CheckboxTestingBaba_test03 started successfully]]>
    </line>
    <line>
      <![CDATA[Testcase CheckboxTestingBaba_test03 passed successfully]]>
    </line>
    <line>
      <![CDATA[About to end executing Class checkbox]]>
    </line>
    <line>
      <![CDATA[About to begin executing Class dropdown]]>
    </line>
    <line>
      <![CDATA[Testcase DropdownTestingBaba_test01 started successfully]]>
    </line>
    <line>
      <![CDATA[Testcase DropdownTestingBaba_test01 passed successfully]]>
    </line>
    <line>
      <![CDATA[About to end executing Class dropdown]]>
    </line>
    <line>
      <![CDATA[About to begin executing Class links]]>
    </line>
    <line>
      <![CDATA[Testcase LinksTestingBaba_test01 started successfully]]>
    </line>
    <line>
      <![CDATA[Testcase LinksTestingBaba_test01 passed successfully]]>
    </line>
    <line>
      <![CDATA[Testcase LinksTestingBaba_test02 started successfully]]>
    </line>
    <line>
      <![CDATA[Testcase LinksTestingBaba_test02 passed successfully]]>
    </line>
    <line>
      <![CDATA[About to end executing Class links]]>
    </line>
    <line>
      <![CDATA[About to begin executing Class radio]]>
    </line>
    <line>
      <![CDATA[Testcase RadioButtonTestingBaba_test01 started successfully]]>
    </line>
    <line>
      <![CDATA[Testcase RadioButtonTestingBaba_test01 passed successfully]]>
    </line>
    <line>
      <![CDATA[About to end executing Class radio]]>
    </line>
    <line>
      <![CDATA[About to begin executing Class autocomplete]]>
    </line>
    <line>
      <![CDATA[Testcase AutocompleteTestingBaba_test01 started successfully]]>
    </line>
    <line>
      <![CDATA[Testcase AutocompleteTestingBaba_test01 passed successfully]]>
    </line>
    <line>
      <![CDATA[Testcase AutocompleteTestingBaba_test02 started successfully]]>
    </line>
    <line>
      <![CDATA[Testcase AutocompleteTestingBaba_test02 passed successfully]]>
    </line>
    <line>
      <![CDATA[Testcase AutocompleteTestingBaba_test03 started successfully]]>
    </line>
    <line>
      <![CDATA[Testcase AutocompleteTestingBaba_test03 passed successfully]]>
    </line>
    <line>
      <![CDATA[About to end executing Class autocomplete]]>
    </line>
    <line>
      <![CDATA[About to begin executing Class Webtable]]>
    </line>
    <line>
      <![CDATA[Testcase WebTablesTestingBaba_test01 started successfully]]>
    </line>
    <line>
      <![CDATA[Testcase WebTablesTestingBaba_test01 passed successfully]]>
    </line>
    <line>
      <![CDATA[About to end executing Class Webtable]]>
    </line>
    <line>
      <![CDATA[About to begin executing Class Flipkart]]>
    </line>
    <line>
      <![CDATA[Testcase FlipkartLogin_Test01 started successfully]]>
    </line>
    <line>
      <![CDATA[Testcase FlipkartLogin_Test01 passed successfully]]>
    </line>
    <line>
      <![CDATA[Testcase FlipkartProfileChange_Test02 started successfully]]>
    </line>
    <line>
      <![CDATA[Testcase FlipkartProfileChange_Test02 passed successfully]]>
    </line>
    <line>
      <![CDATA[About to end executing Class Flipkart]]>
    </line>
    <line>
      <![CDATA[About to begin executing Class Flipkart_Buy_product]]>
    </line>
    <line>
      <![CDATA[Testcase FlipkartLoginInvalidCred_Test01 started successfully]]>
    </line>
    <line>
      <![CDATA[Testcase FlipkartLoginInvalidCred_Test01 passed successfully]]>
    </line>
    <line>
      <![CDATA[About to end executing Class Flipkart_Buy_product]]>
    </line>
    <line>
      <![CDATA[About to begin executing Class Makemytrip]]>
    </line>
    <line>
      <![CDATA[Testcase MakemyTripSendValidNumber_Test01 started successfully]]>
    </line>
    <line>
      <![CDATA[Testcase MakemyTripSendValidNumber_Test01 passed successfully]]>
    </line>
    <line>
      <![CDATA[Testcase MakemyTripSendINValidNumber_Test02 started successfully]]>
    </line>
    <line>
      <![CDATA[Testcase MakemyTripSendINValidNumber_Test02 passed successfully]]>
    </line>
  </reporter-output>
  <suite started-at="2022-03-19T13:02:27 IST" name="Testingbaba" finished-at="2022-03-19T13:05:26 IST" duration-ms="179774">
    <groups>
    </groups>
    <test started-at="2022-03-19T13:02:27 IST" name="smoke" finished-at="2022-03-19T13:02:34 IST" duration-ms="7119">
      <class name="testingbaba.Testingbaba_launch_test">
        <test-method is-config="true" signature="launchtestingbaba()[pri:0, instance:testingbaba.Testingbaba_launch_test@62dae540]" started-at="2022-03-19T13:02:27 IST" name="launchtestingbaba" finished-at="2022-03-19T13:02:33 IST" duration-ms="6363" status="PASS">
          <reporter-output>
          </reporter-output>
        </test-method> <!-- launchtestingbaba -->
        <test-method signature="LaunchTestingBaba_test01()[pri:0, instance:testingbaba.Testingbaba_launch_test@62dae540]" started-at="2022-03-19T13:02:33 IST" name="LaunchTestingBaba_test01" finished-at="2022-03-19T13:02:33 IST" duration-ms="17" status="PASS">
          <reporter-output>
            <line>
              <![CDATA[Testcase LaunchTestingBaba_test01 started successfully]]>
            </line>
            <line>
              <![CDATA[Testcase LaunchTestingBaba_test01 passed successfully]]>
            </line>
          </reporter-output>
        </test-method> <!-- LaunchTestingBaba_test01 -->
        <test-method is-config="true" signature="analysis(org.testng.ITestResult)[pri:0, instance:testingbaba.Testingbaba_launch_test@62dae540]" started-at="2022-03-19T13:02:33 IST" name="analysis" finished-at="2022-03-19T13:02:33 IST" duration-ms="1" status="PASS">
          <params>
            <param index="0">
              <value>
                <![CDATA[[TestResult name=LaunchTestingBaba_test01 status=SUCCESS method=Testingbaba_launch_test.LaunchTestingBaba_test01()[pri:0, instance:testingbaba.Testingbaba_launch_test@62dae540] output=Testcase LaunchTestingBaba_test01 started successfully]]]>
              </value>
            </param>
          </params>
          <reporter-output>
          </reporter-output>
        </test-method> <!-- analysis -->
        <test-method is-config="true" signature="Teardown()[pri:0, instance:testingbaba.Testingbaba_launch_test@62dae540]" started-at="2022-03-19T13:02:33 IST" name="Teardown" finished-at="2022-03-19T13:02:34 IST" duration-ms="675" status="PASS">
          <reporter-output>
          </reporter-output>
        </test-method> <!-- Teardown -->
      </class> <!-- testingbaba.Testingbaba_launch_test -->
    </test> <!-- smoke -->
    <test started-at="2022-03-19T13:02:34 IST" name="Textbox" finished-at="2022-03-19T13:02:42 IST" duration-ms="8599">
      <class name="testingbaba.Testingbaba_textbox_test">
        <test-method is-config="true" signature="launchtestingbaba()[pri:0, instance:testingbaba.Testingbaba_textbox_test@5d018107]" started-at="2022-03-19T13:02:34 IST" name="launchtestingbaba" finished-at="2022-03-19T13:02:41 IST" duration-ms="6874" status="PASS">
          <reporter-output>
          </reporter-output>
        </test-method> <!-- launchtestingbaba -->
        <test-method signature="TextboxTestingBaba_test01()[pri:0, instance:testingbaba.Testingbaba_textbox_test@5d018107]" started-at="2022-03-19T13:02:41 IST" name="TextboxTestingBaba_test01" finished-at="2022-03-19T13:02:41 IST" duration-ms="23" status="PASS">
          <reporter-output>
            <line>
              <![CDATA[Testcase TextboxTestingBaba_test01 started successfully]]>
            </line>
            <line>
              <![CDATA[inside test01]]>
            </line>
            <line>
              <![CDATA[Testcase TextboxTestingBaba_test01 passed successfully]]>
            </line>
          </reporter-output>
        </test-method> <!-- TextboxTestingBaba_test01 -->
        <test-method is-config="true" signature="analysis(org.testng.ITestResult)[pri:0, instance:testingbaba.Testingbaba_textbox_test@5d018107]" started-at="2022-03-19T13:02:41 IST" name="analysis" finished-at="2022-03-19T13:02:41 IST" duration-ms="2" status="PASS">
          <params>
            <param index="0">
              <value>
                <![CDATA[[TestResult name=TextboxTestingBaba_test01 status=SUCCESS method=Testingbaba_textbox_test.TextboxTestingBaba_test01()[pri:0, instance:testingbaba.Testingbaba_textbox_test@5d018107] output=Testcase TextboxTestingBaba_test01 started successfully]]]>
              </value>
            </param>
          </params>
          <reporter-output>
          </reporter-output>
        </test-method> <!-- analysis -->
        <test-method signature="TextboxTestingBaba_test02()[pri:1, instance:testingbaba.Testingbaba_textbox_test@5d018107]" started-at="2022-03-19T13:02:41 IST" name="TextboxTestingBaba_test02" finished-at="2022-03-19T13:02:41 IST" duration-ms="96" status="PASS">
          <reporter-output>
            <line>
              <![CDATA[Testcase TextboxTestingBaba_test02 started successfully]]>
            </line>
            <line>
              <![CDATA[inside test01]]>
            </line>
            <line>
              <![CDATA[Testcase TextboxTestingBaba_test02 passed successfully]]>
            </line>
          </reporter-output>
        </test-method> <!-- TextboxTestingBaba_test02 -->
        <test-method is-config="true" signature="analysis(org.testng.ITestResult)[pri:0, instance:testingbaba.Testingbaba_textbox_test@5d018107]" started-at="2022-03-19T13:02:41 IST" name="analysis" finished-at="2022-03-19T13:02:41 IST" duration-ms="2" status="PASS">
          <params>
            <param index="0">
              <value>
                <![CDATA[[TestResult name=TextboxTestingBaba_test02 status=SUCCESS method=Testingbaba_textbox_test.TextboxTestingBaba_test02()[pri:1, instance:testingbaba.Testingbaba_textbox_test@5d018107] output=Testcase TextboxTestingBaba_test02 started successfully]]]>
              </value>
            </param>
          </params>
          <reporter-output>
          </reporter-output>
        </test-method> <!-- analysis -->
        <test-method signature="TextboxTestingBaba_test03()[pri:2, instance:testingbaba.Testingbaba_textbox_test@5d018107]" started-at="2022-03-19T13:02:41 IST" name="TextboxTestingBaba_test03" finished-at="2022-03-19T13:02:41 IST" duration-ms="699" status="PASS">
          <reporter-output>
            <line>
              <![CDATA[Testcase TextboxTestingBaba_test03 started successfully]]>
            </line>
            <line>
              <![CDATA[inside test01]]>
            </line>
            <line>
              <![CDATA[Testcase TextboxTestingBaba_test03 passed successfully]]>
            </line>
          </reporter-output>
        </test-method> <!-- TextboxTestingBaba_test03 -->
        <test-method is-config="true" signature="analysis(org.testng.ITestResult)[pri:0, instance:testingbaba.Testingbaba_textbox_test@5d018107]" started-at="2022-03-19T13:02:41 IST" name="analysis" finished-at="2022-03-19T13:02:41 IST" duration-ms="1" status="PASS">
          <params>
            <param index="0">
              <value>
                <![CDATA[[TestResult name=TextboxTestingBaba_test03 status=SUCCESS method=Testingbaba_textbox_test.TextboxTestingBaba_test03()[pri:2, instance:testingbaba.Testingbaba_textbox_test@5d018107] output=Testcase TextboxTestingBaba_test03 started successfully]]]>
              </value>
            </param>
          </params>
          <reporter-output>
          </reporter-output>
        </test-method> <!-- analysis -->
        <test-method signature="TextboxTestingBaba_test04()[pri:3, instance:testingbaba.Testingbaba_textbox_test@5d018107]" started-at="2022-03-19T13:02:41 IST" name="TextboxTestingBaba_test04" finished-at="2022-03-19T13:02:42 IST" duration-ms="177" status="PASS">
          <reporter-output>
            <line>
              <![CDATA[Testcase TextboxTestingBaba_test04 started successfully]]>
            </line>
            <line>
              <![CDATA[inside test01]]>
            </line>
            <line>
              <![CDATA[Testcase TextboxTestingBaba_test04 passed successfully]]>
            </line>
          </reporter-output>
        </test-method> <!-- TextboxTestingBaba_test04 -->
        <test-method is-config="true" signature="Teardown()[pri:0, instance:testingbaba.Testingbaba_textbox_test@5d018107]" started-at="2022-03-19T13:02:42 IST" name="Teardown" finished-at="2022-03-19T13:02:42 IST" duration-ms="712" status="PASS">
          <reporter-output>
          </reporter-output>
        </test-method> <!-- Teardown -->
        <test-method is-config="true" signature="analysis(org.testng.ITestResult)[pri:0, instance:testingbaba.Testingbaba_textbox_test@5d018107]" started-at="2022-03-19T13:02:42 IST" name="analysis" finished-at="2022-03-19T13:02:42 IST" duration-ms="0" status="PASS">
          <params>
            <param index="0">
              <value>
                <![CDATA[[TestResult name=TextboxTestingBaba_test04 status=SUCCESS method=Testingbaba_textbox_test.TextboxTestingBaba_test04()[pri:3, instance:testingbaba.Testingbaba_textbox_test@5d018107] output=Testcase TextboxTestingBaba_test04 started successfully]]]>
              </value>
            </param>
          </params>
          <reporter-output>
          </reporter-output>
        </test-method> <!-- analysis -->
      </class> <!-- testingbaba.Testingbaba_textbox_test -->
    </test> <!-- Textbox -->
    <test started-at="2022-03-19T13:02:42 IST" name="buttons" finished-at="2022-03-19T13:02:50 IST" duration-ms="7917">
      <class name="testingbaba.Testingbaba_buttons_test">
        <test-method is-config="true" signature="launchtestingbaba()[pri:0, instance:testingbaba.Testingbaba_buttons_test@21aa6d6c]" started-at="2022-03-19T13:02:42 IST" name="launchtestingbaba" finished-at="2022-03-19T13:02:48 IST" duration-ms="6120" status="PASS">
          <reporter-output>
          </reporter-output>
        </test-method> <!-- launchtestingbaba -->
        <test-method signature="ButtonsTestingBaba_test01()[pri:0, instance:testingbaba.Testingbaba_buttons_test@21aa6d6c]" started-at="2022-03-19T13:02:48 IST" name="ButtonsTestingBaba_test01" finished-at="2022-03-19T13:02:49 IST" duration-ms="175" status="PASS">
          <reporter-output>
            <line>
              <![CDATA[Testcase ButtonsTestingBaba_test01 started successfully]]>
            </line>
            <line>
              <![CDATA[Testcase ButtonsTestingBaba_test01 passed successfully]]>
            </line>
          </reporter-output>
        </test-method> <!-- ButtonsTestingBaba_test01 -->
        <test-method is-config="true" signature="analysis(org.testng.ITestResult)[pri:0, instance:testingbaba.Testingbaba_buttons_test@21aa6d6c]" started-at="2022-03-19T13:02:49 IST" name="analysis" finished-at="2022-03-19T13:02:49 IST" duration-ms="0" status="PASS">
          <params>
            <param index="0">
              <value>
                <![CDATA[[TestResult name=ButtonsTestingBaba_test01 status=SUCCESS method=Testingbaba_buttons_test.ButtonsTestingBaba_test01()[pri:0, instance:testingbaba.Testingbaba_buttons_test@21aa6d6c] output=Testcase ButtonsTestingBaba_test01 started successfully]]]>
              </value>
            </param>
          </params>
          <reporter-output>
          </reporter-output>
        </test-method> <!-- analysis -->
        <test-method signature="ButtonsTestingBaba_test02()[pri:1, instance:testingbaba.Testingbaba_buttons_test@21aa6d6c]" started-at="2022-03-19T13:02:49 IST" name="ButtonsTestingBaba_test02" finished-at="2022-03-19T13:02:49 IST" duration-ms="687" status="PASS">
          <reporter-output>
            <line>
              <![CDATA[Testcase ButtonsTestingBaba_test02 started successfully]]>
            </line>
            <line>
              <![CDATA[Testcase ButtonsTestingBaba_test02 passed successfully]]>
            </line>
          </reporter-output>
        </test-method> <!-- ButtonsTestingBaba_test02 -->
        <test-method is-config="true" signature="analysis(org.testng.ITestResult)[pri:0, instance:testingbaba.Testingbaba_buttons_test@21aa6d6c]" started-at="2022-03-19T13:02:49 IST" name="analysis" finished-at="2022-03-19T13:02:49 IST" duration-ms="0" status="PASS">
          <params>
            <param index="0">
              <value>
                <![CDATA[[TestResult name=ButtonsTestingBaba_test02 status=SUCCESS method=Testingbaba_buttons_test.ButtonsTestingBaba_test02()[pri:1, instance:testingbaba.Testingbaba_buttons_test@21aa6d6c] output=Testcase ButtonsTestingBaba_test02 started successfully]]]>
              </value>
            </param>
          </params>
          <reporter-output>
          </reporter-output>
        </test-method> <!-- analysis -->
        <test-method signature="ButtonsTestingBaba_test03()[pri:2, instance:testingbaba.Testingbaba_buttons_test@21aa6d6c]" started-at="2022-03-19T13:02:49 IST" name="ButtonsTestingBaba_test03" finished-at="2022-03-19T13:02:50 IST" duration-ms="184" status="PASS">
          <reporter-output>
            <line>
              <![CDATA[Testcase ButtonsTestingBaba_test03 started successfully]]>
            </line>
            <line>
              <![CDATA[Testcase ButtonsTestingBaba_test03 passed successfully]]>
            </line>
          </reporter-output>
        </test-method> <!-- ButtonsTestingBaba_test03 -->
        <test-method is-config="true" signature="analysis(org.testng.ITestResult)[pri:0, instance:testingbaba.Testingbaba_buttons_test@21aa6d6c]" started-at="2022-03-19T13:02:50 IST" name="analysis" finished-at="2022-03-19T13:02:50 IST" duration-ms="0" status="PASS">
          <params>
            <param index="0">
              <value>
                <![CDATA[[TestResult name=ButtonsTestingBaba_test03 status=SUCCESS method=Testingbaba_buttons_test.ButtonsTestingBaba_test03()[pri:2, instance:testingbaba.Testingbaba_buttons_test@21aa6d6c] output=Testcase ButtonsTestingBaba_test03 started successfully]]]>
              </value>
            </param>
          </params>
          <reporter-output>
          </reporter-output>
        </test-method> <!-- analysis -->
        <test-method is-config="true" signature="Teardown()[pri:0, instance:testingbaba.Testingbaba_buttons_test@21aa6d6c]" started-at="2022-03-19T13:02:50 IST" name="Teardown" finished-at="2022-03-19T13:02:50 IST" duration-ms="745" status="PASS">
          <reporter-output>
          </reporter-output>
        </test-method> <!-- Teardown -->
      </class> <!-- testingbaba.Testingbaba_buttons_test -->
    </test> <!-- buttons -->
    <test started-at="2022-03-19T13:02:50 IST" name="checkbox" finished-at="2022-03-19T13:02:59 IST" duration-ms="8957">
      <class name="testingbaba.Testingbaba_checkbox_test">
        <test-method is-config="true" signature="launchtestingbaba()[pri:0, instance:testingbaba.Testingbaba_checkbox_test@7829b776]" started-at="2022-03-19T13:02:50 IST" name="launchtestingbaba" finished-at="2022-03-19T13:02:57 IST" duration-ms="6465" status="PASS">
          <reporter-output>
          </reporter-output>
        </test-method> <!-- launchtestingbaba -->
        <test-method signature="CheckboxTestingBaba_test01()[pri:1, instance:testingbaba.Testingbaba_checkbox_test@7829b776]" started-at="2022-03-19T13:02:57 IST" name="CheckboxTestingBaba_test01" finished-at="2022-03-19T13:02:57 IST" duration-ms="97" status="PASS">
          <reporter-output>
            <line>
              <![CDATA[Testcase CheckboxTestingBaba_test01 started successfully]]>
            </line>
            <line>
              <![CDATA[Testcase CheckboxTestingBaba_test01 passed successfully]]>
            </line>
          </reporter-output>
        </test-method> <!-- CheckboxTestingBaba_test01 -->
        <test-method is-config="true" signature="analysis(org.testng.ITestResult)[pri:0, instance:testingbaba.Testingbaba_checkbox_test@7829b776]" started-at="2022-03-19T13:02:57 IST" name="analysis" finished-at="2022-03-19T13:02:57 IST" duration-ms="1" status="PASS">
          <params>
            <param index="0">
              <value>
                <![CDATA[[TestResult name=CheckboxTestingBaba_test01 status=SUCCESS method=Testingbaba_checkbox_test.CheckboxTestingBaba_test01()[pri:1, instance:testingbaba.Testingbaba_checkbox_test@7829b776] output=Testcase CheckboxTestingBaba_test01 started successfully]]]>
              </value>
            </param>
          </params>
          <reporter-output>
          </reporter-output>
        </test-method> <!-- analysis -->
        <test-method signature="CheckboxTestingBaba_test02()[pri:2, instance:testingbaba.Testingbaba_checkbox_test@7829b776]" started-at="2022-03-19T13:02:57 IST" name="CheckboxTestingBaba_test02" finished-at="2022-03-19T13:02:57 IST" duration-ms="147" status="PASS">
          <reporter-output>
            <line>
              <![CDATA[Testcase CheckboxTestingBaba_test02 started successfully]]>
            </line>
            <line>
              <![CDATA[Testcase CheckboxTestingBaba_test02 passed successfully]]>
            </line>
          </reporter-output>
        </test-method> <!-- CheckboxTestingBaba_test02 -->
        <test-method signature="CheckboxTestingBaba_test03()[pri:3, instance:testingbaba.Testingbaba_checkbox_test@7829b776]" started-at="2022-03-19T13:02:57 IST" name="CheckboxTestingBaba_test03" finished-at="2022-03-19T13:02:59 IST" duration-ms="1546" status="PASS">
          <reporter-output>
            <line>
              <![CDATA[Testcase CheckboxTestingBaba_test03 started successfully]]>
            </line>
            <line>
              <![CDATA[Testcase CheckboxTestingBaba_test03 passed successfully]]>
            </line>
          </reporter-output>
        </test-method> <!-- CheckboxTestingBaba_test03 -->
        <test-method is-config="true" signature="analysis(org.testng.ITestResult)[pri:0, instance:testingbaba.Testingbaba_checkbox_test@7829b776]" started-at="2022-03-19T13:02:57 IST" name="analysis" finished-at="2022-03-19T13:02:57 IST" duration-ms="0" status="PASS">
          <params>
            <param index="0">
              <value>
                <![CDATA[[TestResult name=CheckboxTestingBaba_test02 status=SUCCESS method=Testingbaba_checkbox_test.CheckboxTestingBaba_test02()[pri:2, instance:testingbaba.Testingbaba_checkbox_test@7829b776] output=Testcase CheckboxTestingBaba_test02 started successfully]]]>
              </value>
            </param>
          </params>
          <reporter-output>
          </reporter-output>
        </test-method> <!-- analysis -->
        <test-method is-config="true" signature="analysis(org.testng.ITestResult)[pri:0, instance:testingbaba.Testingbaba_checkbox_test@7829b776]" started-at="2022-03-19T13:02:59 IST" name="analysis" finished-at="2022-03-19T13:02:59 IST" duration-ms="0" status="PASS">
          <params>
            <param index="0">
              <value>
                <![CDATA[[TestResult name=CheckboxTestingBaba_test03 status=SUCCESS method=Testingbaba_checkbox_test.CheckboxTestingBaba_test03()[pri:3, instance:testingbaba.Testingbaba_checkbox_test@7829b776] output=Testcase CheckboxTestingBaba_test03 started successfully]]]>
              </value>
            </param>
          </params>
          <reporter-output>
          </reporter-output>
        </test-method> <!-- analysis -->
        <test-method is-config="true" signature="Teardown()[pri:0, instance:testingbaba.Testingbaba_checkbox_test@7829b776]" started-at="2022-03-19T13:02:59 IST" name="Teardown" finished-at="2022-03-19T13:02:59 IST" duration-ms="694" status="PASS">
          <reporter-output>
          </reporter-output>
        </test-method> <!-- Teardown -->
      </class> <!-- testingbaba.Testingbaba_checkbox_test -->
    </test> <!-- checkbox -->
    <test started-at="2022-03-19T13:02:59 IST" name="dropdown" finished-at="2022-03-19T13:03:06 IST" duration-ms="6960">
      <class name="testingbaba.Testingbaba_dropdown_test">
        <test-method is-config="true" signature="launchtestingbaba()[pri:0, instance:testingbaba.Testingbaba_dropdown_test@1c80e49b]" started-at="2022-03-19T13:02:59 IST" name="launchtestingbaba" finished-at="2022-03-19T13:03:04 IST" duration-ms="4281" status="PASS">
          <reporter-output>
          </reporter-output>
        </test-method> <!-- launchtestingbaba -->
        <test-method signature="DropdownTestingBaba_test01()[pri:0, instance:testingbaba.Testingbaba_dropdown_test@1c80e49b]" started-at="2022-03-19T13:03:04 IST" name="DropdownTestingBaba_test01" finished-at="2022-03-19T13:03:05 IST" duration-ms="1955" status="PASS">
          <reporter-output>
            <line>
              <![CDATA[Testcase DropdownTestingBaba_test01 started successfully]]>
            </line>
            <line>
              <![CDATA[Testcase DropdownTestingBaba_test01 passed successfully]]>
            </line>
          </reporter-output>
        </test-method> <!-- DropdownTestingBaba_test01 -->
        <test-method is-config="true" signature="analysis(org.testng.ITestResult)[pri:0, instance:testingbaba.Testingbaba_dropdown_test@1c80e49b]" started-at="2022-03-19T13:03:05 IST" name="analysis" finished-at="2022-03-19T13:03:05 IST" duration-ms="0" status="PASS">
          <params>
            <param index="0">
              <value>
                <![CDATA[[TestResult name=DropdownTestingBaba_test01 status=SUCCESS method=Testingbaba_dropdown_test.DropdownTestingBaba_test01()[pri:0, instance:testingbaba.Testingbaba_dropdown_test@1c80e49b] output=Testcase DropdownTestingBaba_test01 started successfully]]]>
              </value>
            </param>
          </params>
          <reporter-output>
          </reporter-output>
        </test-method> <!-- analysis -->
        <test-method is-config="true" signature="Teardown()[pri:0, instance:testingbaba.Testingbaba_dropdown_test@1c80e49b]" started-at="2022-03-19T13:03:05 IST" name="Teardown" finished-at="2022-03-19T13:03:06 IST" duration-ms="720" status="PASS">
          <reporter-output>
          </reporter-output>
        </test-method> <!-- Teardown -->
      </class> <!-- testingbaba.Testingbaba_dropdown_test -->
    </test> <!-- dropdown -->
    <test started-at="2022-03-19T13:03:06 IST" name="links" finished-at="2022-03-19T13:03:16 IST" duration-ms="9619">
      <class name="testingbaba.Testingbaba_links_test">
        <test-method is-config="true" signature="launchtestingbaba()[pri:0, instance:testingbaba.Testingbaba_links_test@56f6d40b]" started-at="2022-03-19T13:03:06 IST" name="launchtestingbaba" finished-at="2022-03-19T13:03:13 IST" duration-ms="6559" status="PASS">
          <reporter-output>
          </reporter-output>
        </test-method> <!-- launchtestingbaba -->
        <test-method signature="LinksTestingBaba_test01()[pri:1, instance:testingbaba.Testingbaba_links_test@56f6d40b]" started-at="2022-03-19T13:03:13 IST" name="LinksTestingBaba_test01" finished-at="2022-03-19T13:03:13 IST" duration-ms="94" status="PASS">
          <reporter-output>
            <line>
              <![CDATA[Testcase LinksTestingBaba_test01 started successfully]]>
            </line>
            <line>
              <![CDATA[Testcase LinksTestingBaba_test01 passed successfully]]>
            </line>
          </reporter-output>
        </test-method> <!-- LinksTestingBaba_test01 -->
        <test-method is-config="true" signature="analysis(org.testng.ITestResult)[pri:0, instance:testingbaba.Testingbaba_links_test@56f6d40b]" started-at="2022-03-19T13:03:13 IST" name="analysis" finished-at="2022-03-19T13:03:13 IST" duration-ms="0" status="PASS">
          <params>
            <param index="0">
              <value>
                <![CDATA[[TestResult name=LinksTestingBaba_test01 status=SUCCESS method=Testingbaba_links_test.LinksTestingBaba_test01()[pri:1, instance:testingbaba.Testingbaba_links_test@56f6d40b] output=Testcase LinksTestingBaba_test01 started successfully]]]>
              </value>
            </param>
          </params>
          <reporter-output>
          </reporter-output>
        </test-method> <!-- analysis -->
        <test-method signature="LinksTestingBaba_test02()[pri:2, instance:testingbaba.Testingbaba_links_test@56f6d40b]" started-at="2022-03-19T13:03:13 IST" name="LinksTestingBaba_test02" finished-at="2022-03-19T13:03:15 IST" duration-ms="2288" status="PASS">
          <reporter-output>
            <line>
              <![CDATA[Testcase LinksTestingBaba_test02 started successfully]]>
            </line>
            <line>
              <![CDATA[Testcase LinksTestingBaba_test02 passed successfully]]>
            </line>
          </reporter-output>
        </test-method> <!-- LinksTestingBaba_test02 -->
        <test-method is-config="true" signature="analysis(org.testng.ITestResult)[pri:0, instance:testingbaba.Testingbaba_links_test@56f6d40b]" started-at="2022-03-19T13:03:15 IST" name="analysis" finished-at="2022-03-19T13:03:15 IST" duration-ms="0" status="PASS">
          <params>
            <param index="0">
              <value>
                <![CDATA[[TestResult name=LinksTestingBaba_test02 status=SUCCESS method=Testingbaba_links_test.LinksTestingBaba_test02()[pri:2, instance:testingbaba.Testingbaba_links_test@56f6d40b] output=Testcase LinksTestingBaba_test02 started successfully]]]>
              </value>
            </param>
          </params>
          <reporter-output>
          </reporter-output>
        </test-method> <!-- analysis -->
        <test-method is-config="true" signature="Teardown()[pri:0, instance:testingbaba.Testingbaba_links_test@56f6d40b]" started-at="2022-03-19T13:03:15 IST" name="Teardown" finished-at="2022-03-19T13:03:16 IST" duration-ms="675" status="PASS">
          <reporter-output>
          </reporter-output>
        </test-method> <!-- Teardown -->
      </class> <!-- testingbaba.Testingbaba_links_test -->
    </test> <!-- links -->
    <test started-at="2022-03-19T13:03:16 IST" name="radio" finished-at="2022-03-19T13:03:23 IST" duration-ms="6859">
      <class name="testingbaba.Testingbaba_radio_test">
        <test-method is-config="true" signature="launchtestingbaba()[pri:0, instance:testingbaba.Testingbaba_radio_test@7fc44dec]" started-at="2022-03-19T13:03:16 IST" name="launchtestingbaba" finished-at="2022-03-19T13:03:20 IST" duration-ms="3957" status="PASS">
          <reporter-output>
          </reporter-output>
        </test-method> <!-- launchtestingbaba -->
        <test-method signature="RadioButtonTestingBaba_test01()[pri:0, instance:testingbaba.Testingbaba_radio_test@7fc44dec]" started-at="2022-03-19T13:03:20 IST" name="RadioButtonTestingBaba_test01" finished-at="2022-03-19T13:03:22 IST" duration-ms="2120" status="PASS">
          <reporter-output>
            <line>
              <![CDATA[Testcase RadioButtonTestingBaba_test01 started successfully]]>
            </line>
            <line>
              <![CDATA[Testcase RadioButtonTestingBaba_test01 passed successfully]]>
            </line>
          </reporter-output>
        </test-method> <!-- RadioButtonTestingBaba_test01 -->
        <test-method is-config="true" signature="analysis(org.testng.ITestResult)[pri:0, instance:testingbaba.Testingbaba_radio_test@7fc44dec]" started-at="2022-03-19T13:03:22 IST" name="analysis" finished-at="2022-03-19T13:03:22 IST" duration-ms="1" status="PASS">
          <params>
            <param index="0">
              <value>
                <![CDATA[[TestResult name=RadioButtonTestingBaba_test01 status=SUCCESS method=Testingbaba_radio_test.RadioButtonTestingBaba_test01()[pri:0, instance:testingbaba.Testingbaba_radio_test@7fc44dec] output=Testcase RadioButtonTestingBaba_test01 started successfully]]]>
              </value>
            </param>
          </params>
          <reporter-output>
          </reporter-output>
        </test-method> <!-- analysis -->
        <test-method is-config="true" signature="Teardown()[pri:0, instance:testingbaba.Testingbaba_radio_test@7fc44dec]" started-at="2022-03-19T13:03:22 IST" name="Teardown" finished-at="2022-03-19T13:03:23 IST" duration-ms="775" status="PASS">
          <reporter-output>
          </reporter-output>
        </test-method> <!-- Teardown -->
      </class> <!-- testingbaba.Testingbaba_radio_test -->
    </test> <!-- radio -->
    <test started-at="2022-03-19T13:03:23 IST" name="autocomplete" finished-at="2022-03-19T13:03:33 IST" duration-ms="10091">
      <class name="testingbaba.Testingbaba_autocomplete_test">
        <test-method is-config="true" signature="launchtestingbaba()[pri:0, instance:testingbaba.Testingbaba_autocomplete_test@4f2613d1]" started-at="2022-03-19T13:03:23 IST" name="launchtestingbaba" finished-at="2022-03-19T13:03:28 IST" duration-ms="5744" status="PASS">
          <reporter-output>
          </reporter-output>
        </test-method> <!-- launchtestingbaba -->
        <test-method signature="AutocompleteTestingBaba_test01()[pri:1, instance:testingbaba.Testingbaba_autocomplete_test@4f2613d1]" started-at="2022-03-19T13:03:28 IST" name="AutocompleteTestingBaba_test01" finished-at="2022-03-19T13:03:29 IST" duration-ms="145" status="PASS">
          <reporter-output>
            <line>
              <![CDATA[Testcase AutocompleteTestingBaba_test01 started successfully]]>
            </line>
            <line>
              <![CDATA[Testcase AutocompleteTestingBaba_test01 passed successfully]]>
            </line>
          </reporter-output>
        </test-method> <!-- AutocompleteTestingBaba_test01 -->
        <test-method signature="AutocompleteTestingBaba_test02()[pri:2, instance:testingbaba.Testingbaba_autocomplete_test@4f2613d1]" started-at="2022-03-19T13:03:29 IST" name="AutocompleteTestingBaba_test02" finished-at="2022-03-19T13:03:30 IST" duration-ms="1138" status="PASS">
          <reporter-output>
            <line>
              <![CDATA[Testcase AutocompleteTestingBaba_test02 started successfully]]>
            </line>
            <line>
              <![CDATA[Testcase AutocompleteTestingBaba_test02 passed successfully]]>
            </line>
          </reporter-output>
        </test-method> <!-- AutocompleteTestingBaba_test02 -->
        <test-method is-config="true" signature="analysis(org.testng.ITestResult)[pri:0, instance:testingbaba.Testingbaba_autocomplete_test@4f2613d1]" started-at="2022-03-19T13:03:29 IST" name="analysis" finished-at="2022-03-19T13:03:29 IST" duration-ms="0" status="PASS">
          <params>
            <param index="0">
              <value>
                <![CDATA[[TestResult name=AutocompleteTestingBaba_test01 status=SUCCESS method=Testingbaba_autocomplete_test.AutocompleteTestingBaba_test01()[pri:1, instance:testingbaba.Testingbaba_autocomplete_test@4f2613d1] output=Testcase AutocompleteTestingBaba_test01 started successfully]]]>
              </value>
            </param>
          </params>
          <reporter-output>
          </reporter-output>
        </test-method> <!-- analysis -->
        <test-method is-config="true" signature="analysis(org.testng.ITestResult)[pri:0, instance:testingbaba.Testingbaba_autocomplete_test@4f2613d1]" started-at="2022-03-19T13:03:30 IST" name="analysis" finished-at="2022-03-19T13:03:30 IST" duration-ms="1" status="PASS">
          <params>
            <param index="0">
              <value>
                <![CDATA[[TestResult name=AutocompleteTestingBaba_test02 status=SUCCESS method=Testingbaba_autocomplete_test.AutocompleteTestingBaba_test02()[pri:2, instance:testingbaba.Testingbaba_autocomplete_test@4f2613d1] output=Testcase AutocompleteTestingBaba_test02 started successfully]]]>
              </value>
            </param>
          </params>
          <reporter-output>
          </reporter-output>
        </test-method> <!-- analysis -->
        <test-method signature="AutocompleteTestingBaba_test03()[pri:3, instance:testingbaba.Testingbaba_autocomplete_test@4f2613d1]" started-at="2022-03-19T13:03:30 IST" name="AutocompleteTestingBaba_test03" finished-at="2022-03-19T13:03:32 IST" duration-ms="2357" status="PASS">
          <reporter-output>
            <line>
              <![CDATA[Testcase AutocompleteTestingBaba_test03 started successfully]]>
            </line>
            <line>
              <![CDATA[Testcase AutocompleteTestingBaba_test03 passed successfully]]>
            </line>
          </reporter-output>
        </test-method> <!-- AutocompleteTestingBaba_test03 -->
        <test-method is-config="true" signature="Teardown()[pri:0, instance:testingbaba.Testingbaba_autocomplete_test@4f2613d1]" started-at="2022-03-19T13:03:32 IST" name="Teardown" finished-at="2022-03-19T13:03:33 IST" duration-ms="700" status="PASS">
          <reporter-output>
          </reporter-output>
        </test-method> <!-- Teardown -->
        <test-method is-config="true" signature="analysis(org.testng.ITestResult)[pri:0, instance:testingbaba.Testingbaba_autocomplete_test@4f2613d1]" started-at="2022-03-19T13:03:32 IST" name="analysis" finished-at="2022-03-19T13:03:32 IST" duration-ms="0" status="PASS">
          <params>
            <param index="0">
              <value>
                <![CDATA[[TestResult name=AutocompleteTestingBaba_test03 status=SUCCESS method=Testingbaba_autocomplete_test.AutocompleteTestingBaba_test03()[pri:3, instance:testingbaba.Testingbaba_autocomplete_test@4f2613d1] output=Testcase AutocompleteTestingBaba_test03 started successfully]]]>
              </value>
            </param>
          </params>
          <reporter-output>
          </reporter-output>
        </test-method> <!-- analysis -->
      </class> <!-- testingbaba.Testingbaba_autocomplete_test -->
    </test> <!-- autocomplete -->
    <test started-at="2022-03-19T13:03:33 IST" name="Webtable" finished-at="2022-03-19T13:04:08 IST" duration-ms="35318">
      <class name="testingbaba.Testingbaba_webtables_test">
        <test-method is-config="true" signature="launchtestingbaba()[pri:0, instance:testingbaba.Testingbaba_webtables_test@4c51bb7]" started-at="2022-03-19T13:03:33 IST" name="launchtestingbaba" finished-at="2022-03-19T13:03:39 IST" duration-ms="6002" status="PASS">
          <reporter-output>
          </reporter-output>
        </test-method> <!-- launchtestingbaba -->
        <test-method signature="WebTablesTestingBaba_test01()[pri:0, instance:testingbaba.Testingbaba_webtables_test@4c51bb7]" started-at="2022-03-19T13:03:39 IST" name="WebTablesTestingBaba_test01" finished-at="2022-03-19T13:04:08 IST" duration-ms="29311" status="PASS">
          <reporter-output>
            <line>
              <![CDATA[Testcase WebTablesTestingBaba_test01 started successfully]]>
            </line>
            <line>
              <![CDATA[Testcase WebTablesTestingBaba_test01 passed successfully]]>
            </line>
          </reporter-output>
        </test-method> <!-- WebTablesTestingBaba_test01 -->
        <test-method is-config="true" signature="analysis(org.testng.ITestResult)[pri:0, instance:testingbaba.Testingbaba_webtables_test@4c51bb7]" started-at="2022-03-19T13:04:08 IST" name="analysis" finished-at="2022-03-19T13:04:08 IST" duration-ms="0" status="PASS">
          <params>
            <param index="0">
              <value>
                <![CDATA[[TestResult name=WebTablesTestingBaba_test01 status=SUCCESS method=Testingbaba_webtables_test.WebTablesTestingBaba_test01()[pri:0, instance:testingbaba.Testingbaba_webtables_test@4c51bb7] output=Testcase WebTablesTestingBaba_test01 started successfully]]]>
              </value>
            </param>
          </params>
          <reporter-output>
          </reporter-output>
        </test-method> <!-- analysis -->
        <test-method is-config="true" signature="Teardown()[pri:0, instance:testingbaba.Testingbaba_webtables_test@4c51bb7]" started-at="2022-03-19T13:04:08 IST" name="Teardown" finished-at="2022-03-19T13:04:08 IST" duration-ms="1" status="PASS">
          <reporter-output>
          </reporter-output>
        </test-method> <!-- Teardown -->
      </class> <!-- testingbaba.Testingbaba_webtables_test -->
    </test> <!-- Webtable -->
    <test started-at="2022-03-19T13:04:08 IST" name="Flipkart" finished-at="2022-03-19T13:04:40 IST" duration-ms="32210">
      <class name="flipkart.Flipkart_buy_test">
        <test-method is-config="true" signature="launchFB()[pri:0, instance:flipkart.Flipkart_buy_test@6f603e89]" started-at="2022-03-19T13:04:08 IST" name="launchFB" finished-at="2022-03-19T13:04:17 IST" duration-ms="9018" status="PASS">
          <reporter-output>
          </reporter-output>
        </test-method> <!-- launchFB -->
        <test-method signature="FlipkartLogin_Test01()[pri:0, instance:flipkart.Flipkart_buy_test@6f603e89]" started-at="2022-03-19T13:04:17 IST" name="FlipkartLogin_Test01" finished-at="2022-03-19T13:04:20 IST" duration-ms="2446" status="PASS">
          <reporter-output>
            <line>
              <![CDATA[Testcase FlipkartLogin_Test01 started successfully]]>
            </line>
            <line>
              <![CDATA[Testcase FlipkartLogin_Test01 passed successfully]]>
            </line>
          </reporter-output>
        </test-method> <!-- FlipkartLogin_Test01 -->
        <test-method is-config="true" signature="analysis(org.testng.ITestResult)[pri:0, instance:flipkart.Flipkart_buy_test@6f603e89]" started-at="2022-03-19T13:04:20 IST" name="analysis" finished-at="2022-03-19T13:04:20 IST" duration-ms="4" status="PASS">
          <params>
            <param index="0">
              <value>
                <![CDATA[[TestResult name=FlipkartLogin_Test01 status=SUCCESS method=Flipkart_buy_test.FlipkartLogin_Test01()[pri:0, instance:flipkart.Flipkart_buy_test@6f603e89] output=Testcase FlipkartLogin_Test01 started successfully]]]>
              </value>
            </param>
          </params>
          <reporter-output>
          </reporter-output>
        </test-method> <!-- analysis -->
        <test-method signature="FlipkartProfileChange_Test02()[pri:0, instance:flipkart.Flipkart_buy_test@6f603e89]" started-at="2022-03-19T13:04:20 IST" name="FlipkartProfileChange_Test02" finished-at="2022-03-19T13:04:40 IST" duration-ms="19972" status="PASS">
          <reporter-output>
            <line>
              <![CDATA[Testcase FlipkartProfileChange_Test02 started successfully]]>
            </line>
            <line>
              <![CDATA[Testcase FlipkartProfileChange_Test02 passed successfully]]>
            </line>
          </reporter-output>
        </test-method> <!-- FlipkartProfileChange_Test02 -->
        <test-method is-config="true" signature="analysis(org.testng.ITestResult)[pri:0, instance:flipkart.Flipkart_buy_test@6f603e89]" started-at="2022-03-19T13:04:40 IST" name="analysis" finished-at="2022-03-19T13:04:40 IST" duration-ms="0" status="PASS">
          <params>
            <param index="0">
              <value>
                <![CDATA[[TestResult name=FlipkartProfileChange_Test02 status=SUCCESS method=Flipkart_buy_test.FlipkartProfileChange_Test02()[pri:0, instance:flipkart.Flipkart_buy_test@6f603e89] output=Testcase FlipkartProfileChange_Test02 started successfully]]]>
              </value>
            </param>
          </params>
          <reporter-output>
          </reporter-output>
        </test-method> <!-- analysis -->
        <test-method is-config="true" signature="Teardown()[pri:0, instance:flipkart.Flipkart_buy_test@6f603e89]" started-at="2022-03-19T13:04:40 IST" name="Teardown" finished-at="2022-03-19T13:04:40 IST" duration-ms="768" status="PASS">
          <reporter-output>
          </reporter-output>
        </test-method> <!-- Teardown -->
      </class> <!-- flipkart.Flipkart_buy_test -->
    </test> <!-- Flipkart -->
    <test started-at="2022-03-19T13:04:40 IST" name="Flipkart_Buy_product" finished-at="2022-03-19T13:05:03 IST" duration-ms="23042">
      <class name="flipkart.Flipkart_buyproduct_test">
        <test-method is-config="true" signature="launchFB()[pri:0, instance:flipkart.Flipkart_buyproduct_test@5536379e]" started-at="2022-03-19T13:04:40 IST" name="launchFB" finished-at="2022-03-19T13:04:59 IST" duration-ms="19144" status="PASS">
          <reporter-output>
          </reporter-output>
        </test-method> <!-- launchFB -->
        <test-method signature="FlipkartLoginInvalidCred_Test01()[pri:0, instance:flipkart.Flipkart_buyproduct_test@5536379e]" started-at="2022-03-19T13:04:59 IST" name="FlipkartLoginInvalidCred_Test01" finished-at="2022-03-19T13:05:03 IST" duration-ms="3216" status="PASS">
          <reporter-output>
            <line>
              <![CDATA[Testcase FlipkartLoginInvalidCred_Test01 started successfully]]>
            </line>
            <line>
              <![CDATA[Testcase FlipkartLoginInvalidCred_Test01 passed successfully]]>
            </line>
          </reporter-output>
        </test-method> <!-- FlipkartLoginInvalidCred_Test01 -->
        <test-method is-config="true" signature="Teardown()[pri:0, instance:flipkart.Flipkart_buyproduct_test@5536379e]" started-at="2022-03-19T13:05:03 IST" name="Teardown" finished-at="2022-03-19T13:05:03 IST" duration-ms="679" status="PASS">
          <reporter-output>
          </reporter-output>
        </test-method> <!-- Teardown -->
        <test-method is-config="true" signature="analysis(org.testng.ITestResult)[pri:0, instance:flipkart.Flipkart_buyproduct_test@5536379e]" started-at="2022-03-19T13:05:03 IST" name="analysis" finished-at="2022-03-19T13:05:03 IST" duration-ms="0" status="PASS">
          <params>
            <param index="0">
              <value>
                <![CDATA[[TestResult name=FlipkartLoginInvalidCred_Test01 status=SUCCESS method=Flipkart_buyproduct_test.FlipkartLoginInvalidCred_Test01()[pri:0, instance:flipkart.Flipkart_buyproduct_test@5536379e] output=Testcase FlipkartLoginInvalidCred_Test01 started successfully]]]>
              </value>
            </param>
          </params>
          <reporter-output>
          </reporter-output>
        </test-method> <!-- analysis -->
      </class> <!-- flipkart.Flipkart_buyproduct_test -->
    </test> <!-- Flipkart_Buy_product -->
    <test started-at="2022-03-19T13:05:03 IST" name="Makemytrip" finished-at="2022-03-19T13:05:26 IST" duration-ms="22977">
      <class name="makemytrip.Makemytrip_launch_test">
        <test-method is-config="true" signature="launchFB()[pri:0, instance:makemytrip.Makemytrip_launch_test@2b491fee]" started-at="2022-03-19T13:05:03 IST" name="launchFB" finished-at="2022-03-19T13:05:10 IST" duration-ms="6820" status="PASS">
          <reporter-output>
          </reporter-output>
        </test-method> <!-- launchFB -->
        <test-method signature="MakemyTripSendValidNumber_Test01()[pri:0, instance:makemytrip.Makemytrip_launch_test@2b491fee]" started-at="2022-03-19T13:05:10 IST" name="MakemyTripSendValidNumber_Test01" finished-at="2022-03-19T13:05:15 IST" duration-ms="4814" status="PASS">
          <reporter-output>
            <line>
              <![CDATA[Testcase MakemyTripSendValidNumber_Test01 started successfully]]>
            </line>
            <line>
              <![CDATA[Testcase MakemyTripSendValidNumber_Test01 passed successfully]]>
            </line>
          </reporter-output>
        </test-method> <!-- MakemyTripSendValidNumber_Test01 -->
        <test-method is-config="true" signature="analysis(org.testng.ITestResult)[pri:0, instance:makemytrip.Makemytrip_launch_test@2b491fee]" started-at="2022-03-19T13:05:15 IST" name="analysis" finished-at="2022-03-19T13:05:15 IST" duration-ms="1" status="PASS">
          <params>
            <param index="0">
              <value>
                <![CDATA[[TestResult name=MakemyTripSendValidNumber_Test01 status=SUCCESS method=Makemytrip_launch_test.MakemyTripSendValidNumber_Test01()[pri:0, instance:makemytrip.Makemytrip_launch_test@2b491fee] output=Testcase MakemyTripSendValidNumber_Test01 started successfully]]]>
              </value>
            </param>
          </params>
          <reporter-output>
          </reporter-output>
        </test-method> <!-- analysis -->
        <test-method signature="MakemyTripSendINValidNumber_Test02()[pri:1, instance:makemytrip.Makemytrip_launch_test@2b491fee]" started-at="2022-03-19T13:05:15 IST" name="MakemyTripSendINValidNumber_Test02" finished-at="2022-03-19T13:05:26 IST" duration-ms="10573" status="PASS">
          <reporter-output>
            <line>
              <![CDATA[Testcase MakemyTripSendINValidNumber_Test02 started successfully]]>
            </line>
            <line>
              <![CDATA[Testcase MakemyTripSendINValidNumber_Test02 passed successfully]]>
            </line>
          </reporter-output>
        </test-method> <!-- MakemyTripSendINValidNumber_Test02 -->
        <test-method is-config="true" signature="analysis(org.testng.ITestResult)[pri:0, instance:makemytrip.Makemytrip_launch_test@2b491fee]" started-at="2022-03-19T13:05:26 IST" name="analysis" finished-at="2022-03-19T13:05:26 IST" duration-ms="0" status="PASS">
          <params>
            <param index="0">
              <value>
                <![CDATA[[TestResult name=MakemyTripSendINValidNumber_Test02 status=SUCCESS method=Makemytrip_launch_test.MakemyTripSendINValidNumber_Test02()[pri:1, instance:makemytrip.Makemytrip_launch_test@2b491fee] output=Testcase MakemyTripSendINValidNumber_Test02 started successfully]]]>
              </value>
            </param>
          </params>
          <reporter-output>
          </reporter-output>
        </test-method> <!-- analysis -->
        <test-method is-config="true" signature="Teardown()[pri:0, instance:makemytrip.Makemytrip_launch_test@2b491fee]" started-at="2022-03-19T13:05:26 IST" name="Teardown" finished-at="2022-03-19T13:05:26 IST" duration-ms="763" status="PASS">
          <reporter-output>
          </reporter-output>
        </test-method> <!-- Teardown -->
      </class> <!-- makemytrip.Makemytrip_launch_test -->
    </test> <!-- Makemytrip -->
  </suite> <!-- Testingbaba -->
</testng-results>
