<?xml version="1.0" encoding="UTF-8"?>
<testsuite xmlns:xsi="http://www.w3.org/2001/XMLSchema-instance" xsi:schemaLocation="https://maven.apache.org/surefire/maven-surefire-plugin/xsd/surefire-test-report.xsd" name="TestSuite" time="144.469" tests="30" errors="0" skipped="11" failures="4">
  <properties>
[...]
</properties>
  <testcase name="LaunchTestingBaba_test01" classname="testingbaba.Testingbaba_launch_test" time="0.01"/>
  <testcase name="launchtestingbaba" classname="testingbaba.Testingbaba_textbox_test" time="7.546">
    <failure message="element click intercepted: Element &lt;a class=&quot;nav-link&quot; href=&quot;newdemo.html&quot;&gt;...&lt;/a&gt; is not clickable at point (566, 34). Other element would receive the click: &lt;div class=&quot;modal-header&quot;&gt;...&lt;/div&gt;&#10;  (Session info: chrome=99.0.4844.82)&#10;Build info: version: &apos;4.1.2&apos;, revision: &apos;9a5a329c5a&apos;&#10;System info: host: &apos;DESKTOP-493EAAE&apos;, ip: &apos;192.168.1.8&apos;, os.name: &apos;Windows 10&apos;, os.arch: &apos;amd64&apos;, os.version: &apos;10.0&apos;, java.version: &apos;11.0.12&apos;&#10;Driver info: org.openqa.selenium.chrome.ChromeDriver&#10;Command: [6cae2bf796b4fc398bdda567d99539ac, clickElement {id=b12c99be-331a-4e8c-93f0-3b1e7169ad51}]&#10;Capabilities {acceptInsecureCerts: false, browserName: chrome, browserVersion: 99.0.4844.82, chrome: {chromedriverVersion: 99.0.4844.51 (d537ec02474b5..., userDataDir: C:\WINDOWS\TEMP\scoped_dir2...}, goog:chromeOptions: {debuggerAddress: localhost:54214}, javascriptEnabled: true, networkConnectionEnabled: false, pageLoadStrategy: normal, platform: WINDOWS, platformName: WINDOWS, proxy: Proxy(), se:cdp: ws://localhost:54214/devtoo..., se:cdpVersion: 99.0.4844.82, setWindowRect: true, strictFileInteractability: false, timeouts: {implicit: 0, pageLoad: 300000, script: 30000}, unhandledPromptBehavior: dismiss and notify, webauthn:extension:credBlob: true, webauthn:extension:largeBlob: true, webauthn:virtualAuthenticators: true}&#10;Element: [[ChromeDriver: chrome on WINDOWS (6cae2bf796b4fc398bdda567d99539ac)] -&gt; xpath: //*[@id=&quot;navbarSupportedContent&quot;]/ul/li[5]/a]&#10;Session ID: 6cae2bf796b4fc398bdda567d99539ac" type="org.openqa.selenium.ElementClickInterceptedException"><![CDATA[org.openqa.selenium.ElementClickInterceptedException: 
element click intercepted: Element <a class="nav-link" href="newdemo.html">...</a> is not clickable at point (566, 34). Other element would receive the click: <div class="modal-header">...</div>
  (Session info: chrome=99.0.4844.82)
Build info: version: '4.1.2', revision: '9a5a329c5a'
System info: host: 'DESKTOP-493EAAE', ip: '192.168.1.8', os.name: 'Windows 10', os.arch: 'amd64', os.version: '10.0', java.version: '11.0.12'
Driver info: org.openqa.selenium.chrome.ChromeDriver
Command: [6cae2bf796b4fc398bdda567d99539ac, clickElement {id=b12c99be-331a-4e8c-93f0-3b1e7169ad51}]
Capabilities {acceptInsecureCerts: false, browserName: chrome, browserVersion: 99.0.4844.82, chrome: {chromedriverVersion: 99.0.4844.51 (d537ec02474b5..., userDataDir: C:\WINDOWS\TEMP\scoped_dir2...}, goog:chromeOptions: {debuggerAddress: localhost:54214}, javascriptEnabled: true, networkConnectionEnabled: false, pageLoadStrategy: normal, platform: WINDOWS, platformName: WINDOWS, proxy: Proxy(), se:cdp: ws://localhost:54214/devtoo..., se:cdpVersion: 99.0.4844.82, setWindowRect: true, strictFileInteractability: false, timeouts: {implicit: 0, pageLoad: 300000, script: 30000}, unhandledPromptBehavior: dismiss and notify, webauthn:extension:credBlob: true, webauthn:extension:largeBlob: true, webauthn:virtualAuthenticators: true}
Element: [[ChromeDriver: chrome on WINDOWS (6cae2bf796b4fc398bdda567d99539ac)] -> xpath: //*[@id="navbarSupportedContent"]/ul/li[5]/a]
Session ID: 6cae2bf796b4fc398bdda567d99539ac
	at testingbaba.Testingbaba_textbox_test.launchtestingbaba(Testingbaba_textbox_test.java:30)
]]></failure>
    <system-out><![CDATA[[INFO ] 2022-03-25 21:02:56.397 [main] Baselibrary - Closing Chrome Browser
About to end executing Class smoke
About to begin executing Class Textbox
[INFO ] 2022-03-25 21:02:57.172 [main] Baselibrary - Starting Chrome Browser
]]></system-out>
    <system-err><![CDATA[Starting ChromeDriver 99.0.4844.51 (d537ec02474b5afe23684e7963d538896c63ac77-refs/branch-heads/4844@{#875}) on port 53295
Only local connections are allowed.
Please see https://chromedriver.chromium.org/security-considerations for suggestions on keeping ChromeDriver safe.
ChromeDriver was started successfully.
Mar 25, 2022 9:02:58 PM org.openqa.selenium.remote.ProtocolHandshake createSession
INFO: Detected dialect: W3C
Mar 25, 2022 9:02:58 PM org.openqa.selenium.devtools.CdpVersionFinder findNearestMatch
WARNING: Unable to find an exact match for CDP version 99, so returning the closest version found: 97
Mar 25, 2022 9:02:58 PM org.openqa.selenium.devtools.CdpVersionFinder findNearestMatch
INFO: Found CDP implementation for version 99 of 97
]]></system-err>
  </testcase>
  <testcase name="TextboxTestingBaba_test01" classname="testingbaba.Testingbaba_textbox_test" time="0">
    <skipped message="element click intercepted: Element &lt;a class=&quot;nav-link&quot; href=&quot;newdemo.html&quot;&gt;...&lt;/a&gt; is not clickable at point (566, 34). Other element would receive the click: &lt;div class=&quot;modal-header&quot;&gt;...&lt;/div&gt;&#10;  (Session info: chrome=99.0.4844.82)&#10;Build info: version: &apos;4.1.2&apos;, revision: &apos;9a5a329c5a&apos;&#10;System info: host: &apos;DESKTOP-493EAAE&apos;, ip: &apos;192.168.1.8&apos;, os.name: &apos;Windows 10&apos;, os.arch: &apos;amd64&apos;, os.version: &apos;10.0&apos;, java.version: &apos;11.0.12&apos;&#10;Driver info: org.openqa.selenium.chrome.ChromeDriver&#10;Command: [6cae2bf796b4fc398bdda567d99539ac, clickElement {id=b12c99be-331a-4e8c-93f0-3b1e7169ad51}]&#10;Capabilities {acceptInsecureCerts: false, browserName: chrome, browserVersion: 99.0.4844.82, chrome: {chromedriverVersion: 99.0.4844.51 (d537ec02474b5..., userDataDir: C:\WINDOWS\TEMP\scoped_dir2...}, goog:chromeOptions: {debuggerAddress: localhost:54214}, javascriptEnabled: true, networkConnectionEnabled: false, pageLoadStrategy: normal, platform: WINDOWS, platformName: WINDOWS, proxy: Proxy(), se:cdp: ws://localhost:54214/devtoo..., se:cdpVersion: 99.0.4844.82, setWindowRect: true, strictFileInteractability: false, timeouts: {implicit: 0, pageLoad: 300000, script: 30000}, unhandledPromptBehavior: dismiss and notify, webauthn:extension:credBlob: true, webauthn:extension:largeBlob: true, webauthn:virtualAuthenticators: true}&#10;Element: [[ChromeDriver: chrome on WINDOWS (6cae2bf796b4fc398bdda567d99539ac)] -&gt; xpath: //*[@id=&quot;navbarSupportedContent&quot;]/ul/li[5]/a]&#10;Session ID: 6cae2bf796b4fc398bdda567d99539ac"/>
    <system-out><![CDATA[Testcase TextboxTestingBaba_test01 started successfully
]]></system-out>
  </testcase>
  <testcase name="TextboxTestingBaba_test02" classname="testingbaba.Testingbaba_textbox_test" time="0">
    <skipped message="element click intercepted: Element &lt;a class=&quot;nav-link&quot; href=&quot;newdemo.html&quot;&gt;...&lt;/a&gt; is not clickable at point (566, 34). Other element would receive the click: &lt;div class=&quot;modal-header&quot;&gt;...&lt;/div&gt;&#10;  (Session info: chrome=99.0.4844.82)&#10;Build info: version: &apos;4.1.2&apos;, revision: &apos;9a5a329c5a&apos;&#10;System info: host: &apos;DESKTOP-493EAAE&apos;, ip: &apos;192.168.1.8&apos;, os.name: &apos;Windows 10&apos;, os.arch: &apos;amd64&apos;, os.version: &apos;10.0&apos;, java.version: &apos;11.0.12&apos;&#10;Driver info: org.openqa.selenium.chrome.ChromeDriver&#10;Command: [6cae2bf796b4fc398bdda567d99539ac, clickElement {id=b12c99be-331a-4e8c-93f0-3b1e7169ad51}]&#10;Capabilities {acceptInsecureCerts: false, browserName: chrome, browserVersion: 99.0.4844.82, chrome: {chromedriverVersion: 99.0.4844.51 (d537ec02474b5..., userDataDir: C:\WINDOWS\TEMP\scoped_dir2...}, goog:chromeOptions: {debuggerAddress: localhost:54214}, javascriptEnabled: true, networkConnectionEnabled: false, pageLoadStrategy: normal, platform: WINDOWS, platformName: WINDOWS, proxy: Proxy(), se:cdp: ws://localhost:54214/devtoo..., se:cdpVersion: 99.0.4844.82, setWindowRect: true, strictFileInteractability: false, timeouts: {implicit: 0, pageLoad: 300000, script: 30000}, unhandledPromptBehavior: dismiss and notify, webauthn:extension:credBlob: true, webauthn:extension:largeBlob: true, webauthn:virtualAuthenticators: true}&#10;Element: [[ChromeDriver: chrome on WINDOWS (6cae2bf796b4fc398bdda567d99539ac)] -&gt; xpath: //*[@id=&quot;navbarSupportedContent&quot;]/ul/li[5]/a]&#10;Session ID: 6cae2bf796b4fc398bdda567d99539ac"/>
    <system-out><![CDATA[Testcase TextboxTestingBaba_test01 got skipped
Testcase TextboxTestingBaba_test02 started successfully
]]></system-out>
  </testcase>
  <testcase name="TextboxTestingBaba_test03" classname="testingbaba.Testingbaba_textbox_test" time="0">
    <skipped message="element click intercepted: Element &lt;a class=&quot;nav-link&quot; href=&quot;newdemo.html&quot;&gt;...&lt;/a&gt; is not clickable at point (566, 34). Other element would receive the click: &lt;div class=&quot;modal-header&quot;&gt;...&lt;/div&gt;&#10;  (Session info: chrome=99.0.4844.82)&#10;Build info: version: &apos;4.1.2&apos;, revision: &apos;9a5a329c5a&apos;&#10;System info: host: &apos;DESKTOP-493EAAE&apos;, ip: &apos;192.168.1.8&apos;, os.name: &apos;Windows 10&apos;, os.arch: &apos;amd64&apos;, os.version: &apos;10.0&apos;, java.version: &apos;11.0.12&apos;&#10;Driver info: org.openqa.selenium.chrome.ChromeDriver&#10;Command: [6cae2bf796b4fc398bdda567d99539ac, clickElement {id=b12c99be-331a-4e8c-93f0-3b1e7169ad51}]&#10;Capabilities {acceptInsecureCerts: false, browserName: chrome, browserVersion: 99.0.4844.82, chrome: {chromedriverVersion: 99.0.4844.51 (d537ec02474b5..., userDataDir: C:\WINDOWS\TEMP\scoped_dir2...}, goog:chromeOptions: {debuggerAddress: localhost:54214}, javascriptEnabled: true, networkConnectionEnabled: false, pageLoadStrategy: normal, platform: WINDOWS, platformName: WINDOWS, proxy: Proxy(), se:cdp: ws://localhost:54214/devtoo..., se:cdpVersion: 99.0.4844.82, setWindowRect: true, strictFileInteractability: false, timeouts: {implicit: 0, pageLoad: 300000, script: 30000}, unhandledPromptBehavior: dismiss and notify, webauthn:extension:credBlob: true, webauthn:extension:largeBlob: true, webauthn:virtualAuthenticators: true}&#10;Element: [[ChromeDriver: chrome on WINDOWS (6cae2bf796b4fc398bdda567d99539ac)] -&gt; xpath: //*[@id=&quot;navbarSupportedContent&quot;]/ul/li[5]/a]&#10;Session ID: 6cae2bf796b4fc398bdda567d99539ac"/>
    <system-out><![CDATA[Testcase TextboxTestingBaba_test02 got skipped
Testcase TextboxTestingBaba_test03 started successfully
]]></system-out>
  </testcase>
  <testcase name="TextboxTestingBaba_test04" classname="testingbaba.Testingbaba_textbox_test" time="0">
    <skipped message="element click intercepted: Element &lt;a class=&quot;nav-link&quot; href=&quot;newdemo.html&quot;&gt;...&lt;/a&gt; is not clickable at point (566, 34). Other element would receive the click: &lt;div class=&quot;modal-header&quot;&gt;...&lt;/div&gt;&#10;  (Session info: chrome=99.0.4844.82)&#10;Build info: version: &apos;4.1.2&apos;, revision: &apos;9a5a329c5a&apos;&#10;System info: host: &apos;DESKTOP-493EAAE&apos;, ip: &apos;192.168.1.8&apos;, os.name: &apos;Windows 10&apos;, os.arch: &apos;amd64&apos;, os.version: &apos;10.0&apos;, java.version: &apos;11.0.12&apos;&#10;Driver info: org.openqa.selenium.chrome.ChromeDriver&#10;Command: [6cae2bf796b4fc398bdda567d99539ac, clickElement {id=b12c99be-331a-4e8c-93f0-3b1e7169ad51}]&#10;Capabilities {acceptInsecureCerts: false, browserName: chrome, browserVersion: 99.0.4844.82, chrome: {chromedriverVersion: 99.0.4844.51 (d537ec02474b5..., userDataDir: C:\WINDOWS\TEMP\scoped_dir2...}, goog:chromeOptions: {debuggerAddress: localhost:54214}, javascriptEnabled: true, networkConnectionEnabled: false, pageLoadStrategy: normal, platform: WINDOWS, platformName: WINDOWS, proxy: Proxy(), se:cdp: ws://localhost:54214/devtoo..., se:cdpVersion: 99.0.4844.82, setWindowRect: true, strictFileInteractability: false, timeouts: {implicit: 0, pageLoad: 300000, script: 30000}, unhandledPromptBehavior: dismiss and notify, webauthn:extension:credBlob: true, webauthn:extension:largeBlob: true, webauthn:virtualAuthenticators: true}&#10;Element: [[ChromeDriver: chrome on WINDOWS (6cae2bf796b4fc398bdda567d99539ac)] -&gt; xpath: //*[@id=&quot;navbarSupportedContent&quot;]/ul/li[5]/a]&#10;Session ID: 6cae2bf796b4fc398bdda567d99539ac"/>
    <system-out><![CDATA[Testcase TextboxTestingBaba_test03 got skipped
Testcase TextboxTestingBaba_test04 started successfully
]]></system-out>
  </testcase>
  <testcase name="Teardown" classname="testingbaba.Testingbaba_textbox_test" time="0">
    <skipped/>
    <system-out><![CDATA[Testcase TextboxTestingBaba_test04 got skipped
]]></system-out>
  </testcase>
  <testcase name="ButtonsTestingBaba_test01" classname="testingbaba.Testingbaba_buttons_test" time="0.175"/>
  <testcase name="ButtonsTestingBaba_test02" classname="testingbaba.Testingbaba_buttons_test" time="0.664"/>
  <testcase name="ButtonsTestingBaba_test03" classname="testingbaba.Testingbaba_buttons_test" time="0.207"/>
  <testcase name="launchtestingbaba" classname="testingbaba.Testingbaba_checkbox_test" time="7.664">
    <failure message="element click intercepted: Element &lt;a class=&quot;nav-link&quot; href=&quot;newdemo.html&quot;&gt;...&lt;/a&gt; is not clickable at point (566, 34). Other element would receive the click: &lt;div class=&quot;modal-header&quot;&gt;...&lt;/div&gt;&#10;  (Session info: chrome=99.0.4844.82)&#10;Build info: version: &apos;4.1.2&apos;, revision: &apos;9a5a329c5a&apos;&#10;System info: host: &apos;DESKTOP-493EAAE&apos;, ip: &apos;192.168.1.8&apos;, os.name: &apos;Windows 10&apos;, os.arch: &apos;amd64&apos;, os.version: &apos;10.0&apos;, java.version: &apos;11.0.12&apos;&#10;Driver info: org.openqa.selenium.chrome.ChromeDriver&#10;Command: [055b45b487ebf9bc3ab184350526f341, clickElement {id=903e35b7-528a-40d6-a275-5c0e98e93e77}]&#10;Capabilities {acceptInsecureCerts: false, browserName: chrome, browserVersion: 99.0.4844.82, chrome: {chromedriverVersion: 99.0.4844.51 (d537ec02474b5..., userDataDir: C:\WINDOWS\TEMP\scoped_dir1...}, goog:chromeOptions: {debuggerAddress: localhost:54267}, javascriptEnabled: true, networkConnectionEnabled: false, pageLoadStrategy: normal, platform: WINDOWS, platformName: WINDOWS, proxy: Proxy(), se:cdp: ws://localhost:54267/devtoo..., se:cdpVersion: 99.0.4844.82, setWindowRect: true, strictFileInteractability: false, timeouts: {implicit: 0, pageLoad: 300000, script: 30000}, unhandledPromptBehavior: dismiss and notify, webauthn:extension:credBlob: true, webauthn:extension:largeBlob: true, webauthn:virtualAuthenticators: true}&#10;Element: [[ChromeDriver: chrome on WINDOWS (055b45b487ebf9bc3ab184350526f341)] -&gt; xpath: //*[@id=&quot;navbarSupportedContent&quot;]/ul/li[5]/a]&#10;Session ID: 055b45b487ebf9bc3ab184350526f341" type="org.openqa.selenium.ElementClickInterceptedException"><![CDATA[org.openqa.selenium.ElementClickInterceptedException: 
element click intercepted: Element <a class="nav-link" href="newdemo.html">...</a> is not clickable at point (566, 34). Other element would receive the click: <div class="modal-header">...</div>
  (Session info: chrome=99.0.4844.82)
Build info: version: '4.1.2', revision: '9a5a329c5a'
System info: host: 'DESKTOP-493EAAE', ip: '192.168.1.8', os.name: 'Windows 10', os.arch: 'amd64', os.version: '10.0', java.version: '11.0.12'
Driver info: org.openqa.selenium.chrome.ChromeDriver
Command: [055b45b487ebf9bc3ab184350526f341, clickElement {id=903e35b7-528a-40d6-a275-5c0e98e93e77}]
Capabilities {acceptInsecureCerts: false, browserName: chrome, browserVersion: 99.0.4844.82, chrome: {chromedriverVersion: 99.0.4844.51 (d537ec02474b5..., userDataDir: C:\WINDOWS\TEMP\scoped_dir1...}, goog:chromeOptions: {debuggerAddress: localhost:54267}, javascriptEnabled: true, networkConnectionEnabled: false, pageLoadStrategy: normal, platform: WINDOWS, platformName: WINDOWS, proxy: Proxy(), se:cdp: ws://localhost:54267/devtoo..., se:cdpVersion: 99.0.4844.82, setWindowRect: true, strictFileInteractability: false, timeouts: {implicit: 0, pageLoad: 300000, script: 30000}, unhandledPromptBehavior: dismiss and notify, webauthn:extension:credBlob: true, webauthn:extension:largeBlob: true, webauthn:virtualAuthenticators: true}
Element: [[ChromeDriver: chrome on WINDOWS (055b45b487ebf9bc3ab184350526f341)] -> xpath: //*[@id="navbarSupportedContent"]/ul/li[5]/a]
Session ID: 055b45b487ebf9bc3ab184350526f341
	at testingbaba.Testingbaba_checkbox_test.launchtestingbaba(Testingbaba_checkbox_test.java:25)
]]></failure>
    <system-out><![CDATA[[INFO ] 2022-03-25 21:03:14.028 [main] Baselibrary - Closing Chrome Browser
About to end executing Class buttons
About to begin executing Class checkbox
[INFO ] 2022-03-25 21:03:14.699 [main] Baselibrary - Starting Chrome Browser
]]></system-out>
    <system-err><![CDATA[Starting ChromeDriver 99.0.4844.51 (d537ec02474b5afe23684e7963d538896c63ac77-refs/branch-heads/4844@{#875}) on port 64547
Only local connections are allowed.
Please see https://chromedriver.chromium.org/security-considerations for suggestions on keeping ChromeDriver safe.
ChromeDriver was started successfully.
Mar 25, 2022 9:03:16 PM org.openqa.selenium.remote.ProtocolHandshake createSession
INFO: Detected dialect: W3C
Mar 25, 2022 9:03:16 PM org.openqa.selenium.devtools.CdpVersionFinder findNearestMatch
WARNING: Unable to find an exact match for CDP version 99, so returning the closest version found: 97
Mar 25, 2022 9:03:16 PM org.openqa.selenium.devtools.CdpVersionFinder findNearestMatch
INFO: Found CDP implementation for version 99 of 97
]]></system-err>
  </testcase>
  <testcase name="CheckboxTestingBaba_test01" classname="testingbaba.Testingbaba_checkbox_test" time="0">
    <skipped message="element click intercepted: Element &lt;a class=&quot;nav-link&quot; href=&quot;newdemo.html&quot;&gt;...&lt;/a&gt; is not clickable at point (566, 34). Other element would receive the click: &lt;div class=&quot;modal-header&quot;&gt;...&lt;/div&gt;&#10;  (Session info: chrome=99.0.4844.82)&#10;Build info: version: &apos;4.1.2&apos;, revision: &apos;9a5a329c5a&apos;&#10;System info: host: &apos;DESKTOP-493EAAE&apos;, ip: &apos;192.168.1.8&apos;, os.name: &apos;Windows 10&apos;, os.arch: &apos;amd64&apos;, os.version: &apos;10.0&apos;, java.version: &apos;11.0.12&apos;&#10;Driver info: org.openqa.selenium.chrome.ChromeDriver&#10;Command: [055b45b487ebf9bc3ab184350526f341, clickElement {id=903e35b7-528a-40d6-a275-5c0e98e93e77}]&#10;Capabilities {acceptInsecureCerts: false, browserName: chrome, browserVersion: 99.0.4844.82, chrome: {chromedriverVersion: 99.0.4844.51 (d537ec02474b5..., userDataDir: C:\WINDOWS\TEMP\scoped_dir1...}, goog:chromeOptions: {debuggerAddress: localhost:54267}, javascriptEnabled: true, networkConnectionEnabled: false, pageLoadStrategy: normal, platform: WINDOWS, platformName: WINDOWS, proxy: Proxy(), se:cdp: ws://localhost:54267/devtoo..., se:cdpVersion: 99.0.4844.82, setWindowRect: true, strictFileInteractability: false, timeouts: {implicit: 0, pageLoad: 300000, script: 30000}, unhandledPromptBehavior: dismiss and notify, webauthn:extension:credBlob: true, webauthn:extension:largeBlob: true, webauthn:virtualAuthenticators: true}&#10;Element: [[ChromeDriver: chrome on WINDOWS (055b45b487ebf9bc3ab184350526f341)] -&gt; xpath: //*[@id=&quot;navbarSupportedContent&quot;]/ul/li[5]/a]&#10;Session ID: 055b45b487ebf9bc3ab184350526f341"/>
    <system-out><![CDATA[Testcase CheckboxTestingBaba_test01 started successfully
Testcase CheckboxTestingBaba_test01 got skipped
]]></system-out>
  </testcase>
  <testcase name="CheckboxTestingBaba_test02" classname="testingbaba.Testingbaba_checkbox_test" time="0">
    <skipped message="element click intercepted: Element &lt;a class=&quot;nav-link&quot; href=&quot;newdemo.html&quot;&gt;...&lt;/a&gt; is not clickable at point (566, 34). Other element would receive the click: &lt;div class=&quot;modal-header&quot;&gt;...&lt;/div&gt;&#10;  (Session info: chrome=99.0.4844.82)&#10;Build info: version: &apos;4.1.2&apos;, revision: &apos;9a5a329c5a&apos;&#10;System info: host: &apos;DESKTOP-493EAAE&apos;, ip: &apos;192.168.1.8&apos;, os.name: &apos;Windows 10&apos;, os.arch: &apos;amd64&apos;, os.version: &apos;10.0&apos;, java.version: &apos;11.0.12&apos;&#10;Driver info: org.openqa.selenium.chrome.ChromeDriver&#10;Command: [055b45b487ebf9bc3ab184350526f341, clickElement {id=903e35b7-528a-40d6-a275-5c0e98e93e77}]&#10;Capabilities {acceptInsecureCerts: false, browserName: chrome, browserVersion: 99.0.4844.82, chrome: {chromedriverVersion: 99.0.4844.51 (d537ec02474b5..., userDataDir: C:\WINDOWS\TEMP\scoped_dir1...}, goog:chromeOptions: {debuggerAddress: localhost:54267}, javascriptEnabled: true, networkConnectionEnabled: false, pageLoadStrategy: normal, platform: WINDOWS, platformName: WINDOWS, proxy: Proxy(), se:cdp: ws://localhost:54267/devtoo..., se:cdpVersion: 99.0.4844.82, setWindowRect: true, strictFileInteractability: false, timeouts: {implicit: 0, pageLoad: 300000, script: 30000}, unhandledPromptBehavior: dismiss and notify, webauthn:extension:credBlob: true, webauthn:extension:largeBlob: true, webauthn:virtualAuthenticators: true}&#10;Element: [[ChromeDriver: chrome on WINDOWS (055b45b487ebf9bc3ab184350526f341)] -&gt; xpath: //*[@id=&quot;navbarSupportedContent&quot;]/ul/li[5]/a]&#10;Session ID: 055b45b487ebf9bc3ab184350526f341"/>
    <system-out><![CDATA[Testcase CheckboxTestingBaba_test02 started successfully
Testcase CheckboxTestingBaba_test02 got skipped
]]></system-out>
  </testcase>
  <testcase name="CheckboxTestingBaba_test03" classname="testingbaba.Testingbaba_checkbox_test" time="0">
    <skipped message="element click intercepted: Element &lt;a class=&quot;nav-link&quot; href=&quot;newdemo.html&quot;&gt;...&lt;/a&gt; is not clickable at point (566, 34). Other element would receive the click: &lt;div class=&quot;modal-header&quot;&gt;...&lt;/div&gt;&#10;  (Session info: chrome=99.0.4844.82)&#10;Build info: version: &apos;4.1.2&apos;, revision: &apos;9a5a329c5a&apos;&#10;System info: host: &apos;DESKTOP-493EAAE&apos;, ip: &apos;192.168.1.8&apos;, os.name: &apos;Windows 10&apos;, os.arch: &apos;amd64&apos;, os.version: &apos;10.0&apos;, java.version: &apos;11.0.12&apos;&#10;Driver info: org.openqa.selenium.chrome.ChromeDriver&#10;Command: [055b45b487ebf9bc3ab184350526f341, clickElement {id=903e35b7-528a-40d6-a275-5c0e98e93e77}]&#10;Capabilities {acceptInsecureCerts: false, browserName: chrome, browserVersion: 99.0.4844.82, chrome: {chromedriverVersion: 99.0.4844.51 (d537ec02474b5..., userDataDir: C:\WINDOWS\TEMP\scoped_dir1...}, goog:chromeOptions: {debuggerAddress: localhost:54267}, javascriptEnabled: true, networkConnectionEnabled: false, pageLoadStrategy: normal, platform: WINDOWS, platformName: WINDOWS, proxy: Proxy(), se:cdp: ws://localhost:54267/devtoo..., se:cdpVersion: 99.0.4844.82, setWindowRect: true, strictFileInteractability: false, timeouts: {implicit: 0, pageLoad: 300000, script: 30000}, unhandledPromptBehavior: dismiss and notify, webauthn:extension:credBlob: true, webauthn:extension:largeBlob: true, webauthn:virtualAuthenticators: true}&#10;Element: [[ChromeDriver: chrome on WINDOWS (055b45b487ebf9bc3ab184350526f341)] -&gt; xpath: //*[@id=&quot;navbarSupportedContent&quot;]/ul/li[5]/a]&#10;Session ID: 055b45b487ebf9bc3ab184350526f341"/>
    <system-out><![CDATA[Testcase CheckboxTestingBaba_test03 started successfully
Testcase CheckboxTestingBaba_test03 got skipped
]]></system-out>
  </testcase>
  <testcase name="Teardown" classname="testingbaba.Testingbaba_checkbox_test" time="0">
    <skipped/>
  </testcase>
  <testcase name="DropdownTestingBaba_test01" classname="testingbaba.Testingbaba_dropdown_test" time="2.255"/>
  <testcase name="LinksTestingBaba_test01" classname="testingbaba.Testingbaba_links_test" time="0.115"/>
  <testcase name="LinksTestingBaba_test02" classname="testingbaba.Testingbaba_links_test" time="2.314"/>
  <testcase name="RadioButtonTestingBaba_test01" classname="testingbaba.Testingbaba_radio_test" time="1.446">
    <failure message="element click intercepted: Element &lt;a class=&quot;nav-link&quot; href=&quot;newdemo.html&quot;&gt;...&lt;/a&gt; is not clickable at point (566, 34). Other element would receive the click: &lt;div class=&quot;modal-header&quot;&gt;...&lt;/div&gt;&#10;  (Session info: chrome=99.0.4844.82)&#10;Build info: version: &apos;4.1.2&apos;, revision: &apos;9a5a329c5a&apos;&#10;System info: host: &apos;DESKTOP-493EAAE&apos;, ip: &apos;192.168.1.8&apos;, os.name: &apos;Windows 10&apos;, os.arch: &apos;amd64&apos;, os.version: &apos;10.0&apos;, java.version: &apos;11.0.12&apos;&#10;Driver info: org.openqa.selenium.chrome.ChromeDriver&#10;Command: [11915e490606b6ffd6ee49250fdf6a87, clickElement {id=5fced28a-b0e6-4159-81f4-9dcd7a51a84b}]&#10;Capabilities {acceptInsecureCerts: false, browserName: chrome, browserVersion: 99.0.4844.82, chrome: {chromedriverVersion: 99.0.4844.51 (d537ec02474b5..., userDataDir: C:\WINDOWS\TEMP\scoped_dir1...}, goog:chromeOptions: {debuggerAddress: localhost:54363}, javascriptEnabled: true, networkConnectionEnabled: false, pageLoadStrategy: normal, platform: WINDOWS, platformName: WINDOWS, proxy: Proxy(), se:cdp: ws://localhost:54363/devtoo..., se:cdpVersion: 99.0.4844.82, setWindowRect: true, strictFileInteractability: false, timeouts: {implicit: 0, pageLoad: 300000, script: 30000}, unhandledPromptBehavior: dismiss and notify, webauthn:extension:credBlob: true, webauthn:extension:largeBlob: true, webauthn:virtualAuthenticators: true}&#10;Element: [[ChromeDriver: chrome on WINDOWS (11915e490606b6ffd6ee49250fdf6a87)] -&gt; xpath: //*[@id=&quot;navbarSupportedContent&quot;]/ul/li[5]/a]&#10;Session ID: 11915e490606b6ffd6ee49250fdf6a87" type="org.openqa.selenium.ElementClickInterceptedException"><![CDATA[org.openqa.selenium.ElementClickInterceptedException: 
element click intercepted: Element <a class="nav-link" href="newdemo.html">...</a> is not clickable at point (566, 34). Other element would receive the click: <div class="modal-header">...</div>
  (Session info: chrome=99.0.4844.82)
Build info: version: '4.1.2', revision: '9a5a329c5a'
System info: host: 'DESKTOP-493EAAE', ip: '192.168.1.8', os.name: 'Windows 10', os.arch: 'amd64', os.version: '10.0', java.version: '11.0.12'
Driver info: org.openqa.selenium.chrome.ChromeDriver
Command: [11915e490606b6ffd6ee49250fdf6a87, clickElement {id=5fced28a-b0e6-4159-81f4-9dcd7a51a84b}]
Capabilities {acceptInsecureCerts: false, browserName: chrome, browserVersion: 99.0.4844.82, chrome: {chromedriverVersion: 99.0.4844.51 (d537ec02474b5..., userDataDir: C:\WINDOWS\TEMP\scoped_dir1...}, goog:chromeOptions: {debuggerAddress: localhost:54363}, javascriptEnabled: true, networkConnectionEnabled: false, pageLoadStrategy: normal, platform: WINDOWS, platformName: WINDOWS, proxy: Proxy(), se:cdp: ws://localhost:54363/devtoo..., se:cdpVersion: 99.0.4844.82, setWindowRect: true, strictFileInteractability: false, timeouts: {implicit: 0, pageLoad: 300000, script: 30000}, unhandledPromptBehavior: dismiss and notify, webauthn:extension:credBlob: true, webauthn:extension:largeBlob: true, webauthn:virtualAuthenticators: true}
Element: [[ChromeDriver: chrome on WINDOWS (11915e490606b6ffd6ee49250fdf6a87)] -> xpath: //*[@id="navbarSupportedContent"]/ul/li[5]/a]
Session ID: 11915e490606b6ffd6ee49250fdf6a87
	at testingbaba.Testingbaba_radio_test.RadioButtonTestingBaba_test01(Testingbaba_radio_test.java:31)
]]></failure>
    <system-out><![CDATA[[INFO ] 2022-03-25 21:03:40.973 [main] Baselibrary - Closing Chrome Browser
About to end executing Class links
About to begin executing Class radio
[INFO ] 2022-03-25 21:03:41.602 [main] Baselibrary - Starting Chrome Browser
Testcase RadioButtonTestingBaba_test01 started successfully
Testcase RadioButtonTestingBaba_test01 failed
]]></system-out>
    <system-err><![CDATA[Starting ChromeDriver 99.0.4844.51 (d537ec02474b5afe23684e7963d538896c63ac77-refs/branch-heads/4844@{#875}) on port 52165
Only local connections are allowed.
Please see https://chromedriver.chromium.org/security-considerations for suggestions on keeping ChromeDriver safe.
ChromeDriver was started successfully.
Mar 25, 2022 9:03:43 PM org.openqa.selenium.remote.ProtocolHandshake createSession
INFO: Detected dialect: W3C
Mar 25, 2022 9:03:43 PM org.openqa.selenium.devtools.CdpVersionFinder findNearestMatch
WARNING: Unable to find an exact match for CDP version 99, so returning the closest version found: 97
Mar 25, 2022 9:03:43 PM org.openqa.selenium.devtools.CdpVersionFinder findNearestMatch
INFO: Found CDP implementation for version 99 of 97
]]></system-err>
  </testcase>
  <testcase name="AutocompleteTestingBaba_test01" classname="testingbaba.Testingbaba_autocomplete_test" time="0.16"/>
  <testcase name="AutocompleteTestingBaba_test02" classname="testingbaba.Testingbaba_autocomplete_test" time="1.152"/>
  <testcase name="AutocompleteTestingBaba_test03" classname="testingbaba.Testingbaba_autocomplete_test" time="2.538"/>
  <testcase name="launchtestingbaba" classname="testingbaba.Testingbaba_webtables_test" time="10.525">
    <failure message="element click intercepted: Element &lt;a class=&quot;nav-link&quot; href=&quot;newdemo.html&quot;&gt;...&lt;/a&gt; is not clickable at point (566, 34). Other element would receive the click: &lt;div class=&quot;modal-header&quot;&gt;...&lt;/div&gt;&#10;  (Session info: chrome=99.0.4844.82)&#10;Build info: version: &apos;4.1.2&apos;, revision: &apos;9a5a329c5a&apos;&#10;System info: host: &apos;DESKTOP-493EAAE&apos;, ip: &apos;192.168.1.8&apos;, os.name: &apos;Windows 10&apos;, os.arch: &apos;amd64&apos;, os.version: &apos;10.0&apos;, java.version: &apos;11.0.12&apos;&#10;Driver info: org.openqa.selenium.chrome.ChromeDriver&#10;Command: [42398c49978ece8ae2c481c24fe81fed, clickElement {id=875e4431-79b5-4082-9989-aa2788b7326d}]&#10;Capabilities {acceptInsecureCerts: false, browserName: chrome, browserVersion: 99.0.4844.82, chrome: {chromedriverVersion: 99.0.4844.51 (d537ec02474b5..., userDataDir: C:\WINDOWS\TEMP\scoped_dir1...}, goog:chromeOptions: {debuggerAddress: localhost:54429}, javascriptEnabled: true, networkConnectionEnabled: false, pageLoadStrategy: normal, platform: WINDOWS, platformName: WINDOWS, proxy: Proxy(), se:cdp: ws://localhost:54429/devtoo..., se:cdpVersion: 99.0.4844.82, setWindowRect: true, strictFileInteractability: false, timeouts: {implicit: 0, pageLoad: 300000, script: 30000}, unhandledPromptBehavior: dismiss and notify, webauthn:extension:credBlob: true, webauthn:extension:largeBlob: true, webauthn:virtualAuthenticators: true}&#10;Element: [[ChromeDriver: chrome on WINDOWS (42398c49978ece8ae2c481c24fe81fed)] -&gt; xpath: //*[@id=&quot;navbarSupportedContent&quot;]/ul/li[5]/a]&#10;Session ID: 42398c49978ece8ae2c481c24fe81fed" type="org.openqa.selenium.ElementClickInterceptedException"><![CDATA[org.openqa.selenium.ElementClickInterceptedException: 
element click intercepted: Element <a class="nav-link" href="newdemo.html">...</a> is not clickable at point (566, 34). Other element would receive the click: <div class="modal-header">...</div>
  (Session info: chrome=99.0.4844.82)
Build info: version: '4.1.2', revision: '9a5a329c5a'
System info: host: 'DESKTOP-493EAAE', ip: '192.168.1.8', os.name: 'Windows 10', os.arch: 'amd64', os.version: '10.0', java.version: '11.0.12'
Driver info: org.openqa.selenium.chrome.ChromeDriver
Command: [42398c49978ece8ae2c481c24fe81fed, clickElement {id=875e4431-79b5-4082-9989-aa2788b7326d}]
Capabilities {acceptInsecureCerts: false, browserName: chrome, browserVersion: 99.0.4844.82, chrome: {chromedriverVersion: 99.0.4844.51 (d537ec02474b5..., userDataDir: C:\WINDOWS\TEMP\scoped_dir1...}, goog:chromeOptions: {debuggerAddress: localhost:54429}, javascriptEnabled: true, networkConnectionEnabled: false, pageLoadStrategy: normal, platform: WINDOWS, platformName: WINDOWS, proxy: Proxy(), se:cdp: ws://localhost:54429/devtoo..., se:cdpVersion: 99.0.4844.82, setWindowRect: true, strictFileInteractability: false, timeouts: {implicit: 0, pageLoad: 300000, script: 30000}, unhandledPromptBehavior: dismiss and notify, webauthn:extension:credBlob: true, webauthn:extension:largeBlob: true, webauthn:virtualAuthenticators: true}
Element: [[ChromeDriver: chrome on WINDOWS (42398c49978ece8ae2c481c24fe81fed)] -> xpath: //*[@id="navbarSupportedContent"]/ul/li[5]/a]
Session ID: 42398c49978ece8ae2c481c24fe81fed
	at testingbaba.Testingbaba_webtables_test.launchtestingbaba(Testingbaba_webtables_test.java:23)
]]></failure>
    <system-out><![CDATA[[INFO ] 2022-03-25 21:04:00.643 [main] Baselibrary - Closing Chrome Browser
About to end executing Class autocomplete
About to begin executing Class Webtable
[INFO ] 2022-03-25 21:04:01.401 [main] Baselibrary - Starting Chrome Browser
]]></system-out>
    <system-err><![CDATA[Starting ChromeDriver 99.0.4844.51 (d537ec02474b5afe23684e7963d538896c63ac77-refs/branch-heads/4844@{#875}) on port 56042
Only local connections are allowed.
Please see https://chromedriver.chromium.org/security-considerations for suggestions on keeping ChromeDriver safe.
ChromeDriver was started successfully.
Mar 25, 2022 9:04:03 PM org.openqa.selenium.remote.ProtocolHandshake createSession
INFO: Detected dialect: W3C
Mar 25, 2022 9:04:03 PM org.openqa.selenium.devtools.CdpVersionFinder findNearestMatch
WARNING: Unable to find an exact match for CDP version 99, so returning the closest version found: 97
Mar 25, 2022 9:04:03 PM org.openqa.selenium.devtools.CdpVersionFinder findNearestMatch
INFO: Found CDP implementation for version 99 of 97
]]></system-err>
  </testcase>
  <testcase name="WebTablesTestingBaba_test01" classname="testingbaba.Testingbaba_webtables_test" time="0">
    <skipped message="element click intercepted: Element &lt;a class=&quot;nav-link&quot; href=&quot;newdemo.html&quot;&gt;...&lt;/a&gt; is not clickable at point (566, 34). Other element would receive the click: &lt;div class=&quot;modal-header&quot;&gt;...&lt;/div&gt;&#10;  (Session info: chrome=99.0.4844.82)&#10;Build info: version: &apos;4.1.2&apos;, revision: &apos;9a5a329c5a&apos;&#10;System info: host: &apos;DESKTOP-493EAAE&apos;, ip: &apos;192.168.1.8&apos;, os.name: &apos;Windows 10&apos;, os.arch: &apos;amd64&apos;, os.version: &apos;10.0&apos;, java.version: &apos;11.0.12&apos;&#10;Driver info: org.openqa.selenium.chrome.ChromeDriver&#10;Command: [42398c49978ece8ae2c481c24fe81fed, clickElement {id=875e4431-79b5-4082-9989-aa2788b7326d}]&#10;Capabilities {acceptInsecureCerts: false, browserName: chrome, browserVersion: 99.0.4844.82, chrome: {chromedriverVersion: 99.0.4844.51 (d537ec02474b5..., userDataDir: C:\WINDOWS\TEMP\scoped_dir1...}, goog:chromeOptions: {debuggerAddress: localhost:54429}, javascriptEnabled: true, networkConnectionEnabled: false, pageLoadStrategy: normal, platform: WINDOWS, platformName: WINDOWS, proxy: Proxy(), se:cdp: ws://localhost:54429/devtoo..., se:cdpVersion: 99.0.4844.82, setWindowRect: true, strictFileInteractability: false, timeouts: {implicit: 0, pageLoad: 300000, script: 30000}, unhandledPromptBehavior: dismiss and notify, webauthn:extension:credBlob: true, webauthn:extension:largeBlob: true, webauthn:virtualAuthenticators: true}&#10;Element: [[ChromeDriver: chrome on WINDOWS (42398c49978ece8ae2c481c24fe81fed)] -&gt; xpath: //*[@id=&quot;navbarSupportedContent&quot;]/ul/li[5]/a]&#10;Session ID: 42398c49978ece8ae2c481c24fe81fed"/>
    <system-out><![CDATA[Testcase WebTablesTestingBaba_test01 started successfully
Testcase WebTablesTestingBaba_test01 got skipped
]]></system-out>
  </testcase>
  <testcase name="Teardown" classname="testingbaba.Testingbaba_webtables_test" time="0">
    <skipped/>
  </testcase>
  <testcase name="FlipkartLogin_Test01" classname="flipkart.Flipkart_buy_test" time="2.543"/>
  <testcase name="FlipkartProfileChange_Test02" classname="flipkart.Flipkart_buy_test" time="19.878"/>
  <testcase name="FlipkartLoginInvalidCred_Test01" classname="flipkart.Flipkart_buyproduct_test" time="3.851"/>
  <testcase name="MakemyTripSendValidNumber_Test01" classname="makemytrip.Makemytrip_launch_test" time="4.97"/>
  <testcase name="MakemyTripSendINValidNumber_Test02" classname="makemytrip.Makemytrip_launch_test" time="10.987"/>
</testsuite>