<?xml version="1.0" encoding="UTF-8"?>
<testng-results ignored="0" total="20" passed="20" failed="0" skipped="0">
  <reporter-output>
  </reporter-output>
  <suite started-at="2022-03-06T16:18:27 IST" name="Testingbaba" finished-at="2022-03-06T16:19:31 IST" duration-ms="64443">
    <groups>
    </groups>
    <test started-at="2022-03-06T16:18:27 IST" name="smoke" finished-at="2022-03-06T16:18:33 IST" duration-ms="6160">
      <class name="test.Testingbaba_launch_test">
        <test-method is-config="true" signature="launchtestingbaba()[pri:0, instance:test.Testingbaba_launch_test@40ef3420]" started-at="2022-03-06T16:18:27 IST" name="launchtestingbaba" finished-at="2022-03-06T16:18:33 IST" duration-ms="5879" status="PASS">
          <reporter-output>
          </reporter-output>
        </test-method> <!-- launchtestingbaba -->
        <test-method signature="gettitle()[pri:0, instance:test.Testingbaba_launch_test@40ef3420]" started-at="2022-03-06T16:18:33 IST" name="gettitle" finished-at="2022-03-06T16:18:33 IST" duration-ms="20" status="PASS">
          <reporter-output>
          </reporter-output>
        </test-method> <!-- gettitle -->
        <test-method is-config="true" signature="Teardown()[pri:0, instance:test.Testingbaba_launch_test@40ef3420]" started-at="2022-03-06T16:18:33 IST" name="Teardown" finished-at="2022-03-06T16:18:33 IST" duration-ms="221" status="PASS">
          <reporter-output>
          </reporter-output>
        </test-method> <!-- Teardown -->
      </class> <!-- test.Testingbaba_launch_test -->
    </test> <!-- smoke -->
    <test started-at="2022-03-06T16:18:33 IST" name="Textbox" finished-at="2022-03-06T16:18:39 IST" duration-ms="6042">
      <class name="test.Testingbaba_textbox_test">
        <test-method is-config="true" signature="launchtestingbaba()[pri:0, instance:test.Testingbaba_textbox_test@5b239d7d]" started-at="2022-03-06T16:18:33 IST" name="launchtestingbaba" finished-at="2022-03-06T16:18:38 IST" duration-ms="5215" status="PASS">
          <reporter-output>
          </reporter-output>
        </test-method> <!-- launchtestingbaba -->
        <test-method signature="gettitle()[pri:1, instance:test.Testingbaba_textbox_test@5b239d7d]" started-at="2022-03-06T16:18:38 IST" name="gettitle" finished-at="2022-03-06T16:18:38 IST" duration-ms="12" status="PASS">
          <reporter-output>
          </reporter-output>
        </test-method> <!-- gettitle -->
        <test-method signature="clickonelements()[pri:2, instance:test.Testingbaba_textbox_test@5b239d7d]" started-at="2022-03-06T16:18:38 IST" name="clickonelements" finished-at="2022-03-06T16:18:38 IST" duration-ms="47" status="PASS">
          <reporter-output>
          </reporter-output>
        </test-method> <!-- clickonelements -->
        <test-method signature="filldetails()[pri:3, instance:test.Testingbaba_textbox_test@5b239d7d]" started-at="2022-03-06T16:18:38 IST" name="filldetails" finished-at="2022-03-06T16:18:39 IST" duration-ms="465" status="PASS">
          <reporter-output>
          </reporter-output>
        </test-method> <!-- filldetails -->
        <test-method signature="getverify()[pri:4, instance:test.Testingbaba_textbox_test@5b239d7d]" started-at="2022-03-06T16:18:39 IST" name="getverify" finished-at="2022-03-06T16:18:39 IST" duration-ms="91" status="PASS">
          <reporter-output>
          </reporter-output>
        </test-method> <!-- getverify -->
        <test-method is-config="true" signature="Teardown()[pri:0, instance:test.Testingbaba_textbox_test@5b239d7d]" started-at="2022-03-06T16:18:39 IST" name="Teardown" finished-at="2022-03-06T16:18:39 IST" duration-ms="204" status="PASS">
          <reporter-output>
          </reporter-output>
        </test-method> <!-- Teardown -->
      </class> <!-- test.Testingbaba_textbox_test -->
    </test> <!-- Textbox -->
    <test started-at="2022-03-06T16:18:39 IST" name="buttons" finished-at="2022-03-06T16:18:45 IST" duration-ms="6099">
      <class name="test.Testingbaba_buttons_test">
        <test-method is-config="true" signature="launchtestingbaba()[pri:0, instance:test.Testingbaba_buttons_test@1d2adfbe]" started-at="2022-03-06T16:18:39 IST" name="launchtestingbaba" finished-at="2022-03-06T16:18:44 IST" duration-ms="4978" status="PASS">
          <reporter-output>
          </reporter-output>
        </test-method> <!-- launchtestingbaba -->
        <test-method signature="getelement()[pri:0, instance:test.Testingbaba_buttons_test@1d2adfbe]" started-at="2022-03-06T16:18:44 IST" name="getelement" finished-at="2022-03-06T16:18:44 IST" duration-ms="70" status="PASS">
          <reporter-output>
          </reporter-output>
        </test-method> <!-- getelement -->
        <test-method signature="getbuttn()[pri:1, instance:test.Testingbaba_buttons_test@1d2adfbe]" started-at="2022-03-06T16:18:44 IST" name="getbuttn" finished-at="2022-03-06T16:18:45 IST" duration-ms="630" status="PASS">
          <reporter-output>
          </reporter-output>
        </test-method> <!-- getbuttn -->
        <test-method signature="doble()[pri:2, instance:test.Testingbaba_buttons_test@1d2adfbe]" started-at="2022-03-06T16:18:45 IST" name="doble" finished-at="2022-03-06T16:18:45 IST" duration-ms="164" status="PASS">
          <reporter-output>
          </reporter-output>
        </test-method> <!-- doble -->
        <test-method is-config="true" signature="Teardown()[pri:0, instance:test.Testingbaba_buttons_test@1d2adfbe]" started-at="2022-03-06T16:18:45 IST" name="Teardown" finished-at="2022-03-06T16:18:45 IST" duration-ms="252" status="PASS">
          <reporter-output>
          </reporter-output>
        </test-method> <!-- Teardown -->
      </class> <!-- test.Testingbaba_buttons_test -->
    </test> <!-- buttons -->
    <test started-at="2022-03-06T16:18:45 IST" name="checkbox" finished-at="2022-03-06T16:18:52 IST" duration-ms="6912">
      <class name="test.Testingbaba_checkbox_test">
        <test-method is-config="true" signature="launchtestingbaba()[pri:0, instance:test.Testingbaba_checkbox_test@131774fe]" started-at="2022-03-06T16:18:45 IST" name="launchtestingbaba" finished-at="2022-03-06T16:18:51 IST" duration-ms="5223" status="PASS">
          <reporter-output>
          </reporter-output>
        </test-method> <!-- launchtestingbaba -->
        <test-method signature="elements()[pri:1, instance:test.Testingbaba_checkbox_test@131774fe]" started-at="2022-03-06T16:18:51 IST" name="elements" finished-at="2022-03-06T16:18:51 IST" duration-ms="48" status="PASS">
          <reporter-output>
          </reporter-output>
        </test-method> <!-- elements -->
        <test-method signature="checkbox()[pri:2, instance:test.Testingbaba_checkbox_test@131774fe]" started-at="2022-03-06T16:18:51 IST" name="checkbox" finished-at="2022-03-06T16:18:51 IST" duration-ms="125" status="PASS">
          <reporter-output>
          </reporter-output>
        </test-method> <!-- checkbox -->
        <test-method signature="mobilecheckbox()[pri:3, instance:test.Testingbaba_checkbox_test@131774fe]" started-at="2022-03-06T16:18:51 IST" name="mobilecheckbox" finished-at="2022-03-06T16:18:52 IST" duration-ms="1284" status="PASS">
          <reporter-output>
          </reporter-output>
        </test-method> <!-- mobilecheckbox -->
        <test-method is-config="true" signature="Teardown()[pri:0, instance:test.Testingbaba_checkbox_test@131774fe]" started-at="2022-03-06T16:18:52 IST" name="Teardown" finished-at="2022-03-06T16:18:52 IST" duration-ms="229" status="PASS">
          <reporter-output>
          </reporter-output>
        </test-method> <!-- Teardown -->
      </class> <!-- test.Testingbaba_checkbox_test -->
    </test> <!-- checkbox -->
    <test started-at="2022-03-06T16:18:52 IST" name="dropdown" finished-at="2022-03-06T16:18:58 IST" duration-ms="5499">
      <class name="test.Testingbaba_dropdown_test">
        <test-method is-config="true" signature="launchtestingbaba()[pri:0, instance:test.Testingbaba_dropdown_test@7f0eb4b4]" started-at="2022-03-06T16:18:52 IST" name="launchtestingbaba" finished-at="2022-03-06T16:18:56 IST" duration-ms="3490" status="PASS">
          <reporter-output>
          </reporter-output>
        </test-method> <!-- launchtestingbaba -->
        <test-method signature="getdropdown()[pri:0, instance:test.Testingbaba_dropdown_test@7f0eb4b4]" started-at="2022-03-06T16:18:56 IST" name="getdropdown" finished-at="2022-03-06T16:18:58 IST" duration-ms="1815" status="PASS">
          <reporter-output>
          </reporter-output>
        </test-method> <!-- getdropdown -->
        <test-method is-config="true" signature="Teardown()[pri:0, instance:test.Testingbaba_dropdown_test@7f0eb4b4]" started-at="2022-03-06T16:18:58 IST" name="Teardown" finished-at="2022-03-06T16:18:58 IST" duration-ms="190" status="PASS">
          <reporter-output>
          </reporter-output>
        </test-method> <!-- Teardown -->
      </class> <!-- test.Testingbaba_dropdown_test -->
    </test> <!-- dropdown -->
    <test started-at="2022-03-06T16:18:58 IST" name="links" finished-at="2022-03-06T16:19:05 IST" duration-ms="7763">
      <class name="test.Testingbaba_links_test">
        <test-method is-config="true" signature="launchtestingbaba()[pri:0, instance:test.Testingbaba_links_test@4ec4f3a0]" started-at="2022-03-06T16:18:58 IST" name="launchtestingbaba" finished-at="2022-03-06T16:19:03 IST" duration-ms="5125" status="PASS">
          <reporter-output>
          </reporter-output>
        </test-method> <!-- launchtestingbaba -->
        <test-method signature="elements()[pri:1, instance:test.Testingbaba_links_test@4ec4f3a0]" started-at="2022-03-06T16:19:03 IST" name="elements" finished-at="2022-03-06T16:19:03 IST" duration-ms="48" status="PASS">
          <reporter-output>
          </reporter-output>
        </test-method> <!-- elements -->
        <test-method signature="links()[pri:2, instance:test.Testingbaba_links_test@4ec4f3a0]" started-at="2022-03-06T16:19:03 IST" name="links" finished-at="2022-03-06T16:19:05 IST" duration-ms="2153" status="PASS">
          <reporter-output>
          </reporter-output>
        </test-method> <!-- links -->
        <test-method is-config="true" signature="Teardown()[pri:0, instance:test.Testingbaba_links_test@4ec4f3a0]" started-at="2022-03-06T16:19:05 IST" name="Teardown" finished-at="2022-03-06T16:19:05 IST" duration-ms="431" status="PASS">
          <reporter-output>
          </reporter-output>
        </test-method> <!-- Teardown -->
      </class> <!-- test.Testingbaba_links_test -->
    </test> <!-- links -->
    <test started-at="2022-03-06T16:19:06 IST" name="radio" finished-at="2022-03-06T16:19:11 IST" duration-ms="5540">
      <class name="test.Testingbaba_radio_test">
        <test-method is-config="true" signature="launchtestingbaba()[pri:0, instance:test.Testingbaba_radio_test@1b7cc17c]" started-at="2022-03-06T16:19:06 IST" name="launchtestingbaba" finished-at="2022-03-06T16:19:09 IST" duration-ms="3408" status="PASS">
          <reporter-output>
          </reporter-output>
        </test-method> <!-- launchtestingbaba -->
        <test-method signature="getradio()[pri:0, instance:test.Testingbaba_radio_test@1b7cc17c]" started-at="2022-03-06T16:19:09 IST" name="getradio" finished-at="2022-03-06T16:19:11 IST" duration-ms="1934" status="PASS">
          <reporter-output>
          </reporter-output>
        </test-method> <!-- getradio -->
        <test-method is-config="true" signature="Teardown()[pri:0, instance:test.Testingbaba_radio_test@1b7cc17c]" started-at="2022-03-06T16:19:11 IST" name="Teardown" finished-at="2022-03-06T16:19:11 IST" duration-ms="197" status="PASS">
          <reporter-output>
          </reporter-output>
        </test-method> <!-- Teardown -->
      </class> <!-- test.Testingbaba_radio_test -->
    </test> <!-- radio -->
    <test started-at="2022-03-06T16:19:11 IST" name="autocomplete" finished-at="2022-03-06T16:19:20 IST" duration-ms="8653">
      <class name="test.Testingbaba_autocomplete_test">
        <test-method is-config="true" signature="launchtestingbaba()[pri:0, instance:test.Testingbaba_autocomplete_test@35e2d654]" started-at="2022-03-06T16:19:11 IST" name="launchtestingbaba" finished-at="2022-03-06T16:19:16 IST" duration-ms="5053" status="PASS">
          <reporter-output>
          </reporter-output>
        </test-method> <!-- launchtestingbaba -->
        <test-method signature="getweb()[pri:1, instance:test.Testingbaba_autocomplete_test@35e2d654]" started-at="2022-03-06T16:19:16 IST" name="getweb" finished-at="2022-03-06T16:19:16 IST" duration-ms="49" status="PASS">
          <reporter-output>
          </reporter-output>
        </test-method> <!-- getweb -->
        <test-method signature="completeclick()[pri:2, instance:test.Testingbaba_autocomplete_test@35e2d654]" started-at="2022-03-06T16:19:16 IST" name="completeclick" finished-at="2022-03-06T16:19:17 IST" duration-ms="1067" status="PASS">
          <reporter-output>
          </reporter-output>
        </test-method> <!-- completeclick -->
        <test-method signature="filldetails()[pri:3, instance:test.Testingbaba_autocomplete_test@35e2d654]" started-at="2022-03-06T16:19:17 IST" name="filldetails" finished-at="2022-03-06T16:19:19 IST" duration-ms="2272" status="PASS">
          <reporter-output>
          </reporter-output>
        </test-method> <!-- filldetails -->
        <test-method is-config="true" signature="Teardown()[pri:0, instance:test.Testingbaba_autocomplete_test@35e2d654]" started-at="2022-03-06T16:19:19 IST" name="Teardown" finished-at="2022-03-06T16:19:20 IST" duration-ms="208" status="PASS">
          <reporter-output>
          </reporter-output>
        </test-method> <!-- Teardown -->
      </class> <!-- test.Testingbaba_autocomplete_test -->
    </test> <!-- autocomplete -->
    <test started-at="2022-03-06T16:19:20 IST" name="Webtable" finished-at="2022-03-06T16:19:27 IST" duration-ms="7702">
      <class name="test.Testingbaba_webtables_test">
        <test-method is-config="true" signature="launchtestingbaba()[pri:0, instance:test.Testingbaba_webtables_test@130d63be]" started-at="2022-03-06T16:19:20 IST" name="launchtestingbaba" finished-at="2022-03-06T16:19:25 IST" duration-ms="5254" status="PASS">
          <reporter-output>
          </reporter-output>
        </test-method> <!-- launchtestingbaba -->
        <test-method signature="getweb1()[pri:0, instance:test.Testingbaba_webtables_test@130d63be]" started-at="2022-03-06T16:19:25 IST" name="getweb1" finished-at="2022-03-06T16:19:27 IST" duration-ms="2444" status="PASS">
          <reporter-output>
          </reporter-output>
        </test-method> <!-- getweb1 -->
        <test-method is-config="true" signature="Teardown()[pri:0, instance:test.Testingbaba_webtables_test@130d63be]" started-at="2022-03-06T16:19:27 IST" name="Teardown" finished-at="2022-03-06T16:19:27 IST" duration-ms="2" status="PASS">
          <reporter-output>
          </reporter-output>
        </test-method> <!-- Teardown -->
      </class> <!-- test.Testingbaba_webtables_test -->
    </test> <!-- Webtable -->
    <test started-at="2022-03-06T16:19:27 IST" name="Flipkart" finished-at="2022-03-06T16:19:31 IST" duration-ms="3983">
      <class name="test.Flipkart_buy_test">
        <test-method is-config="true" signature="launchFB()[pri:0, instance:test.Flipkart_buy_test@3c19aaa5]" started-at="2022-03-06T16:19:27 IST" name="launchFB" finished-at="2022-03-06T16:19:31 IST" duration-ms="3502" status="PASS">
          <reporter-output>
          </reporter-output>
        </test-method> <!-- launchFB -->
        <test-method signature="flipkart()[pri:0, instance:test.Flipkart_buy_test@3c19aaa5]" started-at="2022-03-06T16:19:31 IST" name="flipkart" finished-at="2022-03-06T16:19:31 IST" duration-ms="242" status="PASS">
          <reporter-output>
          </reporter-output>
        </test-method> <!-- flipkart -->
        <test-method is-config="true" signature="Teardown()[pri:0, instance:test.Flipkart_buy_test@3c19aaa5]" started-at="2022-03-06T16:19:31 IST" name="Teardown" finished-at="2022-03-06T16:19:31 IST" duration-ms="237" status="PASS">
          <reporter-output>
          </reporter-output>
        </test-method> <!-- Teardown -->
      </class> <!-- test.Flipkart_buy_test -->
    </test> <!-- Flipkart -->
  </suite> <!-- Testingbaba -->
</testng-results>
