<?xml version="1.0" encoding="UTF-8"?>
<testng-results ignored="0" total="23" passed="22" failed="1" skipped="0">
  <reporter-output>
    <line>
      <![CDATA[adding these steps]]>
    </line>
  </reporter-output>
  <suite started-at="2022-03-13T10:45:55 IST" name="Testingbaba" finished-at="2022-03-13T10:47:47 IST" duration-ms="112064">
    <groups>
    </groups>
    <test started-at="2022-03-13T10:45:55 IST" name="smoke" finished-at="2022-03-13T10:46:01 IST" duration-ms="6536">
      <class name="test.Testingbaba_launch_test">
        <test-method is-config="true" signature="launchtestingbaba()[pri:0, instance:test.Testingbaba_launch_test@3cebbb30]" started-at="2022-03-13T10:45:55 IST" name="launchtestingbaba" finished-at="2022-03-13T10:46:01 IST" duration-ms="5846" status="PASS">
          <reporter-output>
          </reporter-output>
        </test-method> <!-- launchtestingbaba -->
        <test-method signature="LaunchTestingBaba_test01()[pri:0, instance:test.Testingbaba_launch_test@3cebbb30]" started-at="2022-03-13T10:46:01 IST" name="LaunchTestingBaba_test01" finished-at="2022-03-13T10:46:01 IST" duration-ms="24" status="PASS">
          <reporter-output>
          </reporter-output>
        </test-method> <!-- LaunchTestingBaba_test01 -->
        <test-method is-config="true" signature="Teardown()[pri:0, instance:test.Testingbaba_launch_test@3cebbb30]" started-at="2022-03-13T10:46:01 IST" name="Teardown" finished-at="2022-03-13T10:46:01 IST" duration-ms="638" status="PASS">
          <reporter-output>
          </reporter-output>
        </test-method> <!-- Teardown -->
      </class> <!-- test.Testingbaba_launch_test -->
    </test> <!-- smoke -->
    <test started-at="2022-03-13T10:46:01 IST" name="Textbox" finished-at="2022-03-13T10:46:08 IST" duration-ms="6984">
      <class name="test.Testingbaba_textbox_test">
        <test-method is-config="true" signature="launchtestingbaba()[pri:0, instance:test.Testingbaba_textbox_test@2e6a8155]" started-at="2022-03-13T10:46:01 IST" name="launchtestingbaba" finished-at="2022-03-13T10:46:07 IST" duration-ms="5816" status="PASS">
          <reporter-output>
          </reporter-output>
        </test-method> <!-- launchtestingbaba -->
        <test-method signature="TextboxTestingBaba_test01()[pri:0, instance:test.Testingbaba_textbox_test@2e6a8155]" started-at="2022-03-13T10:46:07 IST" name="TextboxTestingBaba_test01" finished-at="2022-03-13T10:46:07 IST" duration-ms="16" status="PASS">
          <reporter-output>
          </reporter-output>
        </test-method> <!-- TextboxTestingBaba_test01 -->
        <test-method signature="TextboxTestingBaba_test02()[pri:1, instance:test.Testingbaba_textbox_test@2e6a8155]" started-at="2022-03-13T10:46:07 IST" name="TextboxTestingBaba_test02" finished-at="2022-03-13T10:46:07 IST" duration-ms="52" status="PASS">
          <reporter-output>
          </reporter-output>
        </test-method> <!-- TextboxTestingBaba_test02 -->
        <test-method signature="TextboxTestingBaba_test03()[pri:2, instance:test.Testingbaba_textbox_test@2e6a8155]" started-at="2022-03-13T10:46:07 IST" name="TextboxTestingBaba_test03" finished-at="2022-03-13T10:46:08 IST" duration-ms="374" status="PASS">
          <reporter-output>
          </reporter-output>
        </test-method> <!-- TextboxTestingBaba_test03 -->
        <test-method signature="TextboxTestingBaba_test04()[pri:3, instance:test.Testingbaba_textbox_test@2e6a8155]" started-at="2022-03-13T10:46:08 IST" name="TextboxTestingBaba_test04" finished-at="2022-03-13T10:46:08 IST" duration-ms="97" status="PASS">
          <reporter-output>
          </reporter-output>
        </test-method> <!-- TextboxTestingBaba_test04 -->
        <test-method is-config="true" signature="Teardown()[pri:0, instance:test.Testingbaba_textbox_test@2e6a8155]" started-at="2022-03-13T10:46:08 IST" name="Teardown" finished-at="2022-03-13T10:46:08 IST" duration-ms="624" status="PASS">
          <reporter-output>
          </reporter-output>
        </test-method> <!-- Teardown -->
      </class> <!-- test.Testingbaba_textbox_test -->
    </test> <!-- Textbox -->
    <test started-at="2022-03-13T10:46:08 IST" name="buttons" finished-at="2022-03-13T10:46:16 IST" duration-ms="7665">
      <class name="test.Testingbaba_buttons_test">
        <test-method is-config="true" signature="launchtestingbaba()[pri:0, instance:test.Testingbaba_buttons_test@1a942c18]" started-at="2022-03-13T10:46:08 IST" name="launchtestingbaba" finished-at="2022-03-13T10:46:14 IST" duration-ms="6124" status="PASS">
          <reporter-output>
          </reporter-output>
        </test-method> <!-- launchtestingbaba -->
        <test-method signature="ButtonsTestingBaba_test01()[pri:0, instance:test.Testingbaba_buttons_test@1a942c18]" started-at="2022-03-13T10:46:14 IST" name="ButtonsTestingBaba_test01" finished-at="2022-03-13T10:46:15 IST" duration-ms="76" status="PASS">
          <reporter-output>
          </reporter-output>
        </test-method> <!-- ButtonsTestingBaba_test01 -->
        <test-method signature="ButtonsTestingBaba_test02()[pri:1, instance:test.Testingbaba_buttons_test@1a942c18]" started-at="2022-03-13T10:46:15 IST" name="ButtonsTestingBaba_test02" finished-at="2022-03-13T10:46:15 IST" duration-ms="625" status="PASS">
          <reporter-output>
          </reporter-output>
        </test-method> <!-- ButtonsTestingBaba_test02 -->
        <test-method signature="ButtonsTestingBaba_test03()[pri:2, instance:test.Testingbaba_buttons_test@1a942c18]" started-at="2022-03-13T10:46:15 IST" name="ButtonsTestingBaba_test03" finished-at="2022-03-13T10:46:15 IST" duration-ms="187" status="PASS">
          <reporter-output>
          </reporter-output>
        </test-method> <!-- ButtonsTestingBaba_test03 -->
        <test-method is-config="true" signature="Teardown()[pri:0, instance:test.Testingbaba_buttons_test@1a942c18]" started-at="2022-03-13T10:46:15 IST" name="Teardown" finished-at="2022-03-13T10:46:16 IST" duration-ms="650" status="PASS">
          <reporter-output>
          </reporter-output>
        </test-method> <!-- Teardown -->
      </class> <!-- test.Testingbaba_buttons_test -->
    </test> <!-- buttons -->
    <test started-at="2022-03-13T10:46:16 IST" name="checkbox" finished-at="2022-03-13T10:46:25 IST" duration-ms="9251">
      <class name="test.Testingbaba_checkbox_test">
        <test-method is-config="true" signature="launchtestingbaba()[pri:0, instance:test.Testingbaba_checkbox_test@2892d68]" started-at="2022-03-13T10:46:16 IST" name="launchtestingbaba" finished-at="2022-03-13T10:46:23 IST" duration-ms="7128" status="PASS">
          <reporter-output>
          </reporter-output>
        </test-method> <!-- launchtestingbaba -->
        <test-method signature="CheckboxTestingBaba_test01()[pri:1, instance:test.Testingbaba_checkbox_test@2892d68]" started-at="2022-03-13T10:46:23 IST" name="CheckboxTestingBaba_test01" finished-at="2022-03-13T10:46:23 IST" duration-ms="56" status="PASS">
          <reporter-output>
          </reporter-output>
        </test-method> <!-- CheckboxTestingBaba_test01 -->
        <test-method signature="CheckboxTestingBaba_test02()[pri:2, instance:test.Testingbaba_checkbox_test@2892d68]" started-at="2022-03-13T10:46:23 IST" name="CheckboxTestingBaba_test02" finished-at="2022-03-13T10:46:23 IST" duration-ms="112" status="PASS">
          <reporter-output>
          </reporter-output>
        </test-method> <!-- CheckboxTestingBaba_test02 -->
        <test-method signature="CheckboxTestingBaba_test03()[pri:3, instance:test.Testingbaba_checkbox_test@2892d68]" started-at="2022-03-13T10:46:23 IST" name="CheckboxTestingBaba_test03" finished-at="2022-03-13T10:46:25 IST" duration-ms="1323" status="PASS">
          <reporter-output>
          </reporter-output>
        </test-method> <!-- CheckboxTestingBaba_test03 -->
        <test-method is-config="true" signature="Teardown()[pri:0, instance:test.Testingbaba_checkbox_test@2892d68]" started-at="2022-03-13T10:46:25 IST" name="Teardown" finished-at="2022-03-13T10:46:25 IST" duration-ms="628" status="PASS">
          <reporter-output>
          </reporter-output>
        </test-method> <!-- Teardown -->
      </class> <!-- test.Testingbaba_checkbox_test -->
    </test> <!-- checkbox -->
    <test started-at="2022-03-13T10:46:25 IST" name="dropdown" finished-at="2022-03-13T10:46:31 IST" duration-ms="6219">
      <class name="test.Testingbaba_dropdown_test">
        <test-method is-config="true" signature="launchtestingbaba()[pri:0, instance:test.Testingbaba_dropdown_test@2ddc9a9f]" started-at="2022-03-13T10:46:25 IST" name="launchtestingbaba" finished-at="2022-03-13T10:46:29 IST" duration-ms="3640" status="PASS">
          <reporter-output>
          </reporter-output>
        </test-method> <!-- launchtestingbaba -->
        <test-method signature="DropdownTestingBaba_test01()[pri:0, instance:test.Testingbaba_dropdown_test@2ddc9a9f]" started-at="2022-03-13T10:46:29 IST" name="DropdownTestingBaba_test01" finished-at="2022-03-13T10:46:31 IST" duration-ms="1953" status="PASS">
          <reporter-output>
          </reporter-output>
        </test-method> <!-- DropdownTestingBaba_test01 -->
        <test-method is-config="true" signature="Teardown()[pri:0, instance:test.Testingbaba_dropdown_test@2ddc9a9f]" started-at="2022-03-13T10:46:31 IST" name="Teardown" finished-at="2022-03-13T10:46:31 IST" duration-ms="625" status="PASS">
          <reporter-output>
          </reporter-output>
        </test-method> <!-- Teardown -->
      </class> <!-- test.Testingbaba_dropdown_test -->
    </test> <!-- dropdown -->
    <test started-at="2022-03-13T10:46:31 IST" name="links" finished-at="2022-03-13T10:46:41 IST" duration-ms="9577">
      <class name="test.Testingbaba_links_test">
        <test-method is-config="true" signature="launchtestingbaba()[pri:0, instance:test.Testingbaba_links_test@f78a47e]" started-at="2022-03-13T10:46:31 IST" name="launchtestingbaba" finished-at="2022-03-13T10:46:38 IST" duration-ms="6278" status="PASS">
          <reporter-output>
          </reporter-output>
        </test-method> <!-- launchtestingbaba -->
        <test-method signature="LinksTestingBaba_test01()[pri:1, instance:test.Testingbaba_links_test@f78a47e]" started-at="2022-03-13T10:46:38 IST" name="LinksTestingBaba_test01" finished-at="2022-03-13T10:46:38 IST" duration-ms="69" status="PASS">
          <reporter-output>
          </reporter-output>
        </test-method> <!-- LinksTestingBaba_test01 -->
        <test-method signature="LinksTestingBaba_test02()[pri:2, instance:test.Testingbaba_links_test@f78a47e]" started-at="2022-03-13T10:46:38 IST" name="LinksTestingBaba_test02" finished-at="2022-03-13T10:46:40 IST" duration-ms="2183" status="PASS">
          <reporter-output>
          </reporter-output>
        </test-method> <!-- LinksTestingBaba_test02 -->
        <test-method is-config="true" signature="Teardown()[pri:0, instance:test.Testingbaba_links_test@f78a47e]" started-at="2022-03-13T10:46:40 IST" name="Teardown" finished-at="2022-03-13T10:46:41 IST" duration-ms="1044" status="PASS">
          <reporter-output>
          </reporter-output>
        </test-method> <!-- Teardown -->
      </class> <!-- test.Testingbaba_links_test -->
    </test> <!-- links -->
    <test started-at="2022-03-13T10:46:41 IST" name="radio" finished-at="2022-03-13T10:46:47 IST" duration-ms="5779">
      <class name="test.Testingbaba_radio_test">
        <test-method is-config="true" signature="launchtestingbaba()[pri:0, instance:test.Testingbaba_radio_test@2a265ea9]" started-at="2022-03-13T10:46:41 IST" name="launchtestingbaba" finished-at="2022-03-13T10:46:45 IST" duration-ms="3755" status="PASS">
          <reporter-output>
          </reporter-output>
        </test-method> <!-- launchtestingbaba -->
        <test-method signature="RadioButtonTestingBaba_test01()[pri:0, instance:test.Testingbaba_radio_test@2a265ea9]" started-at="2022-03-13T10:46:45 IST" name="RadioButtonTestingBaba_test01" finished-at="2022-03-13T10:46:46 IST" duration-ms="1284" status="FAIL">
          <exception class="org.openqa.selenium.ElementClickInterceptedException">
            <message>
              <![CDATA[element click intercepted: Element <a class="nav-link" href="newdemo.html">...</a> is not clickable at point (566, 34). Other element would receive the click: <div class="modal-header">...</div>
  (Session info: chrome=99.0.4844.51)
Build info: version: '4.1.2', revision: '9a5a329c5a'
System info: host: 'DESKTOP-493EAAE', ip: '192.168.1.5', os.name: 'Windows 10', os.arch: 'amd64', os.version: '10.0', java.version: '11.0.12'
Driver info: org.openqa.selenium.chrome.ChromeDriver
Command: [75621e1512c6da77e5c5553a969492ff, clickElement {id=def9015a-cf41-47d5-8694-437f9c7eab9b}]
Capabilities {acceptInsecureCerts: false, browserName: chrome, browserVersion: 99.0.4844.51, chrome: {chromedriverVersion: 99.0.4844.51 (d537ec02474b5..., userDataDir: C:\Windows\TEMP\scoped_dir1...}, goog:chromeOptions: {debuggerAddress: localhost:56695}, javascriptEnabled: true, networkConnectionEnabled: false, pageLoadStrategy: normal, platform: WINDOWS, platformName: WINDOWS, proxy: Proxy(), se:cdp: ws://localhost:56695/devtoo..., se:cdpVersion: 99.0.4844.51, setWindowRect: true, strictFileInteractability: false, timeouts: {implicit: 0, pageLoad: 300000, script: 30000}, unhandledPromptBehavior: dismiss and notify, webauthn:extension:credBlob: true, webauthn:extension:largeBlob: true, webauthn:virtualAuthenticators: true}
Element: [[ChromeDriver: chrome on WINDOWS (75621e1512c6da77e5c5553a969492ff)] -> xpath: //*[@id="navbarSupportedContent"]/ul/li[5]/a]
Session ID: 75621e1512c6da77e5c5553a969492ff]]>
            </message>
            <full-stacktrace>
              <![CDATA[org.openqa.selenium.ElementClickInterceptedException: element click intercepted: Element <a class="nav-link" href="newdemo.html">...</a> is not clickable at point (566, 34). Other element would receive the click: <div class="modal-header">...</div>
  (Session info: chrome=99.0.4844.51)
Build info: version: '4.1.2', revision: '9a5a329c5a'
System info: host: 'DESKTOP-493EAAE', ip: '192.168.1.5', os.name: 'Windows 10', os.arch: 'amd64', os.version: '10.0', java.version: '11.0.12'
Driver info: org.openqa.selenium.chrome.ChromeDriver
Command: [75621e1512c6da77e5c5553a969492ff, clickElement {id=def9015a-cf41-47d5-8694-437f9c7eab9b}]
Capabilities {acceptInsecureCerts: false, browserName: chrome, browserVersion: 99.0.4844.51, chrome: {chromedriverVersion: 99.0.4844.51 (d537ec02474b5..., userDataDir: C:\Windows\TEMP\scoped_dir1...}, goog:chromeOptions: {debuggerAddress: localhost:56695}, javascriptEnabled: true, networkConnectionEnabled: false, pageLoadStrategy: normal, platform: WINDOWS, platformName: WINDOWS, proxy: Proxy(), se:cdp: ws://localhost:56695/devtoo..., se:cdpVersion: 99.0.4844.51, setWindowRect: true, strictFileInteractability: false, timeouts: {implicit: 0, pageLoad: 300000, script: 30000}, unhandledPromptBehavior: dismiss and notify, webauthn:extension:credBlob: true, webauthn:extension:largeBlob: true, webauthn:virtualAuthenticators: true}
Element: [[ChromeDriver: chrome on WINDOWS (75621e1512c6da77e5c5553a969492ff)] -> xpath: //*[@id="navbarSupportedContent"]/ul/li[5]/a]
Session ID: 75621e1512c6da77e5c5553a969492ff
at java.base/jdk.internal.reflect.NativeConstructorAccessorImpl.newInstance0(Native Method)
at java.base/jdk.internal.reflect.NativeConstructorAccessorImpl.newInstance(NativeConstructorAccessorImpl.java:62)
at java.base/jdk.internal.reflect.DelegatingConstructorAccessorImpl.newInstance(DelegatingConstructorAccessorImpl.java:45)
at java.base/java.lang.reflect.Constructor.newInstance(Constructor.java:490)
at org.openqa.selenium.remote.codec.w3c.W3CHttpResponseCodec.createException(W3CHttpResponseCodec.java:200)
at org.openqa.selenium.remote.codec.w3c.W3CHttpResponseCodec.decode(W3CHttpResponseCodec.java:133)
at org.openqa.selenium.remote.codec.w3c.W3CHttpResponseCodec.decode(W3CHttpResponseCodec.java:53)
at org.openqa.selenium.remote.HttpCommandExecutor.execute(HttpCommandExecutor.java:184)
at org.openqa.selenium.remote.service.DriverCommandExecutor.invokeExecute(DriverCommandExecutor.java:167)
at org.openqa.selenium.remote.service.DriverCommandExecutor.execute(DriverCommandExecutor.java:142)
at org.openqa.selenium.remote.RemoteWebDriver.execute(RemoteWebDriver.java:558)
at org.openqa.selenium.remote.RemoteWebElement.execute(RemoteWebElement.java:251)
at org.openqa.selenium.remote.RemoteWebElement.click(RemoteWebElement.java:77)
at jdk.internal.reflect.GeneratedMethodAccessor1.invoke(Unknown Source)
at java.base/jdk.internal.reflect.DelegatingMethodAccessorImpl.invoke(DelegatingMethodAccessorImpl.java:43)
at java.base/java.lang.reflect.Method.invoke(Method.java:566)
at org.openqa.selenium.support.pagefactory.internal.LocatingElementHandler.invoke(LocatingElementHandler.java:52)
at com.sun.proxy.$Proxy16.click(Unknown Source)
at pages.Testingbaba_radio_page.getradio(Testingbaba_radio_page.java:42)
at test.Testingbaba_radio_test.RadioButtonTestingBaba_test01(Testingbaba_radio_test.java:31)
at java.base/jdk.internal.reflect.NativeMethodAccessorImpl.invoke0(Native Method)
at java.base/jdk.internal.reflect.NativeMethodAccessorImpl.invoke(NativeMethodAccessorImpl.java:62)
at java.base/jdk.internal.reflect.DelegatingMethodAccessorImpl.invoke(DelegatingMethodAccessorImpl.java:43)
at java.base/java.lang.reflect.Method.invoke(Method.java:566)
at org.testng.internal.invokers.MethodInvocationHelper.invokeMethod(MethodInvocationHelper.java:135)
at org.testng.internal.invokers.TestInvoker.invokeMethod(TestInvoker.java:673)
at org.testng.internal.invokers.TestInvoker.invokeTestMethod(TestInvoker.java:220)
at org.testng.internal.invokers.MethodRunner.runInSequence(MethodRunner.java:50)
at org.testng.internal.invokers.TestInvoker$MethodInvocationAgent.invoke(TestInvoker.java:945)
at org.testng.internal.invokers.TestInvoker.invokeTestMethods(TestInvoker.java:193)
at org.testng.internal.invokers.TestMethodWorker.invokeTestMethods(TestMethodWorker.java:146)
at org.testng.internal.invokers.TestMethodWorker.run(TestMethodWorker.java:128)
at java.base/java.util.ArrayList.forEach(ArrayList.java:1541)
at org.testng.TestRunner.privateRun(TestRunner.java:808)
at org.testng.TestRunner.run(TestRunner.java:603)
at org.testng.SuiteRunner.runTest(SuiteRunner.java:429)
at org.testng.SuiteRunner.runSequentially(SuiteRunner.java:423)
at org.testng.SuiteRunner.privateRun(SuiteRunner.java:383)
at org.testng.SuiteRunner.run(SuiteRunner.java:326)
at org.testng.SuiteRunnerWorker.runSuite(SuiteRunnerWorker.java:52)
at org.testng.SuiteRunnerWorker.run(SuiteRunnerWorker.java:95)
at org.testng.TestNG.runSuitesSequentially(TestNG.java:1249)
at org.testng.TestNG.runSuitesLocally(TestNG.java:1169)
at org.testng.TestNG.runSuites(TestNG.java:1092)
at org.testng.TestNG.run(TestNG.java:1060)
at org.apache.maven.surefire.testng.TestNGExecutor.run(TestNGExecutor.java:284)
at org.apache.maven.surefire.testng.TestNGXmlTestSuite.execute(TestNGXmlTestSuite.java:75)
at org.apache.maven.surefire.testng.TestNGProvider.invoke(TestNGProvider.java:119)
at org.apache.maven.surefire.booter.ForkedBooter.runSuitesInProcess(ForkedBooter.java:428)
at org.apache.maven.surefire.booter.ForkedBooter.execute(ForkedBooter.java:162)
at org.apache.maven.surefire.booter.ForkedBooter.run(ForkedBooter.java:562)
at org.apache.maven.surefire.booter.ForkedBooter.main(ForkedBooter.java:548)
]]>
            </full-stacktrace>
          </exception> <!-- org.openqa.selenium.ElementClickInterceptedException -->
          <reporter-output>
          </reporter-output>
        </test-method> <!-- RadioButtonTestingBaba_test01 -->
        <test-method is-config="true" signature="Teardown()[pri:0, instance:test.Testingbaba_radio_test@2a265ea9]" started-at="2022-03-13T10:46:46 IST" name="Teardown" finished-at="2022-03-13T10:46:47 IST" duration-ms="625" status="PASS">
          <reporter-output>
          </reporter-output>
        </test-method> <!-- Teardown -->
      </class> <!-- test.Testingbaba_radio_test -->
    </test> <!-- radio -->
    <test started-at="2022-03-13T10:46:47 IST" name="autocomplete" finished-at="2022-03-13T10:46:56 IST" duration-ms="9180">
      <class name="test.Testingbaba_autocomplete_test">
        <test-method is-config="true" signature="launchtestingbaba()[pri:0, instance:test.Testingbaba_autocomplete_test@78e4deb0]" started-at="2022-03-13T10:46:47 IST" name="launchtestingbaba" finished-at="2022-03-13T10:46:52 IST" duration-ms="5099" status="PASS">
          <reporter-output>
          </reporter-output>
        </test-method> <!-- launchtestingbaba -->
        <test-method signature="AutocompleteTestingBaba_test01()[pri:1, instance:test.Testingbaba_autocomplete_test@78e4deb0]" started-at="2022-03-13T10:46:52 IST" name="AutocompleteTestingBaba_test01" finished-at="2022-03-13T10:46:52 IST" duration-ms="59" status="PASS">
          <reporter-output>
          </reporter-output>
        </test-method> <!-- AutocompleteTestingBaba_test01 -->
        <test-method signature="AutocompleteTestingBaba_test02()[pri:2, instance:test.Testingbaba_autocomplete_test@78e4deb0]" started-at="2022-03-13T10:46:52 IST" name="AutocompleteTestingBaba_test02" finished-at="2022-03-13T10:46:53 IST" duration-ms="1061" status="PASS">
          <reporter-output>
          </reporter-output>
        </test-method> <!-- AutocompleteTestingBaba_test02 -->
        <test-method signature="AutocompleteTestingBaba_test03()[pri:3, instance:test.Testingbaba_autocomplete_test@78e4deb0]" started-at="2022-03-13T10:46:53 IST" name="AutocompleteTestingBaba_test03" finished-at="2022-03-13T10:46:55 IST" duration-ms="2279" status="PASS">
          <reporter-output>
          </reporter-output>
        </test-method> <!-- AutocompleteTestingBaba_test03 -->
        <test-method is-config="true" signature="Teardown()[pri:0, instance:test.Testingbaba_autocomplete_test@78e4deb0]" started-at="2022-03-13T10:46:55 IST" name="Teardown" finished-at="2022-03-13T10:46:56 IST" duration-ms="675" status="PASS">
          <reporter-output>
          </reporter-output>
        </test-method> <!-- Teardown -->
      </class> <!-- test.Testingbaba_autocomplete_test -->
    </test> <!-- autocomplete -->
    <test started-at="2022-03-13T10:46:56 IST" name="Webtable" finished-at="2022-03-13T10:47:04 IST" duration-ms="8380">
      <class name="test.Testingbaba_webtables_test">
        <test-method is-config="true" signature="launchtestingbaba()[pri:0, instance:test.Testingbaba_webtables_test@8f2ef19]" started-at="2022-03-13T10:46:56 IST" name="launchtestingbaba" finished-at="2022-03-13T10:47:02 IST" duration-ms="5578" status="PASS">
          <reporter-output>
          </reporter-output>
        </test-method> <!-- launchtestingbaba -->
        <test-method signature="WebTablesTestingBaba_test01()[pri:0, instance:test.Testingbaba_webtables_test@8f2ef19]" started-at="2022-03-13T10:47:02 IST" name="WebTablesTestingBaba_test01" finished-at="2022-03-13T10:47:04 IST" duration-ms="2800" status="PASS">
          <reporter-output>
          </reporter-output>
        </test-method> <!-- WebTablesTestingBaba_test01 -->
        <test-method is-config="true" signature="Teardown()[pri:0, instance:test.Testingbaba_webtables_test@8f2ef19]" started-at="2022-03-13T10:47:04 IST" name="Teardown" finished-at="2022-03-13T10:47:04 IST" duration-ms="0" status="PASS">
          <reporter-output>
          </reporter-output>
        </test-method> <!-- Teardown -->
      </class> <!-- test.Testingbaba_webtables_test -->
    </test> <!-- Webtable -->
    <test started-at="2022-03-13T10:47:04 IST" name="Flipkart" finished-at="2022-03-13T10:47:30 IST" duration-ms="25519">
      <class name="test.Flipkart_buy_test">
        <test-method is-config="true" signature="launchFB()[pri:0, instance:test.Flipkart_buy_test@17f62e33]" started-at="2022-03-13T10:47:04 IST" name="launchFB" finished-at="2022-03-13T10:47:08 IST" duration-ms="3520" status="PASS">
          <reporter-output>
          </reporter-output>
        </test-method> <!-- launchFB -->
        <test-method signature="FlipkartLogin_Test01()[pri:0, instance:test.Flipkart_buy_test@17f62e33]" started-at="2022-03-13T10:47:08 IST" name="FlipkartLogin_Test01" finished-at="2022-03-13T10:47:10 IST" duration-ms="2344" status="PASS">
          <reporter-output>
          </reporter-output>
        </test-method> <!-- FlipkartLogin_Test01 -->
        <test-method signature="FlipkartProfileChange_Test02()[pri:0, instance:test.Flipkart_buy_test@17f62e33]" started-at="2022-03-13T10:47:10 IST" name="FlipkartProfileChange_Test02" finished-at="2022-03-13T10:47:29 IST" duration-ms="18974" status="PASS">
          <reporter-output>
          </reporter-output>
        </test-method> <!-- FlipkartProfileChange_Test02 -->
        <test-method is-config="true" signature="Teardown()[pri:0, instance:test.Flipkart_buy_test@17f62e33]" started-at="2022-03-13T10:47:29 IST" name="Teardown" finished-at="2022-03-13T10:47:30 IST" duration-ms="679" status="PASS">
          <reporter-output>
          </reporter-output>
        </test-method> <!-- Teardown -->
      </class> <!-- test.Flipkart_buy_test -->
    </test> <!-- Flipkart -->
    <test started-at="2022-03-13T10:47:30 IST" name="Flipkart_Buy_product" finished-at="2022-03-13T10:47:37 IST" duration-ms="6872">
      <class name="test.Flipkart_buyproduct_test">
        <test-method is-config="true" signature="launchFB()[pri:0, instance:test.Flipkart_buyproduct_test@793f29ff]" started-at="2022-03-13T10:47:30 IST" name="launchFB" finished-at="2022-03-13T10:47:34 IST" duration-ms="3692" status="PASS">
          <reporter-output>
          </reporter-output>
        </test-method> <!-- launchFB -->
        <test-method signature="FlipkartLoginInvalidCred_Test01()[pri:0, instance:test.Flipkart_buyproduct_test@793f29ff]" started-at="2022-03-13T10:47:34 IST" name="FlipkartLoginInvalidCred_Test01" finished-at="2022-03-13T10:47:36 IST" duration-ms="2554" status="PASS">
          <reporter-output>
          </reporter-output>
        </test-method> <!-- FlipkartLoginInvalidCred_Test01 -->
        <test-method is-config="true" signature="Teardown()[pri:0, instance:test.Flipkart_buyproduct_test@793f29ff]" started-at="2022-03-13T10:47:36 IST" name="Teardown" finished-at="2022-03-13T10:47:37 IST" duration-ms="625" status="PASS">
          <reporter-output>
          </reporter-output>
        </test-method> <!-- Teardown -->
      </class> <!-- test.Flipkart_buyproduct_test -->
    </test> <!-- Flipkart_Buy_product -->
    <test started-at="2022-03-13T10:47:37 IST" name="Makemytrip" finished-at="2022-03-13T10:47:47 IST" duration-ms="10025">
      <class name="test.Makemytrip_launch_test">
        <test-method is-config="true" signature="launchFB()[pri:0, instance:test.Makemytrip_launch_test@3e27ba32]" started-at="2022-03-13T10:47:37 IST" name="launchFB" finished-at="2022-03-13T10:47:42 IST" duration-ms="4841" status="PASS">
          <reporter-output>
          </reporter-output>
        </test-method> <!-- launchFB -->
        <test-method signature="MakemyTripLogin_Test01()[pri:0, instance:test.Makemytrip_launch_test@3e27ba32]" started-at="2022-03-13T10:47:42 IST" name="MakemyTripLogin_Test01" finished-at="2022-03-13T10:47:46 IST" duration-ms="4504" status="PASS">
          <reporter-output>
            <line>
              <![CDATA[adding these steps]]>
            </line>
          </reporter-output>
        </test-method> <!-- MakemyTripLogin_Test01 -->
        <test-method is-config="true" signature="Teardown()[pri:0, instance:test.Makemytrip_launch_test@3e27ba32]" started-at="2022-03-13T10:47:46 IST" name="Teardown" finished-at="2022-03-13T10:47:47 IST" duration-ms="678" status="PASS">
          <reporter-output>
          </reporter-output>
        </test-method> <!-- Teardown -->
      </class> <!-- test.Makemytrip_launch_test -->
    </test> <!-- Makemytrip -->
  </suite> <!-- Testingbaba -->
</testng-results>
