<?xml version="1.0" encoding="UTF-8"?>
<testsuite xmlns:xsi="http://www.w3.org/2001/XMLSchema-instance" xsi:noNamespaceSchemaLocation="https://maven.apache.org/surefire/maven-surefire-plugin/xsd/surefire-test-report-3.0.xsd" version="3.0" name="TestSuite" time="118.191" tests="24" errors="0" skipped="0" failures="0">
  <properties>
[...]
</properties>
  <testcase name="LaunchTestingBaba_test01" classname="test.Testingbaba_launch_test" time="0.013">
    <system-out><![CDATA[About to begin executing Class smoke
Testcase LaunchTestingBaba_test01 started successfully
Testing Baba
Testcase LaunchTestingBaba_test01 passed successfully
]]></system-out>
    <system-err><![CDATA[Starting ChromeDriver 99.0.4844.51 (d537ec02474b5afe23684e7963d538896c63ac77-refs/branch-heads/4844@{#875}) on port 49938
Only local connections are allowed.
Please see https://chromedriver.chromium.org/security-considerations for suggestions on keeping ChromeDriver safe.
ChromeDriver was started successfully.
Mar 18, 2022 4:10:40 PM org.openqa.selenium.remote.ProtocolHandshake createSession
INFO: Detected dialect: W3C
Mar 18, 2022 4:10:40 PM org.openqa.selenium.devtools.CdpVersionFinder findNearestMatch
WARNING: Unable to find an exact match for CDP version 99, so returning the closest version found: 97
Mar 18, 2022 4:10:40 PM org.openqa.selenium.devtools.CdpVersionFinder findNearestMatch
INFO: Found CDP implementation for version 99 of 97
]]></system-err>
  </testcase>
  <testcase name="TextboxTestingBaba_test01" classname="test.Testingbaba_textbox_test" time="0.004">
    <system-out><![CDATA[$--------------------------------------------------$
About to end executing Class smoke
About to begin executing Class Textbox
Testcase TextboxTestingBaba_test01 started successfully
Testing Baba
]]></system-out>
    <system-err><![CDATA[Starting ChromeDriver 99.0.4844.51 (d537ec02474b5afe23684e7963d538896c63ac77-refs/branch-heads/4844@{#875}) on port 62233
Only local connections are allowed.
Please see https://chromedriver.chromium.org/security-considerations for suggestions on keeping ChromeDriver safe.
ChromeDriver was started successfully.
Mar 18, 2022 4:10:45 PM org.openqa.selenium.remote.ProtocolHandshake createSession
INFO: Detected dialect: W3C
Mar 18, 2022 4:10:45 PM org.openqa.selenium.devtools.CdpVersionFinder findNearestMatch
WARNING: Unable to find an exact match for CDP version 99, so returning the closest version found: 97
Mar 18, 2022 4:10:45 PM org.openqa.selenium.devtools.CdpVersionFinder findNearestMatch
INFO: Found CDP implementation for version 99 of 97
]]></system-err>
  </testcase>
  <testcase name="TextboxTestingBaba_test02" classname="test.Testingbaba_textbox_test" time="0.045">
    <system-out><![CDATA[Testcase TextboxTestingBaba_test01 passed successfully
Testcase TextboxTestingBaba_test02 started successfully
]]></system-out>
  </testcase>
  <testcase name="TextboxTestingBaba_test03" classname="test.Testingbaba_textbox_test" time="0.429">
    <system-out><![CDATA[Testcase TextboxTestingBaba_test02 passed successfully
Testcase TextboxTestingBaba_test03 started successfully
]]></system-out>
  </testcase>
  <testcase name="TextboxTestingBaba_test04" classname="test.Testingbaba_textbox_test" time="0.086">
    <system-out><![CDATA[Testcase TextboxTestingBaba_test03 passed successfully
Testcase TextboxTestingBaba_test04 started successfully
]]></system-out>
  </testcase>
  <testcase name="ButtonsTestingBaba_test01" classname="test.Testingbaba_buttons_test" time="0.072">
    <system-out><![CDATA[Testcase TextboxTestingBaba_test04 passed successfully
$--------------------------------------------------$
About to end executing Class Textbox
About to begin executing Class buttons
Testcase ButtonsTestingBaba_test01 started successfully
Testcase ButtonsTestingBaba_test01 passed successfully
]]></system-out>
    <system-err><![CDATA[Starting ChromeDriver 99.0.4844.51 (d537ec02474b5afe23684e7963d538896c63ac77-refs/branch-heads/4844@{#875}) on port 62973
Only local connections are allowed.
Please see https://chromedriver.chromium.org/security-considerations for suggestions on keeping ChromeDriver safe.
ChromeDriver was started successfully.
Mar 18, 2022 4:10:52 PM org.openqa.selenium.remote.ProtocolHandshake createSession
INFO: Detected dialect: W3C
Mar 18, 2022 4:10:52 PM org.openqa.selenium.devtools.CdpVersionFinder findNearestMatch
WARNING: Unable to find an exact match for CDP version 99, so returning the closest version found: 97
Mar 18, 2022 4:10:52 PM org.openqa.selenium.devtools.CdpVersionFinder findNearestMatch
INFO: Found CDP implementation for version 99 of 97
]]></system-err>
  </testcase>
  <testcase name="ButtonsTestingBaba_test02" classname="test.Testingbaba_buttons_test" time="0.628">
    <system-out><![CDATA[Testcase ButtonsTestingBaba_test02 started successfully
Testcase ButtonsTestingBaba_test02 passed successfully
]]></system-out>
  </testcase>
  <testcase name="ButtonsTestingBaba_test03" classname="test.Testingbaba_buttons_test" time="0.185">
    <system-out><![CDATA[Testcase ButtonsTestingBaba_test03 started successfully
Testcase ButtonsTestingBaba_test03 passed successfully
]]></system-out>
  </testcase>
  <testcase name="CheckboxTestingBaba_test01" classname="test.Testingbaba_checkbox_test" time="0.052">
    <system-out><![CDATA[$--------------------------------------------------$
About to end executing Class buttons
About to begin executing Class checkbox
Testcase CheckboxTestingBaba_test01 started successfully
Testcase CheckboxTestingBaba_test01 passed successfully
]]></system-out>
    <system-err><![CDATA[Starting ChromeDriver 99.0.4844.51 (d537ec02474b5afe23684e7963d538896c63ac77-refs/branch-heads/4844@{#875}) on port 53880
Only local connections are allowed.
Please see https://chromedriver.chromium.org/security-considerations for suggestions on keeping ChromeDriver safe.
ChromeDriver was started successfully.
Mar 18, 2022 4:10:58 PM org.openqa.selenium.remote.ProtocolHandshake createSession
INFO: Detected dialect: W3C
Mar 18, 2022 4:10:58 PM org.openqa.selenium.devtools.CdpVersionFinder findNearestMatch
WARNING: Unable to find an exact match for CDP version 99, so returning the closest version found: 97
Mar 18, 2022 4:10:58 PM org.openqa.selenium.devtools.CdpVersionFinder findNearestMatch
INFO: Found CDP implementation for version 99 of 97
]]></system-err>
  </testcase>
  <testcase name="CheckboxTestingBaba_test02" classname="test.Testingbaba_checkbox_test" time="0.129">
    <system-out><![CDATA[Testcase CheckboxTestingBaba_test02 started successfully
Testcase CheckboxTestingBaba_test02 passed successfully
]]></system-out>
  </testcase>
  <testcase name="CheckboxTestingBaba_test03" classname="test.Testingbaba_checkbox_test" time="1.323">
    <system-out><![CDATA[Testcase CheckboxTestingBaba_test03 started successfully
You are selected Mobile
You are Selected Laptop
Testcase CheckboxTestingBaba_test03 passed successfully
]]></system-out>
  </testcase>
  <testcase name="DropdownTestingBaba_test01" classname="test.Testingbaba_dropdown_test" time="1.932">
    <system-out><![CDATA[$--------------------------------------------------$
About to end executing Class checkbox
About to begin executing Class dropdown
Testcase DropdownTestingBaba_test01 started successfully
Testcase DropdownTestingBaba_test01 passed successfully
]]></system-out>
    <system-err><![CDATA[Starting ChromeDriver 99.0.4844.51 (d537ec02474b5afe23684e7963d538896c63ac77-refs/branch-heads/4844@{#875}) on port 49844
Only local connections are allowed.
Please see https://chromedriver.chromium.org/security-considerations for suggestions on keeping ChromeDriver safe.
ChromeDriver was started successfully.
Mar 18, 2022 4:11:06 PM org.openqa.selenium.remote.ProtocolHandshake createSession
INFO: Detected dialect: W3C
Mar 18, 2022 4:11:06 PM org.openqa.selenium.devtools.CdpVersionFinder findNearestMatch
WARNING: Unable to find an exact match for CDP version 99, so returning the closest version found: 97
Mar 18, 2022 4:11:06 PM org.openqa.selenium.devtools.CdpVersionFinder findNearestMatch
INFO: Found CDP implementation for version 99 of 97
]]></system-err>
  </testcase>
  <testcase name="LinksTestingBaba_test01" classname="test.Testingbaba_links_test" time="0.069">
    <system-out><![CDATA[$--------------------------------------------------$
About to end executing Class dropdown
About to begin executing Class links
Testcase LinksTestingBaba_test01 started successfully
Testcase LinksTestingBaba_test01 passed successfully
]]></system-out>
    <system-err><![CDATA[Starting ChromeDriver 99.0.4844.51 (d537ec02474b5afe23684e7963d538896c63ac77-refs/branch-heads/4844@{#875}) on port 58460
Only local connections are allowed.
Please see https://chromedriver.chromium.org/security-considerations for suggestions on keeping ChromeDriver safe.
ChromeDriver was started successfully.
Mar 18, 2022 4:11:12 PM org.openqa.selenium.remote.ProtocolHandshake createSession
INFO: Detected dialect: W3C
Mar 18, 2022 4:11:12 PM org.openqa.selenium.devtools.CdpVersionFinder findNearestMatch
WARNING: Unable to find an exact match for CDP version 99, so returning the closest version found: 97
Mar 18, 2022 4:11:12 PM org.openqa.selenium.devtools.CdpVersionFinder findNearestMatch
INFO: Found CDP implementation for version 99 of 97
]]></system-err>
  </testcase>
  <testcase name="LinksTestingBaba_test02" classname="test.Testingbaba_links_test" time="2.209">
    <system-out><![CDATA[Testcase LinksTestingBaba_test02 started successfully
Testcase LinksTestingBaba_test02 passed successfully
]]></system-out>
  </testcase>
  <testcase name="RadioButtonTestingBaba_test01" classname="test.Testingbaba_radio_test" time="2.295">
    <system-out><![CDATA[$--------------------------------------------------$
About to end executing Class links
About to begin executing Class radio
Testcase RadioButtonTestingBaba_test01 started successfully
Testcase RadioButtonTestingBaba_test01 passed successfully
]]></system-out>
    <system-err><![CDATA[Starting ChromeDriver 99.0.4844.51 (d537ec02474b5afe23684e7963d538896c63ac77-refs/branch-heads/4844@{#875}) on port 52846
Only local connections are allowed.
Please see https://chromedriver.chromium.org/security-considerations for suggestions on keeping ChromeDriver safe.
ChromeDriver was started successfully.
Mar 18, 2022 4:11:21 PM org.openqa.selenium.remote.ProtocolHandshake createSession
INFO: Detected dialect: W3C
Mar 18, 2022 4:11:21 PM org.openqa.selenium.devtools.CdpVersionFinder findNearestMatch
WARNING: Unable to find an exact match for CDP version 99, so returning the closest version found: 97
Mar 18, 2022 4:11:21 PM org.openqa.selenium.devtools.CdpVersionFinder findNearestMatch
INFO: Found CDP implementation for version 99 of 97
]]></system-err>
  </testcase>
  <testcase name="AutocompleteTestingBaba_test01" classname="test.Testingbaba_autocomplete_test" time="0.063">
    <system-out><![CDATA[$--------------------------------------------------$
About to end executing Class radio
About to begin executing Class autocomplete
Testcase AutocompleteTestingBaba_test01 started successfully
Testcase AutocompleteTestingBaba_test01 passed successfully
]]></system-out>
    <system-err><![CDATA[Starting ChromeDriver 99.0.4844.51 (d537ec02474b5afe23684e7963d538896c63ac77-refs/branch-heads/4844@{#875}) on port 56855
Only local connections are allowed.
Please see https://chromedriver.chromium.org/security-considerations for suggestions on keeping ChromeDriver safe.
ChromeDriver was started successfully.
Mar 18, 2022 4:11:27 PM org.openqa.selenium.remote.ProtocolHandshake createSession
INFO: Detected dialect: W3C
Mar 18, 2022 4:11:27 PM org.openqa.selenium.devtools.CdpVersionFinder findNearestMatch
WARNING: Unable to find an exact match for CDP version 99, so returning the closest version found: 97
Mar 18, 2022 4:11:27 PM org.openqa.selenium.devtools.CdpVersionFinder findNearestMatch
INFO: Found CDP implementation for version 99 of 97
]]></system-err>
  </testcase>
  <testcase name="AutocompleteTestingBaba_test02" classname="test.Testingbaba_autocomplete_test" time="1.048">
    <system-out><![CDATA[Testcase AutocompleteTestingBaba_test02 started successfully
Testcase AutocompleteTestingBaba_test02 passed successfully
]]></system-out>
  </testcase>
  <testcase name="AutocompleteTestingBaba_test03" classname="test.Testingbaba_autocomplete_test" time="2.23">
    <system-out><![CDATA[Testcase AutocompleteTestingBaba_test03 started successfully
Testcase AutocompleteTestingBaba_test03 passed successfully
]]></system-out>
  </testcase>
  <testcase name="WebTablesTestingBaba_test01" classname="test.Testingbaba_webtables_test" time="2.377">
    <system-out><![CDATA[$--------------------------------------------------$
About to end executing Class autocomplete
About to begin executing Class Webtable
Testcase WebTablesTestingBaba_test01 started successfully
shivam dubey dubeyshivam890@gmail.com
sonu kumar sonukumar4@gmail.com
salman khan salmankhan4@gmail.com
sharukh khan salmankhan4@gmail.com
ravi kumar ravi45@gmail.com
atul gogal atul353535@gmail.com
ajay bhai ajay4545@gmail.com
Testcase WebTablesTestingBaba_test01 passed successfully
]]></system-out>
    <system-err><![CDATA[Starting ChromeDriver 99.0.4844.51 (d537ec02474b5afe23684e7963d538896c63ac77-refs/branch-heads/4844@{#875}) on port 54028
Only local connections are allowed.
Please see https://chromedriver.chromium.org/security-considerations for suggestions on keeping ChromeDriver safe.
ChromeDriver was started successfully.
Mar 18, 2022 4:11:36 PM org.openqa.selenium.remote.ProtocolHandshake createSession
INFO: Detected dialect: W3C
Mar 18, 2022 4:11:36 PM org.openqa.selenium.devtools.CdpVersionFinder findNearestMatch
WARNING: Unable to find an exact match for CDP version 99, so returning the closest version found: 97
Mar 18, 2022 4:11:36 PM org.openqa.selenium.devtools.CdpVersionFinder findNearestMatch
INFO: Found CDP implementation for version 99 of 97
]]></system-err>
  </testcase>
  <testcase name="FlipkartLogin_Test01" classname="test.Flipkart_buy_test" time="2.266">
    <system-out><![CDATA[$--------------------------------------------------$
About to end executing Class Webtable
About to begin executing Class Flipkart
Testcase FlipkartLogin_Test01 started successfully
Testcase FlipkartLogin_Test01 passed successfully
]]></system-out>
    <system-err><![CDATA[Starting ChromeDriver 99.0.4844.51 (d537ec02474b5afe23684e7963d538896c63ac77-refs/branch-heads/4844@{#875}) on port 62032
Only local connections are allowed.
Please see https://chromedriver.chromium.org/security-considerations for suggestions on keeping ChromeDriver safe.
ChromeDriver was started successfully.
Mar 18, 2022 4:11:44 PM org.openqa.selenium.remote.ProtocolHandshake createSession
INFO: Detected dialect: W3C
Mar 18, 2022 4:11:44 PM org.openqa.selenium.devtools.CdpVersionFinder findNearestMatch
WARNING: Unable to find an exact match for CDP version 99, so returning the closest version found: 97
Mar 18, 2022 4:11:44 PM org.openqa.selenium.devtools.CdpVersionFinder findNearestMatch
INFO: Found CDP implementation for version 99 of 97
]]></system-err>
  </testcase>
  <testcase name="FlipkartProfileChange_Test02" classname="test.Flipkart_buy_test" time="19.18">
    <system-out><![CDATA[Testcase FlipkartProfileChange_Test02 started successfully
Testcase FlipkartProfileChange_Test02 passed successfully
]]></system-out>
  </testcase>
  <testcase name="FlipkartLoginInvalidCred_Test01" classname="test.Flipkart_buyproduct_test" time="2.668">
    <system-out><![CDATA[$--------------------------------------------------$
About to end executing Class Flipkart
About to begin executing Class Flipkart_Buy_product
Testcase FlipkartLoginInvalidCred_Test01 started successfully
Iphone- Buy Products Online at Best Price in India - All Categories | Flipkart.com
Testcase FlipkartLoginInvalidCred_Test01 passed successfully
]]></system-out>
    <system-err><![CDATA[Starting ChromeDriver 99.0.4844.51 (d537ec02474b5afe23684e7963d538896c63ac77-refs/branch-heads/4844@{#875}) on port 50691
Only local connections are allowed.
Please see https://chromedriver.chromium.org/security-considerations for suggestions on keeping ChromeDriver safe.
ChromeDriver was started successfully.
Mar 18, 2022 4:12:10 PM org.openqa.selenium.remote.ProtocolHandshake createSession
INFO: Detected dialect: W3C
Mar 18, 2022 4:12:10 PM org.openqa.selenium.devtools.CdpVersionFinder findNearestMatch
WARNING: Unable to find an exact match for CDP version 99, so returning the closest version found: 97
Mar 18, 2022 4:12:10 PM org.openqa.selenium.devtools.CdpVersionFinder findNearestMatch
INFO: Found CDP implementation for version 99 of 97
]]></system-err>
  </testcase>
  <testcase name="MakemyTripSendValidNumber_Test01" classname="test.Makemytrip_launch_test" time="4.637">
    <system-out><![CDATA[$--------------------------------------------------$
About to end executing Class Flipkart_Buy_product
About to begin executing Class Makemytrip
Testcase MakemyTripSendValidNumber_Test01 started successfully
Link sent successfully to 8532015889, please check your SMS
MakeMyTrip - #1 Travel Website 50% OFF on Hotels, Flights & Holiday
Testcase MakemyTripSendValidNumber_Test01 passed successfully
]]></system-out>
    <system-err><![CDATA[Starting ChromeDriver 99.0.4844.51 (d537ec02474b5afe23684e7963d538896c63ac77-refs/branch-heads/4844@{#875}) on port 54536
Only local connections are allowed.
Please see https://chromedriver.chromium.org/security-considerations for suggestions on keeping ChromeDriver safe.
ChromeDriver was started successfully.
Mar 18, 2022 4:12:16 PM org.openqa.selenium.remote.ProtocolHandshake createSession
INFO: Detected dialect: W3C
Mar 18, 2022 4:12:16 PM org.openqa.selenium.devtools.CdpVersionFinder findNearestMatch
WARNING: Unable to find an exact match for CDP version 99, so returning the closest version found: 97
Mar 18, 2022 4:12:16 PM org.openqa.selenium.devtools.CdpVersionFinder findNearestMatch
INFO: Found CDP implementation for version 99 of 97
]]></system-err>
  </testcase>
  <testcase name="MakemyTripSendINValidNumber_Test02" classname="test.Makemytrip_launch_test" time="9.943">
    <system-out><![CDATA[Testcase MakemyTripSendINValidNumber_Test02 started successfully
Incomplete phone number, please check
MakeMyTrip - #1 Travel Website 50% OFF on Hotels, Flights & Holiday
Testcase MakemyTripSendINValidNumber_Test02 passed successfully
]]></system-out>
  </testcase>
</testsuite>