<?xml version="1.0" encoding="UTF-8"?>
<testng-results ignored="0" total="24" passed="24" failed="0" skipped="0">
  <reporter-output>
    <line>
      <![CDATA[About to begin executing Class smoke]]>
    </line>
    <line>
      <![CDATA[Testcase LaunchTestingBaba_test01 started successfully]]>
    </line>
    <line>
      <![CDATA[Testcase LaunchTestingBaba_test01 passed successfully]]>
    </line>
    <line>
      <![CDATA[About to end executing Class smoke]]>
    </line>
    <line>
      <![CDATA[About to begin executing Class Textbox]]>
    </line>
    <line>
      <![CDATA[Testcase TextboxTestingBaba_test01 started successfully]]>
    </line>
    <line>
      <![CDATA[inside test01]]>
    </line>
    <line>
      <![CDATA[Testcase TextboxTestingBaba_test01 passed successfully]]>
    </line>
    <line>
      <![CDATA[Testcase TextboxTestingBaba_test02 started successfully]]>
    </line>
    <line>
      <![CDATA[inside test01]]>
    </line>
    <line>
      <![CDATA[Testcase TextboxTestingBaba_test02 passed successfully]]>
    </line>
    <line>
      <![CDATA[Testcase TextboxTestingBaba_test03 started successfully]]>
    </line>
    <line>
      <![CDATA[inside test01]]>
    </line>
    <line>
      <![CDATA[Testcase TextboxTestingBaba_test03 passed successfully]]>
    </line>
    <line>
      <![CDATA[Testcase TextboxTestingBaba_test04 started successfully]]>
    </line>
    <line>
      <![CDATA[inside test01]]>
    </line>
    <line>
      <![CDATA[Testcase TextboxTestingBaba_test04 passed successfully]]>
    </line>
    <line>
      <![CDATA[About to end executing Class Textbox]]>
    </line>
    <line>
      <![CDATA[About to begin executing Class buttons]]>
    </line>
    <line>
      <![CDATA[Testcase ButtonsTestingBaba_test01 started successfully]]>
    </line>
    <line>
      <![CDATA[Testcase ButtonsTestingBaba_test01 passed successfully]]>
    </line>
    <line>
      <![CDATA[Testcase ButtonsTestingBaba_test02 started successfully]]>
    </line>
    <line>
      <![CDATA[Testcase ButtonsTestingBaba_test02 passed successfully]]>
    </line>
    <line>
      <![CDATA[Testcase ButtonsTestingBaba_test03 started successfully]]>
    </line>
    <line>
      <![CDATA[Testcase ButtonsTestingBaba_test03 passed successfully]]>
    </line>
    <line>
      <![CDATA[About to end executing Class buttons]]>
    </line>
    <line>
      <![CDATA[About to begin executing Class checkbox]]>
    </line>
    <line>
      <![CDATA[Testcase CheckboxTestingBaba_test01 started successfully]]>
    </line>
    <line>
      <![CDATA[Testcase CheckboxTestingBaba_test01 passed successfully]]>
    </line>
    <line>
      <![CDATA[Testcase CheckboxTestingBaba_test02 started successfully]]>
    </line>
    <line>
      <![CDATA[Testcase CheckboxTestingBaba_test02 passed successfully]]>
    </line>
    <line>
      <![CDATA[Testcase CheckboxTestingBaba_test03 started successfully]]>
    </line>
    <line>
      <![CDATA[Testcase CheckboxTestingBaba_test03 passed successfully]]>
    </line>
    <line>
      <![CDATA[About to end executing Class checkbox]]>
    </line>
    <line>
      <![CDATA[About to begin executing Class dropdown]]>
    </line>
    <line>
      <![CDATA[Testcase DropdownTestingBaba_test01 started successfully]]>
    </line>
    <line>
      <![CDATA[Testcase DropdownTestingBaba_test01 passed successfully]]>
    </line>
    <line>
      <![CDATA[About to end executing Class dropdown]]>
    </line>
    <line>
      <![CDATA[About to begin executing Class links]]>
    </line>
    <line>
      <![CDATA[Testcase LinksTestingBaba_test01 started successfully]]>
    </line>
    <line>
      <![CDATA[Testcase LinksTestingBaba_test01 passed successfully]]>
    </line>
    <line>
      <![CDATA[Testcase LinksTestingBaba_test02 started successfully]]>
    </line>
    <line>
      <![CDATA[Testcase LinksTestingBaba_test02 passed successfully]]>
    </line>
    <line>
      <![CDATA[About to end executing Class links]]>
    </line>
    <line>
      <![CDATA[About to begin executing Class radio]]>
    </line>
    <line>
      <![CDATA[Testcase RadioButtonTestingBaba_test01 started successfully]]>
    </line>
    <line>
      <![CDATA[Testcase RadioButtonTestingBaba_test01 passed successfully]]>
    </line>
    <line>
      <![CDATA[About to end executing Class radio]]>
    </line>
    <line>
      <![CDATA[About to begin executing Class autocomplete]]>
    </line>
    <line>
      <![CDATA[Testcase AutocompleteTestingBaba_test01 started successfully]]>
    </line>
    <line>
      <![CDATA[Testcase AutocompleteTestingBaba_test01 passed successfully]]>
    </line>
    <line>
      <![CDATA[Testcase AutocompleteTestingBaba_test02 started successfully]]>
    </line>
    <line>
      <![CDATA[Testcase AutocompleteTestingBaba_test02 passed successfully]]>
    </line>
    <line>
      <![CDATA[Testcase AutocompleteTestingBaba_test03 started successfully]]>
    </line>
    <line>
      <![CDATA[Testcase AutocompleteTestingBaba_test03 passed successfully]]>
    </line>
    <line>
      <![CDATA[About to end executing Class autocomplete]]>
    </line>
    <line>
      <![CDATA[About to begin executing Class Webtable]]>
    </line>
    <line>
      <![CDATA[Testcase WebTablesTestingBaba_test01 started successfully]]>
    </line>
    <line>
      <![CDATA[Testcase WebTablesTestingBaba_test01 passed successfully]]>
    </line>
    <line>
      <![CDATA[About to end executing Class Webtable]]>
    </line>
    <line>
      <![CDATA[About to begin executing Class Flipkart]]>
    </line>
    <line>
      <![CDATA[Testcase FlipkartLogin_Test01 started successfully]]>
    </line>
    <line>
      <![CDATA[Testcase FlipkartLogin_Test01 passed successfully]]>
    </line>
    <line>
      <![CDATA[Testcase FlipkartProfileChange_Test02 started successfully]]>
    </line>
    <line>
      <![CDATA[Testcase FlipkartProfileChange_Test02 passed successfully]]>
    </line>
    <line>
      <![CDATA[About to end executing Class Flipkart]]>
    </line>
    <line>
      <![CDATA[About to begin executing Class Flipkart_Buy_product]]>
    </line>
    <line>
      <![CDATA[Testcase FlipkartLoginInvalidCred_Test01 started successfully]]>
    </line>
    <line>
      <![CDATA[Testcase FlipkartLoginInvalidCred_Test01 passed successfully]]>
    </line>
    <line>
      <![CDATA[About to end executing Class Flipkart_Buy_product]]>
    </line>
    <line>
      <![CDATA[About to begin executing Class Makemytrip]]>
    </line>
    <line>
      <![CDATA[Testcase MakemyTripSendValidNumber_Test01 started successfully]]>
    </line>
    <line>
      <![CDATA[Testcase MakemyTripSendValidNumber_Test01 passed successfully]]>
    </line>
    <line>
      <![CDATA[Testcase MakemyTripSendINValidNumber_Test02 started successfully]]>
    </line>
    <line>
      <![CDATA[Testcase MakemyTripSendINValidNumber_Test02 passed successfully]]>
    </line>
  </reporter-output>
  <suite started-at="2022-03-18T16:10:39 IST" name="Testingbaba" finished-at="2022-03-18T16:12:35 IST" duration-ms="116402">
    <groups>
    </groups>
    <test started-at="2022-03-18T16:10:39 IST" name="smoke" finished-at="2022-03-18T16:10:44 IST" duration-ms="5372">
      <class name="test.Testingbaba_launch_test">
        <test-method is-config="true" signature="launchtestingbaba()[pri:0, instance:test.Testingbaba_launch_test@2a798d51]" started-at="2022-03-18T16:10:39 IST" name="launchtestingbaba" finished-at="2022-03-18T16:10:44 IST" duration-ms="5115" status="PASS">
          <reporter-output>
          </reporter-output>
        </test-method> <!-- launchtestingbaba -->
        <test-method signature="LaunchTestingBaba_test01()[pri:0, instance:test.Testingbaba_launch_test@2a798d51]" started-at="2022-03-18T16:10:44 IST" name="LaunchTestingBaba_test01" finished-at="2022-03-18T16:10:44 IST" duration-ms="22" status="PASS">
          <reporter-output>
            <line>
              <![CDATA[Testcase LaunchTestingBaba_test01 started successfully]]>
            </line>
            <line>
              <![CDATA[Testcase LaunchTestingBaba_test01 passed successfully]]>
            </line>
          </reporter-output>
        </test-method> <!-- LaunchTestingBaba_test01 -->
        <test-method is-config="true" signature="Teardown()[pri:0, instance:test.Testingbaba_launch_test@2a798d51]" started-at="2022-03-18T16:10:44 IST" name="Teardown" finished-at="2022-03-18T16:10:44 IST" duration-ms="200" status="PASS">
          <reporter-output>
          </reporter-output>
        </test-method> <!-- Teardown -->
      </class> <!-- test.Testingbaba_launch_test -->
    </test> <!-- smoke -->
    <test started-at="2022-03-18T16:10:44 IST" name="Textbox" finished-at="2022-03-18T16:10:51 IST" duration-ms="6634">
      <class name="test.Testingbaba_textbox_test">
        <test-method is-config="true" signature="launchtestingbaba()[pri:0, instance:test.Testingbaba_textbox_test@1283bb96]" started-at="2022-03-18T16:10:44 IST" name="launchtestingbaba" finished-at="2022-03-18T16:10:50 IST" duration-ms="5846" status="PASS">
          <reporter-output>
          </reporter-output>
        </test-method> <!-- launchtestingbaba -->
        <test-method signature="TextboxTestingBaba_test01()[pri:0, instance:test.Testingbaba_textbox_test@1283bb96]" started-at="2022-03-18T16:10:50 IST" name="TextboxTestingBaba_test01" finished-at="2022-03-18T16:10:50 IST" duration-ms="19" status="PASS">
          <reporter-output>
            <line>
              <![CDATA[Testcase TextboxTestingBaba_test01 started successfully]]>
            </line>
            <line>
              <![CDATA[inside test01]]>
            </line>
            <line>
              <![CDATA[Testcase TextboxTestingBaba_test01 passed successfully]]>
            </line>
          </reporter-output>
        </test-method> <!-- TextboxTestingBaba_test01 -->
        <test-method signature="TextboxTestingBaba_test02()[pri:1, instance:test.Testingbaba_textbox_test@1283bb96]" started-at="2022-03-18T16:10:50 IST" name="TextboxTestingBaba_test02" finished-at="2022-03-18T16:10:50 IST" duration-ms="45" status="PASS">
          <reporter-output>
            <line>
              <![CDATA[Testcase TextboxTestingBaba_test02 started successfully]]>
            </line>
            <line>
              <![CDATA[inside test01]]>
            </line>
            <line>
              <![CDATA[Testcase TextboxTestingBaba_test02 passed successfully]]>
            </line>
          </reporter-output>
        </test-method> <!-- TextboxTestingBaba_test02 -->
        <test-method signature="TextboxTestingBaba_test03()[pri:2, instance:test.Testingbaba_textbox_test@1283bb96]" started-at="2022-03-18T16:10:50 IST" name="TextboxTestingBaba_test03" finished-at="2022-03-18T16:10:51 IST" duration-ms="430" status="PASS">
          <reporter-output>
            <line>
              <![CDATA[Testcase TextboxTestingBaba_test03 started successfully]]>
            </line>
            <line>
              <![CDATA[inside test01]]>
            </line>
            <line>
              <![CDATA[Testcase TextboxTestingBaba_test03 passed successfully]]>
            </line>
          </reporter-output>
        </test-method> <!-- TextboxTestingBaba_test03 -->
        <test-method signature="TextboxTestingBaba_test04()[pri:3, instance:test.Testingbaba_textbox_test@1283bb96]" started-at="2022-03-18T16:10:51 IST" name="TextboxTestingBaba_test04" finished-at="2022-03-18T16:10:51 IST" duration-ms="87" status="PASS">
          <reporter-output>
            <line>
              <![CDATA[Testcase TextboxTestingBaba_test04 started successfully]]>
            </line>
            <line>
              <![CDATA[inside test01]]>
            </line>
            <line>
              <![CDATA[Testcase TextboxTestingBaba_test04 passed successfully]]>
            </line>
          </reporter-output>
        </test-method> <!-- TextboxTestingBaba_test04 -->
        <test-method is-config="true" signature="Teardown()[pri:0, instance:test.Testingbaba_textbox_test@1283bb96]" started-at="2022-03-18T16:10:51 IST" name="Teardown" finished-at="2022-03-18T16:10:51 IST" duration-ms="202" status="PASS">
          <reporter-output>
          </reporter-output>
        </test-method> <!-- Teardown -->
      </class> <!-- test.Testingbaba_textbox_test -->
    </test> <!-- Textbox -->
    <test started-at="2022-03-18T16:10:51 IST" name="buttons" finished-at="2022-03-18T16:10:57 IST" duration-ms="6581">
      <class name="test.Testingbaba_buttons_test">
        <test-method is-config="true" signature="launchtestingbaba()[pri:0, instance:test.Testingbaba_buttons_test@7b2bbc3]" started-at="2022-03-18T16:10:51 IST" name="launchtestingbaba" finished-at="2022-03-18T16:10:56 IST" duration-ms="5475" status="PASS">
          <reporter-output>
          </reporter-output>
        </test-method> <!-- launchtestingbaba -->
        <test-method signature="ButtonsTestingBaba_test01()[pri:0, instance:test.Testingbaba_buttons_test@7b2bbc3]" started-at="2022-03-18T16:10:56 IST" name="ButtonsTestingBaba_test01" finished-at="2022-03-18T16:10:56 IST" duration-ms="81" status="PASS">
          <reporter-output>
            <line>
              <![CDATA[Testcase ButtonsTestingBaba_test01 started successfully]]>
            </line>
            <line>
              <![CDATA[Testcase ButtonsTestingBaba_test01 passed successfully]]>
            </line>
          </reporter-output>
        </test-method> <!-- ButtonsTestingBaba_test01 -->
        <test-method signature="ButtonsTestingBaba_test02()[pri:1, instance:test.Testingbaba_buttons_test@7b2bbc3]" started-at="2022-03-18T16:10:56 IST" name="ButtonsTestingBaba_test02" finished-at="2022-03-18T16:10:57 IST" duration-ms="628" status="PASS">
          <reporter-output>
            <line>
              <![CDATA[Testcase ButtonsTestingBaba_test02 started successfully]]>
            </line>
            <line>
              <![CDATA[Testcase ButtonsTestingBaba_test02 passed successfully]]>
            </line>
          </reporter-output>
        </test-method> <!-- ButtonsTestingBaba_test02 -->
        <test-method signature="ButtonsTestingBaba_test03()[pri:2, instance:test.Testingbaba_buttons_test@7b2bbc3]" started-at="2022-03-18T16:10:57 IST" name="ButtonsTestingBaba_test03" finished-at="2022-03-18T16:10:57 IST" duration-ms="183" status="PASS">
          <reporter-output>
            <line>
              <![CDATA[Testcase ButtonsTestingBaba_test03 started successfully]]>
            </line>
            <line>
              <![CDATA[Testcase ButtonsTestingBaba_test03 passed successfully]]>
            </line>
          </reporter-output>
        </test-method> <!-- ButtonsTestingBaba_test03 -->
        <test-method is-config="true" signature="Teardown()[pri:0, instance:test.Testingbaba_buttons_test@7b2bbc3]" started-at="2022-03-18T16:10:57 IST" name="Teardown" finished-at="2022-03-18T16:10:57 IST" duration-ms="209" status="PASS">
          <reporter-output>
          </reporter-output>
        </test-method> <!-- Teardown -->
      </class> <!-- test.Testingbaba_buttons_test -->
    </test> <!-- buttons -->
    <test started-at="2022-03-18T16:10:57 IST" name="checkbox" finished-at="2022-03-18T16:11:06 IST" duration-ms="8073">
      <class name="test.Testingbaba_checkbox_test">
        <test-method is-config="true" signature="launchtestingbaba()[pri:0, instance:test.Testingbaba_checkbox_test@5656be13]" started-at="2022-03-18T16:10:57 IST" name="launchtestingbaba" finished-at="2022-03-18T16:11:04 IST" duration-ms="6319" status="PASS">
          <reporter-output>
          </reporter-output>
        </test-method> <!-- launchtestingbaba -->
        <test-method signature="CheckboxTestingBaba_test01()[pri:1, instance:test.Testingbaba_checkbox_test@5656be13]" started-at="2022-03-18T16:11:04 IST" name="CheckboxTestingBaba_test01" finished-at="2022-03-18T16:11:04 IST" duration-ms="55" status="PASS">
          <reporter-output>
            <line>
              <![CDATA[Testcase CheckboxTestingBaba_test01 started successfully]]>
            </line>
            <line>
              <![CDATA[Testcase CheckboxTestingBaba_test01 passed successfully]]>
            </line>
          </reporter-output>
        </test-method> <!-- CheckboxTestingBaba_test01 -->
        <test-method signature="CheckboxTestingBaba_test02()[pri:2, instance:test.Testingbaba_checkbox_test@5656be13]" started-at="2022-03-18T16:11:04 IST" name="CheckboxTestingBaba_test02" finished-at="2022-03-18T16:11:04 IST" duration-ms="129" status="PASS">
          <reporter-output>
            <line>
              <![CDATA[Testcase CheckboxTestingBaba_test02 started successfully]]>
            </line>
            <line>
              <![CDATA[Testcase CheckboxTestingBaba_test02 passed successfully]]>
            </line>
          </reporter-output>
        </test-method> <!-- CheckboxTestingBaba_test02 -->
        <test-method signature="CheckboxTestingBaba_test03()[pri:3, instance:test.Testingbaba_checkbox_test@5656be13]" started-at="2022-03-18T16:11:04 IST" name="CheckboxTestingBaba_test03" finished-at="2022-03-18T16:11:05 IST" duration-ms="1322" status="PASS">
          <reporter-output>
            <line>
              <![CDATA[Testcase CheckboxTestingBaba_test03 started successfully]]>
            </line>
            <line>
              <![CDATA[Testcase CheckboxTestingBaba_test03 passed successfully]]>
            </line>
          </reporter-output>
        </test-method> <!-- CheckboxTestingBaba_test03 -->
        <test-method is-config="true" signature="Teardown()[pri:0, instance:test.Testingbaba_checkbox_test@5656be13]" started-at="2022-03-18T16:11:05 IST" name="Teardown" finished-at="2022-03-18T16:11:06 IST" duration-ms="241" status="PASS">
          <reporter-output>
          </reporter-output>
        </test-method> <!-- Teardown -->
      </class> <!-- test.Testingbaba_checkbox_test -->
    </test> <!-- checkbox -->
    <test started-at="2022-03-18T16:11:06 IST" name="dropdown" finished-at="2022-03-18T16:11:11 IST" duration-ms="5834">
      <class name="test.Testingbaba_dropdown_test">
        <test-method is-config="true" signature="launchtestingbaba()[pri:0, instance:test.Testingbaba_dropdown_test@71d44a3]" started-at="2022-03-18T16:11:06 IST" name="launchtestingbaba" finished-at="2022-03-18T16:11:09 IST" duration-ms="3689" status="PASS">
          <reporter-output>
          </reporter-output>
        </test-method> <!-- launchtestingbaba -->
        <test-method signature="DropdownTestingBaba_test01()[pri:0, instance:test.Testingbaba_dropdown_test@71d44a3]" started-at="2022-03-18T16:11:09 IST" name="DropdownTestingBaba_test01" finished-at="2022-03-18T16:11:11 IST" duration-ms="1940" status="PASS">
          <reporter-output>
            <line>
              <![CDATA[Testcase DropdownTestingBaba_test01 started successfully]]>
            </line>
            <line>
              <![CDATA[Testcase DropdownTestingBaba_test01 passed successfully]]>
            </line>
          </reporter-output>
        </test-method> <!-- DropdownTestingBaba_test01 -->
        <test-method is-config="true" signature="Teardown()[pri:0, instance:test.Testingbaba_dropdown_test@71d44a3]" started-at="2022-03-18T16:11:11 IST" name="Teardown" finished-at="2022-03-18T16:11:11 IST" duration-ms="203" status="PASS">
          <reporter-output>
          </reporter-output>
        </test-method> <!-- Teardown -->
      </class> <!-- test.Testingbaba_dropdown_test -->
    </test> <!-- dropdown -->
    <test started-at="2022-03-18T16:11:11 IST" name="links" finished-at="2022-03-18T16:11:20 IST" duration-ms="8334">
      <class name="test.Testingbaba_links_test">
        <test-method is-config="true" signature="launchtestingbaba()[pri:0, instance:test.Testingbaba_links_test@1bb5a082]" started-at="2022-03-18T16:11:11 IST" name="launchtestingbaba" finished-at="2022-03-18T16:11:17 IST" duration-ms="5763" status="PASS">
          <reporter-output>
          </reporter-output>
        </test-method> <!-- launchtestingbaba -->
        <test-method signature="LinksTestingBaba_test01()[pri:1, instance:test.Testingbaba_links_test@1bb5a082]" started-at="2022-03-18T16:11:17 IST" name="LinksTestingBaba_test01" finished-at="2022-03-18T16:11:17 IST" duration-ms="76" status="PASS">
          <reporter-output>
            <line>
              <![CDATA[Testcase LinksTestingBaba_test01 started successfully]]>
            </line>
            <line>
              <![CDATA[Testcase LinksTestingBaba_test01 passed successfully]]>
            </line>
          </reporter-output>
        </test-method> <!-- LinksTestingBaba_test01 -->
        <test-method signature="LinksTestingBaba_test02()[pri:2, instance:test.Testingbaba_links_test@1bb5a082]" started-at="2022-03-18T16:11:17 IST" name="LinksTestingBaba_test02" finished-at="2022-03-18T16:11:19 IST" duration-ms="2203" status="PASS">
          <reporter-output>
            <line>
              <![CDATA[Testcase LinksTestingBaba_test02 started successfully]]>
            </line>
            <line>
              <![CDATA[Testcase LinksTestingBaba_test02 passed successfully]]>
            </line>
          </reporter-output>
        </test-method> <!-- LinksTestingBaba_test02 -->
        <test-method is-config="true" signature="Teardown()[pri:0, instance:test.Testingbaba_links_test@1bb5a082]" started-at="2022-03-18T16:11:19 IST" name="Teardown" finished-at="2022-03-18T16:11:20 IST" duration-ms="279" status="PASS">
          <reporter-output>
          </reporter-output>
        </test-method> <!-- Teardown -->
      </class> <!-- test.Testingbaba_links_test -->
    </test> <!-- links -->
    <test started-at="2022-03-18T16:11:20 IST" name="radio" finished-at="2022-03-18T16:11:26 IST" duration-ms="6422">
      <class name="test.Testingbaba_radio_test">
        <test-method is-config="true" signature="launchtestingbaba()[pri:0, instance:test.Testingbaba_radio_test@515c6049]" started-at="2022-03-18T16:11:20 IST" name="launchtestingbaba" finished-at="2022-03-18T16:11:24 IST" duration-ms="3910" status="PASS">
          <reporter-output>
          </reporter-output>
        </test-method> <!-- launchtestingbaba -->
        <test-method signature="RadioButtonTestingBaba_test01()[pri:0, instance:test.Testingbaba_radio_test@515c6049]" started-at="2022-03-18T16:11:24 IST" name="RadioButtonTestingBaba_test01" finished-at="2022-03-18T16:11:26 IST" duration-ms="2310" status="PASS">
          <reporter-output>
            <line>
              <![CDATA[Testcase RadioButtonTestingBaba_test01 started successfully]]>
            </line>
            <line>
              <![CDATA[Testcase RadioButtonTestingBaba_test01 passed successfully]]>
            </line>
          </reporter-output>
        </test-method> <!-- RadioButtonTestingBaba_test01 -->
        <test-method is-config="true" signature="Teardown()[pri:0, instance:test.Testingbaba_radio_test@515c6049]" started-at="2022-03-18T16:11:26 IST" name="Teardown" finished-at="2022-03-18T16:11:26 IST" duration-ms="193" status="PASS">
          <reporter-output>
          </reporter-output>
        </test-method> <!-- Teardown -->
      </class> <!-- test.Testingbaba_radio_test -->
    </test> <!-- radio -->
    <test started-at="2022-03-18T16:11:26 IST" name="autocomplete" finished-at="2022-03-18T16:11:35 IST" duration-ms="9093">
      <class name="test.Testingbaba_autocomplete_test">
        <test-method is-config="true" signature="launchtestingbaba()[pri:0, instance:test.Testingbaba_autocomplete_test@6771beb3]" started-at="2022-03-18T16:11:26 IST" name="launchtestingbaba" finished-at="2022-03-18T16:11:32 IST" duration-ms="5499" status="PASS">
          <reporter-output>
          </reporter-output>
        </test-method> <!-- launchtestingbaba -->
        <test-method signature="AutocompleteTestingBaba_test01()[pri:1, instance:test.Testingbaba_autocomplete_test@6771beb3]" started-at="2022-03-18T16:11:32 IST" name="AutocompleteTestingBaba_test01" finished-at="2022-03-18T16:11:32 IST" duration-ms="68" status="PASS">
          <reporter-output>
            <line>
              <![CDATA[Testcase AutocompleteTestingBaba_test01 started successfully]]>
            </line>
            <line>
              <![CDATA[Testcase AutocompleteTestingBaba_test01 passed successfully]]>
            </line>
          </reporter-output>
        </test-method> <!-- AutocompleteTestingBaba_test01 -->
        <test-method signature="AutocompleteTestingBaba_test02()[pri:2, instance:test.Testingbaba_autocomplete_test@6771beb3]" started-at="2022-03-18T16:11:32 IST" name="AutocompleteTestingBaba_test02" finished-at="2022-03-18T16:11:33 IST" duration-ms="1048" status="PASS">
          <reporter-output>
            <line>
              <![CDATA[Testcase AutocompleteTestingBaba_test02 started successfully]]>
            </line>
            <line>
              <![CDATA[Testcase AutocompleteTestingBaba_test02 passed successfully]]>
            </line>
          </reporter-output>
        </test-method> <!-- AutocompleteTestingBaba_test02 -->
        <test-method signature="AutocompleteTestingBaba_test03()[pri:3, instance:test.Testingbaba_autocomplete_test@6771beb3]" started-at="2022-03-18T16:11:33 IST" name="AutocompleteTestingBaba_test03" finished-at="2022-03-18T16:11:35 IST" duration-ms="2230" status="PASS">
          <reporter-output>
            <line>
              <![CDATA[Testcase AutocompleteTestingBaba_test03 started successfully]]>
            </line>
            <line>
              <![CDATA[Testcase AutocompleteTestingBaba_test03 passed successfully]]>
            </line>
          </reporter-output>
        </test-method> <!-- AutocompleteTestingBaba_test03 -->
        <test-method is-config="true" signature="Teardown()[pri:0, instance:test.Testingbaba_autocomplete_test@6771beb3]" started-at="2022-03-18T16:11:35 IST" name="Teardown" finished-at="2022-03-18T16:11:35 IST" duration-ms="243" status="PASS">
          <reporter-output>
          </reporter-output>
        </test-method> <!-- Teardown -->
      </class> <!-- test.Testingbaba_autocomplete_test -->
    </test> <!-- autocomplete -->
    <test started-at="2022-03-18T16:11:35 IST" name="Webtable" finished-at="2022-03-18T16:11:44 IST" duration-ms="8262">
      <class name="test.Testingbaba_webtables_test">
        <test-method is-config="true" signature="launchtestingbaba()[pri:0, instance:test.Testingbaba_webtables_test@28701274]" started-at="2022-03-18T16:11:35 IST" name="launchtestingbaba" finished-at="2022-03-18T16:11:41 IST" duration-ms="5866" status="PASS">
          <reporter-output>
          </reporter-output>
        </test-method> <!-- launchtestingbaba -->
        <test-method signature="WebTablesTestingBaba_test01()[pri:0, instance:test.Testingbaba_webtables_test@28701274]" started-at="2022-03-18T16:11:41 IST" name="WebTablesTestingBaba_test01" finished-at="2022-03-18T16:11:44 IST" duration-ms="2389" status="PASS">
          <reporter-output>
            <line>
              <![CDATA[Testcase WebTablesTestingBaba_test01 started successfully]]>
            </line>
            <line>
              <![CDATA[Testcase WebTablesTestingBaba_test01 passed successfully]]>
            </line>
          </reporter-output>
        </test-method> <!-- WebTablesTestingBaba_test01 -->
        <test-method is-config="true" signature="Teardown()[pri:0, instance:test.Testingbaba_webtables_test@28701274]" started-at="2022-03-18T16:11:44 IST" name="Teardown" finished-at="2022-03-18T16:11:44 IST" duration-ms="1" status="PASS">
          <reporter-output>
          </reporter-output>
        </test-method> <!-- Teardown -->
      </class> <!-- test.Testingbaba_webtables_test -->
    </test> <!-- Webtable -->
    <test started-at="2022-03-18T16:11:44 IST" name="Flipkart" finished-at="2022-03-18T16:12:09 IST" duration-ms="25692">
      <class name="test.Flipkart_buy_test">
        <test-method is-config="true" signature="launchFB()[pri:0, instance:test.Flipkart_buy_test@776aec5c]" started-at="2022-03-18T16:11:44 IST" name="launchFB" finished-at="2022-03-18T16:11:47 IST" duration-ms="3870" status="PASS">
          <reporter-output>
          </reporter-output>
        </test-method> <!-- launchFB -->
        <test-method signature="FlipkartLogin_Test01()[pri:0, instance:test.Flipkart_buy_test@776aec5c]" started-at="2022-03-18T16:11:47 IST" name="FlipkartLogin_Test01" finished-at="2022-03-18T16:11:50 IST" duration-ms="2266" status="PASS">
          <reporter-output>
            <line>
              <![CDATA[Testcase FlipkartLogin_Test01 started successfully]]>
            </line>
            <line>
              <![CDATA[Testcase FlipkartLogin_Test01 passed successfully]]>
            </line>
          </reporter-output>
        </test-method> <!-- FlipkartLogin_Test01 -->
        <test-method signature="FlipkartProfileChange_Test02()[pri:0, instance:test.Flipkart_buy_test@776aec5c]" started-at="2022-03-18T16:11:50 IST" name="FlipkartProfileChange_Test02" finished-at="2022-03-18T16:12:09 IST" duration-ms="19181" status="PASS">
          <reporter-output>
            <line>
              <![CDATA[Testcase FlipkartProfileChange_Test02 started successfully]]>
            </line>
            <line>
              <![CDATA[Testcase FlipkartProfileChange_Test02 passed successfully]]>
            </line>
          </reporter-output>
        </test-method> <!-- FlipkartProfileChange_Test02 -->
        <test-method is-config="true" signature="Teardown()[pri:0, instance:test.Flipkart_buy_test@776aec5c]" started-at="2022-03-18T16:12:09 IST" name="Teardown" finished-at="2022-03-18T16:12:09 IST" duration-ms="373" status="PASS">
          <reporter-output>
          </reporter-output>
        </test-method> <!-- Teardown -->
      </class> <!-- test.Flipkart_buy_test -->
    </test> <!-- Flipkart -->
    <test started-at="2022-03-18T16:12:09 IST" name="Flipkart_Buy_product" finished-at="2022-03-18T16:12:15 IST" duration-ms="6170">
      <class name="test.Flipkart_buyproduct_test">
        <test-method is-config="true" signature="launchFB()[pri:0, instance:test.Flipkart_buyproduct_test@6c6cb480]" started-at="2022-03-18T16:12:09 IST" name="launchFB" finished-at="2022-03-18T16:12:12 IST" duration-ms="3260" status="PASS">
          <reporter-output>
          </reporter-output>
        </test-method> <!-- launchFB -->
        <test-method signature="FlipkartLoginInvalidCred_Test01()[pri:0, instance:test.Flipkart_buyproduct_test@6c6cb480]" started-at="2022-03-18T16:12:13 IST" name="FlipkartLoginInvalidCred_Test01" finished-at="2022-03-18T16:12:15 IST" duration-ms="2668" status="PASS">
          <reporter-output>
            <line>
              <![CDATA[Testcase FlipkartLoginInvalidCred_Test01 started successfully]]>
            </line>
            <line>
              <![CDATA[Testcase FlipkartLoginInvalidCred_Test01 passed successfully]]>
            </line>
          </reporter-output>
        </test-method> <!-- FlipkartLoginInvalidCred_Test01 -->
        <test-method is-config="true" signature="Teardown()[pri:0, instance:test.Flipkart_buyproduct_test@6c6cb480]" started-at="2022-03-18T16:12:15 IST" name="Teardown" finished-at="2022-03-18T16:12:15 IST" duration-ms="229" status="PASS">
          <reporter-output>
          </reporter-output>
        </test-method> <!-- Teardown -->
      </class> <!-- test.Flipkart_buyproduct_test -->
    </test> <!-- Flipkart_Buy_product -->
    <test started-at="2022-03-18T16:12:15 IST" name="Makemytrip" finished-at="2022-03-18T16:12:35 IST" duration-ms="19868">
      <class name="test.Makemytrip_launch_test">
        <test-method is-config="true" signature="launchFB()[pri:0, instance:test.Makemytrip_launch_test@45752059]" started-at="2022-03-18T16:12:15 IST" name="launchFB" finished-at="2022-03-18T16:12:20 IST" duration-ms="4693" status="PASS">
          <reporter-output>
          </reporter-output>
        </test-method> <!-- launchFB -->
        <test-method signature="MakemyTripSendValidNumber_Test01()[pri:0, instance:test.Makemytrip_launch_test@45752059]" started-at="2022-03-18T16:12:20 IST" name="MakemyTripSendValidNumber_Test01" finished-at="2022-03-18T16:12:25 IST" duration-ms="4639" status="PASS">
          <reporter-output>
            <line>
              <![CDATA[Testcase MakemyTripSendValidNumber_Test01 started successfully]]>
            </line>
            <line>
              <![CDATA[Testcase MakemyTripSendValidNumber_Test01 passed successfully]]>
            </line>
          </reporter-output>
        </test-method> <!-- MakemyTripSendValidNumber_Test01 -->
        <test-method signature="MakemyTripSendINValidNumber_Test02()[pri:1, instance:test.Makemytrip_launch_test@45752059]" started-at="2022-03-18T16:12:25 IST" name="MakemyTripSendINValidNumber_Test02" finished-at="2022-03-18T16:12:35 IST" duration-ms="9933" status="PASS">
          <reporter-output>
            <line>
              <![CDATA[Testcase MakemyTripSendINValidNumber_Test02 started successfully]]>
            </line>
            <line>
              <![CDATA[Testcase MakemyTripSendINValidNumber_Test02 passed successfully]]>
            </line>
          </reporter-output>
        </test-method> <!-- MakemyTripSendINValidNumber_Test02 -->
        <test-method is-config="true" signature="Teardown()[pri:0, instance:test.Makemytrip_launch_test@45752059]" started-at="2022-03-18T16:12:35 IST" name="Teardown" finished-at="2022-03-18T16:12:35 IST" duration-ms="602" status="PASS">
          <reporter-output>
          </reporter-output>
        </test-method> <!-- Teardown -->
      </class> <!-- test.Makemytrip_launch_test -->
    </test> <!-- Makemytrip -->
  </suite> <!-- Testingbaba -->
</testng-results>
