<?xml version="1.0" encoding="UTF-8"?>
<testsuite xmlns:xsi="http://www.w3.org/2001/XMLSchema-instance" xsi:schemaLocation="https://maven.apache.org/surefire/maven-surefire-plugin/xsd/surefire-test-report.xsd" name="TestSuite" time="199.725" tests="24" errors="0" skipped="0" failures="2">
  <properties>
[...]
</properties>
  <testcase name="LaunchTestingBaba_test01" classname="testingbaba.Testingbaba_launch_test" time="0.017"/>
  <testcase name="TextboxTestingBaba_test01" classname="testingbaba.Testingbaba_textbox_test" time="0.014"/>
  <testcase name="TextboxTestingBaba_test02" classname="testingbaba.Testingbaba_textbox_test" time="0.063"/>
  <testcase name="TextboxTestingBaba_test03" classname="testingbaba.Testingbaba_textbox_test" time="0.738"/>
  <testcase name="TextboxTestingBaba_test04" classname="testingbaba.Testingbaba_textbox_test" time="0.124"/>
  <testcase name="ButtonsTestingBaba_test01" classname="testingbaba.Testingbaba_buttons_test" time="0.115"/>
  <testcase name="ButtonsTestingBaba_test02" classname="testingbaba.Testingbaba_buttons_test" time="0.632"/>
  <testcase name="ButtonsTestingBaba_test03" classname="testingbaba.Testingbaba_buttons_test" time="0.193"/>
  <testcase name="CheckboxTestingBaba_test01" classname="testingbaba.Testingbaba_checkbox_test" time="0.06"/>
  <testcase name="CheckboxTestingBaba_test02" classname="testingbaba.Testingbaba_checkbox_test" time="0.23"/>
  <testcase name="CheckboxTestingBaba_test03" classname="testingbaba.Testingbaba_checkbox_test" time="1.321"/>
  <testcase name="DropdownTestingBaba_test01" classname="testingbaba.Testingbaba_dropdown_test" time="1.603"/>
  <testcase name="LinksTestingBaba_test01" classname="testingbaba.Testingbaba_links_test" time="0.062"/>
  <testcase name="LinksTestingBaba_test02" classname="testingbaba.Testingbaba_links_test" time="2.249"/>
  <testcase name="RadioButtonTestingBaba_test01" classname="testingbaba.Testingbaba_radio_test" time="1.699">
    <failure message="element click intercepted: Element &lt;a class=&quot;nav-link&quot; href=&quot;newdemo.html&quot;&gt;...&lt;/a&gt; is not clickable at point (601, 40). Other element would receive the click: &lt;div class=&quot;modal-header&quot;&gt;...&lt;/div&gt;&#10;  (Session info: chrome=99.0.4844.74)&#10;Build info: version: &apos;4.1.2&apos;, revision: &apos;9a5a329c5a&apos;&#10;System info: host: &apos;DESKTOP-GN8H4QN&apos;, ip: &apos;192.168.1.34&apos;, os.name: &apos;Windows 10&apos;, os.arch: &apos;amd64&apos;, os.version: &apos;10.0&apos;, java.version: &apos;16.0.1&apos;&#10;Driver info: org.openqa.selenium.chrome.ChromeDriver&#10;Command: [7cf1237f6d9ce22d2e02fbe1bf8c7515, clickElement {id=7d47907c-8393-4081-8354-b829c0dcdfb0}]&#10;Capabilities {acceptInsecureCerts: false, browserName: chrome, browserVersion: 99.0.4844.74, chrome: {chromedriverVersion: 99.0.4844.51 (d537ec02474b5..., userDataDir: C:\Users\POOJA SINGH\AppDat...}, goog:chromeOptions: {debuggerAddress: localhost:62672}, javascriptEnabled: true, networkConnectionEnabled: false, pageLoadStrategy: normal, platform: WINDOWS, platformName: WINDOWS, proxy: Proxy(), se:cdp: ws://localhost:62672/devtoo..., se:cdpVersion: 99.0.4844.74, setWindowRect: true, strictFileInteractability: false, timeouts: {implicit: 0, pageLoad: 300000, script: 30000}, unhandledPromptBehavior: dismiss and notify, webauthn:extension:credBlob: true, webauthn:extension:largeBlob: true, webauthn:virtualAuthenticators: true}&#10;Element: [[ChromeDriver: chrome on WINDOWS (7cf1237f6d9ce22d2e02fbe1bf8c7515)] -&gt; xpath: //*[@id=&quot;navbarSupportedContent&quot;]/ul/li[5]/a]&#10;Session ID: 7cf1237f6d9ce22d2e02fbe1bf8c7515" type="org.openqa.selenium.ElementClickInterceptedException"><![CDATA[org.openqa.selenium.ElementClickInterceptedException: 
element click intercepted: Element <a class="nav-link" href="newdemo.html">...</a> is not clickable at point (601, 40). Other element would receive the click: <div class="modal-header">...</div>
  (Session info: chrome=99.0.4844.74)
Build info: version: '4.1.2', revision: '9a5a329c5a'
System info: host: 'DESKTOP-GN8H4QN', ip: '192.168.1.34', os.name: 'Windows 10', os.arch: 'amd64', os.version: '10.0', java.version: '16.0.1'
Driver info: org.openqa.selenium.chrome.ChromeDriver
Command: [7cf1237f6d9ce22d2e02fbe1bf8c7515, clickElement {id=7d47907c-8393-4081-8354-b829c0dcdfb0}]
Capabilities {acceptInsecureCerts: false, browserName: chrome, browserVersion: 99.0.4844.74, chrome: {chromedriverVersion: 99.0.4844.51 (d537ec02474b5..., userDataDir: C:\Users\POOJA SINGH\AppDat...}, goog:chromeOptions: {debuggerAddress: localhost:62672}, javascriptEnabled: true, networkConnectionEnabled: false, pageLoadStrategy: normal, platform: WINDOWS, platformName: WINDOWS, proxy: Proxy(), se:cdp: ws://localhost:62672/devtoo..., se:cdpVersion: 99.0.4844.74, setWindowRect: true, strictFileInteractability: false, timeouts: {implicit: 0, pageLoad: 300000, script: 30000}, unhandledPromptBehavior: dismiss and notify, webauthn:extension:credBlob: true, webauthn:extension:largeBlob: true, webauthn:virtualAuthenticators: true}
Element: [[ChromeDriver: chrome on WINDOWS (7cf1237f6d9ce22d2e02fbe1bf8c7515)] -> xpath: //*[@id="navbarSupportedContent"]/ul/li[5]/a]
Session ID: 7cf1237f6d9ce22d2e02fbe1bf8c7515
	at testingbaba.Testingbaba_radio_test.RadioButtonTestingBaba_test01(Testingbaba_radio_test.java:31)
]]></failure>
    <system-out><![CDATA[[INFO ] 2022-03-19 18:47:17.463 [main] Baselibrary - Closing Chrome Browser
About to end executing Class links
About to begin executing Class radio
[INFO ] 2022-03-19 18:47:17.847 [main] Baselibrary - Starting Chrome Browser
Testcase RadioButtonTestingBaba_test01 started successfully
Testcase RadioButtonTestingBaba_test01 failed
]]></system-out>
    <system-err><![CDATA[Starting ChromeDriver 99.0.4844.51 (d537ec02474b5afe23684e7963d538896c63ac77-refs/branch-heads/4844@{#875}) on port 55144
Only local connections are allowed.
Please see https://chromedriver.chromium.org/security-considerations for suggestions on keeping ChromeDriver safe.
ChromeDriver was started successfully.
Mar 19, 2022 6:47:18 PM org.openqa.selenium.remote.ProtocolHandshake createSession
INFO: Detected dialect: W3C
Mar 19, 2022 6:47:18 PM org.openqa.selenium.devtools.CdpVersionFinder findNearestMatch
WARNING: Unable to find an exact match for CDP version 99, so returning the closest version found: 97
Mar 19, 2022 6:47:18 PM org.openqa.selenium.devtools.CdpVersionFinder findNearestMatch
INFO: Found CDP implementation for version 99 of 97
]]></system-err>
  </testcase>
  <testcase name="AutocompleteTestingBaba_test01" classname="testingbaba.Testingbaba_autocomplete_test" time="0.083"/>
  <testcase name="AutocompleteTestingBaba_test02" classname="testingbaba.Testingbaba_autocomplete_test" time="1.066"/>
  <testcase name="AutocompleteTestingBaba_test03" classname="testingbaba.Testingbaba_autocomplete_test" time="2.332"/>
  <testcase name="WebTablesTestingBaba_test01" classname="testingbaba.Testingbaba_webtables_test" time="67.568">
    <failure message="Index 0 out of bounds for length 0" type="java.lang.IndexOutOfBoundsException">java.lang.IndexOutOfBoundsException: Index 0 out of bounds for length 0
	at testingbaba.Testingbaba_webtables_test.WebTablesTestingBaba_test01(Testingbaba_webtables_test.java:33)
</failure>
    <system-out><![CDATA[[INFO ] 2022-03-19 18:47:33.967 [main] Baselibrary - Closing Chrome Browser
About to end executing Class autocomplete
About to begin executing Class Webtable
[INFO ] 2022-03-19 18:47:34.388 [main] Baselibrary - Starting Chrome Browser
Testcase WebTablesTestingBaba_test01 started successfully
issu in Getreaddata java.io.FileNotFoundException: C:\Users\dubey\OneDrive\Documents\Customer_dump.xlsx (The system cannot find the path specified)
issu in Getreaddata java.io.FileNotFoundException: C:\Users\dubey\OneDrive\Documents\Customer_dump.xlsx (The system cannot find the path specified)
issu in Getreaddata java.io.FileNotFoundException: C:\Users\dubey\OneDrive\Documents\Customer_dump.xlsx (The system cannot find the path specified)
issu in Getreaddata java.io.FileNotFoundException: C:\Users\dubey\OneDrive\Documents\Customer_dump.xlsx (The system cannot find the path specified)
issu in Getreaddata java.io.FileNotFoundException: C:\Users\dubey\OneDrive\Documents\Customer_dump.xlsx (The system cannot find the path specified)
issu in Getreaddata java.io.FileNotFoundException: C:\Users\dubey\OneDrive\Documents\Customer_dump.xlsx (The system cannot find the path specified)
issu in Getreaddata java.io.FileNotFoundException: C:\Users\dubey\OneDrive\Documents\Customer_dump.xlsx (The system cannot find the path specified)
issu in Getreaddata java.io.FileNotFoundException: C:\Users\dubey\OneDrive\Documents\Customer_dump.xlsx (The system cannot find the path specified)
issu in Getreaddata java.io.FileNotFoundException: C:\Users\dubey\OneDrive\Documents\Customer_dump.xlsx (The system cannot find the path specified)
issu in Getreaddata java.io.FileNotFoundException: C:\Users\dubey\OneDrive\Documents\Customer_dump.xlsx (The system cannot find the path specified)
issu in Getreaddata java.io.FileNotFoundException: C:\Users\dubey\OneDrive\Documents\Customer_dump.xlsx (The system cannot find the path specified)
issu in Getreaddata java.io.FileNotFoundException: C:\Users\dubey\OneDrive\Documents\Customer_dump.xlsx (The system cannot find the path specified)
issu in Getreaddata java.io.FileNotFoundException: C:\Users\dubey\OneDrive\Documents\Customer_dump.xlsx (The system cannot find the path specified)
issu in Getreaddata java.io.FileNotFoundException: C:\Users\dubey\OneDrive\Documents\Customer_dump.xlsx (The system cannot find the path specified)
issu in Getreaddata java.io.FileNotFoundException: C:\Users\dubey\OneDrive\Documents\Customer_dump.xlsx (The system cannot find the path specified)
issu in Getreaddata java.io.FileNotFoundException: C:\Users\dubey\OneDrive\Documents\Customer_dump.xlsx (The system cannot find the path specified)
issu in Getreaddata java.io.FileNotFoundException: C:\Users\dubey\OneDrive\Documents\Customer_dump.xlsx (The system cannot find the path specified)
issu in Getreaddata java.io.FileNotFoundException: C:\Users\dubey\OneDrive\Documents\Customer_dump.xlsx (The system cannot find the path specified)
issu in Getreaddata java.io.FileNotFoundException: C:\Users\dubey\OneDrive\Documents\Customer_dump.xlsx (The system cannot find the path specified)
issu in Getreaddata java.io.FileNotFoundException: C:\Users\dubey\OneDrive\Documents\Customer_dump.xlsx (The system cannot find the path specified)
issu in Getreaddata java.io.FileNotFoundException: C:\Users\dubey\OneDrive\Documents\Customer_dump.xlsx (The system cannot find the path specified)
issu in Getreaddata java.io.FileNotFoundException: C:\Users\dubey\OneDrive\Documents\Customer_dump.xlsx (The system cannot find the path specified)
issu in Getreaddata java.io.FileNotFoundException: C:\Users\dubey\OneDrive\Documents\Customer_dump.xlsx (The system cannot find the path specified)
issu in Getreaddata java.io.FileNotFoundException: C:\Users\dubey\OneDrive\Documents\Customer_dump.xlsx (The system cannot find the path specified)
issu in Getreaddata java.io.FileNotFoundException: C:\Users\dubey\OneDrive\Documents\Customer_dump.xlsx (The system cannot find the path specified)
issu in Getreaddata java.io.FileNotFoundException: C:\Users\dubey\OneDrive\Documents\Customer_dump.xlsx (The system cannot find the path specified)
issu in Getreaddata java.io.FileNotFoundException: C:\Users\dubey\OneDrive\Documents\Customer_dump.xlsx (The system cannot find the path specified)
issu in Getreaddata java.io.FileNotFoundException: C:\Users\dubey\OneDrive\Documents\Customer_dump.xlsx (The system cannot find the path specified)
issu in Getreaddata java.io.FileNotFoundException: C:\Users\dubey\OneDrive\Documents\Customer_dump.xlsx (The system cannot find the path specified)
issu in Getreaddata java.io.FileNotFoundException: C:\Users\dubey\OneDrive\Documents\Customer_dump.xlsx (The system cannot find the path specified)
issu in Getreaddata java.io.FileNotFoundException: C:\Users\dubey\OneDrive\Documents\Customer_dump.xlsx (The system cannot find the path specified)
issu in Getreaddata java.io.FileNotFoundException: C:\Users\dubey\OneDrive\Documents\Customer_dump.xlsx (The system cannot find the path specified)
issu in Getreaddata java.io.FileNotFoundException: C:\Users\dubey\OneDrive\Documents\Customer_dump.xlsx (The system cannot find the path specified)
issu in Getreaddata java.io.FileNotFoundException: C:\Users\dubey\OneDrive\Documents\Customer_dump.xlsx (The system cannot find the path specified)
issu in Getreaddata java.io.FileNotFoundException: C:\Users\dubey\OneDrive\Documents\Customer_dump.xlsx (The system cannot find the path specified)
issu in Getreaddata java.io.FileNotFoundException: C:\Users\dubey\OneDrive\Documents\Customer_dump.xlsx (The system cannot find the path specified)
issu in Getreaddata java.io.FileNotFoundException: C:\Users\dubey\OneDrive\Documents\Customer_dump.xlsx (The system cannot find the path specified)
issu in Getreaddata java.io.FileNotFoundException: C:\Users\dubey\OneDrive\Documents\Customer_dump.xlsx (The system cannot find the path specified)
issu in Getreaddata java.io.FileNotFoundException: C:\Users\dubey\OneDrive\Documents\Customer_dump.xlsx (The system cannot find the path specified)
issu in Getreaddata java.io.FileNotFoundException: C:\Users\dubey\OneDrive\Documents\Customer_dump.xlsx (The system cannot find the path specified)
issu in Getreaddata java.io.FileNotFoundException: C:\Users\dubey\OneDrive\Documents\Customer_dump.xlsx (The system cannot find the path specified)
issu in Getreaddata java.io.FileNotFoundException: C:\Users\dubey\OneDrive\Documents\Customer_dump.xlsx (The system cannot find the path specified)
issu in Getreaddata java.io.FileNotFoundException: C:\Users\dubey\OneDrive\Documents\Customer_dump.xlsx (The system cannot find the path specified)
issu in Getreaddata java.io.FileNotFoundException: C:\Users\dubey\OneDrive\Documents\Customer_dump.xlsx (The system cannot find the path specified)
issu in Getreaddata java.io.FileNotFoundException: C:\Users\dubey\OneDrive\Documents\Customer_dump.xlsx (The system cannot find the path specified)
issu in Getreaddata java.io.FileNotFoundException: C:\Users\dubey\OneDrive\Documents\Customer_dump.xlsx (The system cannot find the path specified)
issu in Getreaddata java.io.FileNotFoundException: C:\Users\dubey\OneDrive\Documents\Customer_dump.xlsx (The system cannot find the path specified)
issu in Getreaddata java.io.FileNotFoundException: C:\Users\dubey\OneDrive\Documents\Customer_dump.xlsx (The system cannot find the path specified)
issu in Getreaddata java.io.FileNotFoundException: C:\Users\dubey\OneDrive\Documents\Customer_dump.xlsx (The system cannot find the path specified)
issu in Getreaddata java.io.FileNotFoundException: C:\Users\dubey\OneDrive\Documents\Customer_dump.xlsx (The system cannot find the path specified)
issu in Getreaddata java.io.FileNotFoundException: C:\Users\dubey\OneDrive\Documents\Customer_dump.xlsx (The system cannot find the path specified)
issu in Getreaddata java.io.FileNotFoundException: C:\Users\dubey\OneDrive\Documents\Customer_dump.xlsx (The system cannot find the path specified)
issu in Getreaddata java.io.FileNotFoundException: C:\Users\dubey\OneDrive\Documents\Customer_dump.xlsx (The system cannot find the path specified)
issu in Getreaddata java.io.FileNotFoundException: C:\Users\dubey\OneDrive\Documents\Customer_dump.xlsx (The system cannot find the path specified)
issu in Getreaddata java.io.FileNotFoundException: C:\Users\dubey\OneDrive\Documents\Customer_dump.xlsx (The system cannot find the path specified)
issu in Getreaddata java.io.FileNotFoundException: C:\Users\dubey\OneDrive\Documents\Customer_dump.xlsx (The system cannot find the path specified)
issu in Getreaddata java.io.FileNotFoundException: C:\Users\dubey\OneDrive\Documents\Customer_dump.xlsx (The system cannot find the path specified)
issu in Getreaddata java.io.FileNotFoundException: C:\Users\dubey\OneDrive\Documents\Customer_dump.xlsx (The system cannot find the path specified)
issu in Getreaddata java.io.FileNotFoundException: C:\Users\dubey\OneDrive\Documents\Customer_dump.xlsx (The system cannot find the path specified)
issu in Getreaddata java.io.FileNotFoundException: C:\Users\dubey\OneDrive\Documents\Customer_dump.xlsx (The system cannot find the path specified)
issu in Getreaddata java.io.FileNotFoundException: C:\Users\dubey\OneDrive\Documents\Customer_dump.xlsx (The system cannot find the path specified)
issu in Getreaddata java.io.FileNotFoundException: C:\Users\dubey\OneDrive\Documents\Customer_dump.xlsx (The system cannot find the path specified)
issu in Getreaddata java.io.FileNotFoundException: C:\Users\dubey\OneDrive\Documents\Customer_dump.xlsx (The system cannot find the path specified)
issu in Getreaddata java.io.FileNotFoundException: C:\Users\dubey\OneDrive\Documents\Customer_dump.xlsx (The system cannot find the path specified)
issu in Getreaddata java.io.FileNotFoundException: C:\Users\dubey\OneDrive\Documents\Customer_dump.xlsx (The system cannot find the path specified)
issu in Getreaddata java.io.FileNotFoundException: C:\Users\dubey\OneDrive\Documents\Customer_dump.xlsx (The system cannot find the path specified)
issu in Getreaddata java.io.FileNotFoundException: C:\Users\dubey\OneDrive\Documents\Customer_dump.xlsx (The system cannot find the path specified)
issu in Getreaddata java.io.FileNotFoundException: C:\Users\dubey\OneDrive\Documents\Customer_dump.xlsx (The system cannot find the path specified)
issu in Getreaddata java.io.FileNotFoundException: C:\Users\dubey\OneDrive\Documents\Customer_dump.xlsx (The system cannot find the path specified)
issu in Getreaddata java.io.FileNotFoundException: C:\Users\dubey\OneDrive\Documents\Customer_dump.xlsx (The system cannot find the path specified)
issu in Getreaddata java.io.FileNotFoundException: C:\Users\dubey\OneDrive\Documents\Customer_dump.xlsx (The system cannot find the path specified)
issu in Getreaddata java.io.FileNotFoundException: C:\Users\dubey\OneDrive\Documents\Customer_dump.xlsx (The system cannot find the path specified)
issu in Getreaddata java.io.FileNotFoundException: C:\Users\dubey\OneDrive\Documents\Customer_dump.xlsx (The system cannot find the path specified)
issu in Getreaddata java.io.FileNotFoundException: C:\Users\dubey\OneDrive\Documents\Customer_dump.xlsx (The system cannot find the path specified)
issu in Getreaddata java.io.FileNotFoundException: C:\Users\dubey\OneDrive\Documents\Customer_dump.xlsx (The system cannot find the path specified)
issu in Getreaddata java.io.FileNotFoundException: C:\Users\dubey\OneDrive\Documents\Customer_dump.xlsx (The system cannot find the path specified)
issu in Getreaddata java.io.FileNotFoundException: C:\Users\dubey\OneDrive\Documents\Customer_dump.xlsx (The system cannot find the path specified)
issu in Getreaddata java.io.FileNotFoundException: C:\Users\dubey\OneDrive\Documents\Customer_dump.xlsx (The system cannot find the path specified)
issu in Getreaddata java.io.FileNotFoundException: C:\Users\dubey\OneDrive\Documents\Customer_dump.xlsx (The system cannot find the path specified)
issu in Getreaddata java.io.FileNotFoundException: C:\Users\dubey\OneDrive\Documents\Customer_dump.xlsx (The system cannot find the path specified)
issu in Getreaddata java.io.FileNotFoundException: C:\Users\dubey\OneDrive\Documents\Customer_dump.xlsx (The system cannot find the path specified)
issu in Getreaddata java.io.FileNotFoundException: C:\Users\dubey\OneDrive\Documents\Customer_dump.xlsx (The system cannot find the path specified)
issu in Getreaddata java.io.FileNotFoundException: C:\Users\dubey\OneDrive\Documents\Customer_dump.xlsx (The system cannot find the path specified)
issu in Getreaddata java.io.FileNotFoundException: C:\Users\dubey\OneDrive\Documents\Customer_dump.xlsx (The system cannot find the path specified)
issu in Getreaddata java.io.FileNotFoundException: C:\Users\dubey\OneDrive\Documents\Customer_dump.xlsx (The system cannot find the path specified)
issu in Getreaddata java.io.FileNotFoundException: C:\Users\dubey\OneDrive\Documents\Customer_dump.xlsx (The system cannot find the path specified)
issu in Getreaddata java.io.FileNotFoundException: C:\Users\dubey\OneDrive\Documents\Customer_dump.xlsx (The system cannot find the path specified)
issu in Getreaddata java.io.FileNotFoundException: C:\Users\dubey\OneDrive\Documents\Customer_dump.xlsx (The system cannot find the path specified)
issu in Getreaddata java.io.FileNotFoundException: C:\Users\dubey\OneDrive\Documents\Customer_dump.xlsx (The system cannot find the path specified)
issu in Getreaddata java.io.FileNotFoundException: C:\Users\dubey\OneDrive\Documents\Customer_dump.xlsx (The system cannot find the path specified)
issu in Getreaddata java.io.FileNotFoundException: C:\Users\dubey\OneDrive\Documents\Customer_dump.xlsx (The system cannot find the path specified)
issu in Getreaddata java.io.FileNotFoundException: C:\Users\dubey\OneDrive\Documents\Customer_dump.xlsx (The system cannot find the path specified)
issu in Getreaddata java.io.FileNotFoundException: C:\Users\dubey\OneDrive\Documents\Customer_dump.xlsx (The system cannot find the path specified)
issu in Getreaddata java.io.FileNotFoundException: C:\Users\dubey\OneDrive\Documents\Customer_dump.xlsx (The system cannot find the path specified)
issu in Getreaddata java.io.FileNotFoundException: C:\Users\dubey\OneDrive\Documents\Customer_dump.xlsx (The system cannot find the path specified)
issu in Getreaddata java.io.FileNotFoundException: C:\Users\dubey\OneDrive\Documents\Customer_dump.xlsx (The system cannot find the path specified)
issu in Getreaddata java.io.FileNotFoundException: C:\Users\dubey\OneDrive\Documents\Customer_dump.xlsx (The system cannot find the path specified)
issu in Getreaddata java.io.FileNotFoundException: C:\Users\dubey\OneDrive\Documents\Customer_dump.xlsx (The system cannot find the path specified)
issu in Getreaddata java.io.FileNotFoundException: C:\Users\dubey\OneDrive\Documents\Customer_dump.xlsx (The system cannot find the path specified)
issu in Getreaddata java.io.FileNotFoundException: C:\Users\dubey\OneDrive\Documents\Customer_dump.xlsx (The system cannot find the path specified)
issu in Getreaddata java.io.FileNotFoundException: C:\Users\dubey\OneDrive\Documents\Customer_dump.xlsx (The system cannot find the path specified)
issu in Getreaddata java.io.FileNotFoundException: C:\Users\dubey\OneDrive\Documents\Customer_dump.xlsx (The system cannot find the path specified)
issu in Getreaddata java.io.FileNotFoundException: C:\Users\dubey\OneDrive\Documents\Customer_dump.xlsx (The system cannot find the path specified)
issu in Getreaddata java.io.FileNotFoundException: C:\Users\dubey\OneDrive\Documents\Customer_dump.xlsx (The system cannot find the path specified)
issu in Getreaddata java.io.FileNotFoundException: C:\Users\dubey\OneDrive\Documents\Customer_dump.xlsx (The system cannot find the path specified)
issu in Getreaddata java.io.FileNotFoundException: C:\Users\dubey\OneDrive\Documents\Customer_dump.xlsx (The system cannot find the path specified)
issu in Getreaddata java.io.FileNotFoundException: C:\Users\dubey\OneDrive\Documents\Customer_dump.xlsx (The system cannot find the path specified)
issu in Getreaddata java.io.FileNotFoundException: C:\Users\dubey\OneDrive\Documents\Customer_dump.xlsx (The system cannot find the path specified)
issu in Getreaddata java.io.FileNotFoundException: C:\Users\dubey\OneDrive\Documents\Customer_dump.xlsx (The system cannot find the path specified)
issu in Getreaddata java.io.FileNotFoundException: C:\Users\dubey\OneDrive\Documents\Customer_dump.xlsx (The system cannot find the path specified)
issu in Getreaddata java.io.FileNotFoundException: C:\Users\dubey\OneDrive\Documents\Customer_dump.xlsx (The system cannot find the path specified)
issu in Getreaddata java.io.FileNotFoundException: C:\Users\dubey\OneDrive\Documents\Customer_dump.xlsx (The system cannot find the path specified)
issu in Getreaddata java.io.FileNotFoundException: C:\Users\dubey\OneDrive\Documents\Customer_dump.xlsx (The system cannot find the path specified)
issu in Getreaddata java.io.FileNotFoundException: C:\Users\dubey\OneDrive\Documents\Customer_dump.xlsx (The system cannot find the path specified)
issu in Getreaddata java.io.FileNotFoundException: C:\Users\dubey\OneDrive\Documents\Customer_dump.xlsx (The system cannot find the path specified)
issu in Getreaddata java.io.FileNotFoundException: C:\Users\dubey\OneDrive\Documents\Customer_dump.xlsx (The system cannot find the path specified)
issu in Getreaddata java.io.FileNotFoundException: C:\Users\dubey\OneDrive\Documents\Customer_dump.xlsx (The system cannot find the path specified)
issu in Getreaddata java.io.FileNotFoundException: C:\Users\dubey\OneDrive\Documents\Customer_dump.xlsx (The system cannot find the path specified)
issu in Getreaddata java.io.FileNotFoundException: C:\Users\dubey\OneDrive\Documents\Customer_dump.xlsx (The system cannot find the path specified)
issu in Getreaddata java.io.FileNotFoundException: C:\Users\dubey\OneDrive\Documents\Customer_dump.xlsx (The system cannot find the path specified)
issu in Getreaddata java.io.FileNotFoundException: C:\Users\dubey\OneDrive\Documents\Customer_dump.xlsx (The system cannot find the path specified)
issu in Getreaddata java.io.FileNotFoundException: C:\Users\dubey\OneDrive\Documents\Customer_dump.xlsx (The system cannot find the path specified)
issu in Getreaddata java.io.FileNotFoundException: C:\Users\dubey\OneDrive\Documents\Customer_dump.xlsx (The system cannot find the path specified)
issu in Getreaddata java.io.FileNotFoundException: C:\Users\dubey\OneDrive\Documents\Customer_dump.xlsx (The system cannot find the path specified)
issu in Getreaddata java.io.FileNotFoundException: C:\Users\dubey\OneDrive\Documents\Customer_dump.xlsx (The system cannot find the path specified)
issu in Getreaddata java.io.FileNotFoundException: C:\Users\dubey\OneDrive\Documents\Customer_dump.xlsx (The system cannot find the path specified)
issu in Getreaddata java.io.FileNotFoundException: C:\Users\dubey\OneDrive\Documents\Customer_dump.xlsx (The system cannot find the path specified)
issu in Getreaddata java.io.FileNotFoundException: C:\Users\dubey\OneDrive\Documents\Customer_dump.xlsx (The system cannot find the path specified)
issu in Getreaddata java.io.FileNotFoundException: C:\Users\dubey\OneDrive\Documents\Customer_dump.xlsx (The system cannot find the path specified)
issu in Getreaddata java.io.FileNotFoundException: C:\Users\dubey\OneDrive\Documents\Customer_dump.xlsx (The system cannot find the path specified)
issu in Getreaddata java.io.FileNotFoundException: C:\Users\dubey\OneDrive\Documents\Customer_dump.xlsx (The system cannot find the path specified)
issu in Getreaddata java.io.FileNotFoundException: C:\Users\dubey\OneDrive\Documents\Customer_dump.xlsx (The system cannot find the path specified)
issu in Getreaddata java.io.FileNotFoundException: C:\Users\dubey\OneDrive\Documents\Customer_dump.xlsx (The system cannot find the path specified)
issu in Getreaddata java.io.FileNotFoundException: C:\Users\dubey\OneDrive\Documents\Customer_dump.xlsx (The system cannot find the path specified)
issu in Getreaddata java.io.FileNotFoundException: C:\Users\dubey\OneDrive\Documents\Customer_dump.xlsx (The system cannot find the path specified)
issu in Getreaddata java.io.FileNotFoundException: C:\Users\dubey\OneDrive\Documents\Customer_dump.xlsx (The system cannot find the path specified)
issu in Getreaddata java.io.FileNotFoundException: C:\Users\dubey\OneDrive\Documents\Customer_dump.xlsx (The system cannot find the path specified)
issu in Getreaddata java.io.FileNotFoundException: C:\Users\dubey\OneDrive\Documents\Customer_dump.xlsx (The system cannot find the path specified)
issu in Getreaddata java.io.FileNotFoundException: C:\Users\dubey\OneDrive\Documents\Customer_dump.xlsx (The system cannot find the path specified)
issu in Getreaddata java.io.FileNotFoundException: C:\Users\dubey\OneDrive\Documents\Customer_dump.xlsx (The system cannot find the path specified)
issu in Getreaddata java.io.FileNotFoundException: C:\Users\dubey\OneDrive\Documents\Customer_dump.xlsx (The system cannot find the path specified)
issu in Getreaddata java.io.FileNotFoundException: C:\Users\dubey\OneDrive\Documents\Customer_dump.xlsx (The system cannot find the path specified)
issu in Getreaddata java.io.FileNotFoundException: C:\Users\dubey\OneDrive\Documents\Customer_dump.xlsx (The system cannot find the path specified)
issu in Getreaddata java.io.FileNotFoundException: C:\Users\dubey\OneDrive\Documents\Customer_dump.xlsx (The system cannot find the path specified)
issu in Getreaddata java.io.FileNotFoundException: C:\Users\dubey\OneDrive\Documents\Customer_dump.xlsx (The system cannot find the path specified)
issu in Getreaddata java.io.FileNotFoundException: C:\Users\dubey\OneDrive\Documents\Customer_dump.xlsx (The system cannot find the path specified)
issu in Getreaddata java.io.FileNotFoundException: C:\Users\dubey\OneDrive\Documents\Customer_dump.xlsx (The system cannot find the path specified)
issu in Getreaddata java.io.FileNotFoundException: C:\Users\dubey\OneDrive\Documents\Customer_dump.xlsx (The system cannot find the path specified)
issu in Getreaddata java.io.FileNotFoundException: C:\Users\dubey\OneDrive\Documents\Customer_dump.xlsx (The system cannot find the path specified)
issu in Getreaddata java.io.FileNotFoundException: C:\Users\dubey\OneDrive\Documents\Customer_dump.xlsx (The system cannot find the path specified)
issu in Getreaddata java.io.FileNotFoundException: C:\Users\dubey\OneDrive\Documents\Customer_dump.xlsx (The system cannot find the path specified)
issu in Getreaddata java.io.FileNotFoundException: C:\Users\dubey\OneDrive\Documents\Customer_dump.xlsx (The system cannot find the path specified)
issu in Getreaddata java.io.FileNotFoundException: C:\Users\dubey\OneDrive\Documents\Customer_dump.xlsx (The system cannot find the path specified)
issu in Getreaddata java.io.FileNotFoundException: C:\Users\dubey\OneDrive\Documents\Customer_dump.xlsx (The system cannot find the path specified)
issu in Getreaddata java.io.FileNotFoundException: C:\Users\dubey\OneDrive\Documents\Customer_dump.xlsx (The system cannot find the path specified)
issu in Getreaddata java.io.FileNotFoundException: C:\Users\dubey\OneDrive\Documents\Customer_dump.xlsx (The system cannot find the path specified)
issu in Getreaddata java.io.FileNotFoundException: C:\Users\dubey\OneDrive\Documents\Customer_dump.xlsx (The system cannot find the path specified)
issu in Getreaddata java.io.FileNotFoundException: C:\Users\dubey\OneDrive\Documents\Customer_dump.xlsx (The system cannot find the path specified)
Testcase WebTablesTestingBaba_test01 failed
]]></system-out>
    <system-err><![CDATA[Starting ChromeDriver 99.0.4844.51 (d537ec02474b5afe23684e7963d538896c63ac77-refs/branch-heads/4844@{#875}) on port 58009
Only local connections are allowed.
Please see https://chromedriver.chromium.org/security-considerations for suggestions on keeping ChromeDriver safe.
ChromeDriver was started successfully.
Mar 19, 2022 6:47:35 PM org.openqa.selenium.remote.ProtocolHandshake createSession
INFO: Detected dialect: W3C
Mar 19, 2022 6:47:35 PM org.openqa.selenium.devtools.CdpVersionFinder findNearestMatch
WARNING: Unable to find an exact match for CDP version 99, so returning the closest version found: 97
Mar 19, 2022 6:47:35 PM org.openqa.selenium.devtools.CdpVersionFinder findNearestMatch
INFO: Found CDP implementation for version 99 of 97
]]></system-err>
  </testcase>
  <testcase name="FlipkartLogin_Test01" classname="flipkart.Flipkart_buy_test" time="2.339"/>
  <testcase name="FlipkartProfileChange_Test02" classname="flipkart.Flipkart_buy_test" time="19.332"/>
  <testcase name="FlipkartLoginInvalidCred_Test01" classname="flipkart.Flipkart_buyproduct_test" time="2.784"/>
  <testcase name="MakemyTripSendValidNumber_Test01" classname="makemytrip.Makemytrip_launch_test" time="4.578"/>
  <testcase name="MakemyTripSendINValidNumber_Test02" classname="makemytrip.Makemytrip_launch_test" time="10.261"/>
</testsuite>