<?xml version="1.0" encoding="UTF-8"?>
<testng-results ignored="0" total="23" passed="22" failed="1" skipped="0">
  <reporter-output>
    <line>
      <![CDATA[adding these steps]]>
    </line>
  </reporter-output>
  <suite started-at="2022-03-12T10:20:38 IST" name="Testingbaba" finished-at="2022-03-12T10:22:40 IST" duration-ms="122471">
    <groups>
    </groups>
    <test started-at="2022-03-12T10:20:38 IST" name="smoke" finished-at="2022-03-12T10:20:47 IST" duration-ms="9551">
      <class name="test.Testingbaba_launch_test">
        <test-method is-config="true" signature="launchtestingbaba()[pri:0, instance:test.Testingbaba_launch_test@7bab3f1a]" started-at="2022-03-12T10:20:38 IST" name="launchtestingbaba" finished-at="2022-03-12T10:20:46 IST" duration-ms="8730" status="PASS">
          <reporter-output>
          </reporter-output>
        </test-method> <!-- launchtestingbaba -->
        <test-method signature="gettitle()[pri:0, instance:test.Testingbaba_launch_test@7bab3f1a]" started-at="2022-03-12T10:20:46 IST" name="gettitle" finished-at="2022-03-12T10:20:46 IST" duration-ms="39" status="PASS">
          <reporter-output>
          </reporter-output>
        </test-method> <!-- gettitle -->
        <test-method is-config="true" signature="Teardown()[pri:0, instance:test.Testingbaba_launch_test@7bab3f1a]" started-at="2022-03-12T10:20:46 IST" name="Teardown" finished-at="2022-03-12T10:20:47 IST" duration-ms="712" status="PASS">
          <reporter-output>
          </reporter-output>
        </test-method> <!-- Teardown -->
      </class> <!-- test.Testingbaba_launch_test -->
    </test> <!-- smoke -->
    <test started-at="2022-03-12T10:20:47 IST" name="Textbox" finished-at="2022-03-12T10:20:56 IST" duration-ms="8907">
      <class name="test.Testingbaba_textbox_test">
        <test-method is-config="true" signature="launchtestingbaba()[pri:0, instance:test.Testingbaba_textbox_test@70e9c95d]" started-at="2022-03-12T10:20:47 IST" name="launchtestingbaba" finished-at="2022-03-12T10:20:54 IST" duration-ms="6550" status="PASS">
          <reporter-output>
          </reporter-output>
        </test-method> <!-- launchtestingbaba -->
        <test-method signature="gettitle()[pri:1, instance:test.Testingbaba_textbox_test@70e9c95d]" started-at="2022-03-12T10:20:54 IST" name="gettitle" finished-at="2022-03-12T10:20:54 IST" duration-ms="32" status="PASS">
          <reporter-output>
          </reporter-output>
        </test-method> <!-- gettitle -->
        <test-method signature="clickonelements()[pri:2, instance:test.Testingbaba_textbox_test@70e9c95d]" started-at="2022-03-12T10:20:54 IST" name="clickonelements" finished-at="2022-03-12T10:20:54 IST" duration-ms="148" status="PASS">
          <reporter-output>
          </reporter-output>
        </test-method> <!-- clickonelements -->
        <test-method signature="filldetails()[pri:3, instance:test.Testingbaba_textbox_test@70e9c95d]" started-at="2022-03-12T10:20:54 IST" name="filldetails" finished-at="2022-03-12T10:20:55 IST" duration-ms="1050" status="PASS">
          <reporter-output>
          </reporter-output>
        </test-method> <!-- filldetails -->
        <test-method signature="getverify()[pri:4, instance:test.Testingbaba_textbox_test@70e9c95d]" started-at="2022-03-12T10:20:55 IST" name="getverify" finished-at="2022-03-12T10:20:55 IST" duration-ms="283" status="PASS">
          <reporter-output>
          </reporter-output>
        </test-method> <!-- getverify -->
        <test-method is-config="true" signature="Teardown()[pri:0, instance:test.Testingbaba_textbox_test@70e9c95d]" started-at="2022-03-12T10:20:55 IST" name="Teardown" finished-at="2022-03-12T10:20:56 IST" duration-ms="838" status="PASS">
          <reporter-output>
          </reporter-output>
        </test-method> <!-- Teardown -->
      </class> <!-- test.Testingbaba_textbox_test -->
    </test> <!-- Textbox -->
    <test started-at="2022-03-12T10:20:56 IST" name="buttons" finished-at="2022-03-12T10:21:05 IST" duration-ms="9285">
      <class name="test.Testingbaba_buttons_test">
        <test-method is-config="true" signature="launchtestingbaba()[pri:0, instance:test.Testingbaba_buttons_test@60099951]" started-at="2022-03-12T10:20:56 IST" name="launchtestingbaba" finished-at="2022-03-12T10:21:03 IST" duration-ms="7277" status="PASS">
          <reporter-output>
          </reporter-output>
        </test-method> <!-- launchtestingbaba -->
        <test-method signature="getelement()[pri:0, instance:test.Testingbaba_buttons_test@60099951]" started-at="2022-03-12T10:21:03 IST" name="getelement" finished-at="2022-03-12T10:21:04 IST" duration-ms="171" status="PASS">
          <reporter-output>
          </reporter-output>
        </test-method> <!-- getelement -->
        <test-method signature="getbuttn()[pri:1, instance:test.Testingbaba_buttons_test@60099951]" started-at="2022-03-12T10:21:04 IST" name="getbuttn" finished-at="2022-03-12T10:21:04 IST" duration-ms="735" status="PASS">
          <reporter-output>
          </reporter-output>
        </test-method> <!-- getbuttn -->
        <test-method signature="doble()[pri:2, instance:test.Testingbaba_buttons_test@60099951]" started-at="2022-03-12T10:21:04 IST" name="doble" finished-at="2022-03-12T10:21:05 IST" duration-ms="225" status="PASS">
          <reporter-output>
          </reporter-output>
        </test-method> <!-- doble -->
        <test-method is-config="true" signature="Teardown()[pri:0, instance:test.Testingbaba_buttons_test@60099951]" started-at="2022-03-12T10:21:05 IST" name="Teardown" finished-at="2022-03-12T10:21:05 IST" duration-ms="874" status="PASS">
          <reporter-output>
          </reporter-output>
        </test-method> <!-- Teardown -->
      </class> <!-- test.Testingbaba_buttons_test -->
    </test> <!-- buttons -->
    <test started-at="2022-03-12T10:21:05 IST" name="checkbox" finished-at="2022-03-12T10:21:14 IST" duration-ms="8446">
      <class name="test.Testingbaba_checkbox_test">
        <test-method is-config="true" signature="launchtestingbaba()[pri:0, instance:test.Testingbaba_checkbox_test@738dc9b]" started-at="2022-03-12T10:21:05 IST" name="launchtestingbaba" finished-at="2022-03-12T10:21:11 IST" duration-ms="5885" status="PASS">
          <reporter-output>
          </reporter-output>
        </test-method> <!-- launchtestingbaba -->
        <test-method signature="elements()[pri:1, instance:test.Testingbaba_checkbox_test@738dc9b]" started-at="2022-03-12T10:21:11 IST" name="elements" finished-at="2022-03-12T10:21:11 IST" duration-ms="131" status="PASS">
          <reporter-output>
          </reporter-output>
        </test-method> <!-- elements -->
        <test-method signature="checkbox()[pri:2, instance:test.Testingbaba_checkbox_test@738dc9b]" started-at="2022-03-12T10:21:11 IST" name="checkbox" finished-at="2022-03-12T10:21:12 IST" duration-ms="125" status="PASS">
          <reporter-output>
          </reporter-output>
        </test-method> <!-- checkbox -->
        <test-method signature="mobilecheckbox()[pri:3, instance:test.Testingbaba_checkbox_test@738dc9b]" started-at="2022-03-12T10:21:12 IST" name="mobilecheckbox" finished-at="2022-03-12T10:21:13 IST" duration-ms="1568" status="PASS">
          <reporter-output>
          </reporter-output>
        </test-method> <!-- mobilecheckbox -->
        <test-method is-config="true" signature="Teardown()[pri:0, instance:test.Testingbaba_checkbox_test@738dc9b]" started-at="2022-03-12T10:21:13 IST" name="Teardown" finished-at="2022-03-12T10:21:14 IST" duration-ms="733" status="PASS">
          <reporter-output>
          </reporter-output>
        </test-method> <!-- Teardown -->
      </class> <!-- test.Testingbaba_checkbox_test -->
    </test> <!-- checkbox -->
    <test started-at="2022-03-12T10:21:14 IST" name="dropdown" finished-at="2022-03-12T10:21:21 IST" duration-ms="7224">
      <class name="test.Testingbaba_dropdown_test">
        <test-method is-config="true" signature="launchtestingbaba()[pri:0, instance:test.Testingbaba_dropdown_test@5ab956d7]" started-at="2022-03-12T10:21:14 IST" name="launchtestingbaba" finished-at="2022-03-12T10:21:18 IST" duration-ms="4150" status="PASS">
          <reporter-output>
          </reporter-output>
        </test-method> <!-- launchtestingbaba -->
        <test-method signature="getdropdown()[pri:0, instance:test.Testingbaba_dropdown_test@5ab956d7]" started-at="2022-03-12T10:21:18 IST" name="getdropdown" finished-at="2022-03-12T10:21:20 IST" duration-ms="2309" status="PASS">
          <reporter-output>
          </reporter-output>
        </test-method> <!-- getdropdown -->
        <test-method is-config="true" signature="Teardown()[pri:0, instance:test.Testingbaba_dropdown_test@5ab956d7]" started-at="2022-03-12T10:21:20 IST" name="Teardown" finished-at="2022-03-12T10:21:21 IST" duration-ms="763" status="PASS">
          <reporter-output>
          </reporter-output>
        </test-method> <!-- Teardown -->
      </class> <!-- test.Testingbaba_dropdown_test -->
    </test> <!-- dropdown -->
    <test started-at="2022-03-12T10:21:21 IST" name="links" finished-at="2022-03-12T10:21:30 IST" duration-ms="9021">
      <class name="test.Testingbaba_links_test">
        <test-method is-config="true" signature="launchtestingbaba()[pri:0, instance:test.Testingbaba_links_test@298a5e20]" started-at="2022-03-12T10:21:21 IST" name="launchtestingbaba" finished-at="2022-03-12T10:21:27 IST" duration-ms="5879" status="PASS">
          <reporter-output>
          </reporter-output>
        </test-method> <!-- launchtestingbaba -->
        <test-method signature="elements()[pri:1, instance:test.Testingbaba_links_test@298a5e20]" started-at="2022-03-12T10:21:27 IST" name="elements" finished-at="2022-03-12T10:21:27 IST" duration-ms="114" status="PASS">
          <reporter-output>
          </reporter-output>
        </test-method> <!-- elements -->
        <test-method signature="links()[pri:2, instance:test.Testingbaba_links_test@298a5e20]" started-at="2022-03-12T10:21:27 IST" name="links" finished-at="2022-03-12T10:21:29 IST" duration-ms="2292" status="PASS">
          <reporter-output>
          </reporter-output>
        </test-method> <!-- links -->
        <test-method is-config="true" signature="Teardown()[pri:0, instance:test.Testingbaba_links_test@298a5e20]" started-at="2022-03-12T10:21:29 IST" name="Teardown" finished-at="2022-03-12T10:21:30 IST" duration-ms="735" status="PASS">
          <reporter-output>
          </reporter-output>
        </test-method> <!-- Teardown -->
      </class> <!-- test.Testingbaba_links_test -->
    </test> <!-- links -->
    <test started-at="2022-03-12T10:21:30 IST" name="radio" finished-at="2022-03-12T10:21:38 IST" duration-ms="7639">
      <class name="test.Testingbaba_radio_test">
        <test-method is-config="true" signature="launchtestingbaba()[pri:0, instance:test.Testingbaba_radio_test@f78a47e]" started-at="2022-03-12T10:21:30 IST" name="launchtestingbaba" finished-at="2022-03-12T10:21:35 IST" duration-ms="4430" status="PASS">
          <reporter-output>
          </reporter-output>
        </test-method> <!-- launchtestingbaba -->
        <test-method signature="getradio()[pri:0, instance:test.Testingbaba_radio_test@f78a47e]" started-at="2022-03-12T10:21:35 IST" name="getradio" finished-at="2022-03-12T10:21:37 IST" duration-ms="2464" status="PASS">
          <reporter-output>
          </reporter-output>
        </test-method> <!-- getradio -->
        <test-method is-config="true" signature="Teardown()[pri:0, instance:test.Testingbaba_radio_test@f78a47e]" started-at="2022-03-12T10:21:37 IST" name="Teardown" finished-at="2022-03-12T10:21:38 IST" duration-ms="742" status="PASS">
          <reporter-output>
          </reporter-output>
        </test-method> <!-- Teardown -->
      </class> <!-- test.Testingbaba_radio_test -->
    </test> <!-- radio -->
    <test started-at="2022-03-12T10:21:38 IST" name="autocomplete" finished-at="2022-03-12T10:21:48 IST" duration-ms="10015">
      <class name="test.Testingbaba_autocomplete_test">
        <test-method is-config="true" signature="launchtestingbaba()[pri:0, instance:test.Testingbaba_autocomplete_test@6e6f2380]" started-at="2022-03-12T10:21:38 IST" name="launchtestingbaba" finished-at="2022-03-12T10:21:43 IST" duration-ms="5556" status="PASS">
          <reporter-output>
          </reporter-output>
        </test-method> <!-- launchtestingbaba -->
        <test-method signature="getweb()[pri:1, instance:test.Testingbaba_autocomplete_test@6e6f2380]" started-at="2022-03-12T10:21:43 IST" name="getweb" finished-at="2022-03-12T10:21:43 IST" duration-ms="93" status="PASS">
          <reporter-output>
          </reporter-output>
        </test-method> <!-- getweb -->
        <test-method signature="completeclick()[pri:2, instance:test.Testingbaba_autocomplete_test@6e6f2380]" started-at="2022-03-12T10:21:43 IST" name="completeclick" finished-at="2022-03-12T10:21:45 IST" duration-ms="1127" status="PASS">
          <reporter-output>
          </reporter-output>
        </test-method> <!-- completeclick -->
        <test-method signature="filldetails()[pri:3, instance:test.Testingbaba_autocomplete_test@6e6f2380]" started-at="2022-03-12T10:21:45 IST" name="filldetails" finished-at="2022-03-12T10:21:47 IST" duration-ms="2450" status="PASS">
          <reporter-output>
          </reporter-output>
        </test-method> <!-- filldetails -->
        <test-method is-config="true" signature="Teardown()[pri:0, instance:test.Testingbaba_autocomplete_test@6e6f2380]" started-at="2022-03-12T10:21:47 IST" name="Teardown" finished-at="2022-03-12T10:21:48 IST" duration-ms="785" status="PASS">
          <reporter-output>
          </reporter-output>
        </test-method> <!-- Teardown -->
      </class> <!-- test.Testingbaba_autocomplete_test -->
    </test> <!-- autocomplete -->
    <test started-at="2022-03-12T10:21:48 IST" name="Webtable" finished-at="2022-03-12T10:21:59 IST" duration-ms="11404">
      <class name="test.Testingbaba_webtables_test">
        <test-method is-config="true" signature="launchtestingbaba()[pri:0, instance:test.Testingbaba_webtables_test@5b1669c0]" started-at="2022-03-12T10:21:48 IST" name="launchtestingbaba" finished-at="2022-03-12T10:21:54 IST" duration-ms="5675" status="PASS">
          <reporter-output>
          </reporter-output>
        </test-method> <!-- launchtestingbaba -->
        <test-method signature="getweb1()[pri:0, instance:test.Testingbaba_webtables_test@5b1669c0]" started-at="2022-03-12T10:21:54 IST" name="getweb1" finished-at="2022-03-12T10:21:59 IST" duration-ms="5726" status="PASS">
          <reporter-output>
          </reporter-output>
        </test-method> <!-- getweb1 -->
        <test-method is-config="true" signature="Teardown()[pri:0, instance:test.Testingbaba_webtables_test@5b1669c0]" started-at="2022-03-12T10:21:59 IST" name="Teardown" finished-at="2022-03-12T10:21:59 IST" duration-ms="1" status="PASS">
          <reporter-output>
          </reporter-output>
        </test-method> <!-- Teardown -->
      </class> <!-- test.Testingbaba_webtables_test -->
    </test> <!-- Webtable -->
    <test started-at="2022-03-12T10:21:59 IST" name="Flipkart" finished-at="2022-03-12T10:22:18 IST" duration-ms="18748">
      <class name="test.Flipkart_buy_test">
        <test-method is-config="true" signature="launchFB()[pri:0, instance:test.Flipkart_buy_test@470734c3]" started-at="2022-03-12T10:21:59 IST" name="launchFB" finished-at="2022-03-12T10:22:03 IST" duration-ms="3664" status="PASS">
          <reporter-output>
          </reporter-output>
        </test-method> <!-- launchFB -->
        <test-method signature="flipkart()[pri:0, instance:test.Flipkart_buy_test@470734c3]" started-at="2022-03-12T10:22:03 IST" name="flipkart" finished-at="2022-03-12T10:22:05 IST" duration-ms="2492" status="PASS">
          <reporter-output>
          </reporter-output>
        </test-method> <!-- flipkart -->
        <test-method signature="profilechange()[pri:0, instance:test.Flipkart_buy_test@470734c3]" started-at="2022-03-12T10:22:05 IST" name="profilechange" finished-at="2022-03-12T10:22:17 IST" duration-ms="11463" status="FAIL">
          <exception class="org.openqa.selenium.ElementClickInterceptedException">
            <message>
              <![CDATA[element click intercepted: Element <span class="oKZoMV">...</span> is not clickable at point (564, 147). Other element would receive the click: <a title="..." class="_3QN6WI" href="/home-furnishing/bed-linen-blankets/bedsheets/pr?sid=jra,knw,qcw&amp;marketplace=FLIPKART&amp;otracker=nmenu_sub_Home%20%26%20Furniture_0_Bedsheets">Bedsheets</a>
  (Session info: chrome=99.0.4844.51)
Build info: version: '4.1.2', revision: '9a5a329c5a'
System info: host: 'DESKTOP-493EAAE', ip: '192.168.1.5', os.name: 'Windows 10', os.arch: 'amd64', os.version: '10.0', java.version: '11.0.12'
Driver info: org.openqa.selenium.chrome.ChromeDriver
Command: [539d3aba4baa7dc1ad268defa85ba429, clickElement {id=49568b20-3fc6-4db4-aebe-37ee020617a3}]
Capabilities {acceptInsecureCerts: false, browserName: chrome, browserVersion: 99.0.4844.51, chrome: {chromedriverVersion: 99.0.4844.51 (d537ec02474b5..., userDataDir: C:\Windows\TEMP\scoped_dir1...}, goog:chromeOptions: {debuggerAddress: localhost:58863}, javascriptEnabled: true, networkConnectionEnabled: false, pageLoadStrategy: normal, platform: WINDOWS, platformName: WINDOWS, proxy: Proxy(), se:cdp: ws://localhost:58863/devtoo..., se:cdpVersion: 99.0.4844.51, setWindowRect: true, strictFileInteractability: false, timeouts: {implicit: 0, pageLoad: 300000, script: 30000}, unhandledPromptBehavior: dismiss and notify, webauthn:extension:credBlob: true, webauthn:extension:largeBlob: true, webauthn:virtualAuthenticators: true}
Element: [[ChromeDriver: chrome on WINDOWS (539d3aba4baa7dc1ad268defa85ba429)] -> xpath: //span[@class='oKZoMV']]
Session ID: 539d3aba4baa7dc1ad268defa85ba429]]>
            </message>
            <full-stacktrace>
              <![CDATA[org.openqa.selenium.ElementClickInterceptedException: element click intercepted: Element <span class="oKZoMV">...</span> is not clickable at point (564, 147). Other element would receive the click: <a title="..." class="_3QN6WI" href="/home-furnishing/bed-linen-blankets/bedsheets/pr?sid=jra,knw,qcw&amp;marketplace=FLIPKART&amp;otracker=nmenu_sub_Home%20%26%20Furniture_0_Bedsheets">Bedsheets</a>
  (Session info: chrome=99.0.4844.51)
Build info: version: '4.1.2', revision: '9a5a329c5a'
System info: host: 'DESKTOP-493EAAE', ip: '192.168.1.5', os.name: 'Windows 10', os.arch: 'amd64', os.version: '10.0', java.version: '11.0.12'
Driver info: org.openqa.selenium.chrome.ChromeDriver
Command: [539d3aba4baa7dc1ad268defa85ba429, clickElement {id=49568b20-3fc6-4db4-aebe-37ee020617a3}]
Capabilities {acceptInsecureCerts: false, browserName: chrome, browserVersion: 99.0.4844.51, chrome: {chromedriverVersion: 99.0.4844.51 (d537ec02474b5..., userDataDir: C:\Windows\TEMP\scoped_dir1...}, goog:chromeOptions: {debuggerAddress: localhost:58863}, javascriptEnabled: true, networkConnectionEnabled: false, pageLoadStrategy: normal, platform: WINDOWS, platformName: WINDOWS, proxy: Proxy(), se:cdp: ws://localhost:58863/devtoo..., se:cdpVersion: 99.0.4844.51, setWindowRect: true, strictFileInteractability: false, timeouts: {implicit: 0, pageLoad: 300000, script: 30000}, unhandledPromptBehavior: dismiss and notify, webauthn:extension:credBlob: true, webauthn:extension:largeBlob: true, webauthn:virtualAuthenticators: true}
Element: [[ChromeDriver: chrome on WINDOWS (539d3aba4baa7dc1ad268defa85ba429)] -> xpath: //span[@class='oKZoMV']]
Session ID: 539d3aba4baa7dc1ad268defa85ba429
at java.base/jdk.internal.reflect.NativeConstructorAccessorImpl.newInstance0(Native Method)
at java.base/jdk.internal.reflect.NativeConstructorAccessorImpl.newInstance(NativeConstructorAccessorImpl.java:62)
at java.base/jdk.internal.reflect.DelegatingConstructorAccessorImpl.newInstance(DelegatingConstructorAccessorImpl.java:45)
at java.base/java.lang.reflect.Constructor.newInstance(Constructor.java:490)
at org.openqa.selenium.remote.codec.w3c.W3CHttpResponseCodec.createException(W3CHttpResponseCodec.java:200)
at org.openqa.selenium.remote.codec.w3c.W3CHttpResponseCodec.decode(W3CHttpResponseCodec.java:133)
at org.openqa.selenium.remote.codec.w3c.W3CHttpResponseCodec.decode(W3CHttpResponseCodec.java:53)
at org.openqa.selenium.remote.HttpCommandExecutor.execute(HttpCommandExecutor.java:184)
at org.openqa.selenium.remote.service.DriverCommandExecutor.invokeExecute(DriverCommandExecutor.java:167)
at org.openqa.selenium.remote.service.DriverCommandExecutor.execute(DriverCommandExecutor.java:142)
at org.openqa.selenium.remote.RemoteWebDriver.execute(RemoteWebDriver.java:558)
at org.openqa.selenium.remote.RemoteWebElement.execute(RemoteWebElement.java:251)
at org.openqa.selenium.remote.RemoteWebElement.click(RemoteWebElement.java:77)
at jdk.internal.reflect.GeneratedMethodAccessor1.invoke(Unknown Source)
at java.base/jdk.internal.reflect.DelegatingMethodAccessorImpl.invoke(DelegatingMethodAccessorImpl.java:43)
at java.base/java.lang.reflect.Method.invoke(Method.java:566)
at org.openqa.selenium.support.pagefactory.internal.LocatingElementHandler.invoke(LocatingElementHandler.java:52)
at com.sun.proxy.$Proxy13.click(Unknown Source)
at pages.Flipkart_buy_page.Namechange(Flipkart_buy_page.java:69)
at test.Flipkart_buy_test.profilechange(Flipkart_buy_test.java:43)
at java.base/jdk.internal.reflect.NativeMethodAccessorImpl.invoke0(Native Method)
at java.base/jdk.internal.reflect.NativeMethodAccessorImpl.invoke(NativeMethodAccessorImpl.java:62)
at java.base/jdk.internal.reflect.DelegatingMethodAccessorImpl.invoke(DelegatingMethodAccessorImpl.java:43)
at java.base/java.lang.reflect.Method.invoke(Method.java:566)
at org.testng.internal.invokers.MethodInvocationHelper.invokeMethod(MethodInvocationHelper.java:135)
at org.testng.internal.invokers.TestInvoker.invokeMethod(TestInvoker.java:673)
at org.testng.internal.invokers.TestInvoker.invokeTestMethod(TestInvoker.java:220)
at org.testng.internal.invokers.MethodRunner.runInSequence(MethodRunner.java:50)
at org.testng.internal.invokers.TestInvoker$MethodInvocationAgent.invoke(TestInvoker.java:945)
at org.testng.internal.invokers.TestInvoker.invokeTestMethods(TestInvoker.java:193)
at org.testng.internal.invokers.TestMethodWorker.invokeTestMethods(TestMethodWorker.java:146)
at org.testng.internal.invokers.TestMethodWorker.run(TestMethodWorker.java:128)
at java.base/java.util.ArrayList.forEach(ArrayList.java:1541)
at org.testng.TestRunner.privateRun(TestRunner.java:808)
at org.testng.TestRunner.run(TestRunner.java:603)
at org.testng.SuiteRunner.runTest(SuiteRunner.java:429)
at org.testng.SuiteRunner.runSequentially(SuiteRunner.java:423)
at org.testng.SuiteRunner.privateRun(SuiteRunner.java:383)
at org.testng.SuiteRunner.run(SuiteRunner.java:326)
at org.testng.SuiteRunnerWorker.runSuite(SuiteRunnerWorker.java:52)
at org.testng.SuiteRunnerWorker.run(SuiteRunnerWorker.java:95)
at org.testng.TestNG.runSuitesSequentially(TestNG.java:1249)
at org.testng.TestNG.runSuitesLocally(TestNG.java:1169)
at org.testng.TestNG.runSuites(TestNG.java:1092)
at org.testng.TestNG.run(TestNG.java:1060)
at org.apache.maven.surefire.testng.TestNGExecutor.run(TestNGExecutor.java:284)
at org.apache.maven.surefire.testng.TestNGXmlTestSuite.execute(TestNGXmlTestSuite.java:75)
at org.apache.maven.surefire.testng.TestNGProvider.invoke(TestNGProvider.java:119)
at org.apache.maven.surefire.booter.ForkedBooter.runSuitesInProcess(ForkedBooter.java:428)
at org.apache.maven.surefire.booter.ForkedBooter.execute(ForkedBooter.java:162)
at org.apache.maven.surefire.booter.ForkedBooter.run(ForkedBooter.java:562)
at org.apache.maven.surefire.booter.ForkedBooter.main(ForkedBooter.java:548)
]]>
            </full-stacktrace>
          </exception> <!-- org.openqa.selenium.ElementClickInterceptedException -->
          <reporter-output>
          </reporter-output>
        </test-method> <!-- profilechange -->
        <test-method is-config="true" signature="Teardown()[pri:0, instance:test.Flipkart_buy_test@470734c3]" started-at="2022-03-12T10:22:17 IST" name="Teardown" finished-at="2022-03-12T10:22:18 IST" duration-ms="839" status="PASS">
          <reporter-output>
          </reporter-output>
        </test-method> <!-- Teardown -->
      </class> <!-- test.Flipkart_buy_test -->
    </test> <!-- Flipkart -->
    <test started-at="2022-03-12T10:22:18 IST" name="Flipkart_Buy_product" finished-at="2022-03-12T10:22:26 IST" duration-ms="7753">
      <class name="test.Flipkart_buyproduct_test">
        <test-method is-config="true" signature="launchFB()[pri:0, instance:test.Flipkart_buyproduct_test@74ea2410]" started-at="2022-03-12T10:22:18 IST" name="launchFB" finished-at="2022-03-12T10:22:21 IST" duration-ms="3213" status="PASS">
          <reporter-output>
          </reporter-output>
        </test-method> <!-- launchFB -->
        <test-method signature="flipkart2()[pri:0, instance:test.Flipkart_buyproduct_test@74ea2410]" started-at="2022-03-12T10:22:21 IST" name="flipkart2" finished-at="2022-03-12T10:22:25 IST" duration-ms="3765" status="PASS">
          <reporter-output>
          </reporter-output>
        </test-method> <!-- flipkart2 -->
        <test-method is-config="true" signature="Teardown()[pri:0, instance:test.Flipkart_buyproduct_test@74ea2410]" started-at="2022-03-12T10:22:25 IST" name="Teardown" finished-at="2022-03-12T10:22:26 IST" duration-ms="773" status="PASS">
          <reporter-output>
          </reporter-output>
        </test-method> <!-- Teardown -->
      </class> <!-- test.Flipkart_buyproduct_test -->
    </test> <!-- Flipkart_Buy_product -->
    <test started-at="2022-03-12T10:22:26 IST" name="Makemytrip" finished-at="2022-03-12T10:22:40 IST" duration-ms="14284">
      <class name="test.Makemytrip_launch_test">
        <test-method is-config="true" signature="launchFB()[pri:0, instance:test.Makemytrip_launch_test@5d0bf09b]" started-at="2022-03-12T10:22:26 IST" name="launchFB" finished-at="2022-03-12T10:22:33 IST" duration-ms="7083" status="PASS">
          <reporter-output>
          </reporter-output>
        </test-method> <!-- launchFB -->
        <test-method signature="login()[pri:0, instance:test.Makemytrip_launch_test@5d0bf09b]" started-at="2022-03-12T10:22:33 IST" name="login" finished-at="2022-03-12T10:22:39 IST" duration-ms="6380" status="PASS">
          <reporter-output>
            <line>
              <![CDATA[adding these steps]]>
            </line>
          </reporter-output>
        </test-method> <!-- login -->
        <test-method is-config="true" signature="Teardown()[pri:0, instance:test.Makemytrip_launch_test@5d0bf09b]" started-at="2022-03-12T10:22:39 IST" name="Teardown" finished-at="2022-03-12T10:22:40 IST" duration-ms="819" status="PASS">
          <reporter-output>
          </reporter-output>
        </test-method> <!-- Teardown -->
      </class> <!-- test.Makemytrip_launch_test -->
    </test> <!-- Makemytrip -->
  </suite> <!-- Testingbaba -->
</testng-results>
