<?xml version="1.0" encoding="UTF-8"?>
<testsuite xmlns:xsi="http://www.w3.org/2001/XMLSchema-instance" xsi:noNamespaceSchemaLocation="https://maven.apache.org/surefire/maven-surefire-plugin/xsd/surefire-test-report-3.0.xsd" version="3.0" name="TestSuite" time="131.803" tests="24" errors="0" skipped="0" failures="1">
  <properties>
[...]
</properties>
  <testcase name="LaunchTestingBaba_test01" classname="test.Testingbaba_launch_test" time="0.016">
    <system-out><![CDATA[About to begin executing Class smoke
Testcase LaunchTestingBaba_test01 started successfully
Testing Baba
Testcase LaunchTestingBaba_test01 passed successfully
]]></system-out>
    <system-err><![CDATA[Starting ChromeDriver 99.0.4844.51 (d537ec02474b5afe23684e7963d538896c63ac77-refs/branch-heads/4844@{#875}) on port 50520
Only local connections are allowed.
Please see https://chromedriver.chromium.org/security-considerations for suggestions on keeping ChromeDriver safe.
ChromeDriver was started successfully.
Mar 18, 2022 2:31:33 PM org.openqa.selenium.remote.ProtocolHandshake createSession
INFO: Detected dialect: W3C
Mar 18, 2022 2:31:33 PM org.openqa.selenium.devtools.CdpVersionFinder findNearestMatch
WARNING: Unable to find an exact match for CDP version 99, so returning the closest version found: 97
Mar 18, 2022 2:31:33 PM org.openqa.selenium.devtools.CdpVersionFinder findNearestMatch
INFO: Found CDP implementation for version 99 of 97
]]></system-err>
  </testcase>
  <testcase name="TextboxTestingBaba_test01" classname="test.Testingbaba_textbox_test" time="0">
    <system-out><![CDATA[$--------------------------------------------------$
About to end executing Class smoke
About to begin executing Class Textbox
Testcase TextboxTestingBaba_test01 started successfully
Testing Baba
]]></system-out>
    <system-err><![CDATA[Starting ChromeDriver 99.0.4844.51 (d537ec02474b5afe23684e7963d538896c63ac77-refs/branch-heads/4844@{#875}) on port 59995
Only local connections are allowed.
Please see https://chromedriver.chromium.org/security-considerations for suggestions on keeping ChromeDriver safe.
ChromeDriver was started successfully.
Mar 18, 2022 2:31:38 PM org.openqa.selenium.remote.ProtocolHandshake createSession
INFO: Detected dialect: W3C
Mar 18, 2022 2:31:38 PM org.openqa.selenium.devtools.CdpVersionFinder findNearestMatch
WARNING: Unable to find an exact match for CDP version 99, so returning the closest version found: 97
Mar 18, 2022 2:31:38 PM org.openqa.selenium.devtools.CdpVersionFinder findNearestMatch
INFO: Found CDP implementation for version 99 of 97
]]></system-err>
  </testcase>
  <testcase name="TextboxTestingBaba_test02" classname="test.Testingbaba_textbox_test" time="0.048">
    <system-out><![CDATA[Testcase TextboxTestingBaba_test01 passed successfully
Testcase TextboxTestingBaba_test02 started successfully
]]></system-out>
  </testcase>
  <testcase name="TextboxTestingBaba_test03" classname="test.Testingbaba_textbox_test" time="0.682">
    <system-out><![CDATA[Testcase TextboxTestingBaba_test02 passed successfully
Testcase TextboxTestingBaba_test03 started successfully
]]></system-out>
  </testcase>
  <testcase name="TextboxTestingBaba_test04" classname="test.Testingbaba_textbox_test" time="0.11">
    <system-out><![CDATA[Testcase TextboxTestingBaba_test03 passed successfully
Testcase TextboxTestingBaba_test04 started successfully
]]></system-out>
  </testcase>
  <testcase name="ButtonsTestingBaba_test01" classname="test.Testingbaba_buttons_test" time="0.06">
    <system-out><![CDATA[Testcase TextboxTestingBaba_test04 passed successfully
$--------------------------------------------------$
About to end executing Class Textbox
About to begin executing Class buttons
Testcase ButtonsTestingBaba_test01 started successfully
Testcase ButtonsTestingBaba_test01 passed successfully
]]></system-out>
    <system-err><![CDATA[Starting ChromeDriver 99.0.4844.51 (d537ec02474b5afe23684e7963d538896c63ac77-refs/branch-heads/4844@{#875}) on port 49256
Only local connections are allowed.
Please see https://chromedriver.chromium.org/security-considerations for suggestions on keeping ChromeDriver safe.
ChromeDriver was started successfully.
Mar 18, 2022 2:31:45 PM org.openqa.selenium.remote.ProtocolHandshake createSession
INFO: Detected dialect: W3C
Mar 18, 2022 2:31:45 PM org.openqa.selenium.devtools.CdpVersionFinder findNearestMatch
WARNING: Unable to find an exact match for CDP version 99, so returning the closest version found: 97
Mar 18, 2022 2:31:45 PM org.openqa.selenium.devtools.CdpVersionFinder findNearestMatch
INFO: Found CDP implementation for version 99 of 97
]]></system-err>
  </testcase>
  <testcase name="ButtonsTestingBaba_test02" classname="test.Testingbaba_buttons_test" time="0.655">
    <system-out><![CDATA[Testcase ButtonsTestingBaba_test02 started successfully
Testcase ButtonsTestingBaba_test02 passed successfully
]]></system-out>
  </testcase>
  <testcase name="ButtonsTestingBaba_test03" classname="test.Testingbaba_buttons_test" time="0.2">
    <system-out><![CDATA[Testcase ButtonsTestingBaba_test03 started successfully
Testcase ButtonsTestingBaba_test03 passed successfully
]]></system-out>
  </testcase>
  <testcase name="CheckboxTestingBaba_test01" classname="test.Testingbaba_checkbox_test" time="0.04">
    <system-out><![CDATA[$--------------------------------------------------$
About to end executing Class buttons
About to begin executing Class checkbox
Testcase CheckboxTestingBaba_test01 started successfully
Testcase CheckboxTestingBaba_test01 passed successfully
]]></system-out>
    <system-err><![CDATA[Starting ChromeDriver 99.0.4844.51 (d537ec02474b5afe23684e7963d538896c63ac77-refs/branch-heads/4844@{#875}) on port 53265
Only local connections are allowed.
Please see https://chromedriver.chromium.org/security-considerations for suggestions on keeping ChromeDriver safe.
ChromeDriver was started successfully.
Mar 18, 2022 2:31:53 PM org.openqa.selenium.remote.ProtocolHandshake createSession
INFO: Detected dialect: W3C
Mar 18, 2022 2:31:53 PM org.openqa.selenium.devtools.CdpVersionFinder findNearestMatch
WARNING: Unable to find an exact match for CDP version 99, so returning the closest version found: 97
Mar 18, 2022 2:31:53 PM org.openqa.selenium.devtools.CdpVersionFinder findNearestMatch
INFO: Found CDP implementation for version 99 of 97
]]></system-err>
  </testcase>
  <testcase name="CheckboxTestingBaba_test02" classname="test.Testingbaba_checkbox_test" time="0.142">
    <system-out><![CDATA[Testcase CheckboxTestingBaba_test02 started successfully
Testcase CheckboxTestingBaba_test02 passed successfully
]]></system-out>
  </testcase>
  <testcase name="CheckboxTestingBaba_test03" classname="test.Testingbaba_checkbox_test" time="1.387">
    <system-out><![CDATA[Testcase CheckboxTestingBaba_test03 started successfully
You are selected Mobile
You are Selected Laptop
Testcase CheckboxTestingBaba_test03 passed successfully
]]></system-out>
  </testcase>
  <testcase name="DropdownTestingBaba_test01" classname="test.Testingbaba_dropdown_test" time="1.953">
    <system-out><![CDATA[$--------------------------------------------------$
About to end executing Class checkbox
About to begin executing Class dropdown
Testcase DropdownTestingBaba_test01 started successfully
Testcase DropdownTestingBaba_test01 passed successfully
]]></system-out>
    <system-err><![CDATA[Starting ChromeDriver 99.0.4844.51 (d537ec02474b5afe23684e7963d538896c63ac77-refs/branch-heads/4844@{#875}) on port 54922
Only local connections are allowed.
Please see https://chromedriver.chromium.org/security-considerations for suggestions on keeping ChromeDriver safe.
ChromeDriver was started successfully.
Mar 18, 2022 2:32:00 PM org.openqa.selenium.remote.ProtocolHandshake createSession
INFO: Detected dialect: W3C
Mar 18, 2022 2:32:00 PM org.openqa.selenium.devtools.CdpVersionFinder findNearestMatch
WARNING: Unable to find an exact match for CDP version 99, so returning the closest version found: 97
Mar 18, 2022 2:32:00 PM org.openqa.selenium.devtools.CdpVersionFinder findNearestMatch
INFO: Found CDP implementation for version 99 of 97
]]></system-err>
  </testcase>
  <testcase name="LinksTestingBaba_test01" classname="test.Testingbaba_links_test" time="0.036">
    <system-out><![CDATA[$--------------------------------------------------$
About to end executing Class dropdown
About to begin executing Class links
Testcase LinksTestingBaba_test01 started successfully
Testcase LinksTestingBaba_test01 passed successfully
]]></system-out>
    <system-err><![CDATA[Starting ChromeDriver 99.0.4844.51 (d537ec02474b5afe23684e7963d538896c63ac77-refs/branch-heads/4844@{#875}) on port 63355
Only local connections are allowed.
Please see https://chromedriver.chromium.org/security-considerations for suggestions on keeping ChromeDriver safe.
ChromeDriver was started successfully.
Mar 18, 2022 2:32:07 PM org.openqa.selenium.remote.ProtocolHandshake createSession
INFO: Detected dialect: W3C
Mar 18, 2022 2:32:07 PM org.openqa.selenium.devtools.CdpVersionFinder findNearestMatch
WARNING: Unable to find an exact match for CDP version 99, so returning the closest version found: 97
Mar 18, 2022 2:32:07 PM org.openqa.selenium.devtools.CdpVersionFinder findNearestMatch
INFO: Found CDP implementation for version 99 of 97
]]></system-err>
  </testcase>
  <testcase name="LinksTestingBaba_test02" classname="test.Testingbaba_links_test" time="2.162">
    <system-out><![CDATA[Testcase LinksTestingBaba_test02 started successfully
Testcase LinksTestingBaba_test02 passed successfully
]]></system-out>
  </testcase>
  <testcase name="RadioButtonTestingBaba_test01" classname="test.Testingbaba_radio_test" time="1.888">
    <system-out><![CDATA[$--------------------------------------------------$
About to end executing Class links
About to begin executing Class radio
Testcase RadioButtonTestingBaba_test01 started successfully
Testcase RadioButtonTestingBaba_test01 passed successfully
]]></system-out>
    <system-err><![CDATA[Starting ChromeDriver 99.0.4844.51 (d537ec02474b5afe23684e7963d538896c63ac77-refs/branch-heads/4844@{#875}) on port 60027
Only local connections are allowed.
Please see https://chromedriver.chromium.org/security-considerations for suggestions on keeping ChromeDriver safe.
ChromeDriver was started successfully.
Mar 18, 2022 2:32:16 PM org.openqa.selenium.remote.ProtocolHandshake createSession
INFO: Detected dialect: W3C
Mar 18, 2022 2:32:16 PM org.openqa.selenium.devtools.CdpVersionFinder findNearestMatch
WARNING: Unable to find an exact match for CDP version 99, so returning the closest version found: 97
Mar 18, 2022 2:32:16 PM org.openqa.selenium.devtools.CdpVersionFinder findNearestMatch
INFO: Found CDP implementation for version 99 of 97
]]></system-err>
  </testcase>
  <testcase name="AutocompleteTestingBaba_test01" classname="test.Testingbaba_autocomplete_test" time="0.042">
    <system-out><![CDATA[$--------------------------------------------------$
About to end executing Class radio
About to begin executing Class autocomplete
Testcase AutocompleteTestingBaba_test01 started successfully
Testcase AutocompleteTestingBaba_test01 passed successfully
]]></system-out>
    <system-err><![CDATA[Starting ChromeDriver 99.0.4844.51 (d537ec02474b5afe23684e7963d538896c63ac77-refs/branch-heads/4844@{#875}) on port 53891
Only local connections are allowed.
Please see https://chromedriver.chromium.org/security-considerations for suggestions on keeping ChromeDriver safe.
ChromeDriver was started successfully.
Mar 18, 2022 2:32:23 PM org.openqa.selenium.remote.ProtocolHandshake createSession
INFO: Detected dialect: W3C
Mar 18, 2022 2:32:23 PM org.openqa.selenium.devtools.CdpVersionFinder findNearestMatch
WARNING: Unable to find an exact match for CDP version 99, so returning the closest version found: 97
Mar 18, 2022 2:32:23 PM org.openqa.selenium.devtools.CdpVersionFinder findNearestMatch
INFO: Found CDP implementation for version 99 of 97
]]></system-err>
  </testcase>
  <testcase name="AutocompleteTestingBaba_test02" classname="test.Testingbaba_autocomplete_test" time="1.053">
    <system-out><![CDATA[Testcase AutocompleteTestingBaba_test02 started successfully
Testcase AutocompleteTestingBaba_test02 passed successfully
]]></system-out>
  </testcase>
  <testcase name="AutocompleteTestingBaba_test03" classname="test.Testingbaba_autocomplete_test" time="2.256">
    <system-out><![CDATA[Testcase AutocompleteTestingBaba_test03 started successfully
Testcase AutocompleteTestingBaba_test03 passed successfully
]]></system-out>
  </testcase>
  <testcase name="WebTablesTestingBaba_test01" classname="test.Testingbaba_webtables_test" time="3.307">
    <system-out><![CDATA[$--------------------------------------------------$
About to end executing Class autocomplete
About to begin executing Class Webtable
Testcase WebTablesTestingBaba_test01 started successfully
shivam dubey dubeyshivam890@gmail.com
sonu kumar sonukumar4@gmail.com
salman khan salmankhan4@gmail.com
sharukh khan salmankhan4@gmail.com
ravi kumar ravi45@gmail.com
atul gogal atul353535@gmail.com
ajay bhai ajay4545@gmail.com
Testcase WebTablesTestingBaba_test01 passed successfully
]]></system-out>
    <system-err><![CDATA[Starting ChromeDriver 99.0.4844.51 (d537ec02474b5afe23684e7963d538896c63ac77-refs/branch-heads/4844@{#875}) on port 53888
Only local connections are allowed.
Please see https://chromedriver.chromium.org/security-considerations for suggestions on keeping ChromeDriver safe.
ChromeDriver was started successfully.
Mar 18, 2022 2:32:33 PM org.openqa.selenium.remote.ProtocolHandshake createSession
INFO: Detected dialect: W3C
Mar 18, 2022 2:32:33 PM org.openqa.selenium.devtools.CdpVersionFinder findNearestMatch
WARNING: Unable to find an exact match for CDP version 99, so returning the closest version found: 97
Mar 18, 2022 2:32:33 PM org.openqa.selenium.devtools.CdpVersionFinder findNearestMatch
INFO: Found CDP implementation for version 99 of 97
]]></system-err>
  </testcase>
  <testcase name="FlipkartLogin_Test01" classname="test.Flipkart_buy_test" time="2.358">
    <system-out><![CDATA[$--------------------------------------------------$
About to end executing Class Webtable
About to begin executing Class Flipkart
Testcase FlipkartLogin_Test01 started successfully
Testcase FlipkartLogin_Test01 passed successfully
]]></system-out>
    <system-err><![CDATA[Starting ChromeDriver 99.0.4844.51 (d537ec02474b5afe23684e7963d538896c63ac77-refs/branch-heads/4844@{#875}) on port 56508
Only local connections are allowed.
Please see https://chromedriver.chromium.org/security-considerations for suggestions on keeping ChromeDriver safe.
ChromeDriver was started successfully.
Mar 18, 2022 2:32:43 PM org.openqa.selenium.remote.ProtocolHandshake createSession
INFO: Detected dialect: W3C
Mar 18, 2022 2:32:43 PM org.openqa.selenium.devtools.CdpVersionFinder findNearestMatch
WARNING: Unable to find an exact match for CDP version 99, so returning the closest version found: 97
Mar 18, 2022 2:32:43 PM org.openqa.selenium.devtools.CdpVersionFinder findNearestMatch
INFO: Found CDP implementation for version 99 of 97
]]></system-err>
  </testcase>
  <testcase name="FlipkartProfileChange_Test02" classname="test.Flipkart_buy_test" time="19.208">
    <system-out><![CDATA[Testcase FlipkartProfileChange_Test02 started successfully
Testcase FlipkartProfileChange_Test02 passed successfully
]]></system-out>
  </testcase>
  <testcase name="FlipkartLoginInvalidCred_Test01" classname="test.Flipkart_buyproduct_test" time="2.808">
    <system-out><![CDATA[$--------------------------------------------------$
About to end executing Class Flipkart
About to begin executing Class Flipkart_Buy_product
Testcase FlipkartLoginInvalidCred_Test01 started successfully
Iphone- Buy Products Online at Best Price in India - All Categories | Flipkart.com
Testcase FlipkartLoginInvalidCred_Test01 passed successfully
]]></system-out>
    <system-err><![CDATA[Starting ChromeDriver 99.0.4844.51 (d537ec02474b5afe23684e7963d538896c63ac77-refs/branch-heads/4844@{#875}) on port 54226
Only local connections are allowed.
Please see https://chromedriver.chromium.org/security-considerations for suggestions on keeping ChromeDriver safe.
ChromeDriver was started successfully.
Mar 18, 2022 2:33:08 PM org.openqa.selenium.remote.ProtocolHandshake createSession
INFO: Detected dialect: W3C
Mar 18, 2022 2:33:08 PM org.openqa.selenium.devtools.CdpVersionFinder findNearestMatch
WARNING: Unable to find an exact match for CDP version 99, so returning the closest version found: 97
Mar 18, 2022 2:33:08 PM org.openqa.selenium.devtools.CdpVersionFinder findNearestMatch
INFO: Found CDP implementation for version 99 of 97
]]></system-err>
  </testcase>
  <testcase name="MakemyTripSendValidNumber_Test01" classname="test.Makemytrip_launch_test" time="10.207">
    <failure message="no such element: Unable to locate element: {&quot;method&quot;:&quot;xpath&quot;,&quot;selector&quot;:&quot;//span[@class=&apos;langCardClose&apos;]&quot;}&#10;  (Session info: chrome=99.0.4844.74)&#10;For documentation on this error, please visit: https://selenium.dev/exceptions/#no_such_element&#10;Build info: version: &apos;4.1.2&apos;, revision: &apos;9a5a329c5a&apos;&#10;System info: host: &apos;DESKTOP-493EAAE&apos;, ip: &apos;192.168.1.2&apos;, os.name: &apos;Windows 10&apos;, os.arch: &apos;amd64&apos;, os.version: &apos;10.0&apos;, java.version: &apos;11.0.12&apos;&#10;Driver info: org.openqa.selenium.chrome.ChromeDriver&#10;Command: [fc780b681966d72af3b6faf4276d86dd, findElement {using=xpath, value=//span[@class=&apos;langCardClose&apos;]}]&#10;Capabilities {acceptInsecureCerts: false, browserName: chrome, browserVersion: 99.0.4844.74, chrome: {chromedriverVersion: 99.0.4844.51 (d537ec02474b5..., userDataDir: C:\Users\dubey\AppData\Loca...}, goog:chromeOptions: {debuggerAddress: localhost:53985}, javascriptEnabled: true, networkConnectionEnabled: false, pageLoadStrategy: normal, platform: WINDOWS, platformName: WINDOWS, proxy: Proxy(), se:cdp: ws://localhost:53985/devtoo..., se:cdpVersion: 99.0.4844.74, setWindowRect: true, strictFileInteractability: false, timeouts: {implicit: 0, pageLoad: 300000, script: 30000}, unhandledPromptBehavior: dismiss and notify, webauthn:extension:credBlob: true, webauthn:extension:largeBlob: true, webauthn:virtualAuthenticators: true}&#10;Session ID: fc780b681966d72af3b6faf4276d86dd" type="org.openqa.selenium.NoSuchElementException"><![CDATA[org.openqa.selenium.NoSuchElementException: 
no such element: Unable to locate element: {"method":"xpath","selector":"//span[@class='langCardClose']"}
  (Session info: chrome=99.0.4844.74)
For documentation on this error, please visit: https://selenium.dev/exceptions/#no_such_element
Build info: version: '4.1.2', revision: '9a5a329c5a'
System info: host: 'DESKTOP-493EAAE', ip: '192.168.1.2', os.name: 'Windows 10', os.arch: 'amd64', os.version: '10.0', java.version: '11.0.12'
Driver info: org.openqa.selenium.chrome.ChromeDriver
Command: [fc780b681966d72af3b6faf4276d86dd, findElement {using=xpath, value=//span[@class='langCardClose']}]
Capabilities {acceptInsecureCerts: false, browserName: chrome, browserVersion: 99.0.4844.74, chrome: {chromedriverVersion: 99.0.4844.51 (d537ec02474b5..., userDataDir: C:\Users\dubey\AppData\Loca...}, goog:chromeOptions: {debuggerAddress: localhost:53985}, javascriptEnabled: true, networkConnectionEnabled: false, pageLoadStrategy: normal, platform: WINDOWS, platformName: WINDOWS, proxy: Proxy(), se:cdp: ws://localhost:53985/devtoo..., se:cdpVersion: 99.0.4844.74, setWindowRect: true, strictFileInteractability: false, timeouts: {implicit: 0, pageLoad: 300000, script: 30000}, unhandledPromptBehavior: dismiss and notify, webauthn:extension:credBlob: true, webauthn:extension:largeBlob: true, webauthn:virtualAuthenticators: true}
Session ID: fc780b681966d72af3b6faf4276d86dd
	at test.Makemytrip_launch_test.MakemyTripSendValidNumber_Test01(Makemytrip_launch_test.java:31)
]]></failure>
    <system-out><![CDATA[$--------------------------------------------------$
About to end executing Class Flipkart_Buy_product
About to begin executing Class Makemytrip
Testcase MakemyTripSendValidNumber_Test01 started successfully
Testcase MakemyTripSendValidNumber_Test01 failed
]]></system-out>
    <system-err><![CDATA[Starting ChromeDriver 99.0.4844.51 (d537ec02474b5afe23684e7963d538896c63ac77-refs/branch-heads/4844@{#875}) on port 58810
Only local connections are allowed.
Please see https://chromedriver.chromium.org/security-considerations for suggestions on keeping ChromeDriver safe.
ChromeDriver was started successfully.
Mar 18, 2022 2:33:16 PM org.openqa.selenium.remote.ProtocolHandshake createSession
INFO: Detected dialect: W3C
Mar 18, 2022 2:33:16 PM org.openqa.selenium.devtools.CdpVersionFinder findNearestMatch
WARNING: Unable to find an exact match for CDP version 99, so returning the closest version found: 97
Mar 18, 2022 2:33:16 PM org.openqa.selenium.devtools.CdpVersionFinder findNearestMatch
INFO: Found CDP implementation for version 99 of 97
java.nio.file.AccessDeniedException: C:\Users\dubey\AppData\Local\Temp\screenshot2152434601572124822.png -> C:\screenshotTest\MakemyTripSendValidNumber_Test01screenshot.jpeg
	at java.base/sun.nio.fs.WindowsException.translateToIOException(WindowsException.java:89)
	at java.base/sun.nio.fs.WindowsException.rethrowAsIOException(WindowsException.java:103)
	at java.base/sun.nio.fs.WindowsFileCopy.copy(WindowsFileCopy.java:202)
	at java.base/sun.nio.fs.WindowsFileSystemProvider.copy(WindowsFileSystemProvider.java:283)
	at java.base/java.nio.file.Files.copy(Files.java:1295)
	at org.apache.commons.io.FileUtils.copyFile(FileUtils.java:850)
	at org.apache.commons.io.FileUtils.copyFile(FileUtils.java:756)
	at baselibrary.Baselibrary.getScreenshot(Baselibrary.java:127)
	at listeners.Listners.onTestFailure(Listners.java:34)
	at org.testng.internal.TestListenerHelper.runTestListeners(TestListenerHelper.java:99)
	at org.testng.internal.invokers.TestInvoker.runTestResultListener(TestInvoker.java:276)
	at org.testng.internal.invokers.TestInvoker.invokeMethod(TestInvoker.java:744)
	at org.testng.internal.invokers.TestInvoker.invokeTestMethod(TestInvoker.java:220)
	at org.testng.internal.invokers.MethodRunner.runInSequence(MethodRunner.java:50)
	at org.testng.internal.invokers.TestInvoker$MethodInvocationAgent.invoke(TestInvoker.java:945)
	at org.testng.internal.invokers.TestInvoker.invokeTestMethods(TestInvoker.java:193)
	at org.testng.internal.invokers.TestMethodWorker.invokeTestMethods(TestMethodWorker.java:146)
	at org.testng.internal.invokers.TestMethodWorker.run(TestMethodWorker.java:128)
	at java.base/java.util.ArrayList.forEach(ArrayList.java:1541)
	at org.testng.TestRunner.privateRun(TestRunner.java:808)
	at org.testng.TestRunner.run(TestRunner.java:603)
	at org.testng.SuiteRunner.runTest(SuiteRunner.java:429)
	at org.testng.SuiteRunner.runSequentially(SuiteRunner.java:423)
	at org.testng.SuiteRunner.privateRun(SuiteRunner.java:383)
	at org.testng.SuiteRunner.run(SuiteRunner.java:326)
	at org.testng.SuiteRunnerWorker.runSuite(SuiteRunnerWorker.java:52)
	at org.testng.SuiteRunnerWorker.run(SuiteRunnerWorker.java:95)
	at org.testng.TestNG.runSuitesSequentially(TestNG.java:1249)
	at org.testng.TestNG.runSuitesLocally(TestNG.java:1169)
	at org.testng.TestNG.runSuites(TestNG.java:1092)
	at org.testng.TestNG.run(TestNG.java:1060)
	at org.apache.maven.surefire.testng.TestNGExecutor.run(TestNGExecutor.java:284)
	at org.apache.maven.surefire.testng.TestNGXmlTestSuite.execute(TestNGXmlTestSuite.java:75)
	at org.apache.maven.surefire.testng.TestNGProvider.invoke(TestNGProvider.java:119)
	at org.apache.maven.surefire.booter.ForkedBooter.runSuitesInProcess(ForkedBooter.java:428)
	at org.apache.maven.surefire.booter.ForkedBooter.execute(ForkedBooter.java:162)
	at org.apache.maven.surefire.booter.ForkedBooter.run(ForkedBooter.java:562)
	at org.apache.maven.surefire.booter.ForkedBooter.main(ForkedBooter.java:548)
]]></system-err>
  </testcase>
  <testcase name="MakemyTripSendINValidNumber_Test02" classname="test.Makemytrip_launch_test" time="10.022">
    <system-out><![CDATA[Testcase MakemyTripSendINValidNumber_Test02 started successfully
Incomplete phone number, please check
MakeMyTrip - #1 Travel Website 50% OFF on Hotels, Flights & Holiday
Testcase MakemyTripSendINValidNumber_Test02 passed successfully
]]></system-out>
  </testcase>
</testsuite>