<?xml version="1.0" encoding="UTF-8"?>
<testsuite xmlns:xsi="http://www.w3.org/2001/XMLSchema-instance" xsi:schemaLocation="https://maven.apache.org/surefire/maven-surefire-plugin/xsd/surefire-test-report.xsd" name="TestSuite" time="303.446" tests="24" errors="0" skipped="0" failures="0">
  <properties>
[...]
</properties>
  <testcase name="LaunchTestingBaba_test01" classname="testingbaba.Testingbaba_launch_test" time="0.029"/>
  <testcase name="TextboxTestingBaba_test01" classname="testingbaba.Testingbaba_textbox_test" time="0.024"/>
  <testcase name="TextboxTestingBaba_test02" classname="testingbaba.Testingbaba_textbox_test" time="0.211"/>
  <testcase name="TextboxTestingBaba_test03" classname="testingbaba.Testingbaba_textbox_test" time="1.086"/>
  <testcase name="TextboxTestingBaba_test04" classname="testingbaba.Testingbaba_textbox_test" time="0.234"/>
  <testcase name="ButtonsTestingBaba_test01" classname="testingbaba.Testingbaba_buttons_test" time="2.109"/>
  <testcase name="ButtonsTestingBaba_test02" classname="testingbaba.Testingbaba_buttons_test" time="0.502"/>
  <testcase name="ButtonsTestingBaba_test03" classname="testingbaba.Testingbaba_buttons_test" time="0.302"/>
  <testcase name="CheckboxTestingBaba_test01" classname="testingbaba.Testingbaba_checkbox_test" time="0.236"/>
  <testcase name="CheckboxTestingBaba_test02" classname="testingbaba.Testingbaba_checkbox_test" time="4.257"/>
  <testcase name="CheckboxTestingBaba_test03" classname="testingbaba.Testingbaba_checkbox_test" time="6.886"/>
  <testcase name="DropdownTestingBaba_test01" classname="testingbaba.Testingbaba_dropdown_test" time="2.447"/>
  <testcase name="LinksTestingBaba_test01" classname="testingbaba.Testingbaba_links_test" time="0.121"/>
  <testcase name="LinksTestingBaba_test02" classname="testingbaba.Testingbaba_links_test" time="2.668"/>
  <testcase name="RadioButtonTestingBaba_test01" classname="testingbaba.Testingbaba_radio_test" time="4.673"/>
  <testcase name="AutocompleteTestingBaba_test01" classname="testingbaba.Testingbaba_autocomplete_test" time="0.466"/>
  <testcase name="AutocompleteTestingBaba_test02" classname="testingbaba.Testingbaba_autocomplete_test" time="1.782"/>
  <testcase name="AutocompleteTestingBaba_test03" classname="testingbaba.Testingbaba_autocomplete_test" time="2.504"/>
  <testcase name="WebTablesTestingBaba_test01" classname="testingbaba.Testingbaba_webtables_test" time="29.063"/>
  <testcase name="FlipkartLogin_Test01" classname="flipkart.Flipkart_buy_test" time="3.044"/>
  <testcase name="FlipkartProfileChange_Test02" classname="flipkart.Flipkart_buy_test" time="23.183"/>
  <testcase name="FlipkartLoginInvalidCred_Test01" classname="flipkart.Flipkart_buyproduct_test" time="6.577"/>
  <testcase name="MakemyTripSendValidNumber_Test01" classname="makemytrip.Makemytrip_launch_test" time="5.092"/>
  <testcase name="MakemyTripSendINValidNumber_Test02" classname="makemytrip.Makemytrip_launch_test" time="11.5"/>
</testsuite>