<?xml version="1.0" encoding="UTF-8"?>
<testng-results ignored="0" total="24" passed="24" failed="0" skipped="0">
  <reporter-output>
    <line>
      <![CDATA[About to begin executing Class smoke]]>
    </line>
    <line>
      <![CDATA[Testcase LaunchTestingBaba_test01 started successfully]]>
    </line>
    <line>
      <![CDATA[Testcase LaunchTestingBaba_test01 passed successfully]]>
    </line>
    <line>
      <![CDATA[About to end executing Class smoke]]>
    </line>
    <line>
      <![CDATA[About to begin executing Class Textbox]]>
    </line>
    <line>
      <![CDATA[Testcase TextboxTestingBaba_test01 started successfully]]>
    </line>
    <line>
      <![CDATA[inside test01]]>
    </line>
    <line>
      <![CDATA[Testcase TextboxTestingBaba_test01 passed successfully]]>
    </line>
    <line>
      <![CDATA[Testcase TextboxTestingBaba_test02 started successfully]]>
    </line>
    <line>
      <![CDATA[inside test01]]>
    </line>
    <line>
      <![CDATA[Testcase TextboxTestingBaba_test02 passed successfully]]>
    </line>
    <line>
      <![CDATA[Testcase TextboxTestingBaba_test03 started successfully]]>
    </line>
    <line>
      <![CDATA[inside test01]]>
    </line>
    <line>
      <![CDATA[Testcase TextboxTestingBaba_test03 passed successfully]]>
    </line>
    <line>
      <![CDATA[Testcase TextboxTestingBaba_test04 started successfully]]>
    </line>
    <line>
      <![CDATA[inside test01]]>
    </line>
    <line>
      <![CDATA[Testcase TextboxTestingBaba_test04 passed successfully]]>
    </line>
    <line>
      <![CDATA[About to end executing Class Textbox]]>
    </line>
    <line>
      <![CDATA[About to begin executing Class buttons]]>
    </line>
    <line>
      <![CDATA[Testcase ButtonsTestingBaba_test01 started successfully]]>
    </line>
    <line>
      <![CDATA[Testcase ButtonsTestingBaba_test01 passed successfully]]>
    </line>
    <line>
      <![CDATA[Testcase ButtonsTestingBaba_test02 started successfully]]>
    </line>
    <line>
      <![CDATA[Testcase ButtonsTestingBaba_test02 passed successfully]]>
    </line>
    <line>
      <![CDATA[Testcase ButtonsTestingBaba_test03 started successfully]]>
    </line>
    <line>
      <![CDATA[Testcase ButtonsTestingBaba_test03 passed successfully]]>
    </line>
    <line>
      <![CDATA[About to end executing Class buttons]]>
    </line>
    <line>
      <![CDATA[About to begin executing Class checkbox]]>
    </line>
    <line>
      <![CDATA[Testcase CheckboxTestingBaba_test01 started successfully]]>
    </line>
    <line>
      <![CDATA[Testcase CheckboxTestingBaba_test01 passed successfully]]>
    </line>
    <line>
      <![CDATA[Testcase CheckboxTestingBaba_test02 started successfully]]>
    </line>
    <line>
      <![CDATA[Testcase CheckboxTestingBaba_test02 passed successfully]]>
    </line>
    <line>
      <![CDATA[Testcase CheckboxTestingBaba_test03 started successfully]]>
    </line>
    <line>
      <![CDATA[Testcase CheckboxTestingBaba_test03 passed successfully]]>
    </line>
    <line>
      <![CDATA[About to end executing Class checkbox]]>
    </line>
    <line>
      <![CDATA[About to begin executing Class dropdown]]>
    </line>
    <line>
      <![CDATA[Testcase DropdownTestingBaba_test01 started successfully]]>
    </line>
    <line>
      <![CDATA[Testcase DropdownTestingBaba_test01 passed successfully]]>
    </line>
    <line>
      <![CDATA[About to end executing Class dropdown]]>
    </line>
    <line>
      <![CDATA[About to begin executing Class links]]>
    </line>
    <line>
      <![CDATA[Testcase LinksTestingBaba_test01 started successfully]]>
    </line>
    <line>
      <![CDATA[Testcase LinksTestingBaba_test01 passed successfully]]>
    </line>
    <line>
      <![CDATA[Testcase LinksTestingBaba_test02 started successfully]]>
    </line>
    <line>
      <![CDATA[Testcase LinksTestingBaba_test02 passed successfully]]>
    </line>
    <line>
      <![CDATA[About to end executing Class links]]>
    </line>
    <line>
      <![CDATA[About to begin executing Class radio]]>
    </line>
    <line>
      <![CDATA[Testcase RadioButtonTestingBaba_test01 started successfully]]>
    </line>
    <line>
      <![CDATA[Testcase RadioButtonTestingBaba_test01 passed successfully]]>
    </line>
    <line>
      <![CDATA[About to end executing Class radio]]>
    </line>
    <line>
      <![CDATA[About to begin executing Class autocomplete]]>
    </line>
    <line>
      <![CDATA[Testcase AutocompleteTestingBaba_test01 started successfully]]>
    </line>
    <line>
      <![CDATA[Testcase AutocompleteTestingBaba_test01 passed successfully]]>
    </line>
    <line>
      <![CDATA[Testcase AutocompleteTestingBaba_test02 started successfully]]>
    </line>
    <line>
      <![CDATA[Testcase AutocompleteTestingBaba_test02 passed successfully]]>
    </line>
    <line>
      <![CDATA[Testcase AutocompleteTestingBaba_test03 started successfully]]>
    </line>
    <line>
      <![CDATA[Testcase AutocompleteTestingBaba_test03 passed successfully]]>
    </line>
    <line>
      <![CDATA[About to end executing Class autocomplete]]>
    </line>
    <line>
      <![CDATA[About to begin executing Class Webtable]]>
    </line>
    <line>
      <![CDATA[Testcase WebTablesTestingBaba_test01 started successfully]]>
    </line>
    <line>
      <![CDATA[Testcase WebTablesTestingBaba_test01 passed successfully]]>
    </line>
    <line>
      <![CDATA[About to end executing Class Webtable]]>
    </line>
    <line>
      <![CDATA[About to begin executing Class Flipkart]]>
    </line>
    <line>
      <![CDATA[Testcase FlipkartLogin_Test01 started successfully]]>
    </line>
    <line>
      <![CDATA[Testcase FlipkartLogin_Test01 passed successfully]]>
    </line>
    <line>
      <![CDATA[Testcase FlipkartProfileChange_Test02 started successfully]]>
    </line>
    <line>
      <![CDATA[Testcase FlipkartProfileChange_Test02 passed successfully]]>
    </line>
    <line>
      <![CDATA[About to end executing Class Flipkart]]>
    </line>
    <line>
      <![CDATA[About to begin executing Class Flipkart_Buy_product]]>
    </line>
    <line>
      <![CDATA[Testcase FlipkartLoginInvalidCred_Test01 started successfully]]>
    </line>
    <line>
      <![CDATA[Testcase FlipkartLoginInvalidCred_Test01 passed successfully]]>
    </line>
    <line>
      <![CDATA[About to end executing Class Flipkart_Buy_product]]>
    </line>
    <line>
      <![CDATA[About to begin executing Class Makemytrip]]>
    </line>
    <line>
      <![CDATA[Testcase MakemyTripSendValidNumber_Test01 started successfully]]>
    </line>
    <line>
      <![CDATA[Testcase MakemyTripSendValidNumber_Test01 passed successfully]]>
    </line>
    <line>
      <![CDATA[Testcase MakemyTripSendINValidNumber_Test02 started successfully]]>
    </line>
    <line>
      <![CDATA[Testcase MakemyTripSendINValidNumber_Test02 passed successfully]]>
    </line>
  </reporter-output>
  <suite started-at="2022-03-18T20:54:53 IST" name="Testingbaba" finished-at="2022-03-18T20:58:20 IST" duration-ms="207030">
    <groups>
    </groups>
    <test started-at="2022-03-18T20:54:53 IST" name="smoke" finished-at="2022-03-18T20:55:00 IST" duration-ms="7295">
      <class name="test.Testingbaba_launch_test">
        <test-method is-config="true" signature="launchtestingbaba()[pri:0, instance:test.Testingbaba_launch_test@736caf7a]" started-at="2022-03-18T20:54:53 IST" name="launchtestingbaba" finished-at="2022-03-18T20:55:00 IST" duration-ms="6970" status="PASS">
          <reporter-output>
          </reporter-output>
        </test-method> <!-- launchtestingbaba -->
        <test-method signature="LaunchTestingBaba_test01()[pri:0, instance:test.Testingbaba_launch_test@736caf7a]" started-at="2022-03-18T20:55:00 IST" name="LaunchTestingBaba_test01" finished-at="2022-03-18T20:55:00 IST" duration-ms="28" status="PASS">
          <reporter-output>
            <line>
              <![CDATA[Testcase LaunchTestingBaba_test01 started successfully]]>
            </line>
            <line>
              <![CDATA[Testcase LaunchTestingBaba_test01 passed successfully]]>
            </line>
          </reporter-output>
        </test-method> <!-- LaunchTestingBaba_test01 -->
        <test-method is-config="true" signature="analysis(org.testng.ITestResult)[pri:0, instance:test.Testingbaba_launch_test@736caf7a]" started-at="2022-03-18T20:55:00 IST" name="analysis" finished-at="2022-03-18T20:55:00 IST" duration-ms="1" status="PASS">
          <params>
            <param index="0">
              <value>
                <![CDATA[[TestResult name=LaunchTestingBaba_test01 status=SUCCESS method=Testingbaba_launch_test.LaunchTestingBaba_test01()[pri:0, instance:test.Testingbaba_launch_test@736caf7a] output=Testcase LaunchTestingBaba_test01 started successfully]]]>
              </value>
            </param>
          </params>
          <reporter-output>
          </reporter-output>
        </test-method> <!-- analysis -->
        <test-method is-config="true" signature="Teardown()[pri:0, instance:test.Testingbaba_launch_test@736caf7a]" started-at="2022-03-18T20:55:00 IST" name="Teardown" finished-at="2022-03-18T20:55:00 IST" duration-ms="245" status="PASS">
          <reporter-output>
          </reporter-output>
        </test-method> <!-- Teardown -->
      </class> <!-- test.Testingbaba_launch_test -->
    </test> <!-- smoke -->
    <test started-at="2022-03-18T20:55:00 IST" name="Textbox" finished-at="2022-03-18T20:55:07 IST" duration-ms="6561">
      <class name="test.Testingbaba_textbox_test">
        <test-method is-config="true" signature="launchtestingbaba()[pri:0, instance:test.Testingbaba_textbox_test@5fe1ce85]" started-at="2022-03-18T20:55:00 IST" name="launchtestingbaba" finished-at="2022-03-18T20:55:06 IST" duration-ms="5619" status="PASS">
          <reporter-output>
          </reporter-output>
        </test-method> <!-- launchtestingbaba -->
        <test-method signature="TextboxTestingBaba_test01()[pri:0, instance:test.Testingbaba_textbox_test@5fe1ce85]" started-at="2022-03-18T20:55:06 IST" name="TextboxTestingBaba_test01" finished-at="2022-03-18T20:55:06 IST" duration-ms="18" status="PASS">
          <reporter-output>
            <line>
              <![CDATA[Testcase TextboxTestingBaba_test01 started successfully]]>
            </line>
            <line>
              <![CDATA[inside test01]]>
            </line>
            <line>
              <![CDATA[Testcase TextboxTestingBaba_test01 passed successfully]]>
            </line>
          </reporter-output>
        </test-method> <!-- TextboxTestingBaba_test01 -->
        <test-method is-config="true" signature="analysis(org.testng.ITestResult)[pri:0, instance:test.Testingbaba_textbox_test@5fe1ce85]" started-at="2022-03-18T20:55:06 IST" name="analysis" finished-at="2022-03-18T20:55:06 IST" duration-ms="1" status="PASS">
          <params>
            <param index="0">
              <value>
                <![CDATA[[TestResult name=TextboxTestingBaba_test01 status=SUCCESS method=Testingbaba_textbox_test.TextboxTestingBaba_test01()[pri:0, instance:test.Testingbaba_textbox_test@5fe1ce85] output=Testcase TextboxTestingBaba_test01 started successfully]]]>
              </value>
            </param>
          </params>
          <reporter-output>
          </reporter-output>
        </test-method> <!-- analysis -->
        <test-method signature="TextboxTestingBaba_test02()[pri:1, instance:test.Testingbaba_textbox_test@5fe1ce85]" started-at="2022-03-18T20:55:06 IST" name="TextboxTestingBaba_test02" finished-at="2022-03-18T20:55:06 IST" duration-ms="42" status="PASS">
          <reporter-output>
            <line>
              <![CDATA[Testcase TextboxTestingBaba_test02 started successfully]]>
            </line>
            <line>
              <![CDATA[inside test01]]>
            </line>
            <line>
              <![CDATA[Testcase TextboxTestingBaba_test02 passed successfully]]>
            </line>
          </reporter-output>
        </test-method> <!-- TextboxTestingBaba_test02 -->
        <test-method is-config="true" signature="analysis(org.testng.ITestResult)[pri:0, instance:test.Testingbaba_textbox_test@5fe1ce85]" started-at="2022-03-18T20:55:06 IST" name="analysis" finished-at="2022-03-18T20:55:06 IST" duration-ms="1" status="PASS">
          <params>
            <param index="0">
              <value>
                <![CDATA[[TestResult name=TextboxTestingBaba_test02 status=SUCCESS method=Testingbaba_textbox_test.TextboxTestingBaba_test02()[pri:1, instance:test.Testingbaba_textbox_test@5fe1ce85] output=Testcase TextboxTestingBaba_test02 started successfully]]]>
              </value>
            </param>
          </params>
          <reporter-output>
          </reporter-output>
        </test-method> <!-- analysis -->
        <test-method signature="TextboxTestingBaba_test03()[pri:2, instance:test.Testingbaba_textbox_test@5fe1ce85]" started-at="2022-03-18T20:55:06 IST" name="TextboxTestingBaba_test03" finished-at="2022-03-18T20:55:07 IST" duration-ms="610" status="PASS">
          <reporter-output>
            <line>
              <![CDATA[Testcase TextboxTestingBaba_test03 started successfully]]>
            </line>
            <line>
              <![CDATA[inside test01]]>
            </line>
            <line>
              <![CDATA[Testcase TextboxTestingBaba_test03 passed successfully]]>
            </line>
          </reporter-output>
        </test-method> <!-- TextboxTestingBaba_test03 -->
        <test-method is-config="true" signature="analysis(org.testng.ITestResult)[pri:0, instance:test.Testingbaba_textbox_test@5fe1ce85]" started-at="2022-03-18T20:55:07 IST" name="analysis" finished-at="2022-03-18T20:55:07 IST" duration-ms="0" status="PASS">
          <params>
            <param index="0">
              <value>
                <![CDATA[[TestResult name=TextboxTestingBaba_test03 status=SUCCESS method=Testingbaba_textbox_test.TextboxTestingBaba_test03()[pri:2, instance:test.Testingbaba_textbox_test@5fe1ce85] output=Testcase TextboxTestingBaba_test03 started successfully]]]>
              </value>
            </param>
          </params>
          <reporter-output>
          </reporter-output>
        </test-method> <!-- analysis -->
        <test-method signature="TextboxTestingBaba_test04()[pri:3, instance:test.Testingbaba_textbox_test@5fe1ce85]" started-at="2022-03-18T20:55:07 IST" name="TextboxTestingBaba_test04" finished-at="2022-03-18T20:55:07 IST" duration-ms="86" status="PASS">
          <reporter-output>
            <line>
              <![CDATA[Testcase TextboxTestingBaba_test04 started successfully]]>
            </line>
            <line>
              <![CDATA[inside test01]]>
            </line>
            <line>
              <![CDATA[Testcase TextboxTestingBaba_test04 passed successfully]]>
            </line>
          </reporter-output>
        </test-method> <!-- TextboxTestingBaba_test04 -->
        <test-method is-config="true" signature="Teardown()[pri:0, instance:test.Testingbaba_textbox_test@5fe1ce85]" started-at="2022-03-18T20:55:07 IST" name="Teardown" finished-at="2022-03-18T20:55:07 IST" duration-ms="180" status="PASS">
          <reporter-output>
          </reporter-output>
        </test-method> <!-- Teardown -->
        <test-method is-config="true" signature="analysis(org.testng.ITestResult)[pri:0, instance:test.Testingbaba_textbox_test@5fe1ce85]" started-at="2022-03-18T20:55:07 IST" name="analysis" finished-at="2022-03-18T20:55:07 IST" duration-ms="0" status="PASS">
          <params>
            <param index="0">
              <value>
                <![CDATA[[TestResult name=TextboxTestingBaba_test04 status=SUCCESS method=Testingbaba_textbox_test.TextboxTestingBaba_test04()[pri:3, instance:test.Testingbaba_textbox_test@5fe1ce85] output=Testcase TextboxTestingBaba_test04 started successfully]]]>
              </value>
            </param>
          </params>
          <reporter-output>
          </reporter-output>
        </test-method> <!-- analysis -->
      </class> <!-- test.Testingbaba_textbox_test -->
    </test> <!-- Textbox -->
    <test started-at="2022-03-18T20:55:07 IST" name="buttons" finished-at="2022-03-18T20:55:13 IST" duration-ms="5998">
      <class name="test.Testingbaba_buttons_test">
        <test-method is-config="true" signature="launchtestingbaba()[pri:0, instance:test.Testingbaba_buttons_test@604f2bd2]" started-at="2022-03-18T20:55:07 IST" name="launchtestingbaba" finished-at="2022-03-18T20:55:12 IST" duration-ms="4914" status="PASS">
          <reporter-output>
          </reporter-output>
        </test-method> <!-- launchtestingbaba -->
        <test-method signature="ButtonsTestingBaba_test01()[pri:0, instance:test.Testingbaba_buttons_test@604f2bd2]" started-at="2022-03-18T20:55:12 IST" name="ButtonsTestingBaba_test01" finished-at="2022-03-18T20:55:12 IST" duration-ms="75" status="PASS">
          <reporter-output>
            <line>
              <![CDATA[Testcase ButtonsTestingBaba_test01 started successfully]]>
            </line>
            <line>
              <![CDATA[Testcase ButtonsTestingBaba_test01 passed successfully]]>
            </line>
          </reporter-output>
        </test-method> <!-- ButtonsTestingBaba_test01 -->
        <test-method is-config="true" signature="analysis(org.testng.ITestResult)[pri:0, instance:test.Testingbaba_buttons_test@604f2bd2]" started-at="2022-03-18T20:55:12 IST" name="analysis" finished-at="2022-03-18T20:55:12 IST" duration-ms="3" status="PASS">
          <params>
            <param index="0">
              <value>
                <![CDATA[[TestResult name=ButtonsTestingBaba_test01 status=SUCCESS method=Testingbaba_buttons_test.ButtonsTestingBaba_test01()[pri:0, instance:test.Testingbaba_buttons_test@604f2bd2] output=Testcase ButtonsTestingBaba_test01 started successfully]]]>
              </value>
            </param>
          </params>
          <reporter-output>
          </reporter-output>
        </test-method> <!-- analysis -->
        <test-method signature="ButtonsTestingBaba_test02()[pri:1, instance:test.Testingbaba_buttons_test@604f2bd2]" started-at="2022-03-18T20:55:12 IST" name="ButtonsTestingBaba_test02" finished-at="2022-03-18T20:55:13 IST" duration-ms="623" status="PASS">
          <reporter-output>
            <line>
              <![CDATA[Testcase ButtonsTestingBaba_test02 started successfully]]>
            </line>
            <line>
              <![CDATA[Testcase ButtonsTestingBaba_test02 passed successfully]]>
            </line>
          </reporter-output>
        </test-method> <!-- ButtonsTestingBaba_test02 -->
        <test-method is-config="true" signature="analysis(org.testng.ITestResult)[pri:0, instance:test.Testingbaba_buttons_test@604f2bd2]" started-at="2022-03-18T20:55:13 IST" name="analysis" finished-at="2022-03-18T20:55:13 IST" duration-ms="1" status="PASS">
          <params>
            <param index="0">
              <value>
                <![CDATA[[TestResult name=ButtonsTestingBaba_test02 status=SUCCESS method=Testingbaba_buttons_test.ButtonsTestingBaba_test02()[pri:1, instance:test.Testingbaba_buttons_test@604f2bd2] output=Testcase ButtonsTestingBaba_test02 started successfully]]]>
              </value>
            </param>
          </params>
          <reporter-output>
          </reporter-output>
        </test-method> <!-- analysis -->
        <test-method signature="ButtonsTestingBaba_test03()[pri:2, instance:test.Testingbaba_buttons_test@604f2bd2]" started-at="2022-03-18T20:55:13 IST" name="ButtonsTestingBaba_test03" finished-at="2022-03-18T20:55:13 IST" duration-ms="172" status="PASS">
          <reporter-output>
            <line>
              <![CDATA[Testcase ButtonsTestingBaba_test03 started successfully]]>
            </line>
            <line>
              <![CDATA[Testcase ButtonsTestingBaba_test03 passed successfully]]>
            </line>
          </reporter-output>
        </test-method> <!-- ButtonsTestingBaba_test03 -->
        <test-method is-config="true" signature="analysis(org.testng.ITestResult)[pri:0, instance:test.Testingbaba_buttons_test@604f2bd2]" started-at="2022-03-18T20:55:13 IST" name="analysis" finished-at="2022-03-18T20:55:13 IST" duration-ms="5" status="PASS">
          <params>
            <param index="0">
              <value>
                <![CDATA[[TestResult name=ButtonsTestingBaba_test03 status=SUCCESS method=Testingbaba_buttons_test.ButtonsTestingBaba_test03()[pri:2, instance:test.Testingbaba_buttons_test@604f2bd2] output=Testcase ButtonsTestingBaba_test03 started successfully]]]>
              </value>
            </param>
          </params>
          <reporter-output>
          </reporter-output>
        </test-method> <!-- analysis -->
        <test-method is-config="true" signature="Teardown()[pri:0, instance:test.Testingbaba_buttons_test@604f2bd2]" started-at="2022-03-18T20:55:13 IST" name="Teardown" finished-at="2022-03-18T20:55:13 IST" duration-ms="196" status="PASS">
          <reporter-output>
          </reporter-output>
        </test-method> <!-- Teardown -->
      </class> <!-- test.Testingbaba_buttons_test -->
    </test> <!-- buttons -->
    <test started-at="2022-03-18T20:55:13 IST" name="checkbox" finished-at="2022-03-18T20:55:20 IST" duration-ms="6818">
      <class name="test.Testingbaba_checkbox_test">
        <test-method is-config="true" signature="launchtestingbaba()[pri:0, instance:test.Testingbaba_checkbox_test@6ad59d92]" started-at="2022-03-18T20:55:13 IST" name="launchtestingbaba" finished-at="2022-03-18T20:55:18 IST" duration-ms="5173" status="PASS">
          <reporter-output>
          </reporter-output>
        </test-method> <!-- launchtestingbaba -->
        <test-method signature="CheckboxTestingBaba_test01()[pri:1, instance:test.Testingbaba_checkbox_test@6ad59d92]" started-at="2022-03-18T20:55:18 IST" name="CheckboxTestingBaba_test01" finished-at="2022-03-18T20:55:18 IST" duration-ms="59" status="PASS">
          <reporter-output>
            <line>
              <![CDATA[Testcase CheckboxTestingBaba_test01 started successfully]]>
            </line>
            <line>
              <![CDATA[Testcase CheckboxTestingBaba_test01 passed successfully]]>
            </line>
          </reporter-output>
        </test-method> <!-- CheckboxTestingBaba_test01 -->
        <test-method is-config="true" signature="analysis(org.testng.ITestResult)[pri:0, instance:test.Testingbaba_checkbox_test@6ad59d92]" started-at="2022-03-18T20:55:18 IST" name="analysis" finished-at="2022-03-18T20:55:18 IST" duration-ms="0" status="PASS">
          <params>
            <param index="0">
              <value>
                <![CDATA[[TestResult name=CheckboxTestingBaba_test01 status=SUCCESS method=Testingbaba_checkbox_test.CheckboxTestingBaba_test01()[pri:1, instance:test.Testingbaba_checkbox_test@6ad59d92] output=Testcase CheckboxTestingBaba_test01 started successfully]]]>
              </value>
            </param>
          </params>
          <reporter-output>
          </reporter-output>
        </test-method> <!-- analysis -->
        <test-method signature="CheckboxTestingBaba_test02()[pri:2, instance:test.Testingbaba_checkbox_test@6ad59d92]" started-at="2022-03-18T20:55:18 IST" name="CheckboxTestingBaba_test02" finished-at="2022-03-18T20:55:18 IST" duration-ms="131" status="PASS">
          <reporter-output>
            <line>
              <![CDATA[Testcase CheckboxTestingBaba_test02 started successfully]]>
            </line>
            <line>
              <![CDATA[Testcase CheckboxTestingBaba_test02 passed successfully]]>
            </line>
          </reporter-output>
        </test-method> <!-- CheckboxTestingBaba_test02 -->
        <test-method is-config="true" signature="analysis(org.testng.ITestResult)[pri:0, instance:test.Testingbaba_checkbox_test@6ad59d92]" started-at="2022-03-18T20:55:18 IST" name="analysis" finished-at="2022-03-18T20:55:18 IST" duration-ms="1" status="PASS">
          <params>
            <param index="0">
              <value>
                <![CDATA[[TestResult name=CheckboxTestingBaba_test02 status=SUCCESS method=Testingbaba_checkbox_test.CheckboxTestingBaba_test02()[pri:2, instance:test.Testingbaba_checkbox_test@6ad59d92] output=Testcase CheckboxTestingBaba_test02 started successfully]]]>
              </value>
            </param>
          </params>
          <reporter-output>
          </reporter-output>
        </test-method> <!-- analysis -->
        <test-method signature="CheckboxTestingBaba_test03()[pri:3, instance:test.Testingbaba_checkbox_test@6ad59d92]" started-at="2022-03-18T20:55:18 IST" name="CheckboxTestingBaba_test03" finished-at="2022-03-18T20:55:20 IST" duration-ms="1272" status="PASS">
          <reporter-output>
            <line>
              <![CDATA[Testcase CheckboxTestingBaba_test03 started successfully]]>
            </line>
            <line>
              <![CDATA[Testcase CheckboxTestingBaba_test03 passed successfully]]>
            </line>
          </reporter-output>
        </test-method> <!-- CheckboxTestingBaba_test03 -->
        <test-method is-config="true" signature="Teardown()[pri:0, instance:test.Testingbaba_checkbox_test@6ad59d92]" started-at="2022-03-18T20:55:20 IST" name="Teardown" finished-at="2022-03-18T20:55:20 IST" duration-ms="177" status="PASS">
          <reporter-output>
          </reporter-output>
        </test-method> <!-- Teardown -->
        <test-method is-config="true" signature="analysis(org.testng.ITestResult)[pri:0, instance:test.Testingbaba_checkbox_test@6ad59d92]" started-at="2022-03-18T20:55:20 IST" name="analysis" finished-at="2022-03-18T20:55:20 IST" duration-ms="0" status="PASS">
          <params>
            <param index="0">
              <value>
                <![CDATA[[TestResult name=CheckboxTestingBaba_test03 status=SUCCESS method=Testingbaba_checkbox_test.CheckboxTestingBaba_test03()[pri:3, instance:test.Testingbaba_checkbox_test@6ad59d92] output=Testcase CheckboxTestingBaba_test03 started successfully]]]>
              </value>
            </param>
          </params>
          <reporter-output>
          </reporter-output>
        </test-method> <!-- analysis -->
      </class> <!-- test.Testingbaba_checkbox_test -->
    </test> <!-- checkbox -->
    <test started-at="2022-03-18T20:55:20 IST" name="dropdown" finished-at="2022-03-18T20:55:27 IST" duration-ms="6744">
      <class name="test.Testingbaba_dropdown_test">
        <test-method is-config="true" signature="launchtestingbaba()[pri:0, instance:test.Testingbaba_dropdown_test@663411de]" started-at="2022-03-18T20:55:20 IST" name="launchtestingbaba" finished-at="2022-03-18T20:55:24 IST" duration-ms="3675" status="PASS">
          <reporter-output>
          </reporter-output>
        </test-method> <!-- launchtestingbaba -->
        <test-method signature="DropdownTestingBaba_test01()[pri:0, instance:test.Testingbaba_dropdown_test@663411de]" started-at="2022-03-18T20:55:24 IST" name="DropdownTestingBaba_test01" finished-at="2022-03-18T20:55:26 IST" duration-ms="2888" status="PASS">
          <reporter-output>
            <line>
              <![CDATA[Testcase DropdownTestingBaba_test01 started successfully]]>
            </line>
            <line>
              <![CDATA[Testcase DropdownTestingBaba_test01 passed successfully]]>
            </line>
          </reporter-output>
        </test-method> <!-- DropdownTestingBaba_test01 -->
        <test-method is-config="true" signature="analysis(org.testng.ITestResult)[pri:0, instance:test.Testingbaba_dropdown_test@663411de]" started-at="2022-03-18T20:55:26 IST" name="analysis" finished-at="2022-03-18T20:55:26 IST" duration-ms="0" status="PASS">
          <params>
            <param index="0">
              <value>
                <![CDATA[[TestResult name=DropdownTestingBaba_test01 status=SUCCESS method=Testingbaba_dropdown_test.DropdownTestingBaba_test01()[pri:0, instance:test.Testingbaba_dropdown_test@663411de] output=Testcase DropdownTestingBaba_test01 started successfully]]]>
              </value>
            </param>
          </params>
          <reporter-output>
          </reporter-output>
        </test-method> <!-- analysis -->
        <test-method is-config="true" signature="Teardown()[pri:0, instance:test.Testingbaba_dropdown_test@663411de]" started-at="2022-03-18T20:55:26 IST" name="Teardown" finished-at="2022-03-18T20:55:27 IST" duration-ms="179" status="PASS">
          <reporter-output>
          </reporter-output>
        </test-method> <!-- Teardown -->
      </class> <!-- test.Testingbaba_dropdown_test -->
    </test> <!-- dropdown -->
    <test started-at="2022-03-18T20:55:27 IST" name="links" finished-at="2022-03-18T20:55:34 IST" duration-ms="7800">
      <class name="test.Testingbaba_links_test">
        <test-method is-config="true" signature="launchtestingbaba()[pri:0, instance:test.Testingbaba_links_test@9ef8eb7]" started-at="2022-03-18T20:55:27 IST" name="launchtestingbaba" finished-at="2022-03-18T20:55:32 IST" duration-ms="5325" status="PASS">
          <reporter-output>
          </reporter-output>
        </test-method> <!-- launchtestingbaba -->
        <test-method signature="LinksTestingBaba_test01()[pri:1, instance:test.Testingbaba_links_test@9ef8eb7]" started-at="2022-03-18T20:55:32 IST" name="LinksTestingBaba_test01" finished-at="2022-03-18T20:55:32 IST" duration-ms="48" status="PASS">
          <reporter-output>
            <line>
              <![CDATA[Testcase LinksTestingBaba_test01 started successfully]]>
            </line>
            <line>
              <![CDATA[Testcase LinksTestingBaba_test01 passed successfully]]>
            </line>
          </reporter-output>
        </test-method> <!-- LinksTestingBaba_test01 -->
        <test-method is-config="true" signature="analysis(org.testng.ITestResult)[pri:0, instance:test.Testingbaba_links_test@9ef8eb7]" started-at="2022-03-18T20:55:32 IST" name="analysis" finished-at="2022-03-18T20:55:32 IST" duration-ms="1" status="PASS">
          <params>
            <param index="0">
              <value>
                <![CDATA[[TestResult name=LinksTestingBaba_test01 status=SUCCESS method=Testingbaba_links_test.LinksTestingBaba_test01()[pri:1, instance:test.Testingbaba_links_test@9ef8eb7] output=Testcase LinksTestingBaba_test01 started successfully]]]>
              </value>
            </param>
          </params>
          <reporter-output>
          </reporter-output>
        </test-method> <!-- analysis -->
        <test-method signature="LinksTestingBaba_test02()[pri:2, instance:test.Testingbaba_links_test@9ef8eb7]" started-at="2022-03-18T20:55:32 IST" name="LinksTestingBaba_test02" finished-at="2022-03-18T20:55:34 IST" duration-ms="2142" status="PASS">
          <reporter-output>
            <line>
              <![CDATA[Testcase LinksTestingBaba_test02 started successfully]]>
            </line>
            <line>
              <![CDATA[Testcase LinksTestingBaba_test02 passed successfully]]>
            </line>
          </reporter-output>
        </test-method> <!-- LinksTestingBaba_test02 -->
        <test-method is-config="true" signature="analysis(org.testng.ITestResult)[pri:0, instance:test.Testingbaba_links_test@9ef8eb7]" started-at="2022-03-18T20:55:34 IST" name="analysis" finished-at="2022-03-18T20:55:34 IST" duration-ms="0" status="PASS">
          <params>
            <param index="0">
              <value>
                <![CDATA[[TestResult name=LinksTestingBaba_test02 status=SUCCESS method=Testingbaba_links_test.LinksTestingBaba_test02()[pri:2, instance:test.Testingbaba_links_test@9ef8eb7] output=Testcase LinksTestingBaba_test02 started successfully]]]>
              </value>
            </param>
          </params>
          <reporter-output>
          </reporter-output>
        </test-method> <!-- analysis -->
        <test-method is-config="true" signature="Teardown()[pri:0, instance:test.Testingbaba_links_test@9ef8eb7]" started-at="2022-03-18T20:55:34 IST" name="Teardown" finished-at="2022-03-18T20:55:34 IST" duration-ms="278" status="PASS">
          <reporter-output>
          </reporter-output>
        </test-method> <!-- Teardown -->
      </class> <!-- test.Testingbaba_links_test -->
    </test> <!-- links -->
    <test started-at="2022-03-18T20:55:34 IST" name="radio" finished-at="2022-03-18T20:55:40 IST" duration-ms="5734">
      <class name="test.Testingbaba_radio_test">
        <test-method is-config="true" signature="launchtestingbaba()[pri:0, instance:test.Testingbaba_radio_test@4372b9b6]" started-at="2022-03-18T20:55:34 IST" name="launchtestingbaba" finished-at="2022-03-18T20:55:38 IST" duration-ms="3477" status="PASS">
          <reporter-output>
          </reporter-output>
        </test-method> <!-- launchtestingbaba -->
        <test-method signature="RadioButtonTestingBaba_test01()[pri:0, instance:test.Testingbaba_radio_test@4372b9b6]" started-at="2022-03-18T20:55:38 IST" name="RadioButtonTestingBaba_test01" finished-at="2022-03-18T20:55:40 IST" duration-ms="2069" status="PASS">
          <reporter-output>
            <line>
              <![CDATA[Testcase RadioButtonTestingBaba_test01 started successfully]]>
            </line>
            <line>
              <![CDATA[Testcase RadioButtonTestingBaba_test01 passed successfully]]>
            </line>
          </reporter-output>
        </test-method> <!-- RadioButtonTestingBaba_test01 -->
        <test-method is-config="true" signature="analysis(org.testng.ITestResult)[pri:0, instance:test.Testingbaba_radio_test@4372b9b6]" started-at="2022-03-18T20:55:40 IST" name="analysis" finished-at="2022-03-18T20:55:40 IST" duration-ms="1" status="PASS">
          <params>
            <param index="0">
              <value>
                <![CDATA[[TestResult name=RadioButtonTestingBaba_test01 status=SUCCESS method=Testingbaba_radio_test.RadioButtonTestingBaba_test01()[pri:0, instance:test.Testingbaba_radio_test@4372b9b6] output=Testcase RadioButtonTestingBaba_test01 started successfully]]]>
              </value>
            </param>
          </params>
          <reporter-output>
          </reporter-output>
        </test-method> <!-- analysis -->
        <test-method is-config="true" signature="Teardown()[pri:0, instance:test.Testingbaba_radio_test@4372b9b6]" started-at="2022-03-18T20:55:40 IST" name="Teardown" finished-at="2022-03-18T20:55:40 IST" duration-ms="185" status="PASS">
          <reporter-output>
          </reporter-output>
        </test-method> <!-- Teardown -->
      </class> <!-- test.Testingbaba_radio_test -->
    </test> <!-- radio -->
    <test started-at="2022-03-18T20:55:40 IST" name="autocomplete" finished-at="2022-03-18T20:55:49 IST" duration-ms="9058">
      <class name="test.Testingbaba_autocomplete_test">
        <test-method is-config="true" signature="launchtestingbaba()[pri:0, instance:test.Testingbaba_autocomplete_test@447a020]" started-at="2022-03-18T20:55:40 IST" name="launchtestingbaba" finished-at="2022-03-18T20:55:46 IST" duration-ms="5478" status="PASS">
          <reporter-output>
          </reporter-output>
        </test-method> <!-- launchtestingbaba -->
        <test-method signature="AutocompleteTestingBaba_test01()[pri:1, instance:test.Testingbaba_autocomplete_test@447a020]" started-at="2022-03-18T20:55:46 IST" name="AutocompleteTestingBaba_test01" finished-at="2022-03-18T20:55:46 IST" duration-ms="46" status="PASS">
          <reporter-output>
            <line>
              <![CDATA[Testcase AutocompleteTestingBaba_test01 started successfully]]>
            </line>
            <line>
              <![CDATA[Testcase AutocompleteTestingBaba_test01 passed successfully]]>
            </line>
          </reporter-output>
        </test-method> <!-- AutocompleteTestingBaba_test01 -->
        <test-method is-config="true" signature="analysis(org.testng.ITestResult)[pri:0, instance:test.Testingbaba_autocomplete_test@447a020]" started-at="2022-03-18T20:55:46 IST" name="analysis" finished-at="2022-03-18T20:55:46 IST" duration-ms="1" status="PASS">
          <params>
            <param index="0">
              <value>
                <![CDATA[[TestResult name=AutocompleteTestingBaba_test01 status=SUCCESS method=Testingbaba_autocomplete_test.AutocompleteTestingBaba_test01()[pri:1, instance:test.Testingbaba_autocomplete_test@447a020] output=Testcase AutocompleteTestingBaba_test01 started successfully]]]>
              </value>
            </param>
          </params>
          <reporter-output>
          </reporter-output>
        </test-method> <!-- analysis -->
        <test-method signature="AutocompleteTestingBaba_test02()[pri:2, instance:test.Testingbaba_autocomplete_test@447a020]" started-at="2022-03-18T20:55:46 IST" name="AutocompleteTestingBaba_test02" finished-at="2022-03-18T20:55:47 IST" duration-ms="1052" status="PASS">
          <reporter-output>
            <line>
              <![CDATA[Testcase AutocompleteTestingBaba_test02 started successfully]]>
            </line>
            <line>
              <![CDATA[Testcase AutocompleteTestingBaba_test02 passed successfully]]>
            </line>
          </reporter-output>
        </test-method> <!-- AutocompleteTestingBaba_test02 -->
        <test-method is-config="true" signature="analysis(org.testng.ITestResult)[pri:0, instance:test.Testingbaba_autocomplete_test@447a020]" started-at="2022-03-18T20:55:47 IST" name="analysis" finished-at="2022-03-18T20:55:47 IST" duration-ms="1" status="PASS">
          <params>
            <param index="0">
              <value>
                <![CDATA[[TestResult name=AutocompleteTestingBaba_test02 status=SUCCESS method=Testingbaba_autocomplete_test.AutocompleteTestingBaba_test02()[pri:2, instance:test.Testingbaba_autocomplete_test@447a020] output=Testcase AutocompleteTestingBaba_test02 started successfully]]]>
              </value>
            </param>
          </params>
          <reporter-output>
          </reporter-output>
        </test-method> <!-- analysis -->
        <test-method signature="AutocompleteTestingBaba_test03()[pri:3, instance:test.Testingbaba_autocomplete_test@447a020]" started-at="2022-03-18T20:55:47 IST" name="AutocompleteTestingBaba_test03" finished-at="2022-03-18T20:55:49 IST" duration-ms="2262" status="PASS">
          <reporter-output>
            <line>
              <![CDATA[Testcase AutocompleteTestingBaba_test03 started successfully]]>
            </line>
            <line>
              <![CDATA[Testcase AutocompleteTestingBaba_test03 passed successfully]]>
            </line>
          </reporter-output>
        </test-method> <!-- AutocompleteTestingBaba_test03 -->
        <test-method is-config="true" signature="analysis(org.testng.ITestResult)[pri:0, instance:test.Testingbaba_autocomplete_test@447a020]" started-at="2022-03-18T20:55:49 IST" name="analysis" finished-at="2022-03-18T20:55:49 IST" duration-ms="0" status="PASS">
          <params>
            <param index="0">
              <value>
                <![CDATA[[TestResult name=AutocompleteTestingBaba_test03 status=SUCCESS method=Testingbaba_autocomplete_test.AutocompleteTestingBaba_test03()[pri:3, instance:test.Testingbaba_autocomplete_test@447a020] output=Testcase AutocompleteTestingBaba_test03 started successfully]]]>
              </value>
            </param>
          </params>
          <reporter-output>
          </reporter-output>
        </test-method> <!-- analysis -->
        <test-method is-config="true" signature="Teardown()[pri:0, instance:test.Testingbaba_autocomplete_test@447a020]" started-at="2022-03-18T20:55:49 IST" name="Teardown" finished-at="2022-03-18T20:55:49 IST" duration-ms="212" status="PASS">
          <reporter-output>
          </reporter-output>
        </test-method> <!-- Teardown -->
      </class> <!-- test.Testingbaba_autocomplete_test -->
    </test> <!-- autocomplete -->
    <test started-at="2022-03-18T20:55:49 IST" name="Webtable" finished-at="2022-03-18T20:57:29 IST" duration-ms="99600">
      <class name="test.Testingbaba_webtables_test">
        <test-method is-config="true" signature="launchtestingbaba()[pri:0, instance:test.Testingbaba_webtables_test@767e20cf]" started-at="2022-03-18T20:55:49 IST" name="launchtestingbaba" finished-at="2022-03-18T20:55:54 IST" duration-ms="5047" status="PASS">
          <reporter-output>
          </reporter-output>
        </test-method> <!-- launchtestingbaba -->
        <test-method signature="WebTablesTestingBaba_test01()[pri:0, instance:test.Testingbaba_webtables_test@767e20cf]" started-at="2022-03-18T20:55:54 IST" name="WebTablesTestingBaba_test01" finished-at="2022-03-18T20:57:29 IST" duration-ms="94550" status="PASS">
          <reporter-output>
            <line>
              <![CDATA[Testcase WebTablesTestingBaba_test01 started successfully]]>
            </line>
            <line>
              <![CDATA[Testcase WebTablesTestingBaba_test01 passed successfully]]>
            </line>
          </reporter-output>
        </test-method> <!-- WebTablesTestingBaba_test01 -->
        <test-method is-config="true" signature="analysis(org.testng.ITestResult)[pri:0, instance:test.Testingbaba_webtables_test@767e20cf]" started-at="2022-03-18T20:57:29 IST" name="analysis" finished-at="2022-03-18T20:57:29 IST" duration-ms="1" status="PASS">
          <params>
            <param index="0">
              <value>
                <![CDATA[[TestResult name=WebTablesTestingBaba_test01 status=SUCCESS method=Testingbaba_webtables_test.WebTablesTestingBaba_test01()[pri:0, instance:test.Testingbaba_webtables_test@767e20cf] output=Testcase WebTablesTestingBaba_test01 started successfully]]]>
              </value>
            </param>
          </params>
          <reporter-output>
          </reporter-output>
        </test-method> <!-- analysis -->
        <test-method is-config="true" signature="Teardown()[pri:0, instance:test.Testingbaba_webtables_test@767e20cf]" started-at="2022-03-18T20:57:29 IST" name="Teardown" finished-at="2022-03-18T20:57:29 IST" duration-ms="1" status="PASS">
          <reporter-output>
          </reporter-output>
        </test-method> <!-- Teardown -->
      </class> <!-- test.Testingbaba_webtables_test -->
    </test> <!-- Webtable -->
    <test started-at="2022-03-18T20:57:29 IST" name="Flipkart" finished-at="2022-03-18T20:57:54 IST" duration-ms="25590">
      <class name="test.Flipkart_buy_test">
        <test-method is-config="true" signature="launchFB()[pri:0, instance:test.Flipkart_buy_test@340b9973]" started-at="2022-03-18T20:57:29 IST" name="launchFB" finished-at="2022-03-18T20:57:33 IST" duration-ms="3719" status="PASS">
          <reporter-output>
          </reporter-output>
        </test-method> <!-- launchFB -->
        <test-method signature="FlipkartLogin_Test01()[pri:0, instance:test.Flipkart_buy_test@340b9973]" started-at="2022-03-18T20:57:33 IST" name="FlipkartLogin_Test01" finished-at="2022-03-18T20:57:35 IST" duration-ms="2285" status="PASS">
          <reporter-output>
            <line>
              <![CDATA[Testcase FlipkartLogin_Test01 started successfully]]>
            </line>
            <line>
              <![CDATA[Testcase FlipkartLogin_Test01 passed successfully]]>
            </line>
          </reporter-output>
        </test-method> <!-- FlipkartLogin_Test01 -->
        <test-method is-config="true" signature="analysis(org.testng.ITestResult)[pri:0, instance:test.Flipkart_buy_test@340b9973]" started-at="2022-03-18T20:57:35 IST" name="analysis" finished-at="2022-03-18T20:57:35 IST" duration-ms="1" status="PASS">
          <params>
            <param index="0">
              <value>
                <![CDATA[[TestResult name=FlipkartLogin_Test01 status=SUCCESS method=Flipkart_buy_test.FlipkartLogin_Test01()[pri:0, instance:test.Flipkart_buy_test@340b9973] output=Testcase FlipkartLogin_Test01 started successfully]]]>
              </value>
            </param>
          </params>
          <reporter-output>
          </reporter-output>
        </test-method> <!-- analysis -->
        <test-method signature="FlipkartProfileChange_Test02()[pri:0, instance:test.Flipkart_buy_test@340b9973]" started-at="2022-03-18T20:57:35 IST" name="FlipkartProfileChange_Test02" finished-at="2022-03-18T20:57:54 IST" duration-ms="19327" status="PASS">
          <reporter-output>
            <line>
              <![CDATA[Testcase FlipkartProfileChange_Test02 started successfully]]>
            </line>
            <line>
              <![CDATA[Testcase FlipkartProfileChange_Test02 passed successfully]]>
            </line>
          </reporter-output>
        </test-method> <!-- FlipkartProfileChange_Test02 -->
        <test-method is-config="true" signature="Teardown()[pri:0, instance:test.Flipkart_buy_test@340b9973]" started-at="2022-03-18T20:57:54 IST" name="Teardown" finished-at="2022-03-18T20:57:54 IST" duration-ms="254" status="PASS">
          <reporter-output>
          </reporter-output>
        </test-method> <!-- Teardown -->
        <test-method is-config="true" signature="analysis(org.testng.ITestResult)[pri:0, instance:test.Flipkart_buy_test@340b9973]" started-at="2022-03-18T20:57:54 IST" name="analysis" finished-at="2022-03-18T20:57:54 IST" duration-ms="0" status="PASS">
          <params>
            <param index="0">
              <value>
                <![CDATA[[TestResult name=FlipkartProfileChange_Test02 status=SUCCESS method=Flipkart_buy_test.FlipkartProfileChange_Test02()[pri:0, instance:test.Flipkart_buy_test@340b9973] output=Testcase FlipkartProfileChange_Test02 started successfully]]]>
              </value>
            </param>
          </params>
          <reporter-output>
          </reporter-output>
        </test-method> <!-- analysis -->
      </class> <!-- test.Flipkart_buy_test -->
    </test> <!-- Flipkart -->
    <test started-at="2022-03-18T20:57:54 IST" name="Flipkart_Buy_product" finished-at="2022-03-18T20:58:00 IST" duration-ms="5973">
      <class name="test.Flipkart_buyproduct_test">
        <test-method is-config="true" signature="launchFB()[pri:0, instance:test.Flipkart_buyproduct_test@189aa67a]" started-at="2022-03-18T20:57:54 IST" name="launchFB" finished-at="2022-03-18T20:57:58 IST" duration-ms="3152" status="PASS">
          <reporter-output>
          </reporter-output>
        </test-method> <!-- launchFB -->
        <test-method signature="FlipkartLoginInvalidCred_Test01()[pri:0, instance:test.Flipkart_buyproduct_test@189aa67a]" started-at="2022-03-18T20:57:58 IST" name="FlipkartLoginInvalidCred_Test01" finished-at="2022-03-18T20:58:00 IST" duration-ms="2557" status="PASS">
          <reporter-output>
            <line>
              <![CDATA[Testcase FlipkartLoginInvalidCred_Test01 started successfully]]>
            </line>
            <line>
              <![CDATA[Testcase FlipkartLoginInvalidCred_Test01 passed successfully]]>
            </line>
          </reporter-output>
        </test-method> <!-- FlipkartLoginInvalidCred_Test01 -->
        <test-method is-config="true" signature="Teardown()[pri:0, instance:test.Flipkart_buyproduct_test@189aa67a]" started-at="2022-03-18T20:58:00 IST" name="Teardown" finished-at="2022-03-18T20:58:00 IST" duration-ms="262" status="PASS">
          <reporter-output>
          </reporter-output>
        </test-method> <!-- Teardown -->
        <test-method is-config="true" signature="analysis(org.testng.ITestResult)[pri:0, instance:test.Flipkart_buyproduct_test@189aa67a]" started-at="2022-03-18T20:58:00 IST" name="analysis" finished-at="2022-03-18T20:58:00 IST" duration-ms="0" status="PASS">
          <params>
            <param index="0">
              <value>
                <![CDATA[[TestResult name=FlipkartLoginInvalidCred_Test01 status=SUCCESS method=Flipkart_buyproduct_test.FlipkartLoginInvalidCred_Test01()[pri:0, instance:test.Flipkart_buyproduct_test@189aa67a] output=Testcase FlipkartLoginInvalidCred_Test01 started successfully]]]>
              </value>
            </param>
          </params>
          <reporter-output>
          </reporter-output>
        </test-method> <!-- analysis -->
      </class> <!-- test.Flipkart_buyproduct_test -->
    </test> <!-- Flipkart_Buy_product -->
    <test started-at="2022-03-18T20:58:00 IST" name="Makemytrip" finished-at="2022-03-18T20:58:20 IST" duration-ms="19801">
      <class name="test.Makemytrip_launch_test">
        <test-method is-config="true" signature="launchFB()[pri:0, instance:test.Makemytrip_launch_test@31d0e481]" started-at="2022-03-18T20:58:00 IST" name="launchFB" finished-at="2022-03-18T20:58:06 IST" duration-ms="5248" status="PASS">
          <reporter-output>
          </reporter-output>
        </test-method> <!-- launchFB -->
        <test-method signature="MakemyTripSendValidNumber_Test01()[pri:0, instance:test.Makemytrip_launch_test@31d0e481]" started-at="2022-03-18T20:58:06 IST" name="MakemyTripSendValidNumber_Test01" finished-at="2022-03-18T20:58:10 IST" duration-ms="4462" status="PASS">
          <reporter-output>
            <line>
              <![CDATA[Testcase MakemyTripSendValidNumber_Test01 started successfully]]>
            </line>
            <line>
              <![CDATA[Testcase MakemyTripSendValidNumber_Test01 passed successfully]]>
            </line>
          </reporter-output>
        </test-method> <!-- MakemyTripSendValidNumber_Test01 -->
        <test-method is-config="true" signature="analysis(org.testng.ITestResult)[pri:0, instance:test.Makemytrip_launch_test@31d0e481]" started-at="2022-03-18T20:58:10 IST" name="analysis" finished-at="2022-03-18T20:58:10 IST" duration-ms="0" status="PASS">
          <params>
            <param index="0">
              <value>
                <![CDATA[[TestResult name=MakemyTripSendValidNumber_Test01 status=SUCCESS method=Makemytrip_launch_test.MakemyTripSendValidNumber_Test01()[pri:0, instance:test.Makemytrip_launch_test@31d0e481] output=Testcase MakemyTripSendValidNumber_Test01 started successfully]]]>
              </value>
            </param>
          </params>
          <reporter-output>
          </reporter-output>
        </test-method> <!-- analysis -->
        <test-method signature="MakemyTripSendINValidNumber_Test02()[pri:1, instance:test.Makemytrip_launch_test@31d0e481]" started-at="2022-03-18T20:58:10 IST" name="MakemyTripSendINValidNumber_Test02" finished-at="2022-03-18T20:58:20 IST" duration-ms="9739" status="PASS">
          <reporter-output>
            <line>
              <![CDATA[Testcase MakemyTripSendINValidNumber_Test02 started successfully]]>
            </line>
            <line>
              <![CDATA[Testcase MakemyTripSendINValidNumber_Test02 passed successfully]]>
            </line>
          </reporter-output>
        </test-method> <!-- MakemyTripSendINValidNumber_Test02 -->
        <test-method is-config="true" signature="analysis(org.testng.ITestResult)[pri:0, instance:test.Makemytrip_launch_test@31d0e481]" started-at="2022-03-18T20:58:20 IST" name="analysis" finished-at="2022-03-18T20:58:20 IST" duration-ms="0" status="PASS">
          <params>
            <param index="0">
              <value>
                <![CDATA[[TestResult name=MakemyTripSendINValidNumber_Test02 status=SUCCESS method=Makemytrip_launch_test.MakemyTripSendINValidNumber_Test02()[pri:1, instance:test.Makemytrip_launch_test@31d0e481] output=Testcase MakemyTripSendINValidNumber_Test02 started successfully]]]>
              </value>
            </param>
          </params>
          <reporter-output>
          </reporter-output>
        </test-method> <!-- analysis -->
        <test-method is-config="true" signature="Teardown()[pri:0, instance:test.Makemytrip_launch_test@31d0e481]" started-at="2022-03-18T20:58:20 IST" name="Teardown" finished-at="2022-03-18T20:58:20 IST" duration-ms="351" status="PASS">
          <reporter-output>
          </reporter-output>
        </test-method> <!-- Teardown -->
      </class> <!-- test.Makemytrip_launch_test -->
    </test> <!-- Makemytrip -->
  </suite> <!-- Testingbaba -->
</testng-results>
