<?xml version="1.0" encoding="UTF-8"?>
<testng-results ignored="0" total="24" passed="24" failed="0" skipped="0">
  <reporter-output>
    <line>
      <![CDATA[About to begin executing Class smoke]]>
    </line>
    <line>
      <![CDATA[Testcase LaunchTestingBaba_test01 started successfully]]>
    </line>
    <line>
      <![CDATA[Testcase LaunchTestingBaba_test01 passed successfully]]>
    </line>
    <line>
      <![CDATA[About to end executing Class smoke]]>
    </line>
    <line>
      <![CDATA[About to begin executing Class Textbox]]>
    </line>
    <line>
      <![CDATA[Testcase TextboxTestingBaba_test01 started successfully]]>
    </line>
    <line>
      <![CDATA[inside test01]]>
    </line>
    <line>
      <![CDATA[Testcase TextboxTestingBaba_test01 passed successfully]]>
    </line>
    <line>
      <![CDATA[Testcase TextboxTestingBaba_test02 started successfully]]>
    </line>
    <line>
      <![CDATA[inside test01]]>
    </line>
    <line>
      <![CDATA[Testcase TextboxTestingBaba_test02 passed successfully]]>
    </line>
    <line>
      <![CDATA[Testcase TextboxTestingBaba_test03 started successfully]]>
    </line>
    <line>
      <![CDATA[inside test01]]>
    </line>
    <line>
      <![CDATA[Testcase TextboxTestingBaba_test03 passed successfully]]>
    </line>
    <line>
      <![CDATA[Testcase TextboxTestingBaba_test04 started successfully]]>
    </line>
    <line>
      <![CDATA[inside test01]]>
    </line>
    <line>
      <![CDATA[Testcase TextboxTestingBaba_test04 passed successfully]]>
    </line>
    <line>
      <![CDATA[About to end executing Class Textbox]]>
    </line>
    <line>
      <![CDATA[About to begin executing Class buttons]]>
    </line>
    <line>
      <![CDATA[Testcase ButtonsTestingBaba_test01 started successfully]]>
    </line>
    <line>
      <![CDATA[Testcase ButtonsTestingBaba_test01 passed successfully]]>
    </line>
    <line>
      <![CDATA[Testcase ButtonsTestingBaba_test02 started successfully]]>
    </line>
    <line>
      <![CDATA[Testcase ButtonsTestingBaba_test02 passed successfully]]>
    </line>
    <line>
      <![CDATA[Testcase ButtonsTestingBaba_test03 started successfully]]>
    </line>
    <line>
      <![CDATA[Testcase ButtonsTestingBaba_test03 passed successfully]]>
    </line>
    <line>
      <![CDATA[About to end executing Class buttons]]>
    </line>
    <line>
      <![CDATA[About to begin executing Class checkbox]]>
    </line>
    <line>
      <![CDATA[Testcase CheckboxTestingBaba_test01 started successfully]]>
    </line>
    <line>
      <![CDATA[Testcase CheckboxTestingBaba_test01 passed successfully]]>
    </line>
    <line>
      <![CDATA[Testcase CheckboxTestingBaba_test02 started successfully]]>
    </line>
    <line>
      <![CDATA[Testcase CheckboxTestingBaba_test02 passed successfully]]>
    </line>
    <line>
      <![CDATA[Testcase CheckboxTestingBaba_test03 started successfully]]>
    </line>
    <line>
      <![CDATA[Testcase CheckboxTestingBaba_test03 passed successfully]]>
    </line>
    <line>
      <![CDATA[About to end executing Class checkbox]]>
    </line>
    <line>
      <![CDATA[About to begin executing Class dropdown]]>
    </line>
    <line>
      <![CDATA[Testcase DropdownTestingBaba_test01 started successfully]]>
    </line>
    <line>
      <![CDATA[Testcase DropdownTestingBaba_test01 passed successfully]]>
    </line>
    <line>
      <![CDATA[About to end executing Class dropdown]]>
    </line>
    <line>
      <![CDATA[About to begin executing Class links]]>
    </line>
    <line>
      <![CDATA[Testcase LinksTestingBaba_test01 started successfully]]>
    </line>
    <line>
      <![CDATA[Testcase LinksTestingBaba_test01 passed successfully]]>
    </line>
    <line>
      <![CDATA[Testcase LinksTestingBaba_test02 started successfully]]>
    </line>
    <line>
      <![CDATA[Testcase LinksTestingBaba_test02 passed successfully]]>
    </line>
    <line>
      <![CDATA[About to end executing Class links]]>
    </line>
    <line>
      <![CDATA[About to begin executing Class radio]]>
    </line>
    <line>
      <![CDATA[Testcase RadioButtonTestingBaba_test01 started successfully]]>
    </line>
    <line>
      <![CDATA[Testcase RadioButtonTestingBaba_test01 passed successfully]]>
    </line>
    <line>
      <![CDATA[About to end executing Class radio]]>
    </line>
    <line>
      <![CDATA[About to begin executing Class autocomplete]]>
    </line>
    <line>
      <![CDATA[Testcase AutocompleteTestingBaba_test01 started successfully]]>
    </line>
    <line>
      <![CDATA[Testcase AutocompleteTestingBaba_test01 passed successfully]]>
    </line>
    <line>
      <![CDATA[Testcase AutocompleteTestingBaba_test02 started successfully]]>
    </line>
    <line>
      <![CDATA[Testcase AutocompleteTestingBaba_test02 passed successfully]]>
    </line>
    <line>
      <![CDATA[Testcase AutocompleteTestingBaba_test03 started successfully]]>
    </line>
    <line>
      <![CDATA[Testcase AutocompleteTestingBaba_test03 passed successfully]]>
    </line>
    <line>
      <![CDATA[About to end executing Class autocomplete]]>
    </line>
    <line>
      <![CDATA[About to begin executing Class Webtable]]>
    </line>
    <line>
      <![CDATA[Testcase WebTablesTestingBaba_test01 started successfully]]>
    </line>
    <line>
      <![CDATA[Testcase WebTablesTestingBaba_test01 passed successfully]]>
    </line>
    <line>
      <![CDATA[About to end executing Class Webtable]]>
    </line>
    <line>
      <![CDATA[About to begin executing Class Flipkart]]>
    </line>
    <line>
      <![CDATA[Testcase FlipkartLogin_Test01 started successfully]]>
    </line>
    <line>
      <![CDATA[Testcase FlipkartLogin_Test01 passed successfully]]>
    </line>
    <line>
      <![CDATA[Testcase FlipkartProfileChange_Test02 started successfully]]>
    </line>
    <line>
      <![CDATA[Testcase FlipkartProfileChange_Test02 passed successfully]]>
    </line>
    <line>
      <![CDATA[About to end executing Class Flipkart]]>
    </line>
    <line>
      <![CDATA[About to begin executing Class Flipkart_Buy_product]]>
    </line>
    <line>
      <![CDATA[Testcase FlipkartLoginInvalidCred_Test01 started successfully]]>
    </line>
    <line>
      <![CDATA[Testcase FlipkartLoginInvalidCred_Test01 passed successfully]]>
    </line>
    <line>
      <![CDATA[About to end executing Class Flipkart_Buy_product]]>
    </line>
    <line>
      <![CDATA[About to begin executing Class Makemytrip]]>
    </line>
    <line>
      <![CDATA[Testcase MakemyTripSendValidNumber_Test01 started successfully]]>
    </line>
    <line>
      <![CDATA[Testcase MakemyTripSendValidNumber_Test01 passed successfully]]>
    </line>
    <line>
      <![CDATA[Testcase MakemyTripSendINValidNumber_Test02 started successfully]]>
    </line>
    <line>
      <![CDATA[Testcase MakemyTripSendINValidNumber_Test02 passed successfully]]>
    </line>
  </reporter-output>
  <suite started-at="2022-03-25T17:29:15 IST" name="Testingbaba" finished-at="2022-03-25T17:31:36 IST" duration-ms="140863">
    <groups>
    </groups>
    <test started-at="2022-03-25T17:29:15 IST" name="smoke" finished-at="2022-03-25T17:29:21 IST" duration-ms="6376">
      <class name="testingbaba.Testingbaba_launch_test">
        <test-method is-config="true" signature="launchtestingbaba()[pri:0, instance:testingbaba.Testingbaba_launch_test@525575]" started-at="2022-03-25T17:29:15 IST" name="launchtestingbaba" finished-at="2022-03-25T17:29:21 IST" duration-ms="6139" status="PASS">
          <reporter-output>
          </reporter-output>
        </test-method> <!-- launchtestingbaba -->
        <test-method signature="LaunchTestingBaba_test01()[pri:0, instance:testingbaba.Testingbaba_launch_test@525575]" started-at="2022-03-25T17:29:21 IST" name="LaunchTestingBaba_test01" finished-at="2022-03-25T17:29:21 IST" duration-ms="9" status="PASS">
          <reporter-output>
            <line>
              <![CDATA[Testcase LaunchTestingBaba_test01 started successfully]]>
            </line>
            <line>
              <![CDATA[Testcase LaunchTestingBaba_test01 passed successfully]]>
            </line>
          </reporter-output>
        </test-method> <!-- LaunchTestingBaba_test01 -->
        <test-method is-config="true" signature="analysis(org.testng.ITestResult)[pri:0, instance:testingbaba.Testingbaba_launch_test@525575]" started-at="2022-03-25T17:29:21 IST" name="analysis" finished-at="2022-03-25T17:29:21 IST" duration-ms="1" status="PASS">
          <params>
            <param index="0">
              <value>
                <![CDATA[[TestResult name=LaunchTestingBaba_test01 status=SUCCESS method=Testingbaba_launch_test.LaunchTestingBaba_test01()[pri:0, instance:testingbaba.Testingbaba_launch_test@525575] output=Testcase LaunchTestingBaba_test01 started successfully]]]>
              </value>
            </param>
          </params>
          <reporter-output>
          </reporter-output>
        </test-method> <!-- analysis -->
        <test-method is-config="true" signature="Teardown()[pri:0, instance:testingbaba.Testingbaba_launch_test@525575]" started-at="2022-03-25T17:29:21 IST" name="Teardown" finished-at="2022-03-25T17:29:21 IST" duration-ms="184" status="PASS">
          <reporter-output>
          </reporter-output>
        </test-method> <!-- Teardown -->
      </class> <!-- testingbaba.Testingbaba_launch_test -->
    </test> <!-- smoke -->
    <test started-at="2022-03-25T17:29:21 IST" name="Textbox" finished-at="2022-03-25T17:29:29 IST" duration-ms="8385">
      <class name="testingbaba.Testingbaba_textbox_test">
        <test-method is-config="true" signature="launchtestingbaba()[pri:0, instance:testingbaba.Testingbaba_textbox_test@63798ca7]" started-at="2022-03-25T17:29:21 IST" name="launchtestingbaba" finished-at="2022-03-25T17:29:28 IST" duration-ms="6716" status="PASS">
          <reporter-output>
          </reporter-output>
        </test-method> <!-- launchtestingbaba -->
        <test-method signature="TextboxTestingBaba_test01()[pri:0, instance:testingbaba.Testingbaba_textbox_test@63798ca7]" started-at="2022-03-25T17:29:28 IST" name="TextboxTestingBaba_test01" finished-at="2022-03-25T17:29:28 IST" duration-ms="6" status="PASS">
          <reporter-output>
            <line>
              <![CDATA[Testcase TextboxTestingBaba_test01 started successfully]]>
            </line>
            <line>
              <![CDATA[inside test01]]>
            </line>
            <line>
              <![CDATA[Testcase TextboxTestingBaba_test01 passed successfully]]>
            </line>
          </reporter-output>
        </test-method> <!-- TextboxTestingBaba_test01 -->
        <test-method signature="TextboxTestingBaba_test02()[pri:1, instance:testingbaba.Testingbaba_textbox_test@63798ca7]" started-at="2022-03-25T17:29:28 IST" name="TextboxTestingBaba_test02" finished-at="2022-03-25T17:29:28 IST" duration-ms="119" status="PASS">
          <reporter-output>
            <line>
              <![CDATA[Testcase TextboxTestingBaba_test02 started successfully]]>
            </line>
            <line>
              <![CDATA[inside test01]]>
            </line>
            <line>
              <![CDATA[Testcase TextboxTestingBaba_test02 passed successfully]]>
            </line>
          </reporter-output>
        </test-method> <!-- TextboxTestingBaba_test02 -->
        <test-method is-config="true" signature="analysis(org.testng.ITestResult)[pri:0, instance:testingbaba.Testingbaba_textbox_test@63798ca7]" started-at="2022-03-25T17:29:28 IST" name="analysis" finished-at="2022-03-25T17:29:28 IST" duration-ms="0" status="PASS">
          <params>
            <param index="0">
              <value>
                <![CDATA[[TestResult name=TextboxTestingBaba_test01 status=SUCCESS method=Testingbaba_textbox_test.TextboxTestingBaba_test01()[pri:0, instance:testingbaba.Testingbaba_textbox_test@63798ca7] output=Testcase TextboxTestingBaba_test01 started successfully]]]>
              </value>
            </param>
          </params>
          <reporter-output>
          </reporter-output>
        </test-method> <!-- analysis -->
        <test-method is-config="true" signature="analysis(org.testng.ITestResult)[pri:0, instance:testingbaba.Testingbaba_textbox_test@63798ca7]" started-at="2022-03-25T17:29:28 IST" name="analysis" finished-at="2022-03-25T17:29:28 IST" duration-ms="1" status="PASS">
          <params>
            <param index="0">
              <value>
                <![CDATA[[TestResult name=TextboxTestingBaba_test02 status=SUCCESS method=Testingbaba_textbox_test.TextboxTestingBaba_test02()[pri:1, instance:testingbaba.Testingbaba_textbox_test@63798ca7] output=Testcase TextboxTestingBaba_test02 started successfully]]]>
              </value>
            </param>
          </params>
          <reporter-output>
          </reporter-output>
        </test-method> <!-- analysis -->
        <test-method signature="TextboxTestingBaba_test03()[pri:2, instance:testingbaba.Testingbaba_textbox_test@63798ca7]" started-at="2022-03-25T17:29:28 IST" name="TextboxTestingBaba_test03" finished-at="2022-03-25T17:29:29 IST" duration-ms="1110" status="PASS">
          <reporter-output>
            <line>
              <![CDATA[Testcase TextboxTestingBaba_test03 started successfully]]>
            </line>
            <line>
              <![CDATA[inside test01]]>
            </line>
            <line>
              <![CDATA[Testcase TextboxTestingBaba_test03 passed successfully]]>
            </line>
          </reporter-output>
        </test-method> <!-- TextboxTestingBaba_test03 -->
        <test-method is-config="true" signature="analysis(org.testng.ITestResult)[pri:0, instance:testingbaba.Testingbaba_textbox_test@63798ca7]" started-at="2022-03-25T17:29:29 IST" name="analysis" finished-at="2022-03-25T17:29:29 IST" duration-ms="0" status="PASS">
          <params>
            <param index="0">
              <value>
                <![CDATA[[TestResult name=TextboxTestingBaba_test03 status=SUCCESS method=Testingbaba_textbox_test.TextboxTestingBaba_test03()[pri:2, instance:testingbaba.Testingbaba_textbox_test@63798ca7] output=Testcase TextboxTestingBaba_test03 started successfully]]]>
              </value>
            </param>
          </params>
          <reporter-output>
          </reporter-output>
        </test-method> <!-- analysis -->
        <test-method signature="TextboxTestingBaba_test04()[pri:3, instance:testingbaba.Testingbaba_textbox_test@63798ca7]" started-at="2022-03-25T17:29:29 IST" name="TextboxTestingBaba_test04" finished-at="2022-03-25T17:29:29 IST" duration-ms="213" status="PASS">
          <reporter-output>
            <line>
              <![CDATA[Testcase TextboxTestingBaba_test04 started successfully]]>
            </line>
            <line>
              <![CDATA[inside test01]]>
            </line>
            <line>
              <![CDATA[Testcase TextboxTestingBaba_test04 passed successfully]]>
            </line>
          </reporter-output>
        </test-method> <!-- TextboxTestingBaba_test04 -->
        <test-method is-config="true" signature="analysis(org.testng.ITestResult)[pri:0, instance:testingbaba.Testingbaba_textbox_test@63798ca7]" started-at="2022-03-25T17:29:29 IST" name="analysis" finished-at="2022-03-25T17:29:29 IST" duration-ms="0" status="PASS">
          <params>
            <param index="0">
              <value>
                <![CDATA[[TestResult name=TextboxTestingBaba_test04 status=SUCCESS method=Testingbaba_textbox_test.TextboxTestingBaba_test04()[pri:3, instance:testingbaba.Testingbaba_textbox_test@63798ca7] output=Testcase TextboxTestingBaba_test04 started successfully]]]>
              </value>
            </param>
          </params>
          <reporter-output>
          </reporter-output>
        </test-method> <!-- analysis -->
        <test-method is-config="true" signature="Teardown()[pri:0, instance:testingbaba.Testingbaba_textbox_test@63798ca7]" started-at="2022-03-25T17:29:29 IST" name="Teardown" finished-at="2022-03-25T17:29:29 IST" duration-ms="207" status="PASS">
          <reporter-output>
          </reporter-output>
        </test-method> <!-- Teardown -->
      </class> <!-- testingbaba.Testingbaba_textbox_test -->
    </test> <!-- Textbox -->
    <test started-at="2022-03-25T17:29:29 IST" name="buttons" finished-at="2022-03-25T17:29:37 IST" duration-ms="7848">
      <class name="testingbaba.Testingbaba_buttons_test">
        <test-method is-config="true" signature="launchtestingbaba()[pri:0, instance:testingbaba.Testingbaba_buttons_test@50468873]" started-at="2022-03-25T17:29:29 IST" name="launchtestingbaba" finished-at="2022-03-25T17:29:36 IST" duration-ms="6622" status="PASS">
          <reporter-output>
          </reporter-output>
        </test-method> <!-- launchtestingbaba -->
        <test-method signature="ButtonsTestingBaba_test01()[pri:0, instance:testingbaba.Testingbaba_buttons_test@50468873]" started-at="2022-03-25T17:29:36 IST" name="ButtonsTestingBaba_test01" finished-at="2022-03-25T17:29:36 IST" duration-ms="135" status="PASS">
          <reporter-output>
            <line>
              <![CDATA[Testcase ButtonsTestingBaba_test01 started successfully]]>
            </line>
            <line>
              <![CDATA[Testcase ButtonsTestingBaba_test01 passed successfully]]>
            </line>
          </reporter-output>
        </test-method> <!-- ButtonsTestingBaba_test01 -->
        <test-method is-config="true" signature="analysis(org.testng.ITestResult)[pri:0, instance:testingbaba.Testingbaba_buttons_test@50468873]" started-at="2022-03-25T17:29:36 IST" name="analysis" finished-at="2022-03-25T17:29:36 IST" duration-ms="0" status="PASS">
          <params>
            <param index="0">
              <value>
                <![CDATA[[TestResult name=ButtonsTestingBaba_test01 status=SUCCESS method=Testingbaba_buttons_test.ButtonsTestingBaba_test01()[pri:0, instance:testingbaba.Testingbaba_buttons_test@50468873] output=Testcase ButtonsTestingBaba_test01 started successfully]]]>
              </value>
            </param>
          </params>
          <reporter-output>
          </reporter-output>
        </test-method> <!-- analysis -->
        <test-method signature="ButtonsTestingBaba_test02()[pri:1, instance:testingbaba.Testingbaba_buttons_test@50468873]" started-at="2022-03-25T17:29:36 IST" name="ButtonsTestingBaba_test02" finished-at="2022-03-25T17:29:37 IST" duration-ms="665" status="PASS">
          <reporter-output>
            <line>
              <![CDATA[Testcase ButtonsTestingBaba_test02 started successfully]]>
            </line>
            <line>
              <![CDATA[Testcase ButtonsTestingBaba_test02 passed successfully]]>
            </line>
          </reporter-output>
        </test-method> <!-- ButtonsTestingBaba_test02 -->
        <test-method is-config="true" signature="analysis(org.testng.ITestResult)[pri:0, instance:testingbaba.Testingbaba_buttons_test@50468873]" started-at="2022-03-25T17:29:37 IST" name="analysis" finished-at="2022-03-25T17:29:37 IST" duration-ms="0" status="PASS">
          <params>
            <param index="0">
              <value>
                <![CDATA[[TestResult name=ButtonsTestingBaba_test02 status=SUCCESS method=Testingbaba_buttons_test.ButtonsTestingBaba_test02()[pri:1, instance:testingbaba.Testingbaba_buttons_test@50468873] output=Testcase ButtonsTestingBaba_test02 started successfully]]]>
              </value>
            </param>
          </params>
          <reporter-output>
          </reporter-output>
        </test-method> <!-- analysis -->
        <test-method signature="ButtonsTestingBaba_test03()[pri:2, instance:testingbaba.Testingbaba_buttons_test@50468873]" started-at="2022-03-25T17:29:37 IST" name="ButtonsTestingBaba_test03" finished-at="2022-03-25T17:29:37 IST" duration-ms="198" status="PASS">
          <reporter-output>
            <line>
              <![CDATA[Testcase ButtonsTestingBaba_test03 started successfully]]>
            </line>
            <line>
              <![CDATA[Testcase ButtonsTestingBaba_test03 passed successfully]]>
            </line>
          </reporter-output>
        </test-method> <!-- ButtonsTestingBaba_test03 -->
        <test-method is-config="true" signature="analysis(org.testng.ITestResult)[pri:0, instance:testingbaba.Testingbaba_buttons_test@50468873]" started-at="2022-03-25T17:29:37 IST" name="analysis" finished-at="2022-03-25T17:29:37 IST" duration-ms="0" status="PASS">
          <params>
            <param index="0">
              <value>
                <![CDATA[[TestResult name=ButtonsTestingBaba_test03 status=SUCCESS method=Testingbaba_buttons_test.ButtonsTestingBaba_test03()[pri:2, instance:testingbaba.Testingbaba_buttons_test@50468873] output=Testcase ButtonsTestingBaba_test03 started successfully]]]>
              </value>
            </param>
          </params>
          <reporter-output>
          </reporter-output>
        </test-method> <!-- analysis -->
        <test-method is-config="true" signature="Teardown()[pri:0, instance:testingbaba.Testingbaba_buttons_test@50468873]" started-at="2022-03-25T17:29:37 IST" name="Teardown" finished-at="2022-03-25T17:29:37 IST" duration-ms="221" status="PASS">
          <reporter-output>
          </reporter-output>
        </test-method> <!-- Teardown -->
      </class> <!-- testingbaba.Testingbaba_buttons_test -->
    </test> <!-- buttons -->
    <test started-at="2022-03-25T17:29:37 IST" name="checkbox" finished-at="2022-03-25T17:29:53 IST" duration-ms="15926">
      <class name="testingbaba.Testingbaba_checkbox_test">
        <test-method is-config="true" signature="launchtestingbaba()[pri:0, instance:testingbaba.Testingbaba_checkbox_test@6d3c5255]" started-at="2022-03-25T17:29:37 IST" name="launchtestingbaba" finished-at="2022-03-25T17:29:43 IST" duration-ms="6041" status="PASS">
          <reporter-output>
          </reporter-output>
        </test-method> <!-- launchtestingbaba -->
        <test-method signature="CheckboxTestingBaba_test01()[pri:1, instance:testingbaba.Testingbaba_checkbox_test@6d3c5255]" started-at="2022-03-25T17:29:43 IST" name="CheckboxTestingBaba_test01" finished-at="2022-03-25T17:29:43 IST" duration-ms="76" status="PASS">
          <reporter-output>
            <line>
              <![CDATA[Testcase CheckboxTestingBaba_test01 started successfully]]>
            </line>
            <line>
              <![CDATA[Testcase CheckboxTestingBaba_test01 passed successfully]]>
            </line>
          </reporter-output>
        </test-method> <!-- CheckboxTestingBaba_test01 -->
        <test-method is-config="true" signature="analysis(org.testng.ITestResult)[pri:0, instance:testingbaba.Testingbaba_checkbox_test@6d3c5255]" started-at="2022-03-25T17:29:43 IST" name="analysis" finished-at="2022-03-25T17:29:43 IST" duration-ms="1" status="PASS">
          <params>
            <param index="0">
              <value>
                <![CDATA[[TestResult name=CheckboxTestingBaba_test01 status=SUCCESS method=Testingbaba_checkbox_test.CheckboxTestingBaba_test01()[pri:1, instance:testingbaba.Testingbaba_checkbox_test@6d3c5255] output=Testcase CheckboxTestingBaba_test01 started successfully]]]>
              </value>
            </param>
          </params>
          <reporter-output>
          </reporter-output>
        </test-method> <!-- analysis -->
        <test-method signature="CheckboxTestingBaba_test02()[pri:2, instance:testingbaba.Testingbaba_checkbox_test@6d3c5255]" started-at="2022-03-25T17:29:43 IST" name="CheckboxTestingBaba_test02" finished-at="2022-03-25T17:29:48 IST" duration-ms="4127" status="PASS">
          <reporter-output>
            <line>
              <![CDATA[Testcase CheckboxTestingBaba_test02 started successfully]]>
            </line>
            <line>
              <![CDATA[Testcase CheckboxTestingBaba_test02 passed successfully]]>
            </line>
          </reporter-output>
        </test-method> <!-- CheckboxTestingBaba_test02 -->
        <test-method is-config="true" signature="analysis(org.testng.ITestResult)[pri:0, instance:testingbaba.Testingbaba_checkbox_test@6d3c5255]" started-at="2022-03-25T17:29:48 IST" name="analysis" finished-at="2022-03-25T17:29:48 IST" duration-ms="2" status="PASS">
          <params>
            <param index="0">
              <value>
                <![CDATA[[TestResult name=CheckboxTestingBaba_test02 status=SUCCESS method=Testingbaba_checkbox_test.CheckboxTestingBaba_test02()[pri:2, instance:testingbaba.Testingbaba_checkbox_test@6d3c5255] output=Testcase CheckboxTestingBaba_test02 started successfully]]]>
              </value>
            </param>
          </params>
          <reporter-output>
          </reporter-output>
        </test-method> <!-- analysis -->
        <test-method signature="CheckboxTestingBaba_test03()[pri:3, instance:testingbaba.Testingbaba_checkbox_test@6d3c5255]" started-at="2022-03-25T17:29:48 IST" name="CheckboxTestingBaba_test03" finished-at="2022-03-25T17:29:53 IST" duration-ms="5416" status="PASS">
          <reporter-output>
            <line>
              <![CDATA[Testcase CheckboxTestingBaba_test03 started successfully]]>
            </line>
            <line>
              <![CDATA[Testcase CheckboxTestingBaba_test03 passed successfully]]>
            </line>
          </reporter-output>
        </test-method> <!-- CheckboxTestingBaba_test03 -->
        <test-method is-config="true" signature="analysis(org.testng.ITestResult)[pri:0, instance:testingbaba.Testingbaba_checkbox_test@6d3c5255]" started-at="2022-03-25T17:29:53 IST" name="analysis" finished-at="2022-03-25T17:29:53 IST" duration-ms="0" status="PASS">
          <params>
            <param index="0">
              <value>
                <![CDATA[[TestResult name=CheckboxTestingBaba_test03 status=SUCCESS method=Testingbaba_checkbox_test.CheckboxTestingBaba_test03()[pri:3, instance:testingbaba.Testingbaba_checkbox_test@6d3c5255] output=Testcase CheckboxTestingBaba_test03 started successfully]]]>
              </value>
            </param>
          </params>
          <reporter-output>
          </reporter-output>
        </test-method> <!-- analysis -->
        <test-method is-config="true" signature="Teardown()[pri:0, instance:testingbaba.Testingbaba_checkbox_test@6d3c5255]" started-at="2022-03-25T17:29:53 IST" name="Teardown" finished-at="2022-03-25T17:29:53 IST" duration-ms="262" status="PASS">
          <reporter-output>
          </reporter-output>
        </test-method> <!-- Teardown -->
      </class> <!-- testingbaba.Testingbaba_checkbox_test -->
    </test> <!-- checkbox -->
    <test started-at="2022-03-25T17:29:53 IST" name="dropdown" finished-at="2022-03-25T17:30:00 IST" duration-ms="6403">
      <class name="testingbaba.Testingbaba_dropdown_test">
        <test-method is-config="true" signature="launchtestingbaba()[pri:0, instance:testingbaba.Testingbaba_dropdown_test@28ec166e]" started-at="2022-03-25T17:29:53 IST" name="launchtestingbaba" finished-at="2022-03-25T17:29:57 IST" duration-ms="3920" status="PASS">
          <reporter-output>
          </reporter-output>
        </test-method> <!-- launchtestingbaba -->
        <test-method signature="DropdownTestingBaba_test01()[pri:0, instance:testingbaba.Testingbaba_dropdown_test@28ec166e]" started-at="2022-03-25T17:29:57 IST" name="DropdownTestingBaba_test01" finished-at="2022-03-25T17:29:59 IST" duration-ms="2308" status="PASS">
          <reporter-output>
            <line>
              <![CDATA[Testcase DropdownTestingBaba_test01 started successfully]]>
            </line>
            <line>
              <![CDATA[Testcase DropdownTestingBaba_test01 passed successfully]]>
            </line>
          </reporter-output>
        </test-method> <!-- DropdownTestingBaba_test01 -->
        <test-method is-config="true" signature="analysis(org.testng.ITestResult)[pri:0, instance:testingbaba.Testingbaba_dropdown_test@28ec166e]" started-at="2022-03-25T17:29:59 IST" name="analysis" finished-at="2022-03-25T17:29:59 IST" duration-ms="0" status="PASS">
          <params>
            <param index="0">
              <value>
                <![CDATA[[TestResult name=DropdownTestingBaba_test01 status=SUCCESS method=Testingbaba_dropdown_test.DropdownTestingBaba_test01()[pri:0, instance:testingbaba.Testingbaba_dropdown_test@28ec166e] output=Testcase DropdownTestingBaba_test01 started successfully]]]>
              </value>
            </param>
          </params>
          <reporter-output>
          </reporter-output>
        </test-method> <!-- analysis -->
        <test-method is-config="true" signature="Teardown()[pri:0, instance:testingbaba.Testingbaba_dropdown_test@28ec166e]" started-at="2022-03-25T17:29:59 IST" name="Teardown" finished-at="2022-03-25T17:30:00 IST" duration-ms="167" status="PASS">
          <reporter-output>
          </reporter-output>
        </test-method> <!-- Teardown -->
      </class> <!-- testingbaba.Testingbaba_dropdown_test -->
    </test> <!-- dropdown -->
    <test started-at="2022-03-25T17:30:00 IST" name="links" finished-at="2022-03-25T17:30:09 IST" duration-ms="9053">
      <class name="testingbaba.Testingbaba_links_test">
        <test-method is-config="true" signature="launchtestingbaba()[pri:0, instance:testingbaba.Testingbaba_links_test@2826f61]" started-at="2022-03-25T17:30:00 IST" name="launchtestingbaba" finished-at="2022-03-25T17:30:06 IST" duration-ms="6493" status="PASS">
          <reporter-output>
          </reporter-output>
        </test-method> <!-- launchtestingbaba -->
        <test-method signature="LinksTestingBaba_test01()[pri:1, instance:testingbaba.Testingbaba_links_test@2826f61]" started-at="2022-03-25T17:30:06 IST" name="LinksTestingBaba_test01" finished-at="2022-03-25T17:30:06 IST" duration-ms="81" status="PASS">
          <reporter-output>
            <line>
              <![CDATA[Testcase LinksTestingBaba_test01 started successfully]]>
            </line>
            <line>
              <![CDATA[Testcase LinksTestingBaba_test01 passed successfully]]>
            </line>
          </reporter-output>
        </test-method> <!-- LinksTestingBaba_test01 -->
        <test-method signature="LinksTestingBaba_test02()[pri:2, instance:testingbaba.Testingbaba_links_test@2826f61]" started-at="2022-03-25T17:30:06 IST" name="LinksTestingBaba_test02" finished-at="2022-03-25T17:30:08 IST" duration-ms="2224" status="PASS">
          <reporter-output>
            <line>
              <![CDATA[Testcase LinksTestingBaba_test02 started successfully]]>
            </line>
            <line>
              <![CDATA[Testcase LinksTestingBaba_test02 passed successfully]]>
            </line>
          </reporter-output>
        </test-method> <!-- LinksTestingBaba_test02 -->
        <test-method is-config="true" signature="analysis(org.testng.ITestResult)[pri:0, instance:testingbaba.Testingbaba_links_test@2826f61]" started-at="2022-03-25T17:30:06 IST" name="analysis" finished-at="2022-03-25T17:30:06 IST" duration-ms="0" status="PASS">
          <params>
            <param index="0">
              <value>
                <![CDATA[[TestResult name=LinksTestingBaba_test01 status=SUCCESS method=Testingbaba_links_test.LinksTestingBaba_test01()[pri:1, instance:testingbaba.Testingbaba_links_test@2826f61] output=Testcase LinksTestingBaba_test01 started successfully]]]>
              </value>
            </param>
          </params>
          <reporter-output>
          </reporter-output>
        </test-method> <!-- analysis -->
        <test-method is-config="true" signature="analysis(org.testng.ITestResult)[pri:0, instance:testingbaba.Testingbaba_links_test@2826f61]" started-at="2022-03-25T17:30:08 IST" name="analysis" finished-at="2022-03-25T17:30:08 IST" duration-ms="1" status="PASS">
          <params>
            <param index="0">
              <value>
                <![CDATA[[TestResult name=LinksTestingBaba_test02 status=SUCCESS method=Testingbaba_links_test.LinksTestingBaba_test02()[pri:2, instance:testingbaba.Testingbaba_links_test@2826f61] output=Testcase LinksTestingBaba_test02 started successfully]]]>
              </value>
            </param>
          </params>
          <reporter-output>
          </reporter-output>
        </test-method> <!-- analysis -->
        <test-method is-config="true" signature="Teardown()[pri:0, instance:testingbaba.Testingbaba_links_test@2826f61]" started-at="2022-03-25T17:30:08 IST" name="Teardown" finished-at="2022-03-25T17:30:09 IST" duration-ms="252" status="PASS">
          <reporter-output>
          </reporter-output>
        </test-method> <!-- Teardown -->
      </class> <!-- testingbaba.Testingbaba_links_test -->
    </test> <!-- links -->
    <test started-at="2022-03-25T17:30:09 IST" name="radio" finished-at="2022-03-25T17:30:18 IST" duration-ms="9505">
      <class name="testingbaba.Testingbaba_radio_test">
        <test-method is-config="true" signature="launchtestingbaba()[pri:0, instance:testingbaba.Testingbaba_radio_test@687ef2e0]" started-at="2022-03-25T17:30:09 IST" name="launchtestingbaba" finished-at="2022-03-25T17:30:14 IST" duration-ms="4819" status="PASS">
          <reporter-output>
          </reporter-output>
        </test-method> <!-- launchtestingbaba -->
        <test-method signature="RadioButtonTestingBaba_test01()[pri:0, instance:testingbaba.Testingbaba_radio_test@687ef2e0]" started-at="2022-03-25T17:30:14 IST" name="RadioButtonTestingBaba_test01" finished-at="2022-03-25T17:30:18 IST" duration-ms="4364" status="PASS">
          <reporter-output>
            <line>
              <![CDATA[Testcase RadioButtonTestingBaba_test01 started successfully]]>
            </line>
            <line>
              <![CDATA[Testcase RadioButtonTestingBaba_test01 passed successfully]]>
            </line>
          </reporter-output>
        </test-method> <!-- RadioButtonTestingBaba_test01 -->
        <test-method is-config="true" signature="Teardown()[pri:0, instance:testingbaba.Testingbaba_radio_test@687ef2e0]" started-at="2022-03-25T17:30:18 IST" name="Teardown" finished-at="2022-03-25T17:30:18 IST" duration-ms="317" status="PASS">
          <reporter-output>
          </reporter-output>
        </test-method> <!-- Teardown -->
        <test-method is-config="true" signature="analysis(org.testng.ITestResult)[pri:0, instance:testingbaba.Testingbaba_radio_test@687ef2e0]" started-at="2022-03-25T17:30:18 IST" name="analysis" finished-at="2022-03-25T17:30:18 IST" duration-ms="0" status="PASS">
          <params>
            <param index="0">
              <value>
                <![CDATA[[TestResult name=RadioButtonTestingBaba_test01 status=SUCCESS method=Testingbaba_radio_test.RadioButtonTestingBaba_test01()[pri:0, instance:testingbaba.Testingbaba_radio_test@687ef2e0] output=Testcase RadioButtonTestingBaba_test01 started successfully]]]>
              </value>
            </param>
          </params>
          <reporter-output>
          </reporter-output>
        </test-method> <!-- analysis -->
      </class> <!-- testingbaba.Testingbaba_radio_test -->
    </test> <!-- radio -->
    <test started-at="2022-03-25T17:30:18 IST" name="autocomplete" finished-at="2022-03-25T17:30:28 IST" duration-ms="9641">
      <class name="testingbaba.Testingbaba_autocomplete_test">
        <test-method is-config="true" signature="launchtestingbaba()[pri:0, instance:testingbaba.Testingbaba_autocomplete_test@6127a7e]" started-at="2022-03-25T17:30:18 IST" name="launchtestingbaba" finished-at="2022-03-25T17:30:24 IST" duration-ms="6047" status="PASS">
          <reporter-output>
          </reporter-output>
        </test-method> <!-- launchtestingbaba -->
        <test-method signature="AutocompleteTestingBaba_test01()[pri:1, instance:testingbaba.Testingbaba_autocomplete_test@6127a7e]" started-at="2022-03-25T17:30:24 IST" name="AutocompleteTestingBaba_test01" finished-at="2022-03-25T17:30:24 IST" duration-ms="97" status="PASS">
          <reporter-output>
            <line>
              <![CDATA[Testcase AutocompleteTestingBaba_test01 started successfully]]>
            </line>
            <line>
              <![CDATA[Testcase AutocompleteTestingBaba_test01 passed successfully]]>
            </line>
          </reporter-output>
        </test-method> <!-- AutocompleteTestingBaba_test01 -->
        <test-method is-config="true" signature="analysis(org.testng.ITestResult)[pri:0, instance:testingbaba.Testingbaba_autocomplete_test@6127a7e]" started-at="2022-03-25T17:30:24 IST" name="analysis" finished-at="2022-03-25T17:30:24 IST" duration-ms="1" status="PASS">
          <params>
            <param index="0">
              <value>
                <![CDATA[[TestResult name=AutocompleteTestingBaba_test01 status=SUCCESS method=Testingbaba_autocomplete_test.AutocompleteTestingBaba_test01()[pri:1, instance:testingbaba.Testingbaba_autocomplete_test@6127a7e] output=Testcase AutocompleteTestingBaba_test01 started successfully]]]>
              </value>
            </param>
          </params>
          <reporter-output>
          </reporter-output>
        </test-method> <!-- analysis -->
        <test-method signature="AutocompleteTestingBaba_test02()[pri:2, instance:testingbaba.Testingbaba_autocomplete_test@6127a7e]" started-at="2022-03-25T17:30:24 IST" name="AutocompleteTestingBaba_test02" finished-at="2022-03-25T17:30:25 IST" duration-ms="1072" status="PASS">
          <reporter-output>
            <line>
              <![CDATA[Testcase AutocompleteTestingBaba_test02 started successfully]]>
            </line>
            <line>
              <![CDATA[Testcase AutocompleteTestingBaba_test02 passed successfully]]>
            </line>
          </reporter-output>
        </test-method> <!-- AutocompleteTestingBaba_test02 -->
        <test-method is-config="true" signature="analysis(org.testng.ITestResult)[pri:0, instance:testingbaba.Testingbaba_autocomplete_test@6127a7e]" started-at="2022-03-25T17:30:25 IST" name="analysis" finished-at="2022-03-25T17:30:25 IST" duration-ms="0" status="PASS">
          <params>
            <param index="0">
              <value>
                <![CDATA[[TestResult name=AutocompleteTestingBaba_test02 status=SUCCESS method=Testingbaba_autocomplete_test.AutocompleteTestingBaba_test02()[pri:2, instance:testingbaba.Testingbaba_autocomplete_test@6127a7e] output=Testcase AutocompleteTestingBaba_test02 started successfully]]]>
              </value>
            </param>
          </params>
          <reporter-output>
          </reporter-output>
        </test-method> <!-- analysis -->
        <test-method signature="AutocompleteTestingBaba_test03()[pri:3, instance:testingbaba.Testingbaba_autocomplete_test@6127a7e]" started-at="2022-03-25T17:30:25 IST" name="AutocompleteTestingBaba_test03" finished-at="2022-03-25T17:30:28 IST" duration-ms="2222" status="PASS">
          <reporter-output>
            <line>
              <![CDATA[Testcase AutocompleteTestingBaba_test03 started successfully]]>
            </line>
            <line>
              <![CDATA[Testcase AutocompleteTestingBaba_test03 passed successfully]]>
            </line>
          </reporter-output>
        </test-method> <!-- AutocompleteTestingBaba_test03 -->
        <test-method is-config="true" signature="analysis(org.testng.ITestResult)[pri:0, instance:testingbaba.Testingbaba_autocomplete_test@6127a7e]" started-at="2022-03-25T17:30:28 IST" name="analysis" finished-at="2022-03-25T17:30:28 IST" duration-ms="0" status="PASS">
          <params>
            <param index="0">
              <value>
                <![CDATA[[TestResult name=AutocompleteTestingBaba_test03 status=SUCCESS method=Testingbaba_autocomplete_test.AutocompleteTestingBaba_test03()[pri:3, instance:testingbaba.Testingbaba_autocomplete_test@6127a7e] output=Testcase AutocompleteTestingBaba_test03 started successfully]]]>
              </value>
            </param>
          </params>
          <reporter-output>
          </reporter-output>
        </test-method> <!-- analysis -->
        <test-method is-config="true" signature="Teardown()[pri:0, instance:testingbaba.Testingbaba_autocomplete_test@6127a7e]" started-at="2022-03-25T17:30:28 IST" name="Teardown" finished-at="2022-03-25T17:30:28 IST" duration-ms="194" status="PASS">
          <reporter-output>
          </reporter-output>
        </test-method> <!-- Teardown -->
      </class> <!-- testingbaba.Testingbaba_autocomplete_test -->
    </test> <!-- autocomplete -->
    <test started-at="2022-03-25T17:30:28 IST" name="Webtable" finished-at="2022-03-25T17:30:43 IST" duration-ms="14798">
      <class name="testingbaba.Testingbaba_webtables_test">
        <test-method is-config="true" signature="launchtestingbaba()[pri:0, instance:testingbaba.Testingbaba_webtables_test@4dd02341]" started-at="2022-03-25T17:30:28 IST" name="launchtestingbaba" finished-at="2022-03-25T17:30:35 IST" duration-ms="7253" status="PASS">
          <reporter-output>
          </reporter-output>
        </test-method> <!-- launchtestingbaba -->
        <test-method signature="WebTablesTestingBaba_test01()[pri:0, instance:testingbaba.Testingbaba_webtables_test@4dd02341]" started-at="2022-03-25T17:30:35 IST" name="WebTablesTestingBaba_test01" finished-at="2022-03-25T17:30:43 IST" duration-ms="7540" status="PASS">
          <reporter-output>
            <line>
              <![CDATA[Testcase WebTablesTestingBaba_test01 started successfully]]>
            </line>
            <line>
              <![CDATA[Testcase WebTablesTestingBaba_test01 passed successfully]]>
            </line>
          </reporter-output>
        </test-method> <!-- WebTablesTestingBaba_test01 -->
        <test-method is-config="true" signature="analysis(org.testng.ITestResult)[pri:0, instance:testingbaba.Testingbaba_webtables_test@4dd02341]" started-at="2022-03-25T17:30:43 IST" name="analysis" finished-at="2022-03-25T17:30:43 IST" duration-ms="2" status="PASS">
          <params>
            <param index="0">
              <value>
                <![CDATA[[TestResult name=WebTablesTestingBaba_test01 status=SUCCESS method=Testingbaba_webtables_test.WebTablesTestingBaba_test01()[pri:0, instance:testingbaba.Testingbaba_webtables_test@4dd02341] output=Testcase WebTablesTestingBaba_test01 started successfully]]]>
              </value>
            </param>
          </params>
          <reporter-output>
          </reporter-output>
        </test-method> <!-- analysis -->
        <test-method is-config="true" signature="Teardown()[pri:0, instance:testingbaba.Testingbaba_webtables_test@4dd02341]" started-at="2022-03-25T17:30:43 IST" name="Teardown" finished-at="2022-03-25T17:30:43 IST" duration-ms="1" status="PASS">
          <reporter-output>
          </reporter-output>
        </test-method> <!-- Teardown -->
      </class> <!-- testingbaba.Testingbaba_webtables_test -->
    </test> <!-- Webtable -->
    <test started-at="2022-03-25T17:30:43 IST" name="Flipkart" finished-at="2022-03-25T17:31:10 IST" duration-ms="26938">
      <class name="flipkart.Flipkart_buy_test">
        <test-method is-config="true" signature="launchFB()[pri:0, instance:flipkart.Flipkart_buy_test@7203c7ff]" started-at="2022-03-25T17:30:43 IST" name="launchFB" finished-at="2022-03-25T17:30:46 IST" duration-ms="3143" status="PASS">
          <reporter-output>
          </reporter-output>
        </test-method> <!-- launchFB -->
        <test-method signature="FlipkartLogin_Test01()[pri:0, instance:flipkart.Flipkart_buy_test@7203c7ff]" started-at="2022-03-25T17:30:46 IST" name="FlipkartLogin_Test01" finished-at="2022-03-25T17:30:48 IST" duration-ms="2297" status="PASS">
          <reporter-output>
            <line>
              <![CDATA[Testcase FlipkartLogin_Test01 started successfully]]>
            </line>
            <line>
              <![CDATA[Testcase FlipkartLogin_Test01 passed successfully]]>
            </line>
          </reporter-output>
        </test-method> <!-- FlipkartLogin_Test01 -->
        <test-method is-config="true" signature="analysis(org.testng.ITestResult)[pri:0, instance:flipkart.Flipkart_buy_test@7203c7ff]" started-at="2022-03-25T17:30:48 IST" name="analysis" finished-at="2022-03-25T17:30:48 IST" duration-ms="0" status="PASS">
          <params>
            <param index="0">
              <value>
                <![CDATA[[TestResult name=FlipkartLogin_Test01 status=SUCCESS method=Flipkart_buy_test.FlipkartLogin_Test01()[pri:0, instance:flipkart.Flipkart_buy_test@7203c7ff] output=Testcase FlipkartLogin_Test01 started successfully]]]>
              </value>
            </param>
          </params>
          <reporter-output>
          </reporter-output>
        </test-method> <!-- analysis -->
        <test-method signature="FlipkartProfileChange_Test02()[pri:0, instance:flipkart.Flipkart_buy_test@7203c7ff]" started-at="2022-03-25T17:30:48 IST" name="FlipkartProfileChange_Test02" finished-at="2022-03-25T17:31:09 IST" duration-ms="21098" status="PASS">
          <reporter-output>
            <line>
              <![CDATA[Testcase FlipkartProfileChange_Test02 started successfully]]>
            </line>
            <line>
              <![CDATA[Testcase FlipkartProfileChange_Test02 passed successfully]]>
            </line>
          </reporter-output>
        </test-method> <!-- FlipkartProfileChange_Test02 -->
        <test-method is-config="true" signature="analysis(org.testng.ITestResult)[pri:0, instance:flipkart.Flipkart_buy_test@7203c7ff]" started-at="2022-03-25T17:31:09 IST" name="analysis" finished-at="2022-03-25T17:31:09 IST" duration-ms="1" status="PASS">
          <params>
            <param index="0">
              <value>
                <![CDATA[[TestResult name=FlipkartProfileChange_Test02 status=SUCCESS method=Flipkart_buy_test.FlipkartProfileChange_Test02()[pri:0, instance:flipkart.Flipkart_buy_test@7203c7ff] output=Testcase FlipkartProfileChange_Test02 started successfully]]]>
              </value>
            </param>
          </params>
          <reporter-output>
          </reporter-output>
        </test-method> <!-- analysis -->
        <test-method is-config="true" signature="Teardown()[pri:0, instance:flipkart.Flipkart_buy_test@7203c7ff]" started-at="2022-03-25T17:31:09 IST" name="Teardown" finished-at="2022-03-25T17:31:10 IST" duration-ms="397" status="PASS">
          <reporter-output>
          </reporter-output>
        </test-method> <!-- Teardown -->
      </class> <!-- flipkart.Flipkart_buy_test -->
    </test> <!-- Flipkart -->
    <test started-at="2022-03-25T17:31:10 IST" name="Flipkart_Buy_product" finished-at="2022-03-25T17:31:16 IST" duration-ms="6177">
      <class name="flipkart.Flipkart_buyproduct_test">
        <test-method is-config="true" signature="launchFB()[pri:0, instance:flipkart.Flipkart_buyproduct_test@eda25e5]" started-at="2022-03-25T17:31:10 IST" name="launchFB" finished-at="2022-03-25T17:31:13 IST" duration-ms="3377" status="PASS">
          <reporter-output>
          </reporter-output>
        </test-method> <!-- launchFB -->
        <test-method signature="FlipkartLoginInvalidCred_Test01()[pri:0, instance:flipkart.Flipkart_buyproduct_test@eda25e5]" started-at="2022-03-25T17:31:13 IST" name="FlipkartLoginInvalidCred_Test01" finished-at="2022-03-25T17:31:16 IST" duration-ms="2571" status="PASS">
          <reporter-output>
            <line>
              <![CDATA[Testcase FlipkartLoginInvalidCred_Test01 started successfully]]>
            </line>
            <line>
              <![CDATA[Testcase FlipkartLoginInvalidCred_Test01 passed successfully]]>
            </line>
          </reporter-output>
        </test-method> <!-- FlipkartLoginInvalidCred_Test01 -->
        <test-method is-config="true" signature="Teardown()[pri:0, instance:flipkart.Flipkart_buyproduct_test@eda25e5]" started-at="2022-03-25T17:31:16 IST" name="Teardown" finished-at="2022-03-25T17:31:16 IST" duration-ms="221" status="PASS">
          <reporter-output>
          </reporter-output>
        </test-method> <!-- Teardown -->
        <test-method is-config="true" signature="analysis(org.testng.ITestResult)[pri:0, instance:flipkart.Flipkart_buyproduct_test@eda25e5]" started-at="2022-03-25T17:31:16 IST" name="analysis" finished-at="2022-03-25T17:31:16 IST" duration-ms="0" status="PASS">
          <params>
            <param index="0">
              <value>
                <![CDATA[[TestResult name=FlipkartLoginInvalidCred_Test01 status=SUCCESS method=Flipkart_buyproduct_test.FlipkartLoginInvalidCred_Test01()[pri:0, instance:flipkart.Flipkart_buyproduct_test@eda25e5] output=Testcase FlipkartLoginInvalidCred_Test01 started successfully]]]>
              </value>
            </param>
          </params>
          <reporter-output>
          </reporter-output>
        </test-method> <!-- analysis -->
      </class> <!-- flipkart.Flipkart_buyproduct_test -->
    </test> <!-- Flipkart_Buy_product -->
    <test started-at="2022-03-25T17:31:16 IST" name="Makemytrip" finished-at="2022-03-25T17:31:36 IST" duration-ms="19723">
      <class name="makemytrip.Makemytrip_launch_test">
        <test-method is-config="true" signature="launchFB()[pri:0, instance:makemytrip.Makemytrip_launch_test@6179e425]" started-at="2022-03-25T17:31:16 IST" name="launchFB" finished-at="2022-03-25T17:31:21 IST" duration-ms="5020" status="PASS">
          <reporter-output>
          </reporter-output>
        </test-method> <!-- launchFB -->
        <test-method signature="MakemyTripSendValidNumber_Test01()[pri:0, instance:makemytrip.Makemytrip_launch_test@6179e425]" started-at="2022-03-25T17:31:21 IST" name="MakemyTripSendValidNumber_Test01" finished-at="2022-03-25T17:31:25 IST" duration-ms="4503" status="PASS">
          <reporter-output>
            <line>
              <![CDATA[Testcase MakemyTripSendValidNumber_Test01 started successfully]]>
            </line>
            <line>
              <![CDATA[Testcase MakemyTripSendValidNumber_Test01 passed successfully]]>
            </line>
          </reporter-output>
        </test-method> <!-- MakemyTripSendValidNumber_Test01 -->
        <test-method is-config="true" signature="analysis(org.testng.ITestResult)[pri:0, instance:makemytrip.Makemytrip_launch_test@6179e425]" started-at="2022-03-25T17:31:25 IST" name="analysis" finished-at="2022-03-25T17:31:25 IST" duration-ms="0" status="PASS">
          <params>
            <param index="0">
              <value>
                <![CDATA[[TestResult name=MakemyTripSendValidNumber_Test01 status=SUCCESS method=Makemytrip_launch_test.MakemyTripSendValidNumber_Test01()[pri:0, instance:makemytrip.Makemytrip_launch_test@6179e425] output=Testcase MakemyTripSendValidNumber_Test01 started successfully]]]>
              </value>
            </param>
          </params>
          <reporter-output>
          </reporter-output>
        </test-method> <!-- analysis -->
        <test-method signature="MakemyTripSendINValidNumber_Test02()[pri:1, instance:makemytrip.Makemytrip_launch_test@6179e425]" started-at="2022-03-25T17:31:25 IST" name="MakemyTripSendINValidNumber_Test02" finished-at="2022-03-25T17:31:35 IST" duration-ms="9866" status="PASS">
          <reporter-output>
            <line>
              <![CDATA[Testcase MakemyTripSendINValidNumber_Test02 started successfully]]>
            </line>
            <line>
              <![CDATA[Testcase MakemyTripSendINValidNumber_Test02 passed successfully]]>
            </line>
          </reporter-output>
        </test-method> <!-- MakemyTripSendINValidNumber_Test02 -->
        <test-method is-config="true" signature="analysis(org.testng.ITestResult)[pri:0, instance:makemytrip.Makemytrip_launch_test@6179e425]" started-at="2022-03-25T17:31:35 IST" name="analysis" finished-at="2022-03-25T17:31:35 IST" duration-ms="0" status="PASS">
          <params>
            <param index="0">
              <value>
                <![CDATA[[TestResult name=MakemyTripSendINValidNumber_Test02 status=SUCCESS method=Makemytrip_launch_test.MakemyTripSendINValidNumber_Test02()[pri:1, instance:makemytrip.Makemytrip_launch_test@6179e425] output=Testcase MakemyTripSendINValidNumber_Test02 started successfully]]]>
              </value>
            </param>
          </params>
          <reporter-output>
          </reporter-output>
        </test-method> <!-- analysis -->
        <test-method is-config="true" signature="Teardown()[pri:0, instance:makemytrip.Makemytrip_launch_test@6179e425]" started-at="2022-03-25T17:31:35 IST" name="Teardown" finished-at="2022-03-25T17:31:36 IST" duration-ms="332" status="PASS">
          <reporter-output>
          </reporter-output>
        </test-method> <!-- Teardown -->
      </class> <!-- makemytrip.Makemytrip_launch_test -->
    </test> <!-- Makemytrip -->
  </suite> <!-- Testingbaba -->
</testng-results>
