<?xml version="1.0" encoding="UTF-8"?>
<testsuite xmlns:xsi="http://www.w3.org/2001/XMLSchema-instance" xsi:noNamespaceSchemaLocation="https://maven.apache.org/surefire/maven-surefire-plugin/xsd/surefire-test-report-3.0.xsd" version="3.0" name="TestSuite" time="62.058" tests="18" errors="0" skipped="0" failures="0">
  <properties>
[...]
</properties>
  <testcase name="gettitle" classname="test.Testingbaba_launch_test" time="0.009">
    <system-out><![CDATA[Testing Baba
]]></system-out>
    <system-err><![CDATA[SLF4J: Failed to load class "org.slf4j.impl.StaticLoggerBinder".
SLF4J: Defaulting to no-operation (NOP) logger implementation
SLF4J: See http://www.slf4j.org/codes.html#StaticLoggerBinder for further details.
ERROR StatusLogger Log4j2 could not find a logging implementation. Please add log4j-core to the classpath. Using SimpleLogger to log to the console...
Starting ChromeDriver 97.0.4692.71 (adefa7837d02a07a604c1e6eff0b3a09422ab88d-refs/branch-heads/4692@{#1247}) on port 55352
Only local connections are allowed.
Please see https://chromedriver.chromium.org/security-considerations for suggestions on keeping ChromeDriver safe.
ChromeDriver was started successfully.
[1646405198.067][WARNING]: This version of ChromeDriver has not been tested with Chrome version 98.
Mar 04, 2022 8:16:38 PM org.openqa.selenium.remote.ProtocolHandshake createSession
INFO: Detected dialect: W3C
Mar 04, 2022 8:16:38 PM org.openqa.selenium.devtools.CdpVersionFinder findNearestMatch
WARNING: Unable to find an exact match for CDP version 98, so returning the closest version found: 97
Mar 04, 2022 8:16:38 PM org.openqa.selenium.devtools.CdpVersionFinder findNearestMatch
INFO: Found CDP implementation for version 98 of 97
]]></system-err>
  </testcase>
  <testcase name="gettitle" classname="test.Testingbaba_textbox_test" time="0.015">
    <system-out><![CDATA[Testing Baba
]]></system-out>
    <system-err><![CDATA[Starting ChromeDriver 97.0.4692.71 (adefa7837d02a07a604c1e6eff0b3a09422ab88d-refs/branch-heads/4692@{#1247}) on port 51238
Only local connections are allowed.
Please see https://chromedriver.chromium.org/security-considerations for suggestions on keeping ChromeDriver safe.
ChromeDriver was started successfully.
[1646405202.992][WARNING]: This version of ChromeDriver has not been tested with Chrome version 98.
Mar 04, 2022 8:16:43 PM org.openqa.selenium.remote.ProtocolHandshake createSession
INFO: Detected dialect: W3C
Mar 04, 2022 8:16:43 PM org.openqa.selenium.devtools.CdpVersionFinder findNearestMatch
WARNING: Unable to find an exact match for CDP version 98, so returning the closest version found: 97
Mar 04, 2022 8:16:43 PM org.openqa.selenium.devtools.CdpVersionFinder findNearestMatch
INFO: Found CDP implementation for version 98 of 97
]]></system-err>
  </testcase>
  <testcase name="clickonelements" classname="test.Testingbaba_textbox_test" time="0.064"/>
  <testcase name="filldetails" classname="test.Testingbaba_textbox_test" time="0.801"/>
  <testcase name="getverify" classname="test.Testingbaba_textbox_test" time="0.237"/>
  <testcase name="getelement" classname="test.Testingbaba_buttons_test" time="0.213">
    <system-err><![CDATA[Starting ChromeDriver 97.0.4692.71 (adefa7837d02a07a604c1e6eff0b3a09422ab88d-refs/branch-heads/4692@{#1247}) on port 64214
Only local connections are allowed.
Please see https://chromedriver.chromium.org/security-considerations for suggestions on keeping ChromeDriver safe.
ChromeDriver was started successfully.
[1646405210.687][WARNING]: This version of ChromeDriver has not been tested with Chrome version 98.
Mar 04, 2022 8:16:50 PM org.openqa.selenium.remote.ProtocolHandshake createSession
INFO: Detected dialect: W3C
Mar 04, 2022 8:16:50 PM org.openqa.selenium.devtools.CdpVersionFinder findNearestMatch
WARNING: Unable to find an exact match for CDP version 98, so returning the closest version found: 97
Mar 04, 2022 8:16:50 PM org.openqa.selenium.devtools.CdpVersionFinder findNearestMatch
INFO: Found CDP implementation for version 98 of 97
]]></system-err>
  </testcase>
  <testcase name="getbuttn" classname="test.Testingbaba_buttons_test" time="0.307"/>
  <testcase name="doble" classname="test.Testingbaba_buttons_test" time="0.201"/>
  <testcase name="elements" classname="test.Testingbaba_checkbox_test" time="0.119">
    <system-err><![CDATA[Starting ChromeDriver 97.0.4692.71 (adefa7837d02a07a604c1e6eff0b3a09422ab88d-refs/branch-heads/4692@{#1247}) on port 50083
Only local connections are allowed.
Please see https://chromedriver.chromium.org/security-considerations for suggestions on keeping ChromeDriver safe.
ChromeDriver was started successfully.
[1646405218.510][WARNING]: This version of ChromeDriver has not been tested with Chrome version 98.
Mar 04, 2022 8:16:58 PM org.openqa.selenium.remote.ProtocolHandshake createSession
INFO: Detected dialect: W3C
Mar 04, 2022 8:16:58 PM org.openqa.selenium.devtools.CdpVersionFinder findNearestMatch
WARNING: Unable to find an exact match for CDP version 98, so returning the closest version found: 97
Mar 04, 2022 8:16:58 PM org.openqa.selenium.devtools.CdpVersionFinder findNearestMatch
INFO: Found CDP implementation for version 98 of 97
]]></system-err>
  </testcase>
  <testcase name="checkbox" classname="test.Testingbaba_checkbox_test" time="0.136"/>
  <testcase name="mobilecheckbox" classname="test.Testingbaba_checkbox_test" time="1.558">
    <system-out><![CDATA[You are selected Mobile
You are Selected Laptop
]]></system-out>
  </testcase>
  <testcase name="getdropdown" classname="test.Testingbaba_dropdown_test" time="2.172">
    <system-err><![CDATA[Starting ChromeDriver 97.0.4692.71 (adefa7837d02a07a604c1e6eff0b3a09422ab88d-refs/branch-heads/4692@{#1247}) on port 55705
Only local connections are allowed.
Please see https://chromedriver.chromium.org/security-considerations for suggestions on keeping ChromeDriver safe.
ChromeDriver was started successfully.
[1646405226.971][WARNING]: This version of ChromeDriver has not been tested with Chrome version 98.
Mar 04, 2022 8:17:06 PM org.openqa.selenium.remote.ProtocolHandshake createSession
INFO: Detected dialect: W3C
Mar 04, 2022 8:17:07 PM org.openqa.selenium.devtools.CdpVersionFinder findNearestMatch
WARNING: Unable to find an exact match for CDP version 98, so returning the closest version found: 97
Mar 04, 2022 8:17:07 PM org.openqa.selenium.devtools.CdpVersionFinder findNearestMatch
INFO: Found CDP implementation for version 98 of 97
]]></system-err>
  </testcase>
  <testcase name="elements" classname="test.Testingbaba_links_test" time="0.1">
    <system-err><![CDATA[Starting ChromeDriver 97.0.4692.71 (adefa7837d02a07a604c1e6eff0b3a09422ab88d-refs/branch-heads/4692@{#1247}) on port 59128
Only local connections are allowed.
Please see https://chromedriver.chromium.org/security-considerations for suggestions on keeping ChromeDriver safe.
ChromeDriver was started successfully.
[1646405233.309][WARNING]: This version of ChromeDriver has not been tested with Chrome version 98.
Mar 04, 2022 8:17:13 PM org.openqa.selenium.remote.ProtocolHandshake createSession
INFO: Detected dialect: W3C
Mar 04, 2022 8:17:13 PM org.openqa.selenium.devtools.CdpVersionFinder findNearestMatch
WARNING: Unable to find an exact match for CDP version 98, so returning the closest version found: 97
Mar 04, 2022 8:17:13 PM org.openqa.selenium.devtools.CdpVersionFinder findNearestMatch
INFO: Found CDP implementation for version 98 of 97
]]></system-err>
  </testcase>
  <testcase name="links" classname="test.Testingbaba_links_test" time="2.282"/>
  <testcase name="getradio" classname="test.Testingbaba_radio_test" time="2.486">
    <system-err><![CDATA[Starting ChromeDriver 97.0.4692.71 (adefa7837d02a07a604c1e6eff0b3a09422ab88d-refs/branch-heads/4692@{#1247}) on port 64538
Only local connections are allowed.
Please see https://chromedriver.chromium.org/security-considerations for suggestions on keeping ChromeDriver safe.
ChromeDriver was started successfully.
[1646405241.963][WARNING]: This version of ChromeDriver has not been tested with Chrome version 98.
Mar 04, 2022 8:17:22 PM org.openqa.selenium.remote.ProtocolHandshake createSession
INFO: Detected dialect: W3C
Mar 04, 2022 8:17:22 PM org.openqa.selenium.devtools.CdpVersionFinder findNearestMatch
WARNING: Unable to find an exact match for CDP version 98, so returning the closest version found: 97
Mar 04, 2022 8:17:22 PM org.openqa.selenium.devtools.CdpVersionFinder findNearestMatch
INFO: Found CDP implementation for version 98 of 97
]]></system-err>
  </testcase>
  <testcase name="getweb" classname="test.Testingbaba_autocomplete_test" time="0.162">
    <system-err><![CDATA[Starting ChromeDriver 97.0.4692.71 (adefa7837d02a07a604c1e6eff0b3a09422ab88d-refs/branch-heads/4692@{#1247}) on port 54954
Only local connections are allowed.
Please see https://chromedriver.chromium.org/security-considerations for suggestions on keeping ChromeDriver safe.
ChromeDriver was started successfully.
[1646405248.465][WARNING]: This version of ChromeDriver has not been tested with Chrome version 98.
Mar 04, 2022 8:17:28 PM org.openqa.selenium.remote.ProtocolHandshake createSession
INFO: Detected dialect: W3C
Mar 04, 2022 8:17:28 PM org.openqa.selenium.devtools.CdpVersionFinder findNearestMatch
WARNING: Unable to find an exact match for CDP version 98, so returning the closest version found: 97
Mar 04, 2022 8:17:28 PM org.openqa.selenium.devtools.CdpVersionFinder findNearestMatch
INFO: Found CDP implementation for version 98 of 97
]]></system-err>
  </testcase>
  <testcase name="completeclick" classname="test.Testingbaba_autocomplete_test" time="1.124"/>
  <testcase name="filldetails" classname="test.Testingbaba_autocomplete_test" time="2.297"/>
</testsuite>