<?xml version="1.0" encoding="UTF-8"?>
<testsuite xmlns:xsi="http://www.w3.org/2001/XMLSchema-instance" xsi:noNamespaceSchemaLocation="https://maven.apache.org/surefire/maven-surefire-plugin/xsd/surefire-test-report-3.0.xsd" version="3.0" name="TestSuite" time="65.203" tests="20" errors="0" skipped="0" failures="0">
  <properties>
[...]
</properties>
  <testcase name="gettitle" classname="test.Testingbaba_launch_test" time="0.011">
    <system-out><![CDATA[Testing Baba
]]></system-out>
    <system-err><![CDATA[SLF4J: Failed to load class "org.slf4j.impl.StaticLoggerBinder".
SLF4J: Defaulting to no-operation (NOP) logger implementation
SLF4J: See http://www.slf4j.org/codes.html#StaticLoggerBinder for further details.
Starting ChromeDriver 97.0.4692.71 (adefa7837d02a07a604c1e6eff0b3a09422ab88d-refs/branch-heads/4692@{#1247}) on port 61151
Only local connections are allowed.
Please see https://chromedriver.chromium.org/security-considerations for suggestions on keeping ChromeDriver safe.
ChromeDriver was started successfully.
[1646563708.822][WARNING]: This version of ChromeDriver has not been tested with Chrome version 98.
Mar 06, 2022 4:18:28 PM org.openqa.selenium.remote.ProtocolHandshake createSession
INFO: Detected dialect: W3C
Mar 06, 2022 4:18:28 PM org.openqa.selenium.devtools.CdpVersionFinder findNearestMatch
WARNING: Unable to find an exact match for CDP version 98, so returning the closest version found: 97
Mar 06, 2022 4:18:28 PM org.openqa.selenium.devtools.CdpVersionFinder findNearestMatch
INFO: Found CDP implementation for version 98 of 97
]]></system-err>
  </testcase>
  <testcase name="gettitle" classname="test.Testingbaba_textbox_test" time="0.004">
    <system-out><![CDATA[Testing Baba
]]></system-out>
    <system-err><![CDATA[Starting ChromeDriver 97.0.4692.71 (adefa7837d02a07a604c1e6eff0b3a09422ab88d-refs/branch-heads/4692@{#1247}) on port 62656
Only local connections are allowed.
Please see https://chromedriver.chromium.org/security-considerations for suggestions on keeping ChromeDriver safe.
ChromeDriver was started successfully.
[1646563714.320][WARNING]: This version of ChromeDriver has not been tested with Chrome version 98.
Mar 06, 2022 4:18:34 PM org.openqa.selenium.remote.ProtocolHandshake createSession
INFO: Detected dialect: W3C
Mar 06, 2022 4:18:34 PM org.openqa.selenium.devtools.CdpVersionFinder findNearestMatch
WARNING: Unable to find an exact match for CDP version 98, so returning the closest version found: 97
Mar 06, 2022 4:18:34 PM org.openqa.selenium.devtools.CdpVersionFinder findNearestMatch
INFO: Found CDP implementation for version 98 of 97
]]></system-err>
  </testcase>
  <testcase name="clickonelements" classname="test.Testingbaba_textbox_test" time="0.047"/>
  <testcase name="filldetails" classname="test.Testingbaba_textbox_test" time="0.465"/>
  <testcase name="getverify" classname="test.Testingbaba_textbox_test" time="0.093"/>
  <testcase name="getelement" classname="test.Testingbaba_buttons_test" time="0.065">
    <system-err><![CDATA[Starting ChromeDriver 97.0.4692.71 (adefa7837d02a07a604c1e6eff0b3a09422ab88d-refs/branch-heads/4692@{#1247}) on port 56737
Only local connections are allowed.
Please see https://chromedriver.chromium.org/security-considerations for suggestions on keeping ChromeDriver safe.
ChromeDriver was started successfully.
[1646563720.363][WARNING]: This version of ChromeDriver has not been tested with Chrome version 98.
Mar 06, 2022 4:18:40 PM org.openqa.selenium.remote.ProtocolHandshake createSession
INFO: Detected dialect: W3C
Mar 06, 2022 4:18:40 PM org.openqa.selenium.devtools.CdpVersionFinder findNearestMatch
WARNING: Unable to find an exact match for CDP version 98, so returning the closest version found: 97
Mar 06, 2022 4:18:40 PM org.openqa.selenium.devtools.CdpVersionFinder findNearestMatch
INFO: Found CDP implementation for version 98 of 97
]]></system-err>
  </testcase>
  <testcase name="getbuttn" classname="test.Testingbaba_buttons_test" time="0.63"/>
  <testcase name="doble" classname="test.Testingbaba_buttons_test" time="0.167"/>
  <testcase name="elements" classname="test.Testingbaba_checkbox_test" time="0.043">
    <system-err><![CDATA[Starting ChromeDriver 97.0.4692.71 (adefa7837d02a07a604c1e6eff0b3a09422ab88d-refs/branch-heads/4692@{#1247}) on port 53986
Only local connections are allowed.
Please see https://chromedriver.chromium.org/security-considerations for suggestions on keeping ChromeDriver safe.
ChromeDriver was started successfully.
[1646563726.482][WARNING]: This version of ChromeDriver has not been tested with Chrome version 98.
Mar 06, 2022 4:18:46 PM org.openqa.selenium.remote.ProtocolHandshake createSession
INFO: Detected dialect: W3C
Mar 06, 2022 4:18:46 PM org.openqa.selenium.devtools.CdpVersionFinder findNearestMatch
WARNING: Unable to find an exact match for CDP version 98, so returning the closest version found: 97
Mar 06, 2022 4:18:46 PM org.openqa.selenium.devtools.CdpVersionFinder findNearestMatch
INFO: Found CDP implementation for version 98 of 97
]]></system-err>
  </testcase>
  <testcase name="checkbox" classname="test.Testingbaba_checkbox_test" time="0.125"/>
  <testcase name="mobilecheckbox" classname="test.Testingbaba_checkbox_test" time="1.284">
    <system-out><![CDATA[You are selected Mobile
You are Selected Laptop
]]></system-out>
  </testcase>
  <testcase name="getdropdown" classname="test.Testingbaba_dropdown_test" time="1.809">
    <system-err><![CDATA[Starting ChromeDriver 97.0.4692.71 (adefa7837d02a07a604c1e6eff0b3a09422ab88d-refs/branch-heads/4692@{#1247}) on port 50021
Only local connections are allowed.
Please see https://chromedriver.chromium.org/security-considerations for suggestions on keeping ChromeDriver safe.
ChromeDriver was started successfully.
[1646563733.396][WARNING]: This version of ChromeDriver has not been tested with Chrome version 98.
Mar 06, 2022 4:18:53 PM org.openqa.selenium.remote.ProtocolHandshake createSession
INFO: Detected dialect: W3C
Mar 06, 2022 4:18:53 PM org.openqa.selenium.devtools.CdpVersionFinder findNearestMatch
WARNING: Unable to find an exact match for CDP version 98, so returning the closest version found: 97
Mar 06, 2022 4:18:53 PM org.openqa.selenium.devtools.CdpVersionFinder findNearestMatch
INFO: Found CDP implementation for version 98 of 97
]]></system-err>
  </testcase>
  <testcase name="elements" classname="test.Testingbaba_links_test" time="0.047">
    <system-err><![CDATA[Starting ChromeDriver 97.0.4692.71 (adefa7837d02a07a604c1e6eff0b3a09422ab88d-refs/branch-heads/4692@{#1247}) on port 58755
Only local connections are allowed.
Please see https://chromedriver.chromium.org/security-considerations for suggestions on keeping ChromeDriver safe.
ChromeDriver was started successfully.
[1646563738.938][WARNING]: This version of ChromeDriver has not been tested with Chrome version 98.
Mar 06, 2022 4:18:58 PM org.openqa.selenium.remote.ProtocolHandshake createSession
INFO: Detected dialect: W3C
Mar 06, 2022 4:18:58 PM org.openqa.selenium.devtools.CdpVersionFinder findNearestMatch
WARNING: Unable to find an exact match for CDP version 98, so returning the closest version found: 97
Mar 06, 2022 4:18:58 PM org.openqa.selenium.devtools.CdpVersionFinder findNearestMatch
INFO: Found CDP implementation for version 98 of 97
]]></system-err>
  </testcase>
  <testcase name="links" classname="test.Testingbaba_links_test" time="2.153"/>
  <testcase name="getradio" classname="test.Testingbaba_radio_test" time="1.927">
    <system-err><![CDATA[Starting ChromeDriver 97.0.4692.71 (adefa7837d02a07a604c1e6eff0b3a09422ab88d-refs/branch-heads/4692@{#1247}) on port 60940
Only local connections are allowed.
Please see https://chromedriver.chromium.org/security-considerations for suggestions on keeping ChromeDriver safe.
ChromeDriver was started successfully.
[1646563746.648][WARNING]: This version of ChromeDriver has not been tested with Chrome version 98.
Mar 06, 2022 4:19:06 PM org.openqa.selenium.remote.ProtocolHandshake createSession
INFO: Detected dialect: W3C
Mar 06, 2022 4:19:06 PM org.openqa.selenium.devtools.CdpVersionFinder findNearestMatch
WARNING: Unable to find an exact match for CDP version 98, so returning the closest version found: 97
Mar 06, 2022 4:19:06 PM org.openqa.selenium.devtools.CdpVersionFinder findNearestMatch
INFO: Found CDP implementation for version 98 of 97
]]></system-err>
  </testcase>
  <testcase name="getweb" classname="test.Testingbaba_autocomplete_test" time="0.045">
    <system-err><![CDATA[Starting ChromeDriver 97.0.4692.71 (adefa7837d02a07a604c1e6eff0b3a09422ab88d-refs/branch-heads/4692@{#1247}) on port 64979
Only local connections are allowed.
Please see https://chromedriver.chromium.org/security-considerations for suggestions on keeping ChromeDriver safe.
ChromeDriver was started successfully.
[1646563752.221][WARNING]: This version of ChromeDriver has not been tested with Chrome version 98.
Mar 06, 2022 4:19:12 PM org.openqa.selenium.remote.ProtocolHandshake createSession
INFO: Detected dialect: W3C
Mar 06, 2022 4:19:12 PM org.openqa.selenium.devtools.CdpVersionFinder findNearestMatch
WARNING: Unable to find an exact match for CDP version 98, so returning the closest version found: 97
Mar 06, 2022 4:19:12 PM org.openqa.selenium.devtools.CdpVersionFinder findNearestMatch
INFO: Found CDP implementation for version 98 of 97
]]></system-err>
  </testcase>
  <testcase name="completeclick" classname="test.Testingbaba_autocomplete_test" time="1.068"/>
  <testcase name="filldetails" classname="test.Testingbaba_autocomplete_test" time="2.273"/>
  <testcase name="getweb1" classname="test.Testingbaba_webtables_test" time="2.44">
    <system-out><![CDATA[shivam dubey dubeyshivam890@gmail.com
sonu kumar sonukumar4@gmail.com
salman khan salmankhan4@gmail.com
sharukh khan salmankhan4@gmail.com
ravi kumar ravi45@gmail.com
atul gogal atul353535@gmail.com
ajay bhai ajay4545@gmail.com
]]></system-out>
    <system-err><![CDATA[Starting ChromeDriver 97.0.4692.71 (adefa7837d02a07a604c1e6eff0b3a09422ab88d-refs/branch-heads/4692@{#1247}) on port 65421
Only local connections are allowed.
Please see https://chromedriver.chromium.org/security-considerations for suggestions on keeping ChromeDriver safe.
ChromeDriver was started successfully.
[1646563760.947][WARNING]: This version of ChromeDriver has not been tested with Chrome version 98.
Mar 06, 2022 4:19:20 PM org.openqa.selenium.remote.ProtocolHandshake createSession
INFO: Detected dialect: W3C
Mar 06, 2022 4:19:20 PM org.openqa.selenium.devtools.CdpVersionFinder findNearestMatch
WARNING: Unable to find an exact match for CDP version 98, so returning the closest version found: 97
Mar 06, 2022 4:19:20 PM org.openqa.selenium.devtools.CdpVersionFinder findNearestMatch
INFO: Found CDP implementation for version 98 of 97
]]></system-err>
  </testcase>
  <testcase name="flipkart" classname="test.Flipkart_buy_test" time="0.231">
    <system-err><![CDATA[Starting ChromeDriver 97.0.4692.71 (adefa7837d02a07a604c1e6eff0b3a09422ab88d-refs/branch-heads/4692@{#1247}) on port 61081
Only local connections are allowed.
Please see https://chromedriver.chromium.org/security-considerations for suggestions on keeping ChromeDriver safe.
ChromeDriver was started successfully.
[1646563768.526][WARNING]: This version of ChromeDriver has not been tested with Chrome version 98.
Mar 06, 2022 4:19:28 PM org.openqa.selenium.remote.ProtocolHandshake createSession
INFO: Detected dialect: W3C
Mar 06, 2022 4:19:28 PM org.openqa.selenium.devtools.CdpVersionFinder findNearestMatch
WARNING: Unable to find an exact match for CDP version 98, so returning the closest version found: 97
Mar 06, 2022 4:19:28 PM org.openqa.selenium.devtools.CdpVersionFinder findNearestMatch
INFO: Found CDP implementation for version 98 of 97
]]></system-err>
  </testcase>
</testsuite>