<?xml version="1.0" encoding="UTF-8"?>
<testng-results ignored="0" total="23" passed="22" failed="1" skipped="0">
  <reporter-output>
    <line>
      <![CDATA[adding these steps]]>
    </line>
  </reporter-output>
  <suite started-at="2022-03-09T19:08:21 IST" name="Testingbaba" finished-at="2022-03-09T19:10:41 IST" duration-ms="139874">
    <groups>
    </groups>
    <test started-at="2022-03-09T19:08:21 IST" name="smoke" finished-at="2022-03-09T19:08:38 IST" duration-ms="16629">
      <class name="test.Testingbaba_launch_test">
        <test-method is-config="true" signature="launchtestingbaba()[pri:0, instance:test.Testingbaba_launch_test@40ef3420]" started-at="2022-03-09T19:08:21 IST" name="launchtestingbaba" finished-at="2022-03-09T19:08:37 IST" duration-ms="16139" status="PASS">
          <reporter-output>
          </reporter-output>
        </test-method> <!-- launchtestingbaba -->
        <test-method signature="gettitle()[pri:0, instance:test.Testingbaba_launch_test@40ef3420]" started-at="2022-03-09T19:08:37 IST" name="gettitle" finished-at="2022-03-09T19:08:37 IST" duration-ms="77" status="PASS">
          <reporter-output>
          </reporter-output>
        </test-method> <!-- gettitle -->
        <test-method is-config="true" signature="Teardown()[pri:0, instance:test.Testingbaba_launch_test@40ef3420]" started-at="2022-03-09T19:08:37 IST" name="Teardown" finished-at="2022-03-09T19:08:38 IST" duration-ms="334" status="PASS">
          <reporter-output>
          </reporter-output>
        </test-method> <!-- Teardown -->
      </class> <!-- test.Testingbaba_launch_test -->
    </test> <!-- smoke -->
    <test started-at="2022-03-09T19:08:38 IST" name="Textbox" finished-at="2022-03-09T19:08:46 IST" duration-ms="7933">
      <class name="test.Testingbaba_textbox_test">
        <test-method is-config="true" signature="launchtestingbaba()[pri:0, instance:test.Testingbaba_textbox_test@5b239d7d]" started-at="2022-03-09T19:08:38 IST" name="launchtestingbaba" finished-at="2022-03-09T19:08:44 IST" duration-ms="6510" status="PASS">
          <reporter-output>
          </reporter-output>
        </test-method> <!-- launchtestingbaba -->
        <test-method signature="gettitle()[pri:1, instance:test.Testingbaba_textbox_test@5b239d7d]" started-at="2022-03-09T19:08:44 IST" name="gettitle" finished-at="2022-03-09T19:08:44 IST" duration-ms="46" status="PASS">
          <reporter-output>
          </reporter-output>
        </test-method> <!-- gettitle -->
        <test-method signature="clickonelements()[pri:2, instance:test.Testingbaba_textbox_test@5b239d7d]" started-at="2022-03-09T19:08:44 IST" name="clickonelements" finished-at="2022-03-09T19:08:44 IST" duration-ms="58" status="PASS">
          <reporter-output>
          </reporter-output>
        </test-method> <!-- clickonelements -->
        <test-method signature="filldetails()[pri:3, instance:test.Testingbaba_textbox_test@5b239d7d]" started-at="2022-03-09T19:08:44 IST" name="filldetails" finished-at="2022-03-09T19:08:45 IST" duration-ms="761" status="PASS">
          <reporter-output>
          </reporter-output>
        </test-method> <!-- filldetails -->
        <test-method signature="getverify()[pri:4, instance:test.Testingbaba_textbox_test@5b239d7d]" started-at="2022-03-09T19:08:45 IST" name="getverify" finished-at="2022-03-09T19:08:45 IST" duration-ms="170" status="PASS">
          <reporter-output>
          </reporter-output>
        </test-method> <!-- getverify -->
        <test-method is-config="true" signature="Teardown()[pri:0, instance:test.Testingbaba_textbox_test@5b239d7d]" started-at="2022-03-09T19:08:45 IST" name="Teardown" finished-at="2022-03-09T19:08:46 IST" duration-ms="376" status="PASS">
          <reporter-output>
          </reporter-output>
        </test-method> <!-- Teardown -->
      </class> <!-- test.Testingbaba_textbox_test -->
    </test> <!-- Textbox -->
    <test started-at="2022-03-09T19:08:46 IST" name="buttons" finished-at="2022-03-09T19:08:53 IST" duration-ms="7097">
      <class name="test.Testingbaba_buttons_test">
        <test-method is-config="true" signature="launchtestingbaba()[pri:0, instance:test.Testingbaba_buttons_test@36902638]" started-at="2022-03-09T19:08:46 IST" name="launchtestingbaba" finished-at="2022-03-09T19:08:52 IST" duration-ms="6203" status="PASS">
          <reporter-output>
          </reporter-output>
        </test-method> <!-- launchtestingbaba -->
        <test-method signature="getelement()[pri:0, instance:test.Testingbaba_buttons_test@36902638]" started-at="2022-03-09T19:08:52 IST" name="getelement" finished-at="2022-03-09T19:08:52 IST" duration-ms="182" status="PASS">
          <reporter-output>
          </reporter-output>
        </test-method> <!-- getelement -->
        <test-method signature="getbuttn()[pri:1, instance:test.Testingbaba_buttons_test@36902638]" started-at="2022-03-09T19:08:52 IST" name="getbuttn" finished-at="2022-03-09T19:08:52 IST" duration-ms="149" status="PASS">
          <reporter-output>
          </reporter-output>
        </test-method> <!-- getbuttn -->
        <test-method signature="doble()[pri:2, instance:test.Testingbaba_buttons_test@36902638]" started-at="2022-03-09T19:08:52 IST" name="doble" finished-at="2022-03-09T19:08:52 IST" duration-ms="222" status="PASS">
          <reporter-output>
          </reporter-output>
        </test-method> <!-- doble -->
        <test-method is-config="true" signature="Teardown()[pri:0, instance:test.Testingbaba_buttons_test@36902638]" started-at="2022-03-09T19:08:52 IST" name="Teardown" finished-at="2022-03-09T19:08:53 IST" duration-ms="336" status="PASS">
          <reporter-output>
          </reporter-output>
        </test-method> <!-- Teardown -->
      </class> <!-- test.Testingbaba_buttons_test -->
    </test> <!-- buttons -->
    <test started-at="2022-03-09T19:08:53 IST" name="checkbox" finished-at="2022-03-09T19:09:00 IST" duration-ms="7569">
      <class name="test.Testingbaba_checkbox_test">
        <test-method is-config="true" signature="launchtestingbaba()[pri:0, instance:test.Testingbaba_checkbox_test@158d2680]" started-at="2022-03-09T19:08:53 IST" name="launchtestingbaba" finished-at="2022-03-09T19:08:58 IST" duration-ms="5429" status="PASS">
          <reporter-output>
          </reporter-output>
        </test-method> <!-- launchtestingbaba -->
        <test-method signature="elements()[pri:1, instance:test.Testingbaba_checkbox_test@158d2680]" started-at="2022-03-09T19:08:58 IST" name="elements" finished-at="2022-03-09T19:08:58 IST" duration-ms="97" status="PASS">
          <reporter-output>
          </reporter-output>
        </test-method> <!-- elements -->
        <test-method signature="checkbox()[pri:2, instance:test.Testingbaba_checkbox_test@158d2680]" started-at="2022-03-09T19:08:58 IST" name="checkbox" finished-at="2022-03-09T19:08:58 IST" duration-ms="228" status="PASS">
          <reporter-output>
          </reporter-output>
        </test-method> <!-- checkbox -->
        <test-method signature="mobilecheckbox()[pri:3, instance:test.Testingbaba_checkbox_test@158d2680]" started-at="2022-03-09T19:08:58 IST" name="mobilecheckbox" finished-at="2022-03-09T19:09:00 IST" duration-ms="1354" status="PASS">
          <reporter-output>
          </reporter-output>
        </test-method> <!-- mobilecheckbox -->
        <test-method is-config="true" signature="Teardown()[pri:0, instance:test.Testingbaba_checkbox_test@158d2680]" started-at="2022-03-09T19:09:00 IST" name="Teardown" finished-at="2022-03-09T19:09:00 IST" duration-ms="455" status="PASS">
          <reporter-output>
          </reporter-output>
        </test-method> <!-- Teardown -->
      </class> <!-- test.Testingbaba_checkbox_test -->
    </test> <!-- checkbox -->
    <test started-at="2022-03-09T19:09:00 IST" name="dropdown" finished-at="2022-03-09T19:09:07 IST" duration-ms="6639">
      <class name="test.Testingbaba_dropdown_test">
        <test-method is-config="true" signature="launchtestingbaba()[pri:0, instance:test.Testingbaba_dropdown_test@5c33f1a9]" started-at="2022-03-09T19:09:00 IST" name="launchtestingbaba" finished-at="2022-03-09T19:09:04 IST" duration-ms="4002" status="PASS">
          <reporter-output>
          </reporter-output>
        </test-method> <!-- launchtestingbaba -->
        <test-method signature="getdropdown()[pri:0, instance:test.Testingbaba_dropdown_test@5c33f1a9]" started-at="2022-03-09T19:09:04 IST" name="getdropdown" finished-at="2022-03-09T19:09:07 IST" duration-ms="2250" status="PASS">
          <reporter-output>
          </reporter-output>
        </test-method> <!-- getdropdown -->
        <test-method is-config="true" signature="Teardown()[pri:0, instance:test.Testingbaba_dropdown_test@5c33f1a9]" started-at="2022-03-09T19:09:07 IST" name="Teardown" finished-at="2022-03-09T19:09:07 IST" duration-ms="385" status="PASS">
          <reporter-output>
          </reporter-output>
        </test-method> <!-- Teardown -->
      </class> <!-- test.Testingbaba_dropdown_test -->
    </test> <!-- dropdown -->
    <test started-at="2022-03-09T19:09:07 IST" name="links" finished-at="2022-03-09T19:09:16 IST" duration-ms="9398">
      <class name="test.Testingbaba_links_test">
        <test-method is-config="true" signature="launchtestingbaba()[pri:0, instance:test.Testingbaba_links_test@223191a6]" started-at="2022-03-09T19:09:07 IST" name="launchtestingbaba" finished-at="2022-03-09T19:09:13 IST" duration-ms="5855" status="PASS">
          <reporter-output>
          </reporter-output>
        </test-method> <!-- launchtestingbaba -->
        <test-method signature="elements()[pri:1, instance:test.Testingbaba_links_test@223191a6]" started-at="2022-03-09T19:09:13 IST" name="elements" finished-at="2022-03-09T19:09:13 IST" duration-ms="87" status="PASS">
          <reporter-output>
          </reporter-output>
        </test-method> <!-- elements -->
        <test-method signature="links()[pri:2, instance:test.Testingbaba_links_test@223191a6]" started-at="2022-03-09T19:09:13 IST" name="links" finished-at="2022-03-09T19:09:15 IST" duration-ms="2246" status="PASS">
          <reporter-output>
          </reporter-output>
        </test-method> <!-- links -->
        <test-method is-config="true" signature="Teardown()[pri:0, instance:test.Testingbaba_links_test@223191a6]" started-at="2022-03-09T19:09:15 IST" name="Teardown" finished-at="2022-03-09T19:09:16 IST" duration-ms="1207" status="PASS">
          <reporter-output>
          </reporter-output>
        </test-method> <!-- Teardown -->
      </class> <!-- test.Testingbaba_links_test -->
    </test> <!-- links -->
    <test started-at="2022-03-09T19:09:16 IST" name="radio" finished-at="2022-03-09T19:09:22 IST" duration-ms="6069">
      <class name="test.Testingbaba_radio_test">
        <test-method is-config="true" signature="launchtestingbaba()[pri:0, instance:test.Testingbaba_radio_test@59662a0b]" started-at="2022-03-09T19:09:16 IST" name="launchtestingbaba" finished-at="2022-03-09T19:09:20 IST" duration-ms="3559" status="PASS">
          <reporter-output>
          </reporter-output>
        </test-method> <!-- launchtestingbaba -->
        <test-method signature="getradio()[pri:0, instance:test.Testingbaba_radio_test@59662a0b]" started-at="2022-03-09T19:09:20 IST" name="getradio" finished-at="2022-03-09T19:09:22 IST" duration-ms="2074" status="PASS">
          <reporter-output>
          </reporter-output>
        </test-method> <!-- getradio -->
        <test-method is-config="true" signature="Teardown()[pri:0, instance:test.Testingbaba_radio_test@59662a0b]" started-at="2022-03-09T19:09:22 IST" name="Teardown" finished-at="2022-03-09T19:09:22 IST" duration-ms="433" status="PASS">
          <reporter-output>
          </reporter-output>
        </test-method> <!-- Teardown -->
      </class> <!-- test.Testingbaba_radio_test -->
    </test> <!-- radio -->
    <test started-at="2022-03-09T19:09:22 IST" name="autocomplete" finished-at="2022-03-09T19:09:31 IST" duration-ms="9011">
      <class name="test.Testingbaba_autocomplete_test">
        <test-method is-config="true" signature="launchtestingbaba()[pri:0, instance:test.Testingbaba_autocomplete_test@1bd4fdd]" started-at="2022-03-09T19:09:22 IST" name="launchtestingbaba" finished-at="2022-03-09T19:09:28 IST" duration-ms="5140" status="PASS">
          <reporter-output>
          </reporter-output>
        </test-method> <!-- launchtestingbaba -->
        <test-method signature="getweb()[pri:1, instance:test.Testingbaba_autocomplete_test@1bd4fdd]" started-at="2022-03-09T19:09:28 IST" name="getweb" finished-at="2022-03-09T19:09:28 IST" duration-ms="115" status="PASS">
          <reporter-output>
          </reporter-output>
        </test-method> <!-- getweb -->
        <test-method signature="completeclick()[pri:2, instance:test.Testingbaba_autocomplete_test@1bd4fdd]" started-at="2022-03-09T19:09:28 IST" name="completeclick" finished-at="2022-03-09T19:09:29 IST" duration-ms="1113" status="PASS">
          <reporter-output>
          </reporter-output>
        </test-method> <!-- completeclick -->
        <test-method signature="filldetails()[pri:3, instance:test.Testingbaba_autocomplete_test@1bd4fdd]" started-at="2022-03-09T19:09:29 IST" name="filldetails" finished-at="2022-03-09T19:09:31 IST" duration-ms="2367" status="PASS">
          <reporter-output>
          </reporter-output>
        </test-method> <!-- filldetails -->
        <test-method is-config="true" signature="Teardown()[pri:0, instance:test.Testingbaba_autocomplete_test@1bd4fdd]" started-at="2022-03-09T19:09:31 IST" name="Teardown" finished-at="2022-03-09T19:09:31 IST" duration-ms="271" status="PASS">
          <reporter-output>
          </reporter-output>
        </test-method> <!-- Teardown -->
      </class> <!-- test.Testingbaba_autocomplete_test -->
    </test> <!-- autocomplete -->
    <test started-at="2022-03-09T19:09:31 IST" name="Webtable" finished-at="2022-03-09T19:09:41 IST" duration-ms="9721">
      <class name="test.Testingbaba_webtables_test">
        <test-method is-config="true" signature="launchtestingbaba()[pri:0, instance:test.Testingbaba_webtables_test@42a48628]" started-at="2022-03-09T19:09:31 IST" name="launchtestingbaba" finished-at="2022-03-09T19:09:38 IST" duration-ms="6073" status="PASS">
          <reporter-output>
          </reporter-output>
        </test-method> <!-- launchtestingbaba -->
        <test-method signature="getweb1()[pri:0, instance:test.Testingbaba_webtables_test@42a48628]" started-at="2022-03-09T19:09:38 IST" name="getweb1" finished-at="2022-03-09T19:09:41 IST" duration-ms="3644" status="PASS">
          <reporter-output>
          </reporter-output>
        </test-method> <!-- getweb1 -->
        <test-method is-config="true" signature="Teardown()[pri:0, instance:test.Testingbaba_webtables_test@42a48628]" started-at="2022-03-09T19:09:41 IST" name="Teardown" finished-at="2022-03-09T19:09:41 IST" duration-ms="2" status="PASS">
          <reporter-output>
          </reporter-output>
        </test-method> <!-- Teardown -->
      </class> <!-- test.Testingbaba_webtables_test -->
    </test> <!-- Webtable -->
    <test started-at="2022-03-09T19:09:41 IST" name="Flipkart" finished-at="2022-03-09T19:10:08 IST" duration-ms="27280">
      <class name="test.Flipkart_buy_test">
        <test-method is-config="true" signature="launchFB()[pri:0, instance:test.Flipkart_buy_test@409bf450]" started-at="2022-03-09T19:09:41 IST" name="launchFB" finished-at="2022-03-09T19:09:47 IST" duration-ms="5814" status="PASS">
          <reporter-output>
          </reporter-output>
        </test-method> <!-- launchFB -->
        <test-method signature="flipkart()[pri:0, instance:test.Flipkart_buy_test@409bf450]" started-at="2022-03-09T19:09:47 IST" name="flipkart" finished-at="2022-03-09T19:09:49 IST" duration-ms="2342" status="PASS">
          <reporter-output>
          </reporter-output>
        </test-method> <!-- flipkart -->
        <test-method signature="profilechange()[pri:0, instance:test.Flipkart_buy_test@409bf450]" started-at="2022-03-09T19:09:49 IST" name="profilechange" finished-at="2022-03-09T19:10:08 IST" duration-ms="18750" status="PASS">
          <reporter-output>
          </reporter-output>
        </test-method> <!-- profilechange -->
        <test-method is-config="true" signature="Teardown()[pri:0, instance:test.Flipkart_buy_test@409bf450]" started-at="2022-03-09T19:10:08 IST" name="Teardown" finished-at="2022-03-09T19:10:08 IST" duration-ms="368" status="PASS">
          <reporter-output>
          </reporter-output>
        </test-method> <!-- Teardown -->
      </class> <!-- test.Flipkart_buy_test -->
    </test> <!-- Flipkart -->
    <test started-at="2022-03-09T19:10:08 IST" name="Flipkart_Buy_product" finished-at="2022-03-09T19:10:27 IST" duration-ms="18079">
      <class name="test.Flipkart_buyproduct_test">
        <test-method is-config="true" signature="launchFB()[pri:0, instance:test.Flipkart_buyproduct_test@35d019a3]" started-at="2022-03-09T19:10:08 IST" name="launchFB" finished-at="2022-03-09T19:10:13 IST" duration-ms="4406" status="PASS">
          <reporter-output>
          </reporter-output>
        </test-method> <!-- launchFB -->
        <test-method signature="flipkart2()[pri:0, instance:test.Flipkart_buyproduct_test@35d019a3]" started-at="2022-03-09T19:10:13 IST" name="flipkart2" finished-at="2022-03-09T19:10:26 IST" duration-ms="12660" status="FAIL">
          <exception class="org.openqa.selenium.NoSuchElementException">
            <message>
              <![CDATA[no such element: Unable to locate element: {"method":"xpath","selector":"//a[@title='Pintola All Natural Export Peanut Butter (Creamy) 1 kg']"}
  (Session info: chrome=98.0.4758.102)
For documentation on this error, please visit: https://selenium.dev/exceptions/#no_such_element
Build info: version: '4.1.2', revision: '9a5a329c5a'
System info: host: 'DESKTOP-493EAAE', ip: '192.168.1.7', os.name: 'Windows 10', os.arch: 'amd64', os.version: '10.0', java.version: '17.0.2'
Driver info: org.openqa.selenium.chrome.ChromeDriver
Command: [c2198c9c87292625ed9bbd8a25dfbd24, findElement {using=xpath, value=//a[@title='Pintola All Natural Export Peanut Butter (Creamy) 1 kg']}]
Capabilities {acceptInsecureCerts: false, browserName: chrome, browserVersion: 98.0.4758.102, chrome: {chromedriverVersion: 97.0.4692.71 (adefa7837d02a..., userDataDir: C:\Users\dubey\AppData\Loca...}, goog:chromeOptions: {debuggerAddress: localhost:60134}, javascriptEnabled: true, networkConnectionEnabled: false, pageLoadStrategy: normal, platform: WINDOWS, platformName: WINDOWS, proxy: Proxy(), se:cdp: ws://localhost:60134/devtoo..., se:cdpVersion: 98.0.4758.102, setWindowRect: true, strictFileInteractability: false, timeouts: {implicit: 0, pageLoad: 300000, script: 30000}, unhandledPromptBehavior: dismiss and notify, webauthn:extension:credBlob: true, webauthn:extension:largeBlob: true, webauthn:virtualAuthenticators: true}
Session ID: c2198c9c87292625ed9bbd8a25dfbd24]]>
            </message>
            <full-stacktrace>
              <![CDATA[org.openqa.selenium.NoSuchElementException: no such element: Unable to locate element: {"method":"xpath","selector":"//a[@title='Pintola All Natural Export Peanut Butter (Creamy) 1 kg']"}
  (Session info: chrome=98.0.4758.102)
For documentation on this error, please visit: https://selenium.dev/exceptions/#no_such_element
Build info: version: '4.1.2', revision: '9a5a329c5a'
System info: host: 'DESKTOP-493EAAE', ip: '192.168.1.7', os.name: 'Windows 10', os.arch: 'amd64', os.version: '10.0', java.version: '17.0.2'
Driver info: org.openqa.selenium.chrome.ChromeDriver
Command: [c2198c9c87292625ed9bbd8a25dfbd24, findElement {using=xpath, value=//a[@title='Pintola All Natural Export Peanut Butter (Creamy) 1 kg']}]
Capabilities {acceptInsecureCerts: false, browserName: chrome, browserVersion: 98.0.4758.102, chrome: {chromedriverVersion: 97.0.4692.71 (adefa7837d02a..., userDataDir: C:\Users\dubey\AppData\Loca...}, goog:chromeOptions: {debuggerAddress: localhost:60134}, javascriptEnabled: true, networkConnectionEnabled: false, pageLoadStrategy: normal, platform: WINDOWS, platformName: WINDOWS, proxy: Proxy(), se:cdp: ws://localhost:60134/devtoo..., se:cdpVersion: 98.0.4758.102, setWindowRect: true, strictFileInteractability: false, timeouts: {implicit: 0, pageLoad: 300000, script: 30000}, unhandledPromptBehavior: dismiss and notify, webauthn:extension:credBlob: true, webauthn:extension:largeBlob: true, webauthn:virtualAuthenticators: true}
Session ID: c2198c9c87292625ed9bbd8a25dfbd24
at java.base/jdk.internal.reflect.NativeConstructorAccessorImpl.newInstance0(Native Method)
at java.base/jdk.internal.reflect.NativeConstructorAccessorImpl.newInstance(NativeConstructorAccessorImpl.java:77)
at java.base/jdk.internal.reflect.DelegatingConstructorAccessorImpl.newInstance(DelegatingConstructorAccessorImpl.java:45)
at java.base/java.lang.reflect.Constructor.newInstanceWithCaller(Constructor.java:499)
at java.base/java.lang.reflect.Constructor.newInstance(Constructor.java:480)
at org.openqa.selenium.remote.codec.w3c.W3CHttpResponseCodec.createException(W3CHttpResponseCodec.java:200)
at org.openqa.selenium.remote.codec.w3c.W3CHttpResponseCodec.decode(W3CHttpResponseCodec.java:133)
at org.openqa.selenium.remote.codec.w3c.W3CHttpResponseCodec.decode(W3CHttpResponseCodec.java:53)
at org.openqa.selenium.remote.HttpCommandExecutor.execute(HttpCommandExecutor.java:184)
at org.openqa.selenium.remote.service.DriverCommandExecutor.invokeExecute(DriverCommandExecutor.java:167)
at org.openqa.selenium.remote.service.DriverCommandExecutor.execute(DriverCommandExecutor.java:142)
at org.openqa.selenium.remote.RemoteWebDriver.execute(RemoteWebDriver.java:558)
at org.openqa.selenium.remote.ElementLocation$ElementFinder$2.findElement(ElementLocation.java:162)
at org.openqa.selenium.remote.ElementLocation.findElement(ElementLocation.java:60)
at org.openqa.selenium.remote.RemoteWebDriver.findElement(RemoteWebDriver.java:382)
at org.openqa.selenium.remote.RemoteWebDriver.findElement(RemoteWebDriver.java:374)
at org.openqa.selenium.support.pagefactory.DefaultElementLocator.findElement(DefaultElementLocator.java:70)
at org.openqa.selenium.support.pagefactory.internal.LocatingElementHandler.invoke(LocatingElementHandler.java:39)
at jdk.proxy2/jdk.proxy2.$Proxy13.click(Unknown Source)
at pages.Flipkart_buyproduct_page.login(Flipkart_buyproduct_page.java:52)
at test.Flipkart_buyproduct_test.flipkart2(Flipkart_buyproduct_test.java:32)
at java.base/jdk.internal.reflect.NativeMethodAccessorImpl.invoke0(Native Method)
at java.base/jdk.internal.reflect.NativeMethodAccessorImpl.invoke(NativeMethodAccessorImpl.java:77)
at java.base/jdk.internal.reflect.DelegatingMethodAccessorImpl.invoke(DelegatingMethodAccessorImpl.java:43)
at java.base/java.lang.reflect.Method.invoke(Method.java:568)
at org.testng.internal.invokers.MethodInvocationHelper.invokeMethod(MethodInvocationHelper.java:135)
at org.testng.internal.invokers.TestInvoker.invokeMethod(TestInvoker.java:673)
at org.testng.internal.invokers.TestInvoker.invokeTestMethod(TestInvoker.java:220)
at org.testng.internal.invokers.MethodRunner.runInSequence(MethodRunner.java:50)
at org.testng.internal.invokers.TestInvoker$MethodInvocationAgent.invoke(TestInvoker.java:945)
at org.testng.internal.invokers.TestInvoker.invokeTestMethods(TestInvoker.java:193)
at org.testng.internal.invokers.TestMethodWorker.invokeTestMethods(TestMethodWorker.java:146)
at org.testng.internal.invokers.TestMethodWorker.run(TestMethodWorker.java:128)
at java.base/java.util.ArrayList.forEach(ArrayList.java:1511)
at org.testng.TestRunner.privateRun(TestRunner.java:808)
at org.testng.TestRunner.run(TestRunner.java:603)
at org.testng.SuiteRunner.runTest(SuiteRunner.java:429)
at org.testng.SuiteRunner.runSequentially(SuiteRunner.java:423)
at org.testng.SuiteRunner.privateRun(SuiteRunner.java:383)
at org.testng.SuiteRunner.run(SuiteRunner.java:326)
at org.testng.SuiteRunnerWorker.runSuite(SuiteRunnerWorker.java:52)
at org.testng.SuiteRunnerWorker.run(SuiteRunnerWorker.java:95)
at org.testng.TestNG.runSuitesSequentially(TestNG.java:1249)
at org.testng.TestNG.runSuitesLocally(TestNG.java:1169)
at org.testng.TestNG.runSuites(TestNG.java:1092)
at org.testng.TestNG.run(TestNG.java:1060)
at org.apache.maven.surefire.testng.TestNGExecutor.run(TestNGExecutor.java:284)
at org.apache.maven.surefire.testng.TestNGXmlTestSuite.execute(TestNGXmlTestSuite.java:75)
at org.apache.maven.surefire.testng.TestNGProvider.invoke(TestNGProvider.java:119)
at org.apache.maven.surefire.booter.ForkedBooter.runSuitesInProcess(ForkedBooter.java:428)
at org.apache.maven.surefire.booter.ForkedBooter.execute(ForkedBooter.java:162)
at org.apache.maven.surefire.booter.ForkedBooter.run(ForkedBooter.java:562)
at org.apache.maven.surefire.booter.ForkedBooter.main(ForkedBooter.java:548)
]]>
            </full-stacktrace>
          </exception> <!-- org.openqa.selenium.NoSuchElementException -->
          <reporter-output>
          </reporter-output>
        </test-method> <!-- flipkart2 -->
        <test-method is-config="true" signature="Teardown()[pri:0, instance:test.Flipkart_buyproduct_test@35d019a3]" started-at="2022-03-09T19:10:26 IST" name="Teardown" finished-at="2022-03-09T19:10:27 IST" duration-ms="321" status="PASS">
          <reporter-output>
          </reporter-output>
        </test-method> <!-- Teardown -->
      </class> <!-- test.Flipkart_buyproduct_test -->
    </test> <!-- Flipkart_Buy_product -->
    <test started-at="2022-03-09T19:10:27 IST" name="Makemytrip" finished-at="2022-03-09T19:10:41 IST" duration-ms="14321">
      <class name="test.Makemytrip_launch_test">
        <test-method is-config="true" signature="launchFB()[pri:0, instance:test.Makemytrip_launch_test@3023df74]" started-at="2022-03-09T19:10:27 IST" name="launchFB" finished-at="2022-03-09T19:10:33 IST" duration-ms="5987" status="PASS">
          <reporter-output>
          </reporter-output>
        </test-method> <!-- launchFB -->
        <test-method signature="login()[pri:0, instance:test.Makemytrip_launch_test@3023df74]" started-at="2022-03-09T19:10:33 IST" name="login" finished-at="2022-03-09T19:10:40 IST" duration-ms="7105" status="PASS">
          <reporter-output>
            <line>
              <![CDATA[adding these steps]]>
            </line>
          </reporter-output>
        </test-method> <!-- login -->
        <test-method is-config="true" signature="Teardown()[pri:0, instance:test.Makemytrip_launch_test@3023df74]" started-at="2022-03-09T19:10:40 IST" name="Teardown" finished-at="2022-03-09T19:10:41 IST" duration-ms="1227" status="PASS">
          <reporter-output>
          </reporter-output>
        </test-method> <!-- Teardown -->
      </class> <!-- test.Makemytrip_launch_test -->
    </test> <!-- Makemytrip -->
  </suite> <!-- Testingbaba -->
</testng-results>
