<?xml version="1.0" encoding="UTF-8"?>
<testng-results ignored="0" total="1" passed="1" failed="0" skipped="0">
  <reporter-output>
    <line>
      <![CDATA[About to begin executing Class Single test]]>
    </line>
    <line>
      <![CDATA[Testcase LaunchTestingBaba_test01 started successfully]]>
    </line>
    <line>
      <![CDATA[Testcase LaunchTestingBaba_test01 passed successfully]]>
    </line>
  </reporter-output>
  <suite started-at="2022-04-18T09:52:54 IST" name="Testingbaba" finished-at="2022-04-18T09:53:04 IST" duration-ms="10330">
    <groups>
    </groups>
    <test started-at="2022-04-18T09:52:54 IST" name="Single test" finished-at="2022-04-18T09:53:04 IST" duration-ms="10330">
      <class name="jenkins.Jenkins_launch_test">
        <test-method is-config="true" signature="launchFB(java.lang.String)[pri:0, instance:jenkins.Jenkins_launch_test@56113384]" started-at="2022-04-18T09:52:54 IST" name="launchFB" finished-at="2022-04-18T09:52:56 IST" duration-ms="1958" status="PASS">
          <params>
            <param index="0">
              <value>
                <![CDATA[chrome]]>
              </value>
            </param>
          </params>
          <reporter-output>
          </reporter-output>
        </test-method> <!-- launchFB -->
        <test-method signature="LaunchTestingBaba_test01()[pri:0, instance:jenkins.Jenkins_launch_test@56113384]" started-at="2022-04-18T09:52:56 IST" name="LaunchTestingBaba_test01" finished-at="2022-04-18T09:53:04 IST" duration-ms="7698" status="PASS">
          <reporter-output>
            <line>
              <![CDATA[Testcase LaunchTestingBaba_test01 started successfully]]>
            </line>
            <line>
              <![CDATA[Testcase LaunchTestingBaba_test01 passed successfully]]>
            </line>
          </reporter-output>
        </test-method> <!-- LaunchTestingBaba_test01 -->
        <test-method is-config="true" signature="Teardown2()[pri:0, instance:jenkins.Jenkins_launch_test@56113384]" started-at="2022-04-18T09:53:04 IST" name="Teardown2" finished-at="2022-04-18T09:53:04 IST" duration-ms="591" status="PASS">
          <reporter-output>
          </reporter-output>
        </test-method> <!-- Teardown2 -->
      </class> <!-- jenkins.Jenkins_launch_test -->
    </test> <!-- Single test -->
  </suite> <!-- Testingbaba -->
</testng-results>
