<?xml version="1.0" encoding="UTF-8"?>
<testng-results ignored="0" total="1" passed="1" failed="0" skipped="0">
  <reporter-output>
    <line>
      <![CDATA[About to begin executing Class Single test]]>
    </line>
    <line>
      <![CDATA[Testcase SearchHomestay started successfully]]>
    </line>
    <line>
      <![CDATA[Testcase SearchHomestay passed successfully]]>
    </line>
  </reporter-output>
  <suite started-at="2022-04-22T08:35:08 IST" name="Testingbaba" finished-at="2022-04-22T08:35:39 IST" duration-ms="31006">
    <groups>
      <group name="Functional testing">
        <method signature="Makemytrip_homestays_test.SearchHomestay()[pri:0, instance:makemytrip.Makemytrip_homestays_test@57ea113a]" name="SearchHomestay" class="makemytrip.Makemytrip_homestays_test"/>
      </group> <!-- Functional testing -->
    </groups>
    <test started-at="2022-04-22T08:35:08 IST" name="Single test" finished-at="2022-04-22T08:35:39 IST" duration-ms="31006">
      <class name="makemytrip.Makemytrip_homestays_test">
        <test-method is-config="true" signature="launchFB(java.lang.String,java.lang.String)[pri:0, instance:makemytrip.Makemytrip_homestays_test@57ea113a]" started-at="2022-04-22T08:35:08 IST" name="launchFB" finished-at="2022-04-22T08:35:31 IST" duration-ms="23452" status="PASS">
          <params>
            <param index="0">
              <value>
                <![CDATA[firefox]]>
              </value>
            </param>
            <param index="1">
              <value>
                <![CDATA[https://makemytrip.com/]]>
              </value>
            </param>
          </params>
          <reporter-output>
          </reporter-output>
        </test-method> <!-- launchFB -->
        <test-method signature="SearchHomestay()[pri:0, instance:makemytrip.Makemytrip_homestays_test@57ea113a]" started-at="2022-04-22T08:35:31 IST" name="SearchHomestay" finished-at="2022-04-22T08:35:37 IST" duration-ms="5543" status="PASS">
          <reporter-output>
            <line>
              <![CDATA[Testcase SearchHomestay started successfully]]>
            </line>
            <line>
              <![CDATA[Testcase SearchHomestay passed successfully]]>
            </line>
          </reporter-output>
        </test-method> <!-- SearchHomestay -->
        <test-method is-config="true" signature="analysis(org.testng.ITestResult)[pri:0, instance:makemytrip.Makemytrip_homestays_test@57ea113a]" started-at="2022-04-22T08:35:37 IST" name="analysis" finished-at="2022-04-22T08:35:37 IST" duration-ms="1" status="PASS">
          <params>
            <param index="0">
              <value>
                <![CDATA[[TestResult name=SearchHomestay status=SUCCESS method=Makemytrip_homestays_test.SearchHomestay()[pri:0, instance:makemytrip.Makemytrip_homestays_test@57ea113a] output=Testcase SearchHomestay started successfully]]]>
              </value>
            </param>
          </params>
          <reporter-output>
          </reporter-output>
        </test-method> <!-- analysis -->
        <test-method is-config="true" signature="Teardown2(java.lang.String)[pri:0, instance:makemytrip.Makemytrip_homestays_test@57ea113a]" started-at="2022-04-22T08:35:37 IST" name="Teardown2" finished-at="2022-04-22T08:35:39 IST" duration-ms="1938" status="PASS">
          <params>
            <param index="0">
              <value>
                <![CDATA[firefox]]>
              </value>
            </param>
          </params>
          <reporter-output>
          </reporter-output>
        </test-method> <!-- Teardown2 -->
      </class> <!-- makemytrip.Makemytrip_homestays_test -->
    </test> <!-- Single test -->
  </suite> <!-- Testingbaba -->
</testng-results>
