<?xml version="1.0" encoding="UTF-8"?>
<testng-results ignored="0" total="1" passed="1" failed="0" skipped="0">
  <reporter-output>
    <line>
      <![CDATA[About to begin executing Class autocomplete]]>
    </line>
    <line>
      <![CDATA[Testcase LaunchTestingBaba_test01 started successfully]]>
    </line>
    <line>
      <![CDATA[Testcase LaunchTestingBaba_test01 passed successfully]]>
    </line>
  </reporter-output>
  <suite started-at="2022-04-14T20:22:26 IST" name="Testingbaba" finished-at="2022-04-14T20:22:36 IST" duration-ms="10156">
    <groups>
    </groups>
    <test started-at="2022-04-14T20:22:26 IST" name="autocomplete" finished-at="2022-04-14T20:22:36 IST" duration-ms="10156">
      <class name="testingbaba.Testingbaba_launch_test">
        <test-method is-config="true" signature="launchtestingbaba()[pri:0, instance:testingbaba.Testingbaba_launch_test@366ac49b]" started-at="2022-04-14T20:22:26 IST" name="launchtestingbaba" finished-at="2022-04-14T20:22:34 IST" duration-ms="8096" status="PASS">
          <reporter-output>
          </reporter-output>
        </test-method> <!-- launchtestingbaba -->
        <test-method signature="LaunchTestingBaba_test01()[pri:0, instance:testingbaba.Testingbaba_launch_test@366ac49b]" started-at="2022-04-14T20:22:34 IST" name="LaunchTestingBaba_test01" finished-at="2022-04-14T20:22:34 IST" duration-ms="34" status="PASS">
          <reporter-output>
            <line>
              <![CDATA[Testcase LaunchTestingBaba_test01 started successfully]]>
            </line>
            <line>
              <![CDATA[Testcase LaunchTestingBaba_test01 passed successfully]]>
            </line>
          </reporter-output>
        </test-method> <!-- LaunchTestingBaba_test01 -->
        <test-method is-config="true" signature="Teardown()[pri:0, instance:testingbaba.Testingbaba_launch_test@366ac49b]" started-at="2022-04-14T20:22:34 IST" name="Teardown" finished-at="2022-04-14T20:22:36 IST" duration-ms="1928" status="PASS">
          <reporter-output>
          </reporter-output>
        </test-method> <!-- Teardown -->
      </class> <!-- testingbaba.Testingbaba_launch_test -->
    </test> <!-- autocomplete -->
  </suite> <!-- Testingbaba -->
</testng-results>
