<?xml version="1.0" encoding="UTF-8"?>
<testng-results ignored="0" total="1" passed="1" failed="0" skipped="0">
  <reporter-output>
  </reporter-output>
  <suite started-at="2022-03-09T19:16:35 IST" name="Default suite" finished-at="2022-03-09T19:17:21 IST" duration-ms="46681">
    <groups>
    </groups>
    <test started-at="2022-03-09T19:16:35 IST" name="Default test" finished-at="2022-03-09T19:17:21 IST" duration-ms="46681">
      <class name="test.Flipkart_buyproduct_test">
        <test-method is-config="true" signature="launchFB()[pri:0, instance:test.Flipkart_buyproduct_test@4efbca5a]" started-at="2022-03-09T19:16:35 IST" name="launchFB" finished-at="2022-03-09T19:17:18 IST" duration-ms="43254" status="PASS">
          <reporter-output>
          </reporter-output>
        </test-method> <!-- launchFB -->
        <test-method signature="flipkart2()[pri:0, instance:test.Flipkart_buyproduct_test@4efbca5a]" started-at="2022-03-09T19:17:18 IST" name="flipkart2" finished-at="2022-03-09T19:17:21 IST" duration-ms="2873" status="PASS">
          <reporter-output>
          </reporter-output>
        </test-method> <!-- flipkart2 -->
        <test-method is-config="true" signature="Teardown()[pri:0, instance:test.Flipkart_buyproduct_test@4efbca5a]" started-at="2022-03-09T19:17:21 IST" name="Teardown" finished-at="2022-03-09T19:17:21 IST" duration-ms="455" status="PASS">
          <reporter-output>
          </reporter-output>
        </test-method> <!-- Teardown -->
      </class> <!-- test.Flipkart_buyproduct_test -->
    </test> <!-- Default test -->
  </suite> <!-- Default suite -->
</testng-results>
