<?xml version="1.0" encoding="UTF-8"?>
<testng-results ignored="0" total="1" passed="1" failed="0" skipped="0">
  <reporter-output>
    <line>
      <![CDATA[About to begin executing Class Single_Test]]>
    </line>
    <line>
      <![CDATA[Testcase WebTablesTestingBaba_test01 started successfully]]>
    </line>
    <line>
      <![CDATA[Testcase WebTablesTestingBaba_test01 passed successfully]]>
    </line>
  </reporter-output>
  <suite started-at="2022-03-19T20:50:49 IST" name="Testingbaba" finished-at="2022-03-19T20:50:59 IST" duration-ms="10821">
    <groups>
    </groups>
    <test started-at="2022-03-19T20:50:49 IST" name="Single_Test" finished-at="2022-03-19T20:50:59 IST" duration-ms="10821">
      <class name="testingbaba.Testingbaba_webtables_test">
        <test-method is-config="true" signature="launchtestingbaba()[pri:0, instance:testingbaba.Testingbaba_webtables_test@44b3606b]" started-at="2022-03-19T20:50:49 IST" name="launchtestingbaba" finished-at="2022-03-19T20:50:55 IST" duration-ms="6814" status="PASS">
          <reporter-output>
          </reporter-output>
        </test-method> <!-- launchtestingbaba -->
        <test-method signature="WebTablesTestingBaba_test01()[pri:0, instance:testingbaba.Testingbaba_webtables_test@44b3606b]" started-at="2022-03-19T20:50:55 IST" name="WebTablesTestingBaba_test01" finished-at="2022-03-19T20:50:59 IST" duration-ms="3948" status="PASS">
          <reporter-output>
            <line>
              <![CDATA[Testcase WebTablesTestingBaba_test01 started successfully]]>
            </line>
            <line>
              <![CDATA[Testcase WebTablesTestingBaba_test01 passed successfully]]>
            </line>
          </reporter-output>
        </test-method> <!-- WebTablesTestingBaba_test01 -->
        <test-method is-config="true" signature="analysis(org.testng.ITestResult)[pri:0, instance:testingbaba.Testingbaba_webtables_test@44b3606b]" started-at="2022-03-19T20:50:59 IST" name="analysis" finished-at="2022-03-19T20:50:59 IST" duration-ms="3" status="PASS">
          <params>
            <param index="0">
              <value>
                <![CDATA[[TestResult name=WebTablesTestingBaba_test01 status=SUCCESS method=Testingbaba_webtables_test.WebTablesTestingBaba_test01()[pri:0, instance:testingbaba.Testingbaba_webtables_test@44b3606b] output=Testcase WebTablesTestingBaba_test01 started successfully]]]>
              </value>
            </param>
          </params>
          <reporter-output>
          </reporter-output>
        </test-method> <!-- analysis -->
        <test-method is-config="true" signature="Teardown()[pri:0, instance:testingbaba.Testingbaba_webtables_test@44b3606b]" started-at="2022-03-19T20:50:59 IST" name="Teardown" finished-at="2022-03-19T20:50:59 IST" duration-ms="5" status="PASS">
          <reporter-output>
          </reporter-output>
        </test-method> <!-- Teardown -->
      </class> <!-- testingbaba.Testingbaba_webtables_test -->
    </test> <!-- Single_Test -->
  </suite> <!-- Testingbaba -->
</testng-results>
