<?xml version="1.0" encoding="UTF-8"?>
<testng-results ignored="0" total="2" passed="2" failed="0" skipped="0">
  <reporter-output>
  </reporter-output>
  <suite started-at="2022-03-18T13:10:36 IST" name="Default suite" finished-at="2022-03-18T13:11:04 IST" duration-ms="28334">
    <groups>
    </groups>
    <test started-at="2022-03-18T13:10:36 IST" name="Default test" finished-at="2022-03-18T13:11:04 IST" duration-ms="28334">
      <class name="test.Flipkart_buy_test">
        <test-method is-config="true" signature="launchFB()[pri:0, instance:test.Flipkart_buy_test@6cf0e0ba]" started-at="2022-03-18T13:10:36 IST" name="launchFB" finished-at="2022-03-18T13:10:40 IST" duration-ms="4372" status="PASS">
          <reporter-output>
          </reporter-output>
        </test-method> <!-- launchFB -->
        <test-method signature="FlipkartLogin_Test01()[pri:0, instance:test.Flipkart_buy_test@6cf0e0ba]" started-at="2022-03-18T13:10:40 IST" name="FlipkartLogin_Test01" finished-at="2022-03-18T13:10:43 IST" duration-ms="2460" status="PASS">
          <reporter-output>
          </reporter-output>
        </test-method> <!-- FlipkartLogin_Test01 -->
        <test-method signature="FlipkartProfileChange_Test02()[pri:0, instance:test.Flipkart_buy_test@6cf0e0ba]" started-at="2022-03-18T13:10:43 IST" name="FlipkartProfileChange_Test02" finished-at="2022-03-18T13:11:04 IST" duration-ms="21241" status="PASS">
          <reporter-output>
          </reporter-output>
        </test-method> <!-- FlipkartProfileChange_Test02 -->
        <test-method is-config="true" signature="Teardown()[pri:0, instance:test.Flipkart_buy_test@6cf0e0ba]" started-at="2022-03-18T13:11:04 IST" name="Teardown" finished-at="2022-03-18T13:11:04 IST" duration-ms="206" status="PASS">
          <reporter-output>
          </reporter-output>
        </test-method> <!-- Teardown -->
      </class> <!-- test.Flipkart_buy_test -->
    </test> <!-- Default test -->
  </suite> <!-- Default suite -->
</testng-results>
