<?xml version="1.0" encoding="UTF-8"?>
<testng-results ignored="0" total="3" passed="3" failed="0" skipped="0">
  <reporter-output>
    <line>
      <![CDATA[About to begin executing Class Single_Test]]>
    </line>
    <line>
      <![CDATA[Testcase CheckboxTestingBaba_test01 started successfully]]>
    </line>
    <line>
      <![CDATA[Testcase CheckboxTestingBaba_test01 passed successfully]]>
    </line>
    <line>
      <![CDATA[Testcase CheckboxTestingBaba_test02 started successfully]]>
    </line>
    <line>
      <![CDATA[Testcase CheckboxTestingBaba_test02 passed successfully]]>
    </line>
    <line>
      <![CDATA[Testcase CheckboxTestingBaba_test03 started successfully]]>
    </line>
    <line>
      <![CDATA[Testcase CheckboxTestingBaba_test03 passed successfully]]>
    </line>
  </reporter-output>
  <suite started-at="2022-03-19T12:54:49 IST" name="Testingbaba" finished-at="2022-03-19T12:54:57 IST" duration-ms="8182">
    <groups>
    </groups>
    <test started-at="2022-03-19T12:54:49 IST" name="Single_Test" finished-at="2022-03-19T12:54:57 IST" duration-ms="8182">
      <class name="testingbaba.Testingbaba_checkbox_test">
        <test-method is-config="true" signature="launchtestingbaba()[pri:0, instance:testingbaba.Testingbaba_checkbox_test@663411de]" started-at="2022-03-19T12:54:49 IST" name="launchtestingbaba" finished-at="2022-03-19T12:54:56 IST" duration-ms="6278" status="PASS">
          <reporter-output>
          </reporter-output>
        </test-method> <!-- launchtestingbaba -->
        <test-method signature="CheckboxTestingBaba_test01()[pri:1, instance:testingbaba.Testingbaba_checkbox_test@663411de]" started-at="2022-03-19T12:54:56 IST" name="CheckboxTestingBaba_test01" finished-at="2022-03-19T12:54:56 IST" duration-ms="47" status="PASS">
          <reporter-output>
            <line>
              <![CDATA[Testcase CheckboxTestingBaba_test01 started successfully]]>
            </line>
            <line>
              <![CDATA[Testcase CheckboxTestingBaba_test01 passed successfully]]>
            </line>
          </reporter-output>
        </test-method> <!-- CheckboxTestingBaba_test01 -->
        <test-method is-config="true" signature="analysis(org.testng.ITestResult)[pri:0, instance:testingbaba.Testingbaba_checkbox_test@663411de]" started-at="2022-03-19T12:54:56 IST" name="analysis" finished-at="2022-03-19T12:54:56 IST" duration-ms="5" status="PASS">
          <params>
            <param index="0">
              <value>
                <![CDATA[[TestResult name=CheckboxTestingBaba_test01 status=SUCCESS method=Testingbaba_checkbox_test.CheckboxTestingBaba_test01()[pri:1, instance:testingbaba.Testingbaba_checkbox_test@663411de] output=Testcase CheckboxTestingBaba_test01 started successfully]]]>
              </value>
            </param>
          </params>
          <reporter-output>
          </reporter-output>
        </test-method> <!-- analysis -->
        <test-method signature="CheckboxTestingBaba_test02()[pri:2, instance:testingbaba.Testingbaba_checkbox_test@663411de]" started-at="2022-03-19T12:54:56 IST" name="CheckboxTestingBaba_test02" finished-at="2022-03-19T12:54:56 IST" duration-ms="202" status="PASS">
          <reporter-output>
            <line>
              <![CDATA[Testcase CheckboxTestingBaba_test02 started successfully]]>
            </line>
            <line>
              <![CDATA[Testcase CheckboxTestingBaba_test02 passed successfully]]>
            </line>
          </reporter-output>
        </test-method> <!-- CheckboxTestingBaba_test02 -->
        <test-method is-config="true" signature="analysis(org.testng.ITestResult)[pri:0, instance:testingbaba.Testingbaba_checkbox_test@663411de]" started-at="2022-03-19T12:54:56 IST" name="analysis" finished-at="2022-03-19T12:54:56 IST" duration-ms="1" status="PASS">
          <params>
            <param index="0">
              <value>
                <![CDATA[[TestResult name=CheckboxTestingBaba_test02 status=SUCCESS method=Testingbaba_checkbox_test.CheckboxTestingBaba_test02()[pri:2, instance:testingbaba.Testingbaba_checkbox_test@663411de] output=Testcase CheckboxTestingBaba_test02 started successfully]]]>
              </value>
            </param>
          </params>
          <reporter-output>
          </reporter-output>
        </test-method> <!-- analysis -->
        <test-method signature="CheckboxTestingBaba_test03()[pri:3, instance:testingbaba.Testingbaba_checkbox_test@663411de]" started-at="2022-03-19T12:54:56 IST" name="CheckboxTestingBaba_test03" finished-at="2022-03-19T12:54:57 IST" duration-ms="1303" status="PASS">
          <reporter-output>
            <line>
              <![CDATA[Testcase CheckboxTestingBaba_test03 started successfully]]>
            </line>
            <line>
              <![CDATA[Testcase CheckboxTestingBaba_test03 passed successfully]]>
            </line>
          </reporter-output>
        </test-method> <!-- CheckboxTestingBaba_test03 -->
        <test-method is-config="true" signature="analysis(org.testng.ITestResult)[pri:0, instance:testingbaba.Testingbaba_checkbox_test@663411de]" started-at="2022-03-19T12:54:57 IST" name="analysis" finished-at="2022-03-19T12:54:57 IST" duration-ms="1" status="PASS">
          <params>
            <param index="0">
              <value>
                <![CDATA[[TestResult name=CheckboxTestingBaba_test03 status=SUCCESS method=Testingbaba_checkbox_test.CheckboxTestingBaba_test03()[pri:3, instance:testingbaba.Testingbaba_checkbox_test@663411de] output=Testcase CheckboxTestingBaba_test03 started successfully]]]>
              </value>
            </param>
          </params>
          <reporter-output>
          </reporter-output>
        </test-method> <!-- analysis -->
        <test-method is-config="true" signature="Teardown()[pri:0, instance:testingbaba.Testingbaba_checkbox_test@663411de]" started-at="2022-03-19T12:54:57 IST" name="Teardown" finished-at="2022-03-19T12:54:57 IST" duration-ms="283" status="PASS">
          <reporter-output>
          </reporter-output>
        </test-method> <!-- Teardown -->
      </class> <!-- testingbaba.Testingbaba_checkbox_test -->
    </test> <!-- Single_Test -->
  </suite> <!-- Testingbaba -->
</testng-results>
