<?xml version="1.0" encoding="UTF-8"?>
<testng-results ignored="0" total="2" passed="2" failed="0" skipped="0">
  <reporter-output>
    <line>
      <![CDATA[About to begin executing Class Single test]]>
    </line>
    <line>
      <![CDATA[Testcase FlipkartLogin_Test01 started successfully]]>
    </line>
    <line>
      <![CDATA[Testcase FlipkartLogin_Test01 passed successfully]]>
    </line>
    <line>
      <![CDATA[Testcase FlipkartProfileChange_Test02 started successfully]]>
    </line>
    <line>
      <![CDATA[Testcase FlipkartProfileChange_Test02 passed successfully]]>
    </line>
  </reporter-output>
  <suite started-at="2022-04-18T15:04:01 IST" name="Testingbaba" finished-at="2022-04-18T15:04:39 IST" duration-ms="38346">
    <groups>
    </groups>
    <test started-at="2022-04-18T15:04:01 IST" name="Single test" finished-at="2022-04-18T15:04:39 IST" duration-ms="38346">
      <class name="flipkart.Flipkart_buy_test">
        <test-method is-config="true" signature="launchFB(java.lang.String)[pri:0, instance:flipkart.Flipkart_buy_test@2d1dee39]" started-at="2022-04-18T15:04:01 IST" name="launchFB" finished-at="2022-04-18T15:04:15 IST" duration-ms="14346" status="PASS">
          <params>
            <param index="0">
              <value>
                <![CDATA[edge]]>
              </value>
            </param>
          </params>
          <reporter-output>
          </reporter-output>
        </test-method> <!-- launchFB -->
        <test-method signature="FlipkartLogin_Test01()[pri:0, instance:flipkart.Flipkart_buy_test@2d1dee39]" started-at="2022-04-18T15:04:15 IST" name="FlipkartLogin_Test01" finished-at="2022-04-18T15:04:19 IST" duration-ms="3198" status="PASS">
          <reporter-output>
            <line>
              <![CDATA[Testcase FlipkartLogin_Test01 started successfully]]>
            </line>
            <line>
              <![CDATA[Testcase FlipkartLogin_Test01 passed successfully]]>
            </line>
          </reporter-output>
        </test-method> <!-- FlipkartLogin_Test01 -->
        <test-method signature="FlipkartProfileChange_Test02()[pri:0, instance:flipkart.Flipkart_buy_test@2d1dee39]" started-at="2022-04-18T15:04:19 IST" name="FlipkartProfileChange_Test02" finished-at="2022-04-18T15:04:39 IST" duration-ms="20123" status="PASS">
          <reporter-output>
            <line>
              <![CDATA[Testcase FlipkartProfileChange_Test02 started successfully]]>
            </line>
            <line>
              <![CDATA[Testcase FlipkartProfileChange_Test02 passed successfully]]>
            </line>
          </reporter-output>
        </test-method> <!-- FlipkartProfileChange_Test02 -->
        <test-method is-config="true" signature="Teardown2()[pri:0, instance:flipkart.Flipkart_buy_test@2d1dee39]" started-at="2022-04-18T15:04:39 IST" name="Teardown2" finished-at="2022-04-18T15:04:39 IST" duration-ms="576" status="PASS">
          <reporter-output>
          </reporter-output>
        </test-method> <!-- Teardown2 -->
      </class> <!-- flipkart.Flipkart_buy_test -->
    </test> <!-- Single test -->
  </suite> <!-- Testingbaba -->
</testng-results>
