<?xml version="1.0" encoding="UTF-8"?>
<testng-results ignored="0" total="2" passed="2" failed="0" skipped="0">
  <reporter-output>
  </reporter-output>
  <suite started-at="2022-03-12T10:31:29 IST" name="Default suite" finished-at="2022-03-12T10:31:56 IST" duration-ms="26925">
    <groups>
    </groups>
    <test started-at="2022-03-12T10:31:29 IST" name="Default test" finished-at="2022-03-12T10:31:56 IST" duration-ms="26925">
      <class name="test.Flipkart_buy_test">
        <test-method is-config="true" signature="launchFB()[pri:0, instance:test.Flipkart_buy_test@1b7cc17c]" started-at="2022-03-12T10:31:29 IST" name="launchFB" finished-at="2022-03-12T10:31:34 IST" duration-ms="4561" status="PASS">
          <reporter-output>
          </reporter-output>
        </test-method> <!-- launchFB -->
        <test-method signature="flipkart()[pri:0, instance:test.Flipkart_buy_test@1b7cc17c]" started-at="2022-03-12T10:31:34 IST" name="flipkart" finished-at="2022-03-12T10:31:36 IST" duration-ms="2443" status="PASS">
          <reporter-output>
          </reporter-output>
        </test-method> <!-- flipkart -->
        <test-method signature="profilechange()[pri:0, instance:test.Flipkart_buy_test@1b7cc17c]" started-at="2022-03-12T10:31:36 IST" name="profilechange" finished-at="2022-03-12T10:31:56 IST" duration-ms="19417" status="PASS">
          <reporter-output>
          </reporter-output>
        </test-method> <!-- profilechange -->
        <test-method is-config="true" signature="Teardown()[pri:0, instance:test.Flipkart_buy_test@1b7cc17c]" started-at="2022-03-12T10:31:56 IST" name="Teardown" finished-at="2022-03-12T10:31:56 IST" duration-ms="397" status="PASS">
          <reporter-output>
          </reporter-output>
        </test-method> <!-- Teardown -->
      </class> <!-- test.Flipkart_buy_test -->
    </test> <!-- Default test -->
  </suite> <!-- Default suite -->
</testng-results>
