<?xml version="1.0" encoding="UTF-8"?>
<testng-results ignored="0" total="2" passed="2" failed="0" skipped="0">
  <reporter-output>
  </reporter-output>
  <suite started-at="2022-04-14T12:27:09 IST" name="Default suite" finished-at="2022-04-14T12:27:24 IST" duration-ms="14473">
    <groups>
    </groups>
    <test started-at="2022-04-14T12:27:09 IST" name="Default test" finished-at="2022-04-14T12:27:24 IST" duration-ms="14473">
      <class name="testingbaba.Testingbaba_upload_test">
        <test-method is-config="true" signature="launchtestingbaba()[pri:0, instance:testingbaba.Testingbaba_upload_test@30b19518]" started-at="2022-04-14T12:27:09 IST" name="launchtestingbaba" finished-at="2022-04-14T12:27:17 IST" duration-ms="8118" status="PASS">
          <reporter-output>
          </reporter-output>
        </test-method> <!-- launchtestingbaba -->
        <test-method signature="UploadFileTestingBaba_test01()[pri:0, instance:testingbaba.Testingbaba_upload_test@30b19518]" started-at="2022-04-14T12:27:17 IST" name="UploadFileTestingBaba_test01" finished-at="2022-04-14T12:27:17 IST" duration-ms="126" status="PASS">
          <reporter-output>
          </reporter-output>
        </test-method> <!-- UploadFileTestingBaba_test01 -->
        <test-method signature="UploadFileTestingBaba_test02()[pri:0, instance:testingbaba.Testingbaba_upload_test@30b19518]" started-at="2022-04-14T12:27:18 IST" name="UploadFileTestingBaba_test02" finished-at="2022-04-14T12:27:23 IST" duration-ms="5734" status="PASS">
          <reporter-output>
          </reporter-output>
        </test-method> <!-- UploadFileTestingBaba_test02 -->
        <test-method is-config="true" signature="Teardown()[pri:0, instance:testingbaba.Testingbaba_upload_test@30b19518]" started-at="2022-04-14T12:27:23 IST" name="Teardown" finished-at="2022-04-14T12:27:24 IST" duration-ms="395" status="PASS">
          <reporter-output>
          </reporter-output>
        </test-method> <!-- Teardown -->
      </class> <!-- testingbaba.Testingbaba_upload_test -->
    </test> <!-- Default test -->
  </suite> <!-- Default suite -->
</testng-results>
