<?xml version="1.0" encoding="UTF-8"?>
<testng-results ignored="0" total="25" passed="25" failed="0" skipped="0">
  <reporter-output>
    <line>
      <![CDATA[About to begin executing Class smoke]]>
    </line>
    <line>
      <![CDATA[Testcase LaunchTestingBaba_test01 started successfully]]>
    </line>
    <line>
      <![CDATA[Testcase LaunchTestingBaba_test01 passed successfully]]>
    </line>
    <line>
      <![CDATA[About to end executing Class smoke]]>
    </line>
    <line>
      <![CDATA[About to begin executing Class Textbox]]>
    </line>
    <line>
      <![CDATA[Testcase TextboxTestingBaba_test01 started successfully]]>
    </line>
    <line>
      <![CDATA[inside test01]]>
    </line>
    <line>
      <![CDATA[Testcase TextboxTestingBaba_test01 passed successfully]]>
    </line>
    <line>
      <![CDATA[Testcase TextboxTestingBaba_test02 started successfully]]>
    </line>
    <line>
      <![CDATA[inside test01]]>
    </line>
    <line>
      <![CDATA[Testcase TextboxTestingBaba_test02 passed successfully]]>
    </line>
    <line>
      <![CDATA[Testcase TextboxTestingBaba_test03 started successfully]]>
    </line>
    <line>
      <![CDATA[inside test01]]>
    </line>
    <line>
      <![CDATA[Testcase TextboxTestingBaba_test03 passed successfully]]>
    </line>
    <line>
      <![CDATA[Testcase TextboxTestingBaba_test04 started successfully]]>
    </line>
    <line>
      <![CDATA[inside test01]]>
    </line>
    <line>
      <![CDATA[Testcase TextboxTestingBaba_test04 passed successfully]]>
    </line>
    <line>
      <![CDATA[About to end executing Class Textbox]]>
    </line>
    <line>
      <![CDATA[About to begin executing Class buttons]]>
    </line>
    <line>
      <![CDATA[Testcase ButtonsTestingBaba_test01 started successfully]]>
    </line>
    <line>
      <![CDATA[Testcase ButtonsTestingBaba_test01 passed successfully]]>
    </line>
    <line>
      <![CDATA[Testcase ButtonsTestingBaba_test02 started successfully]]>
    </line>
    <line>
      <![CDATA[Testcase ButtonsTestingBaba_test02 passed successfully]]>
    </line>
    <line>
      <![CDATA[Testcase ButtonsTestingBaba_test03 started successfully]]>
    </line>
    <line>
      <![CDATA[Testcase ButtonsTestingBaba_test03 passed successfully]]>
    </line>
    <line>
      <![CDATA[About to end executing Class buttons]]>
    </line>
    <line>
      <![CDATA[About to begin executing Class checkbox]]>
    </line>
    <line>
      <![CDATA[Testcase CheckboxTestingBaba_test01 started successfully]]>
    </line>
    <line>
      <![CDATA[Testcase CheckboxTestingBaba_test01 passed successfully]]>
    </line>
    <line>
      <![CDATA[Testcase CheckboxTestingBaba_test02 started successfully]]>
    </line>
    <line>
      <![CDATA[Testcase CheckboxTestingBaba_test02 passed successfully]]>
    </line>
    <line>
      <![CDATA[Testcase CheckboxTestingBaba_test03 started successfully]]>
    </line>
    <line>
      <![CDATA[Testcase CheckboxTestingBaba_test03 passed successfully]]>
    </line>
    <line>
      <![CDATA[About to end executing Class checkbox]]>
    </line>
    <line>
      <![CDATA[About to begin executing Class dropdown]]>
    </line>
    <line>
      <![CDATA[Testcase DropdownTestingBaba_test01 started successfully]]>
    </line>
    <line>
      <![CDATA[Testcase DropdownTestingBaba_test01 passed successfully]]>
    </line>
    <line>
      <![CDATA[About to end executing Class dropdown]]>
    </line>
    <line>
      <![CDATA[About to begin executing Class links]]>
    </line>
    <line>
      <![CDATA[Testcase LinksTestingBaba_test01 started successfully]]>
    </line>
    <line>
      <![CDATA[Testcase LinksTestingBaba_test01 passed successfully]]>
    </line>
    <line>
      <![CDATA[Testcase LinksTestingBaba_test02 started successfully]]>
    </line>
    <line>
      <![CDATA[Testcase LinksTestingBaba_test02 passed successfully]]>
    </line>
    <line>
      <![CDATA[About to end executing Class links]]>
    </line>
    <line>
      <![CDATA[About to begin executing Class radio]]>
    </line>
    <line>
      <![CDATA[Testcase RadioButtonTestingBaba_test01 started successfully]]>
    </line>
    <line>
      <![CDATA[Testcase RadioButtonTestingBaba_test01 passed successfully]]>
    </line>
    <line>
      <![CDATA[About to end executing Class radio]]>
    </line>
    <line>
      <![CDATA[About to begin executing Class autocomplete]]>
    </line>
    <line>
      <![CDATA[Testcase AutocompleteTestingBaba_test01 started successfully]]>
    </line>
    <line>
      <![CDATA[Testcase AutocompleteTestingBaba_test01 passed successfully]]>
    </line>
    <line>
      <![CDATA[Testcase AutocompleteTestingBaba_test02 started successfully]]>
    </line>
    <line>
      <![CDATA[Testcase AutocompleteTestingBaba_test02 passed successfully]]>
    </line>
    <line>
      <![CDATA[Testcase AutocompleteTestingBaba_test03 started successfully]]>
    </line>
    <line>
      <![CDATA[Testcase AutocompleteTestingBaba_test03 passed successfully]]>
    </line>
    <line>
      <![CDATA[About to end executing Class autocomplete]]>
    </line>
    <line>
      <![CDATA[About to begin executing Class Webtable]]>
    </line>
    <line>
      <![CDATA[Testcase WebTablesTestingBaba_test01 started successfully]]>
    </line>
    <line>
      <![CDATA[Testcase WebTablesTestingBaba_test01 passed successfully]]>
    </line>
    <line>
      <![CDATA[About to end executing Class Webtable]]>
    </line>
    <line>
      <![CDATA[About to begin executing Class Flipkart]]>
    </line>
    <line>
      <![CDATA[Testcase FlipkartLogin_Test01 started successfully]]>
    </line>
    <line>
      <![CDATA[Testcase FlipkartLogin_Test01 passed successfully]]>
    </line>
    <line>
      <![CDATA[Testcase FlipkartProfileChange_Test02 started successfully]]>
    </line>
    <line>
      <![CDATA[Testcase FlipkartProfileChange_Test02 passed successfully]]>
    </line>
    <line>
      <![CDATA[About to end executing Class Flipkart]]>
    </line>
    <line>
      <![CDATA[About to begin executing Class FlipkartBuy]]>
    </line>
    <line>
      <![CDATA[Testcase FlipkartLoginInvalidCred_Test01 started successfully]]>
    </line>
    <line>
      <![CDATA[Testcase FlipkartLoginInvalidCred_Test01 passed successfully]]>
    </line>
    <line>
      <![CDATA[About to end executing Class FlipkartBuy]]>
    </line>
    <line>
      <![CDATA[About to begin executing Class Makemytrip]]>
    </line>
    <line>
      <![CDATA[Testcase MakemyTripSendValidNumber_Test01 started successfully]]>
    </line>
    <line>
      <![CDATA[Testcase MakemyTripSendValidNumber_Test01 passed successfully]]>
    </line>
    <line>
      <![CDATA[Testcase MakemyTripSendINValidNumber_Test02 started successfully]]>
    </line>
    <line>
      <![CDATA[Testcase MakemyTripSendINValidNumber_Test02 passed successfully]]>
    </line>
    <line>
      <![CDATA[About to end executing Class Makemytrip]]>
    </line>
    <line>
      <![CDATA[About to begin executing Class Flight search]]>
    </line>
    <line>
      <![CDATA[Testcase SearchFlightToday started successfully]]>
    </line>
    <line>
      <![CDATA[Testcase SearchFlightToday passed successfully]]>
    </line>
  </reporter-output>
  <suite started-at="2022-04-17T12:33:48 IST" name="Testingbaba" finished-at="2022-04-17T12:36:55 IST" duration-ms="186153">
    <groups>
      <group name="Regression">
        <method signature="Testingbaba_autocomplete_test.AutocompleteTestingBaba_test01()[pri:0, instance:testingbaba.Testingbaba_autocomplete_test@49872d67]" name="AutocompleteTestingBaba_test01" class="testingbaba.Testingbaba_autocomplete_test"/>
        <method signature="Testingbaba_autocomplete_test.AutocompleteTestingBaba_test02()[pri:1, instance:testingbaba.Testingbaba_autocomplete_test@49872d67]" name="AutocompleteTestingBaba_test02" class="testingbaba.Testingbaba_autocomplete_test"/>
        <method signature="Testingbaba_autocomplete_test.AutocompleteTestingBaba_test03()[pri:2, instance:testingbaba.Testingbaba_autocomplete_test@49872d67]" name="AutocompleteTestingBaba_test03" class="testingbaba.Testingbaba_autocomplete_test"/>
      </group> <!-- Regression -->
    </groups>
    <test started-at="2022-04-17T12:33:48 IST" name="smoke" finished-at="2022-04-17T12:33:58 IST" duration-ms="9388">
      <class name="testingbaba.Testingbaba_launch_test">
        <test-method is-config="true" signature="launchtestingbaba(java.lang.String)[pri:0, instance:testingbaba.Testingbaba_launch_test@663411de]" started-at="2022-04-17T12:33:48 IST" name="launchtestingbaba" finished-at="2022-04-17T12:33:57 IST" duration-ms="8925" status="PASS">
          <params>
            <param index="0">
              <value>
                <![CDATA[chrome]]>
              </value>
            </param>
          </params>
          <reporter-output>
          </reporter-output>
        </test-method> <!-- launchtestingbaba -->
        <test-method signature="LaunchTestingBaba_test01()[pri:0, instance:testingbaba.Testingbaba_launch_test@663411de]" started-at="2022-04-17T12:33:57 IST" name="LaunchTestingBaba_test01" finished-at="2022-04-17T12:33:57 IST" duration-ms="43" status="PASS">
          <reporter-output>
            <line>
              <![CDATA[Testcase LaunchTestingBaba_test01 started successfully]]>
            </line>
            <line>
              <![CDATA[Testcase LaunchTestingBaba_test01 passed successfully]]>
            </line>
          </reporter-output>
        </test-method> <!-- LaunchTestingBaba_test01 -->
        <test-method is-config="true" signature="Teardown2()[pri:0, instance:testingbaba.Testingbaba_launch_test@663411de]" started-at="2022-04-17T12:33:57 IST" name="Teardown2" finished-at="2022-04-17T12:33:58 IST" duration-ms="374" status="PASS">
          <reporter-output>
          </reporter-output>
        </test-method> <!-- Teardown2 -->
      </class> <!-- testingbaba.Testingbaba_launch_test -->
    </test> <!-- smoke -->
    <test started-at="2022-04-17T12:33:58 IST" name="Textbox" finished-at="2022-04-17T12:34:08 IST" duration-ms="9741">
      <class name="testingbaba.Testingbaba_textbox_test">
        <test-method is-config="true" signature="launchtestingbaba(java.lang.String)[pri:0, instance:testingbaba.Testingbaba_textbox_test@2e8e8225]" started-at="2022-04-17T12:33:58 IST" name="launchtestingbaba" finished-at="2022-04-17T12:34:06 IST" duration-ms="8630" status="PASS">
          <params>
            <param index="0">
              <value>
                <![CDATA[chrome]]>
              </value>
            </param>
          </params>
          <reporter-output>
          </reporter-output>
        </test-method> <!-- launchtestingbaba -->
        <test-method signature="TextboxTestingBaba_test01()[pri:0, instance:testingbaba.Testingbaba_textbox_test@2e8e8225]" started-at="2022-04-17T12:34:06 IST" name="TextboxTestingBaba_test01" finished-at="2022-04-17T12:34:06 IST" duration-ms="9" status="PASS">
          <reporter-output>
            <line>
              <![CDATA[Testcase TextboxTestingBaba_test01 started successfully]]>
            </line>
            <line>
              <![CDATA[inside test01]]>
            </line>
            <line>
              <![CDATA[Testcase TextboxTestingBaba_test01 passed successfully]]>
            </line>
          </reporter-output>
        </test-method> <!-- TextboxTestingBaba_test01 -->
        <test-method signature="TextboxTestingBaba_test02()[pri:1, instance:testingbaba.Testingbaba_textbox_test@2e8e8225]" started-at="2022-04-17T12:34:06 IST" name="TextboxTestingBaba_test02" finished-at="2022-04-17T12:34:06 IST" duration-ms="53" status="PASS">
          <reporter-output>
            <line>
              <![CDATA[Testcase TextboxTestingBaba_test02 started successfully]]>
            </line>
            <line>
              <![CDATA[inside test01]]>
            </line>
            <line>
              <![CDATA[Testcase TextboxTestingBaba_test02 passed successfully]]>
            </line>
          </reporter-output>
        </test-method> <!-- TextboxTestingBaba_test02 -->
        <test-method signature="TextboxTestingBaba_test03()[pri:2, instance:testingbaba.Testingbaba_textbox_test@2e8e8225]" started-at="2022-04-17T12:34:06 IST" name="TextboxTestingBaba_test03" finished-at="2022-04-17T12:34:07 IST" duration-ms="681" status="PASS">
          <reporter-output>
            <line>
              <![CDATA[Testcase TextboxTestingBaba_test03 started successfully]]>
            </line>
            <line>
              <![CDATA[inside test01]]>
            </line>
            <line>
              <![CDATA[Testcase TextboxTestingBaba_test03 passed successfully]]>
            </line>
          </reporter-output>
        </test-method> <!-- TextboxTestingBaba_test03 -->
        <test-method signature="TextboxTestingBaba_test04()[pri:3, instance:testingbaba.Testingbaba_textbox_test@2e8e8225]" started-at="2022-04-17T12:34:07 IST" name="TextboxTestingBaba_test04" finished-at="2022-04-17T12:34:07 IST" duration-ms="167" status="PASS">
          <reporter-output>
            <line>
              <![CDATA[Testcase TextboxTestingBaba_test04 started successfully]]>
            </line>
            <line>
              <![CDATA[inside test01]]>
            </line>
            <line>
              <![CDATA[Testcase TextboxTestingBaba_test04 passed successfully]]>
            </line>
          </reporter-output>
        </test-method> <!-- TextboxTestingBaba_test04 -->
        <test-method is-config="true" signature="Teardown2()[pri:0, instance:testingbaba.Testingbaba_textbox_test@2e8e8225]" started-at="2022-04-17T12:34:07 IST" name="Teardown2" finished-at="2022-04-17T12:34:08 IST" duration-ms="190" status="PASS">
          <reporter-output>
          </reporter-output>
        </test-method> <!-- Teardown2 -->
      </class> <!-- testingbaba.Testingbaba_textbox_test -->
    </test> <!-- Textbox -->
    <test started-at="2022-04-17T12:34:08 IST" name="buttons" finished-at="2022-04-17T12:34:17 IST" duration-ms="9310">
      <class name="testingbaba.Testingbaba_buttons_test">
        <test-method is-config="true" signature="launchtestingbaba(java.lang.String)[pri:0, instance:testingbaba.Testingbaba_buttons_test@4af0df05]" started-at="2022-04-17T12:34:08 IST" name="launchtestingbaba" finished-at="2022-04-17T12:34:16 IST" duration-ms="8134" status="PASS">
          <params>
            <param index="0">
              <value>
                <![CDATA[chrome]]>
              </value>
            </param>
          </params>
          <reporter-output>
          </reporter-output>
        </test-method> <!-- launchtestingbaba -->
        <test-method signature="ButtonsTestingBaba_test01()[pri:0, instance:testingbaba.Testingbaba_buttons_test@4af0df05]" started-at="2022-04-17T12:34:16 IST" name="ButtonsTestingBaba_test01" finished-at="2022-04-17T12:34:16 IST" duration-ms="120" status="PASS">
          <reporter-output>
            <line>
              <![CDATA[Testcase ButtonsTestingBaba_test01 started successfully]]>
            </line>
            <line>
              <![CDATA[Testcase ButtonsTestingBaba_test01 passed successfully]]>
            </line>
          </reporter-output>
        </test-method> <!-- ButtonsTestingBaba_test01 -->
        <test-method signature="ButtonsTestingBaba_test02()[pri:1, instance:testingbaba.Testingbaba_buttons_test@4af0df05]" started-at="2022-04-17T12:34:16 IST" name="ButtonsTestingBaba_test02" finished-at="2022-04-17T12:34:16 IST" duration-ms="671" status="PASS">
          <reporter-output>
            <line>
              <![CDATA[Testcase ButtonsTestingBaba_test02 started successfully]]>
            </line>
            <line>
              <![CDATA[Testcase ButtonsTestingBaba_test02 passed successfully]]>
            </line>
          </reporter-output>
        </test-method> <!-- ButtonsTestingBaba_test02 -->
        <test-method signature="ButtonsTestingBaba_test03()[pri:2, instance:testingbaba.Testingbaba_buttons_test@4af0df05]" started-at="2022-04-17T12:34:16 IST" name="ButtonsTestingBaba_test03" finished-at="2022-04-17T12:34:17 IST" duration-ms="175" status="PASS">
          <reporter-output>
            <line>
              <![CDATA[Testcase ButtonsTestingBaba_test03 started successfully]]>
            </line>
            <line>
              <![CDATA[Testcase ButtonsTestingBaba_test03 passed successfully]]>
            </line>
          </reporter-output>
        </test-method> <!-- ButtonsTestingBaba_test03 -->
        <test-method is-config="true" signature="Teardown2()[pri:0, instance:testingbaba.Testingbaba_buttons_test@4af0df05]" started-at="2022-04-17T12:34:17 IST" name="Teardown2" finished-at="2022-04-17T12:34:17 IST" duration-ms="193" status="PASS">
          <reporter-output>
          </reporter-output>
        </test-method> <!-- Teardown2 -->
      </class> <!-- testingbaba.Testingbaba_buttons_test -->
    </test> <!-- buttons -->
    <test started-at="2022-04-17T12:34:17 IST" name="checkbox" finished-at="2022-04-17T12:34:37 IST" duration-ms="20528">
      <class name="testingbaba.Testingbaba_checkbox_test">
        <test-method is-config="true" signature="launchtestingbaba(java.lang.String)[pri:0, instance:testingbaba.Testingbaba_checkbox_test@50ecde95]" started-at="2022-04-17T12:34:17 IST" name="launchtestingbaba" finished-at="2022-04-17T12:34:25 IST" duration-ms="7891" status="PASS">
          <params>
            <param index="0">
              <value>
                <![CDATA[chrome]]>
              </value>
            </param>
          </params>
          <reporter-output>
          </reporter-output>
        </test-method> <!-- launchtestingbaba -->
        <test-method signature="CheckboxTestingBaba_test01()[pri:1, instance:testingbaba.Testingbaba_checkbox_test@50ecde95]" started-at="2022-04-17T12:34:25 IST" name="CheckboxTestingBaba_test01" finished-at="2022-04-17T12:34:25 IST" duration-ms="61" status="PASS">
          <reporter-output>
            <line>
              <![CDATA[Testcase CheckboxTestingBaba_test01 started successfully]]>
            </line>
            <line>
              <![CDATA[Testcase CheckboxTestingBaba_test01 passed successfully]]>
            </line>
          </reporter-output>
        </test-method> <!-- CheckboxTestingBaba_test01 -->
        <test-method signature="CheckboxTestingBaba_test02()[pri:2, instance:testingbaba.Testingbaba_checkbox_test@50ecde95]" started-at="2022-04-17T12:34:25 IST" name="CheckboxTestingBaba_test02" finished-at="2022-04-17T12:34:29 IST" duration-ms="4118" status="PASS">
          <reporter-output>
            <line>
              <![CDATA[Testcase CheckboxTestingBaba_test02 started successfully]]>
            </line>
            <line>
              <![CDATA[Testcase CheckboxTestingBaba_test02 passed successfully]]>
            </line>
          </reporter-output>
        </test-method> <!-- CheckboxTestingBaba_test02 -->
        <test-method signature="CheckboxTestingBaba_test03()[pri:3, instance:testingbaba.Testingbaba_checkbox_test@50ecde95]" started-at="2022-04-17T12:34:29 IST" name="CheckboxTestingBaba_test03" finished-at="2022-04-17T12:34:37 IST" duration-ms="8309" status="PASS">
          <reporter-output>
            <line>
              <![CDATA[Testcase CheckboxTestingBaba_test03 started successfully]]>
            </line>
            <line>
              <![CDATA[Testcase CheckboxTestingBaba_test03 passed successfully]]>
            </line>
          </reporter-output>
        </test-method> <!-- CheckboxTestingBaba_test03 -->
        <test-method is-config="true" signature="Teardown2()[pri:0, instance:testingbaba.Testingbaba_checkbox_test@50ecde95]" started-at="2022-04-17T12:34:37 IST" name="Teardown2" finished-at="2022-04-17T12:34:37 IST" duration-ms="132" status="PASS">
          <reporter-output>
          </reporter-output>
        </test-method> <!-- Teardown2 -->
      </class> <!-- testingbaba.Testingbaba_checkbox_test -->
    </test> <!-- checkbox -->
    <test started-at="2022-04-17T12:34:37 IST" name="dropdown" finished-at="2022-04-17T12:34:56 IST" duration-ms="18449">
      <class name="testingbaba.Testingbaba_dropdown_test">
        <test-method is-config="true" signature="launchtestingbaba(java.lang.String)[pri:0, instance:testingbaba.Testingbaba_dropdown_test@299321e2]" started-at="2022-04-17T12:34:37 IST" name="launchtestingbaba" finished-at="2022-04-17T12:34:42 IST" duration-ms="4150" status="PASS">
          <params>
            <param index="0">
              <value>
                <![CDATA[chrome]]>
              </value>
            </param>
          </params>
          <reporter-output>
          </reporter-output>
        </test-method> <!-- launchtestingbaba -->
        <test-method signature="DropdownTestingBaba_test01()[pri:0, instance:testingbaba.Testingbaba_dropdown_test@299321e2]" started-at="2022-04-17T12:34:42 IST" name="DropdownTestingBaba_test01" finished-at="2022-04-17T12:34:56 IST" duration-ms="13966" status="PASS">
          <reporter-output>
            <line>
              <![CDATA[Testcase DropdownTestingBaba_test01 started successfully]]>
            </line>
            <line>
              <![CDATA[Testcase DropdownTestingBaba_test01 passed successfully]]>
            </line>
          </reporter-output>
        </test-method> <!-- DropdownTestingBaba_test01 -->
        <test-method is-config="true" signature="Teardown2()[pri:0, instance:testingbaba.Testingbaba_dropdown_test@299321e2]" started-at="2022-04-17T12:34:56 IST" name="Teardown2" finished-at="2022-04-17T12:34:56 IST" duration-ms="331" status="PASS">
          <reporter-output>
          </reporter-output>
        </test-method> <!-- Teardown2 -->
      </class> <!-- testingbaba.Testingbaba_dropdown_test -->
    </test> <!-- dropdown -->
    <test started-at="2022-04-17T12:34:56 IST" name="links" finished-at="2022-04-17T12:35:08 IST" duration-ms="12575">
      <class name="testingbaba.Testingbaba_links_test">
        <test-method is-config="true" signature="launchtestingbaba(java.lang.String)[pri:0, instance:testingbaba.Testingbaba_links_test@3e821657]" started-at="2022-04-17T12:34:56 IST" name="launchtestingbaba" finished-at="2022-04-17T12:35:04 IST" duration-ms="8057" status="PASS">
          <params>
            <param index="0">
              <value>
                <![CDATA[chrome]]>
              </value>
            </param>
          </params>
          <reporter-output>
          </reporter-output>
        </test-method> <!-- launchtestingbaba -->
        <test-method signature="LinksTestingBaba_test01()[pri:1, instance:testingbaba.Testingbaba_links_test@3e821657]" started-at="2022-04-17T12:35:04 IST" name="LinksTestingBaba_test01" finished-at="2022-04-17T12:35:04 IST" duration-ms="67" status="PASS">
          <reporter-output>
            <line>
              <![CDATA[Testcase LinksTestingBaba_test01 started successfully]]>
            </line>
            <line>
              <![CDATA[Testcase LinksTestingBaba_test01 passed successfully]]>
            </line>
          </reporter-output>
        </test-method> <!-- LinksTestingBaba_test01 -->
        <test-method signature="LinksTestingBaba_test02()[pri:2, instance:testingbaba.Testingbaba_links_test@3e821657]" started-at="2022-04-17T12:35:04 IST" name="LinksTestingBaba_test02" finished-at="2022-04-17T12:35:08 IST" duration-ms="4245" status="PASS">
          <reporter-output>
            <line>
              <![CDATA[Testcase LinksTestingBaba_test02 started successfully]]>
            </line>
            <line>
              <![CDATA[Testcase LinksTestingBaba_test02 passed successfully]]>
            </line>
          </reporter-output>
        </test-method> <!-- LinksTestingBaba_test02 -->
        <test-method is-config="true" signature="Teardown2()[pri:0, instance:testingbaba.Testingbaba_links_test@3e821657]" started-at="2022-04-17T12:35:08 IST" name="Teardown2" finished-at="2022-04-17T12:35:08 IST" duration-ms="201" status="PASS">
          <reporter-output>
          </reporter-output>
        </test-method> <!-- Teardown2 -->
      </class> <!-- testingbaba.Testingbaba_links_test -->
    </test> <!-- links -->
    <test started-at="2022-04-17T12:35:08 IST" name="radio" finished-at="2022-04-17T12:35:19 IST" duration-ms="10887">
      <class name="testingbaba.Testingbaba_radio_test">
        <test-method is-config="true" signature="launchtestingbaba(java.lang.String)[pri:0, instance:testingbaba.Testingbaba_radio_test@260e86a1]" started-at="2022-04-17T12:35:08 IST" name="launchtestingbaba" finished-at="2022-04-17T12:35:13 IST" duration-ms="4347" status="PASS">
          <params>
            <param index="0">
              <value>
                <![CDATA[chrome]]>
              </value>
            </param>
          </params>
          <reporter-output>
          </reporter-output>
        </test-method> <!-- launchtestingbaba -->
        <test-method signature="RadioButtonTestingBaba_test01()[pri:0, instance:testingbaba.Testingbaba_radio_test@260e86a1]" started-at="2022-04-17T12:35:13 IST" name="RadioButtonTestingBaba_test01" finished-at="2022-04-17T12:35:19 IST" duration-ms="6295" status="PASS">
          <reporter-output>
            <line>
              <![CDATA[Testcase RadioButtonTestingBaba_test01 started successfully]]>
            </line>
            <line>
              <![CDATA[Testcase RadioButtonTestingBaba_test01 passed successfully]]>
            </line>
          </reporter-output>
        </test-method> <!-- RadioButtonTestingBaba_test01 -->
        <test-method is-config="true" signature="Teardown2()[pri:0, instance:testingbaba.Testingbaba_radio_test@260e86a1]" started-at="2022-04-17T12:35:19 IST" name="Teardown2" finished-at="2022-04-17T12:35:19 IST" duration-ms="242" status="PASS">
          <reporter-output>
          </reporter-output>
        </test-method> <!-- Teardown2 -->
      </class> <!-- testingbaba.Testingbaba_radio_test -->
    </test> <!-- radio -->
    <test started-at="2022-04-17T12:35:19 IST" name="autocomplete" finished-at="2022-04-17T12:35:32 IST" duration-ms="12661">
      <class name="testingbaba.Testingbaba_autocomplete_test">
        <test-method is-config="true" signature="launchtestingbaba(java.lang.String)[pri:0, instance:testingbaba.Testingbaba_autocomplete_test@49872d67]" started-at="2022-04-17T12:35:19 IST" name="launchtestingbaba" finished-at="2022-04-17T12:35:28 IST" duration-ms="8548" status="PASS">
          <params>
            <param index="0">
              <value>
                <![CDATA[chrome]]>
              </value>
            </param>
          </params>
          <reporter-output>
          </reporter-output>
        </test-method> <!-- launchtestingbaba -->
        <test-method signature="AutocompleteTestingBaba_test01()[pri:0, instance:testingbaba.Testingbaba_autocomplete_test@49872d67]" started-at="2022-04-17T12:35:28 IST" name="AutocompleteTestingBaba_test01" description="This is to test Autocomplete" finished-at="2022-04-17T12:35:28 IST" duration-ms="338" status="PASS">
          <reporter-output>
            <line>
              <![CDATA[Testcase AutocompleteTestingBaba_test01 started successfully]]>
            </line>
            <line>
              <![CDATA[Testcase AutocompleteTestingBaba_test01 passed successfully]]>
            </line>
          </reporter-output>
        </test-method> <!-- AutocompleteTestingBaba_test01 -->
        <test-method signature="AutocompleteTestingBaba_test02()[pri:1, instance:testingbaba.Testingbaba_autocomplete_test@49872d67]" started-at="2022-04-17T12:35:28 IST" name="AutocompleteTestingBaba_test02" finished-at="2022-04-17T12:35:29 IST" duration-ms="1122" status="PASS">
          <reporter-output>
            <line>
              <![CDATA[Testcase AutocompleteTestingBaba_test02 started successfully]]>
            </line>
            <line>
              <![CDATA[Testcase AutocompleteTestingBaba_test02 passed successfully]]>
            </line>
          </reporter-output>
        </test-method> <!-- AutocompleteTestingBaba_test02 -->
        <test-method signature="AutocompleteTestingBaba_test03()[pri:2, instance:testingbaba.Testingbaba_autocomplete_test@49872d67]" started-at="2022-04-17T12:35:29 IST" name="AutocompleteTestingBaba_test03" finished-at="2022-04-17T12:35:32 IST" duration-ms="2438" status="PASS">
          <reporter-output>
            <line>
              <![CDATA[Testcase AutocompleteTestingBaba_test03 started successfully]]>
            </line>
            <line>
              <![CDATA[Testcase AutocompleteTestingBaba_test03 passed successfully]]>
            </line>
          </reporter-output>
        </test-method> <!-- AutocompleteTestingBaba_test03 -->
        <test-method is-config="true" signature="Teardown2()[pri:0, instance:testingbaba.Testingbaba_autocomplete_test@49872d67]" started-at="2022-04-17T12:35:32 IST" name="Teardown2" finished-at="2022-04-17T12:35:32 IST" duration-ms="207" status="PASS">
          <reporter-output>
          </reporter-output>
        </test-method> <!-- Teardown2 -->
      </class> <!-- testingbaba.Testingbaba_autocomplete_test -->
    </test> <!-- autocomplete -->
    <test started-at="2022-04-17T12:35:32 IST" name="Webtable" finished-at="2022-04-17T12:35:50 IST" duration-ms="17877">
      <class name="testingbaba.Testingbaba_webtables_test">
        <test-method is-config="true" signature="launchtestingbaba(java.lang.String)[pri:0, instance:testingbaba.Testingbaba_webtables_test@753432a2]" started-at="2022-04-17T12:35:32 IST" name="launchtestingbaba" finished-at="2022-04-17T12:35:41 IST" duration-ms="8992" status="PASS">
          <params>
            <param index="0">
              <value>
                <![CDATA[chrome]]>
              </value>
            </param>
          </params>
          <reporter-output>
          </reporter-output>
        </test-method> <!-- launchtestingbaba -->
        <test-method signature="WebTablesTestingBaba_test01()[pri:0, instance:testingbaba.Testingbaba_webtables_test@753432a2]" started-at="2022-04-17T12:35:41 IST" name="WebTablesTestingBaba_test01" finished-at="2022-04-17T12:35:50 IST" duration-ms="8882" status="PASS">
          <reporter-output>
            <line>
              <![CDATA[Testcase WebTablesTestingBaba_test01 started successfully]]>
            </line>
            <line>
              <![CDATA[Testcase WebTablesTestingBaba_test01 passed successfully]]>
            </line>
          </reporter-output>
        </test-method> <!-- WebTablesTestingBaba_test01 -->
        <test-method is-config="true" signature="Teardown2()[pri:0, instance:testingbaba.Testingbaba_webtables_test@753432a2]" started-at="2022-04-17T12:35:50 IST" name="Teardown2" finished-at="2022-04-17T12:35:50 IST" duration-ms="0" status="PASS">
          <reporter-output>
          </reporter-output>
        </test-method> <!-- Teardown2 -->
      </class> <!-- testingbaba.Testingbaba_webtables_test -->
    </test> <!-- Webtable -->
    <test started-at="2022-04-17T12:35:50 IST" name="Flipkart" finished-at="2022-04-17T12:36:18 IST" duration-ms="28582">
      <class name="flipkart.Flipkart_buy_test">
        <test-method is-config="true" signature="launchFB(java.lang.String)[pri:0, instance:flipkart.Flipkart_buy_test@18bc345]" started-at="2022-04-17T12:35:50 IST" name="launchFB" finished-at="2022-04-17T12:35:54 IST" duration-ms="3952" status="PASS">
          <params>
            <param index="0">
              <value>
                <![CDATA[chrome]]>
              </value>
            </param>
          </params>
          <reporter-output>
          </reporter-output>
        </test-method> <!-- launchFB -->
        <test-method signature="FlipkartLogin_Test01()[pri:0, instance:flipkart.Flipkart_buy_test@18bc345]" started-at="2022-04-17T12:35:54 IST" name="FlipkartLogin_Test01" finished-at="2022-04-17T12:35:57 IST" duration-ms="2680" status="PASS">
          <reporter-output>
            <line>
              <![CDATA[Testcase FlipkartLogin_Test01 started successfully]]>
            </line>
            <line>
              <![CDATA[Testcase FlipkartLogin_Test01 passed successfully]]>
            </line>
          </reporter-output>
        </test-method> <!-- FlipkartLogin_Test01 -->
        <test-method signature="FlipkartProfileChange_Test02()[pri:0, instance:flipkart.Flipkart_buy_test@18bc345]" started-at="2022-04-17T12:35:57 IST" name="FlipkartProfileChange_Test02" finished-at="2022-04-17T12:36:18 IST" duration-ms="21689" status="PASS">
          <reporter-output>
            <line>
              <![CDATA[Testcase FlipkartProfileChange_Test02 started successfully]]>
            </line>
            <line>
              <![CDATA[Testcase FlipkartProfileChange_Test02 passed successfully]]>
            </line>
          </reporter-output>
        </test-method> <!-- FlipkartProfileChange_Test02 -->
        <test-method is-config="true" signature="Teardown2()[pri:0, instance:flipkart.Flipkart_buy_test@18bc345]" started-at="2022-04-17T12:36:18 IST" name="Teardown2" finished-at="2022-04-17T12:36:18 IST" duration-ms="257" status="PASS">
          <reporter-output>
          </reporter-output>
        </test-method> <!-- Teardown2 -->
      </class> <!-- flipkart.Flipkart_buy_test -->
    </test> <!-- Flipkart -->
    <test started-at="2022-04-17T12:36:18 IST" name="FlipkartBuy" finished-at="2022-04-17T12:36:25 IST" duration-ms="6437">
      <class name="flipkart.Flipkart_buyproduct_test">
        <test-method is-config="true" signature="launchFB(java.lang.String)[pri:0, instance:flipkart.Flipkart_buyproduct_test@a43ce46]" started-at="2022-04-17T12:36:18 IST" name="launchFB" finished-at="2022-04-17T12:36:22 IST" duration-ms="3383" status="PASS">
          <params>
            <param index="0">
              <value>
                <![CDATA[chrome]]>
              </value>
            </param>
          </params>
          <reporter-output>
          </reporter-output>
        </test-method> <!-- launchFB -->
        <test-method signature="FlipkartLoginInvalidCred_Test01()[pri:0, instance:flipkart.Flipkart_buyproduct_test@a43ce46]" started-at="2022-04-17T12:36:22 IST" name="FlipkartLoginInvalidCred_Test01" finished-at="2022-04-17T12:36:25 IST" duration-ms="2861" status="PASS">
          <reporter-output>
            <line>
              <![CDATA[Testcase FlipkartLoginInvalidCred_Test01 started successfully]]>
            </line>
            <line>
              <![CDATA[Testcase FlipkartLoginInvalidCred_Test01 passed successfully]]>
            </line>
          </reporter-output>
        </test-method> <!-- FlipkartLoginInvalidCred_Test01 -->
        <test-method is-config="true" signature="Teardown2()[pri:0, instance:flipkart.Flipkart_buyproduct_test@a43ce46]" started-at="2022-04-17T12:36:25 IST" name="Teardown2" finished-at="2022-04-17T12:36:25 IST" duration-ms="184" status="PASS">
          <reporter-output>
          </reporter-output>
        </test-method> <!-- Teardown2 -->
      </class> <!-- flipkart.Flipkart_buyproduct_test -->
    </test> <!-- FlipkartBuy -->
    <test started-at="2022-04-17T12:36:25 IST" name="Makemytrip" finished-at="2022-04-17T12:36:45 IST" duration-ms="19661">
      <class name="makemytrip.Makemytrip_launch_test">
        <test-method is-config="true" signature="launchFB(java.lang.String)[pri:0, instance:makemytrip.Makemytrip_launch_test@77a7cf58]" started-at="2022-04-17T12:36:25 IST" name="launchFB" finished-at="2022-04-17T12:36:30 IST" duration-ms="4895" status="PASS">
          <params>
            <param index="0">
              <value>
                <![CDATA[chrome]]>
              </value>
            </param>
          </params>
          <reporter-output>
          </reporter-output>
        </test-method> <!-- launchFB -->
        <test-method signature="MakemyTripSendValidNumber_Test01()[pri:0, instance:makemytrip.Makemytrip_launch_test@77a7cf58]" started-at="2022-04-17T12:36:30 IST" name="MakemyTripSendValidNumber_Test01" finished-at="2022-04-17T12:36:34 IST" duration-ms="4633" status="PASS">
          <reporter-output>
            <line>
              <![CDATA[Testcase MakemyTripSendValidNumber_Test01 started successfully]]>
            </line>
            <line>
              <![CDATA[Testcase MakemyTripSendValidNumber_Test01 passed successfully]]>
            </line>
          </reporter-output>
        </test-method> <!-- MakemyTripSendValidNumber_Test01 -->
        <test-method signature="MakemyTripSendINValidNumber_Test02()[pri:1, instance:makemytrip.Makemytrip_launch_test@77a7cf58]" started-at="2022-04-17T12:36:34 IST" name="MakemyTripSendINValidNumber_Test02" finished-at="2022-04-17T12:36:44 IST" duration-ms="9896" status="PASS">
          <reporter-output>
            <line>
              <![CDATA[Testcase MakemyTripSendINValidNumber_Test02 started successfully]]>
            </line>
            <line>
              <![CDATA[Testcase MakemyTripSendINValidNumber_Test02 passed successfully]]>
            </line>
          </reporter-output>
        </test-method> <!-- MakemyTripSendINValidNumber_Test02 -->
        <test-method is-config="true" signature="Teardown2()[pri:0, instance:makemytrip.Makemytrip_launch_test@77a7cf58]" started-at="2022-04-17T12:36:44 IST" name="Teardown2" finished-at="2022-04-17T12:36:45 IST" duration-ms="235" status="PASS">
          <reporter-output>
          </reporter-output>
        </test-method> <!-- Teardown2 -->
      </class> <!-- makemytrip.Makemytrip_launch_test -->
    </test> <!-- Makemytrip -->
    <test started-at="2022-04-17T12:36:45 IST" name="Flight search" finished-at="2022-04-17T12:36:55 IST" duration-ms="9937">
      <class name="makemytrip.Makemytrip_Flightsearch_test">
        <test-method is-config="true" signature="launchFB(java.lang.String)[pri:0, instance:makemytrip.Makemytrip_Flightsearch_test@293a5f75]" started-at="2022-04-17T12:36:45 IST" name="launchFB" finished-at="2022-04-17T12:36:50 IST" duration-ms="5678" status="PASS">
          <params>
            <param index="0">
              <value>
                <![CDATA[chrome]]>
              </value>
            </param>
          </params>
          <reporter-output>
          </reporter-output>
        </test-method> <!-- launchFB -->
        <test-method signature="SearchFlightToday()[pri:0, instance:makemytrip.Makemytrip_Flightsearch_test@293a5f75]" started-at="2022-04-17T12:36:50 IST" name="SearchFlightToday" finished-at="2022-04-17T12:36:54 IST" duration-ms="4003" status="PASS">
          <reporter-output>
            <line>
              <![CDATA[Testcase SearchFlightToday started successfully]]>
            </line>
            <line>
              <![CDATA[Testcase SearchFlightToday passed successfully]]>
            </line>
          </reporter-output>
        </test-method> <!-- SearchFlightToday -->
        <test-method is-config="true" signature="Teardown2()[pri:0, instance:makemytrip.Makemytrip_Flightsearch_test@293a5f75]" started-at="2022-04-17T12:36:54 IST" name="Teardown2" finished-at="2022-04-17T12:36:55 IST" duration-ms="247" status="PASS">
          <reporter-output>
          </reporter-output>
        </test-method> <!-- Teardown2 -->
      </class> <!-- makemytrip.Makemytrip_Flightsearch_test -->
    </test> <!-- Flight search -->
  </suite> <!-- Testingbaba -->
</testng-results>
