<?xml version="1.0" encoding="UTF-8"?>
<testng-results ignored="0" total="4" passed="3" failed="1" skipped="0">
  <reporter-output>
    <line>
      <![CDATA[About to begin executing Class Makemytrip]]>
    </line>
    <line>
      <![CDATA[Testcase MakemyTripSendValidNumber_Test01 started successfully]]>
    </line>
    <line>
      <![CDATA[Testcase MakemyTripSendValidNumber_Test01 passed successfully]]>
    </line>
    <line>
      <![CDATA[Testcase MakemyTripSendINValidNumber_Test02 started successfully]]>
    </line>
    <line>
      <![CDATA[Testcase MakemyTripSendINValidNumber_Test02 passed successfully]]>
    </line>
    <line>
      <![CDATA[About to end executing Class Makemytrip]]>
    </line>
    <line>
      <![CDATA[About to begin executing Class Flight search]]>
    </line>
    <line>
      <![CDATA[Testcase SearchFlightToday started successfully]]>
    </line>
    <line>
      <![CDATA[Testcase SearchFlightToday failed]]>
    </line>
    <line>
      <![CDATA[About to end executing Class Flight search]]>
    </line>
    <line>
      <![CDATA[About to begin executing Class Homestays]]>
    </line>
    <line>
      <![CDATA[Testcase SearchHomestay started successfully]]>
    </line>
    <line>
      <![CDATA[Testcase SearchHomestay passed successfully]]>
    </line>
  </reporter-output>
  <suite started-at="2022-04-22T09:11:25 IST" name="Makemytrip" finished-at="2022-04-22T09:12:17 IST" duration-ms="51917">
    <groups>
      <group name="Functional testing">
        <method signature="Makemytrip_launch_test.MakemyTripSendINValidNumber_Test02()[pri:1, instance:makemytrip.Makemytrip_launch_test@acdb094]" name="MakemyTripSendINValidNumber_Test02" class="makemytrip.Makemytrip_launch_test"/>
        <method signature="Makemytrip_launch_test.MakemyTripSendValidNumber_Test01()[pri:0, instance:makemytrip.Makemytrip_launch_test@acdb094]" name="MakemyTripSendValidNumber_Test01" class="makemytrip.Makemytrip_launch_test"/>
        <method signature="Makemytrip_Flightsearch_test.SearchFlightToday()[pri:0, instance:makemytrip.Makemytrip_Flightsearch_test@7e5d9a50]" name="SearchFlightToday" class="makemytrip.Makemytrip_Flightsearch_test"/>
        <method signature="Makemytrip_homestays_test.SearchHomestay()[pri:0, instance:makemytrip.Makemytrip_homestays_test@784c3487]" name="SearchHomestay" class="makemytrip.Makemytrip_homestays_test"/>
      </group> <!-- Functional testing -->
    </groups>
    <test started-at="2022-04-22T09:11:25 IST" name="Makemytrip" finished-at="2022-04-22T09:11:49 IST" duration-ms="23221">
      <class name="makemytrip.Makemytrip_launch_test">
        <test-method is-config="true" signature="launchFB(java.lang.String,java.lang.String)[pri:0, instance:makemytrip.Makemytrip_launch_test@acdb094]" started-at="2022-04-22T09:11:25 IST" name="launchFB" finished-at="2022-04-22T09:11:33 IST" duration-ms="7616" status="PASS">
          <params>
            <param index="0">
              <value>
                <![CDATA[chrome]]>
              </value>
            </param>
            <param index="1">
              <value>
                <![CDATA[https://makemytrip.com/]]>
              </value>
            </param>
          </params>
          <reporter-output>
          </reporter-output>
        </test-method> <!-- launchFB -->
        <test-method signature="MakemyTripSendValidNumber_Test01()[pri:0, instance:makemytrip.Makemytrip_launch_test@acdb094]" started-at="2022-04-22T09:11:33 IST" name="MakemyTripSendValidNumber_Test01" finished-at="2022-04-22T09:11:38 IST" duration-ms="4947" status="PASS">
          <reporter-output>
            <line>
              <![CDATA[Testcase MakemyTripSendValidNumber_Test01 started successfully]]>
            </line>
            <line>
              <![CDATA[Testcase MakemyTripSendValidNumber_Test01 passed successfully]]>
            </line>
          </reporter-output>
        </test-method> <!-- MakemyTripSendValidNumber_Test01 -->
        <test-method is-config="true" signature="analysis(org.testng.ITestResult)[pri:0, instance:makemytrip.Makemytrip_launch_test@acdb094]" started-at="2022-04-22T09:11:38 IST" name="analysis" finished-at="2022-04-22T09:11:38 IST" duration-ms="1" status="PASS">
          <params>
            <param index="0">
              <value>
                <![CDATA[[TestResult name=MakemyTripSendValidNumber_Test01 status=SUCCESS method=Makemytrip_launch_test.MakemyTripSendValidNumber_Test01()[pri:0, instance:makemytrip.Makemytrip_launch_test@acdb094] output=Testcase MakemyTripSendValidNumber_Test01 started successfully]]]>
              </value>
            </param>
          </params>
          <reporter-output>
          </reporter-output>
        </test-method> <!-- analysis -->
        <test-method signature="MakemyTripSendINValidNumber_Test02()[pri:1, instance:makemytrip.Makemytrip_launch_test@acdb094]" started-at="2022-04-22T09:11:38 IST" name="MakemyTripSendINValidNumber_Test02" finished-at="2022-04-22T09:11:48 IST" duration-ms="10030" status="PASS">
          <reporter-output>
            <line>
              <![CDATA[Testcase MakemyTripSendINValidNumber_Test02 started successfully]]>
            </line>
            <line>
              <![CDATA[Testcase MakemyTripSendINValidNumber_Test02 passed successfully]]>
            </line>
          </reporter-output>
        </test-method> <!-- MakemyTripSendINValidNumber_Test02 -->
        <test-method is-config="true" signature="Teardown2(java.lang.String)[pri:0, instance:makemytrip.Makemytrip_launch_test@acdb094]" started-at="2022-04-22T09:11:48 IST" name="Teardown2" finished-at="2022-04-22T09:11:49 IST" duration-ms="511" status="PASS">
          <params>
            <param index="0">
              <value>
                <![CDATA[chrome]]>
              </value>
            </param>
          </params>
          <reporter-output>
          </reporter-output>
        </test-method> <!-- Teardown2 -->
        <test-method is-config="true" signature="analysis(org.testng.ITestResult)[pri:0, instance:makemytrip.Makemytrip_launch_test@acdb094]" started-at="2022-04-22T09:11:48 IST" name="analysis" finished-at="2022-04-22T09:11:48 IST" duration-ms="0" status="PASS">
          <params>
            <param index="0">
              <value>
                <![CDATA[[TestResult name=MakemyTripSendINValidNumber_Test02 status=SUCCESS method=Makemytrip_launch_test.MakemyTripSendINValidNumber_Test02()[pri:1, instance:makemytrip.Makemytrip_launch_test@acdb094] output=Testcase MakemyTripSendINValidNumber_Test02 started successfully]]]>
              </value>
            </param>
          </params>
          <reporter-output>
          </reporter-output>
        </test-method> <!-- analysis -->
      </class> <!-- makemytrip.Makemytrip_launch_test -->
    </test> <!-- Makemytrip -->
    <test started-at="2022-04-22T09:11:49 IST" name="Flight search" finished-at="2022-04-22T09:12:03 IST" duration-ms="14218">
      <class name="makemytrip.Makemytrip_Flightsearch_test">
        <test-method is-config="true" signature="launchFB(java.lang.String,java.lang.String)[pri:0, instance:makemytrip.Makemytrip_Flightsearch_test@7e5d9a50]" started-at="2022-04-22T09:11:49 IST" name="launchFB" finished-at="2022-04-22T09:11:55 IST" duration-ms="6766" status="PASS">
          <params>
            <param index="0">
              <value>
                <![CDATA[chrome]]>
              </value>
            </param>
            <param index="1">
              <value>
                <![CDATA[https://makemytrip.com/]]>
              </value>
            </param>
          </params>
          <reporter-output>
          </reporter-output>
        </test-method> <!-- launchFB -->
        <test-method signature="SearchFlightToday()[pri:0, instance:makemytrip.Makemytrip_Flightsearch_test@7e5d9a50]" started-at="2022-04-22T09:11:55 IST" name="SearchFlightToday" finished-at="2022-04-22T09:12:02 IST" duration-ms="6619" status="FAIL">
          <exception class="org.openqa.selenium.ElementClickInterceptedException">
            <message>
              <![CDATA[element click intercepted: Element is not clickable at point (887, 572)
  (Session info: chrome=100.0.4896.127)
Build info: version: '4.1.2', revision: '9a5a329c5a'
System info: host: 'DESKTOP-493EAAE', ip: '192.168.1.6', os.name: 'Windows 11', os.arch: 'amd64', os.version: '10.0', java.version: '17.0.2'
Driver info: org.openqa.selenium.chrome.ChromeDriver
Command: [cbfb09b84b1c14cd63c312c22fdd28bc, clickElement {id=965fc8d0-78c7-4d95-a1fd-7b251b7ec50c}]
Capabilities {acceptInsecureCerts: false, browserName: chrome, browserVersion: 100.0.4896.127, chrome: {chromedriverVersion: 100.0.4896.60 (6a5d10861ce8..., userDataDir: C:\Users\dubey\AppData\Loca...}, goog:chromeOptions: {debuggerAddress: localhost:52091}, javascriptEnabled: true, networkConnectionEnabled: false, pageLoadStrategy: normal, platform: WINDOWS, platformName: WINDOWS, proxy: Proxy(), se:cdp: ws://localhost:52091/devtoo..., se:cdpVersion: 100.0.4896.127, setWindowRect: true, strictFileInteractability: false, timeouts: {implicit: 0, pageLoad: 300000, script: 30000}, unhandledPromptBehavior: dismiss and notify, webauthn:extension:credBlob: true, webauthn:extension:largeBlob: true, webauthn:virtualAuthenticators: true}
Element: [[ChromeDriver: chrome on WINDOWS (cbfb09b84b1c14cd63c312c22fdd28bc)] -> xpath: //div[@aria-label='Fri Apr 29 2022' and @aria-disabled='false']]
Session ID: cbfb09b84b1c14cd63c312c22fdd28bc]]>
            </message>
            <full-stacktrace>
              <![CDATA[org.openqa.selenium.ElementClickInterceptedException: element click intercepted: Element is not clickable at point (887, 572)
  (Session info: chrome=100.0.4896.127)
Build info: version: '4.1.2', revision: '9a5a329c5a'
System info: host: 'DESKTOP-493EAAE', ip: '192.168.1.6', os.name: 'Windows 11', os.arch: 'amd64', os.version: '10.0', java.version: '17.0.2'
Driver info: org.openqa.selenium.chrome.ChromeDriver
Command: [cbfb09b84b1c14cd63c312c22fdd28bc, clickElement {id=965fc8d0-78c7-4d95-a1fd-7b251b7ec50c}]
Capabilities {acceptInsecureCerts: false, browserName: chrome, browserVersion: 100.0.4896.127, chrome: {chromedriverVersion: 100.0.4896.60 (6a5d10861ce8..., userDataDir: C:\Users\dubey\AppData\Loca...}, goog:chromeOptions: {debuggerAddress: localhost:52091}, javascriptEnabled: true, networkConnectionEnabled: false, pageLoadStrategy: normal, platform: WINDOWS, platformName: WINDOWS, proxy: Proxy(), se:cdp: ws://localhost:52091/devtoo..., se:cdpVersion: 100.0.4896.127, setWindowRect: true, strictFileInteractability: false, timeouts: {implicit: 0, pageLoad: 300000, script: 30000}, unhandledPromptBehavior: dismiss and notify, webauthn:extension:credBlob: true, webauthn:extension:largeBlob: true, webauthn:virtualAuthenticators: true}
Element: [[ChromeDriver: chrome on WINDOWS (cbfb09b84b1c14cd63c312c22fdd28bc)] -> xpath: //div[@aria-label='Fri Apr 29 2022' and @aria-disabled='false']]
Session ID: cbfb09b84b1c14cd63c312c22fdd28bc
at java.base/jdk.internal.reflect.NativeConstructorAccessorImpl.newInstance0(Native Method)
at java.base/jdk.internal.reflect.NativeConstructorAccessorImpl.newInstance(NativeConstructorAccessorImpl.java:77)
at java.base/jdk.internal.reflect.DelegatingConstructorAccessorImpl.newInstance(DelegatingConstructorAccessorImpl.java:45)
at java.base/java.lang.reflect.Constructor.newInstanceWithCaller(Constructor.java:499)
at java.base/java.lang.reflect.Constructor.newInstance(Constructor.java:480)
at org.openqa.selenium.remote.codec.w3c.W3CHttpResponseCodec.createException(W3CHttpResponseCodec.java:200)
at org.openqa.selenium.remote.codec.w3c.W3CHttpResponseCodec.decode(W3CHttpResponseCodec.java:133)
at org.openqa.selenium.remote.codec.w3c.W3CHttpResponseCodec.decode(W3CHttpResponseCodec.java:53)
at org.openqa.selenium.remote.HttpCommandExecutor.execute(HttpCommandExecutor.java:184)
at org.openqa.selenium.remote.service.DriverCommandExecutor.invokeExecute(DriverCommandExecutor.java:167)
at org.openqa.selenium.remote.service.DriverCommandExecutor.execute(DriverCommandExecutor.java:142)
at org.openqa.selenium.remote.RemoteWebDriver.execute(RemoteWebDriver.java:558)
at org.openqa.selenium.remote.RemoteWebElement.execute(RemoteWebElement.java:251)
at org.openqa.selenium.remote.RemoteWebElement.click(RemoteWebElement.java:77)
at pages.Makemytrip_Search_Flight.enterReturnDate(Makemytrip_Search_Flight.java:86)
at makemytrip.Makemytrip_Flightsearch_test.SearchFlightToday(Makemytrip_Flightsearch_test.java:67)
at java.base/jdk.internal.reflect.NativeMethodAccessorImpl.invoke0(Native Method)
at java.base/jdk.internal.reflect.NativeMethodAccessorImpl.invoke(NativeMethodAccessorImpl.java:77)
at java.base/jdk.internal.reflect.DelegatingMethodAccessorImpl.invoke(DelegatingMethodAccessorImpl.java:43)
at java.base/java.lang.reflect.Method.invoke(Method.java:568)
at org.testng.internal.MethodInvocationHelper.invokeMethod(MethodInvocationHelper.java:133)
at org.testng.internal.TestInvoker.invokeMethod(TestInvoker.java:598)
at org.testng.internal.TestInvoker.invokeTestMethod(TestInvoker.java:173)
at org.testng.internal.MethodRunner.runInSequence(MethodRunner.java:46)
at org.testng.internal.TestInvoker$MethodInvocationAgent.invoke(TestInvoker.java:824)
at org.testng.internal.TestInvoker.invokeTestMethods(TestInvoker.java:146)
at org.testng.internal.TestMethodWorker.invokeTestMethods(TestMethodWorker.java:146)
at org.testng.internal.TestMethodWorker.run(TestMethodWorker.java:128)
at java.base/java.util.ArrayList.forEach(ArrayList.java:1511)
at org.testng.TestRunner.privateRun(TestRunner.java:794)
at org.testng.TestRunner.run(TestRunner.java:596)
at org.testng.SuiteRunner.runTest(SuiteRunner.java:377)
at org.testng.SuiteRunner.runSequentially(SuiteRunner.java:371)
at org.testng.SuiteRunner.privateRun(SuiteRunner.java:332)
at org.testng.SuiteRunner.run(SuiteRunner.java:276)
at org.testng.SuiteRunnerWorker.runSuite(SuiteRunnerWorker.java:53)
at org.testng.SuiteRunnerWorker.run(SuiteRunnerWorker.java:96)
at org.testng.TestNG.runSuitesSequentially(TestNG.java:1212)
at org.testng.TestNG.runSuitesLocally(TestNG.java:1134)
at org.testng.TestNG.runSuites(TestNG.java:1063)
at org.testng.TestNG.run(TestNG.java:1031)
at org.testng.remote.AbstractRemoteTestNG.run(AbstractRemoteTestNG.java:115)
at org.testng.remote.RemoteTestNG.initAndRun(RemoteTestNG.java:251)
at org.testng.remote.RemoteTestNG.main(RemoteTestNG.java:77)
]]>
            </full-stacktrace>
          </exception> <!-- org.openqa.selenium.ElementClickInterceptedException -->
          <reporter-output>
            <line>
              <![CDATA[Testcase SearchFlightToday started successfully]]>
            </line>
            <line>
              <![CDATA[Testcase SearchFlightToday failed]]>
            </line>
          </reporter-output>
        </test-method> <!-- SearchFlightToday -->
        <test-method is-config="true" signature="analysis(org.testng.ITestResult)[pri:0, instance:makemytrip.Makemytrip_Flightsearch_test@7e5d9a50]" started-at="2022-04-22T09:12:02 IST" name="analysis" finished-at="2022-04-22T09:12:03 IST" duration-ms="205" status="PASS">
          <params>
            <param index="0">
              <value>
                <![CDATA[[TestResult name=SearchFlightToday status=FAILURE method=Makemytrip_Flightsearch_test.SearchFlightToday()[pri:0, instance:makemytrip.Makemytrip_Flightsearch_test@7e5d9a50] output=Testcase SearchFlightToday started successfully]]]>
              </value>
            </param>
          </params>
          <reporter-output>
          </reporter-output>
        </test-method> <!-- analysis -->
        <test-method is-config="true" signature="Teardown2(java.lang.String)[pri:0, instance:makemytrip.Makemytrip_Flightsearch_test@7e5d9a50]" started-at="2022-04-22T09:12:03 IST" name="Teardown2" finished-at="2022-04-22T09:12:03 IST" duration-ms="342" status="PASS">
          <params>
            <param index="0">
              <value>
                <![CDATA[chrome]]>
              </value>
            </param>
          </params>
          <reporter-output>
          </reporter-output>
        </test-method> <!-- Teardown2 -->
      </class> <!-- makemytrip.Makemytrip_Flightsearch_test -->
    </test> <!-- Flight search -->
    <test started-at="2022-04-22T09:12:03 IST" name="Homestays" finished-at="2022-04-22T09:12:17 IST" duration-ms="14433">
      <class name="makemytrip.Makemytrip_homestays_test">
        <test-method is-config="true" signature="launchFB(java.lang.String,java.lang.String)[pri:0, instance:makemytrip.Makemytrip_homestays_test@784c3487]" started-at="2022-04-22T09:12:03 IST" name="launchFB" finished-at="2022-04-22T09:12:10 IST" duration-ms="7118" status="PASS">
          <params>
            <param index="0">
              <value>
                <![CDATA[chrome]]>
              </value>
            </param>
            <param index="1">
              <value>
                <![CDATA[https://makemytrip.com/]]>
              </value>
            </param>
          </params>
          <reporter-output>
          </reporter-output>
        </test-method> <!-- launchFB -->
        <test-method signature="SearchHomestay()[pri:0, instance:makemytrip.Makemytrip_homestays_test@784c3487]" started-at="2022-04-22T09:12:10 IST" name="SearchHomestay" finished-at="2022-04-22T09:12:17 IST" duration-ms="6938" status="PASS">
          <reporter-output>
            <line>
              <![CDATA[Testcase SearchHomestay started successfully]]>
            </line>
            <line>
              <![CDATA[Testcase SearchHomestay passed successfully]]>
            </line>
          </reporter-output>
        </test-method> <!-- SearchHomestay -->
        <test-method is-config="true" signature="analysis(org.testng.ITestResult)[pri:0, instance:makemytrip.Makemytrip_homestays_test@784c3487]" started-at="2022-04-22T09:12:17 IST" name="analysis" finished-at="2022-04-22T09:12:17 IST" duration-ms="2" status="PASS">
          <params>
            <param index="0">
              <value>
                <![CDATA[[TestResult name=SearchHomestay status=SUCCESS method=Makemytrip_homestays_test.SearchHomestay()[pri:0, instance:makemytrip.Makemytrip_homestays_test@784c3487] output=Testcase SearchHomestay started successfully]]]>
              </value>
            </param>
          </params>
          <reporter-output>
          </reporter-output>
        </test-method> <!-- analysis -->
        <test-method is-config="true" signature="Teardown2(java.lang.String)[pri:0, instance:makemytrip.Makemytrip_homestays_test@784c3487]" started-at="2022-04-22T09:12:17 IST" name="Teardown2" finished-at="2022-04-22T09:12:17 IST" duration-ms="370" status="PASS">
          <params>
            <param index="0">
              <value>
                <![CDATA[chrome]]>
              </value>
            </param>
          </params>
          <reporter-output>
          </reporter-output>
        </test-method> <!-- Teardown2 -->
      </class> <!-- makemytrip.Makemytrip_homestays_test -->
    </test> <!-- Homestays -->
  </suite> <!-- Makemytrip -->
</testng-results>
