<?xml version="1.0" encoding="UTF-8"?>
<testng-results ignored="0" total="1" passed="1" failed="0" skipped="0">
  <reporter-output>
    <line>
      <![CDATA[About to begin executing Class excel]]>
    </line>
    <line>
      <![CDATA[Testcase WebTablesTestingBaba_test01 started successfully]]>
    </line>
    <line>
      <![CDATA[Testcase WebTablesTestingBaba_test01 passed successfully]]>
    </line>
  </reporter-output>
  <suite started-at="2022-03-18T16:58:40 IST" name="Testingbaba" finished-at="2022-03-18T17:00:30 IST" duration-ms="109974">
    <groups>
    </groups>
    <test started-at="2022-03-18T16:58:40 IST" name="excel" finished-at="2022-03-18T17:00:30 IST" duration-ms="109974">
      <class name="test.Testingbaba_webtables_test">
        <test-method is-config="true" signature="launchtestingbaba()[pri:0, instance:test.Testingbaba_webtables_test@130d63be]" started-at="2022-03-18T16:58:40 IST" name="launchtestingbaba" finished-at="2022-03-18T16:58:46 IST" duration-ms="6152" status="PASS">
          <reporter-output>
          </reporter-output>
        </test-method> <!-- launchtestingbaba -->
        <test-method signature="WebTablesTestingBaba_test01()[pri:0, instance:test.Testingbaba_webtables_test@130d63be]" started-at="2022-03-18T16:58:46 IST" name="WebTablesTestingBaba_test01" finished-at="2022-03-18T17:00:30 IST" duration-ms="103779" status="PASS">
          <reporter-output>
            <line>
              <![CDATA[Testcase WebTablesTestingBaba_test01 started successfully]]>
            </line>
            <line>
              <![CDATA[Testcase WebTablesTestingBaba_test01 passed successfully]]>
            </line>
          </reporter-output>
        </test-method> <!-- WebTablesTestingBaba_test01 -->
        <test-method is-config="true" signature="Teardown()[pri:0, instance:test.Testingbaba_webtables_test@130d63be]" started-at="2022-03-18T17:00:30 IST" name="Teardown" finished-at="2022-03-18T17:00:30 IST" duration-ms="3" status="PASS">
          <reporter-output>
          </reporter-output>
        </test-method> <!-- Teardown -->
      </class> <!-- test.Testingbaba_webtables_test -->
    </test> <!-- excel -->
  </suite> <!-- Testingbaba -->
</testng-results>
