<?xml version="1.0" encoding="UTF-8"?>
<testng-results ignored="0" total="24" passed="22" failed="0" skipped="2">
  <reporter-output>
    <line>
      <![CDATA[About to begin executing Class smoke]]>
    </line>
    <line>
      <![CDATA[Testcase LaunchTestingBaba_test01 started successfully]]>
    </line>
    <line>
      <![CDATA[Testcase LaunchTestingBaba_test01 passed successfully]]>
    </line>
    <line>
      <![CDATA[About to end executing Class smoke]]>
    </line>
    <line>
      <![CDATA[About to begin executing Class Textbox]]>
    </line>
    <line>
      <![CDATA[Testcase TextboxTestingBaba_test01 started successfully]]>
    </line>
    <line>
      <![CDATA[inside test01]]>
    </line>
    <line>
      <![CDATA[Testcase TextboxTestingBaba_test01 passed successfully]]>
    </line>
    <line>
      <![CDATA[Testcase TextboxTestingBaba_test02 started successfully]]>
    </line>
    <line>
      <![CDATA[inside test01]]>
    </line>
    <line>
      <![CDATA[Testcase TextboxTestingBaba_test02 passed successfully]]>
    </line>
    <line>
      <![CDATA[Testcase TextboxTestingBaba_test03 started successfully]]>
    </line>
    <line>
      <![CDATA[inside test01]]>
    </line>
    <line>
      <![CDATA[Testcase TextboxTestingBaba_test03 passed successfully]]>
    </line>
    <line>
      <![CDATA[Testcase TextboxTestingBaba_test04 started successfully]]>
    </line>
    <line>
      <![CDATA[inside test01]]>
    </line>
    <line>
      <![CDATA[Testcase TextboxTestingBaba_test04 passed successfully]]>
    </line>
    <line>
      <![CDATA[About to end executing Class Textbox]]>
    </line>
    <line>
      <![CDATA[About to begin executing Class buttons]]>
    </line>
    <line>
      <![CDATA[Testcase ButtonsTestingBaba_test01 started successfully]]>
    </line>
    <line>
      <![CDATA[Testcase ButtonsTestingBaba_test01 passed successfully]]>
    </line>
    <line>
      <![CDATA[Testcase ButtonsTestingBaba_test02 started successfully]]>
    </line>
    <line>
      <![CDATA[Testcase ButtonsTestingBaba_test02 passed successfully]]>
    </line>
    <line>
      <![CDATA[Testcase ButtonsTestingBaba_test03 started successfully]]>
    </line>
    <line>
      <![CDATA[Testcase ButtonsTestingBaba_test03 passed successfully]]>
    </line>
    <line>
      <![CDATA[About to end executing Class buttons]]>
    </line>
    <line>
      <![CDATA[About to begin executing Class checkbox]]>
    </line>
    <line>
      <![CDATA[Testcase CheckboxTestingBaba_test01 started successfully]]>
    </line>
    <line>
      <![CDATA[Testcase CheckboxTestingBaba_test01 passed successfully]]>
    </line>
    <line>
      <![CDATA[Testcase CheckboxTestingBaba_test02 started successfully]]>
    </line>
    <line>
      <![CDATA[Testcase CheckboxTestingBaba_test02 passed successfully]]>
    </line>
    <line>
      <![CDATA[Testcase CheckboxTestingBaba_test03 started successfully]]>
    </line>
    <line>
      <![CDATA[Testcase CheckboxTestingBaba_test03 passed successfully]]>
    </line>
    <line>
      <![CDATA[About to end executing Class checkbox]]>
    </line>
    <line>
      <![CDATA[About to begin executing Class dropdown]]>
    </line>
    <line>
      <![CDATA[Testcase DropdownTestingBaba_test01 started successfully]]>
    </line>
    <line>
      <![CDATA[Testcase DropdownTestingBaba_test01 passed successfully]]>
    </line>
    <line>
      <![CDATA[About to end executing Class dropdown]]>
    </line>
    <line>
      <![CDATA[About to begin executing Class links]]>
    </line>
    <line>
      <![CDATA[Testcase LinksTestingBaba_test01 started successfully]]>
    </line>
    <line>
      <![CDATA[Testcase LinksTestingBaba_test01 got skipped]]>
    </line>
    <line>
      <![CDATA[Testcase LinksTestingBaba_test02 started successfully]]>
    </line>
    <line>
      <![CDATA[Testcase LinksTestingBaba_test02 got skipped]]>
    </line>
    <line>
      <![CDATA[About to end executing Class links]]>
    </line>
    <line>
      <![CDATA[About to begin executing Class radio]]>
    </line>
    <line>
      <![CDATA[Testcase RadioButtonTestingBaba_test01 started successfully]]>
    </line>
    <line>
      <![CDATA[Testcase RadioButtonTestingBaba_test01 passed successfully]]>
    </line>
    <line>
      <![CDATA[About to end executing Class radio]]>
    </line>
    <line>
      <![CDATA[About to begin executing Class autocomplete]]>
    </line>
    <line>
      <![CDATA[Testcase AutocompleteTestingBaba_test01 started successfully]]>
    </line>
    <line>
      <![CDATA[Testcase AutocompleteTestingBaba_test01 passed successfully]]>
    </line>
    <line>
      <![CDATA[Testcase AutocompleteTestingBaba_test02 started successfully]]>
    </line>
    <line>
      <![CDATA[Testcase AutocompleteTestingBaba_test02 passed successfully]]>
    </line>
    <line>
      <![CDATA[Testcase AutocompleteTestingBaba_test03 started successfully]]>
    </line>
    <line>
      <![CDATA[Testcase AutocompleteTestingBaba_test03 passed successfully]]>
    </line>
    <line>
      <![CDATA[About to end executing Class autocomplete]]>
    </line>
    <line>
      <![CDATA[About to begin executing Class Webtable]]>
    </line>
    <line>
      <![CDATA[Testcase WebTablesTestingBaba_test01 started successfully]]>
    </line>
    <line>
      <![CDATA[Testcase WebTablesTestingBaba_test01 passed successfully]]>
    </line>
    <line>
      <![CDATA[About to end executing Class Webtable]]>
    </line>
    <line>
      <![CDATA[About to begin executing Class Flipkart]]>
    </line>
    <line>
      <![CDATA[Testcase FlipkartLogin_Test01 started successfully]]>
    </line>
    <line>
      <![CDATA[Testcase FlipkartLogin_Test01 passed successfully]]>
    </line>
    <line>
      <![CDATA[Testcase FlipkartProfileChange_Test02 started successfully]]>
    </line>
    <line>
      <![CDATA[Testcase FlipkartProfileChange_Test02 passed successfully]]>
    </line>
    <line>
      <![CDATA[About to end executing Class Flipkart]]>
    </line>
    <line>
      <![CDATA[About to begin executing Class Flipkart_Buy_product]]>
    </line>
    <line>
      <![CDATA[Testcase FlipkartLoginInvalidCred_Test01 started successfully]]>
    </line>
    <line>
      <![CDATA[Testcase FlipkartLoginInvalidCred_Test01 passed successfully]]>
    </line>
    <line>
      <![CDATA[About to end executing Class Flipkart_Buy_product]]>
    </line>
    <line>
      <![CDATA[About to begin executing Class Makemytrip]]>
    </line>
    <line>
      <![CDATA[Testcase MakemyTripSendValidNumber_Test01 started successfully]]>
    </line>
    <line>
      <![CDATA[Testcase MakemyTripSendValidNumber_Test01 passed successfully]]>
    </line>
    <line>
      <![CDATA[Testcase MakemyTripSendINValidNumber_Test02 started successfully]]>
    </line>
    <line>
      <![CDATA[Testcase MakemyTripSendINValidNumber_Test02 passed successfully]]>
    </line>
  </reporter-output>
  <suite started-at="2022-03-25T17:26:08 IST" name="Testingbaba" finished-at="2022-03-25T17:28:26 IST" duration-ms="138069">
    <groups>
    </groups>
    <test started-at="2022-03-25T17:26:08 IST" name="smoke" finished-at="2022-03-25T17:26:14 IST" duration-ms="5791">
      <class name="testingbaba.Testingbaba_launch_test">
        <test-method is-config="true" signature="launchtestingbaba()[pri:0, instance:testingbaba.Testingbaba_launch_test@44b3606b]" started-at="2022-03-25T17:26:08 IST" name="launchtestingbaba" finished-at="2022-03-25T17:26:13 IST" duration-ms="5461" status="PASS">
          <reporter-output>
          </reporter-output>
        </test-method> <!-- launchtestingbaba -->
        <test-method signature="LaunchTestingBaba_test01()[pri:0, instance:testingbaba.Testingbaba_launch_test@44b3606b]" started-at="2022-03-25T17:26:13 IST" name="LaunchTestingBaba_test01" finished-at="2022-03-25T17:26:13 IST" duration-ms="17" status="PASS">
          <reporter-output>
            <line>
              <![CDATA[Testcase LaunchTestingBaba_test01 started successfully]]>
            </line>
            <line>
              <![CDATA[Testcase LaunchTestingBaba_test01 passed successfully]]>
            </line>
          </reporter-output>
        </test-method> <!-- LaunchTestingBaba_test01 -->
        <test-method is-config="true" signature="analysis(org.testng.ITestResult)[pri:0, instance:testingbaba.Testingbaba_launch_test@44b3606b]" started-at="2022-03-25T17:26:13 IST" name="analysis" finished-at="2022-03-25T17:26:13 IST" duration-ms="2" status="PASS">
          <params>
            <param index="0">
              <value>
                <![CDATA[[TestResult name=LaunchTestingBaba_test01 status=SUCCESS method=Testingbaba_launch_test.LaunchTestingBaba_test01()[pri:0, instance:testingbaba.Testingbaba_launch_test@44b3606b] output=Testcase LaunchTestingBaba_test01 started successfully]]]>
              </value>
            </param>
          </params>
          <reporter-output>
          </reporter-output>
        </test-method> <!-- analysis -->
        <test-method is-config="true" signature="Teardown()[pri:0, instance:testingbaba.Testingbaba_launch_test@44b3606b]" started-at="2022-03-25T17:26:13 IST" name="Teardown" finished-at="2022-03-25T17:26:14 IST" duration-ms="265" status="PASS">
          <reporter-output>
          </reporter-output>
        </test-method> <!-- Teardown -->
      </class> <!-- testingbaba.Testingbaba_launch_test -->
    </test> <!-- smoke -->
    <test started-at="2022-03-25T17:26:14 IST" name="Textbox" finished-at="2022-03-25T17:26:21 IST" duration-ms="7675">
      <class name="testingbaba.Testingbaba_textbox_test">
        <test-method is-config="true" signature="launchtestingbaba()[pri:0, instance:testingbaba.Testingbaba_textbox_test@7103cb56]" started-at="2022-03-25T17:26:14 IST" name="launchtestingbaba" finished-at="2022-03-25T17:26:20 IST" duration-ms="6792" status="PASS">
          <reporter-output>
          </reporter-output>
        </test-method> <!-- launchtestingbaba -->
        <test-method signature="TextboxTestingBaba_test01()[pri:0, instance:testingbaba.Testingbaba_textbox_test@7103cb56]" started-at="2022-03-25T17:26:20 IST" name="TextboxTestingBaba_test01" finished-at="2022-03-25T17:26:21 IST" duration-ms="13" status="PASS">
          <reporter-output>
            <line>
              <![CDATA[Testcase TextboxTestingBaba_test01 started successfully]]>
            </line>
            <line>
              <![CDATA[inside test01]]>
            </line>
            <line>
              <![CDATA[Testcase TextboxTestingBaba_test01 passed successfully]]>
            </line>
          </reporter-output>
        </test-method> <!-- TextboxTestingBaba_test01 -->
        <test-method signature="TextboxTestingBaba_test02()[pri:1, instance:testingbaba.Testingbaba_textbox_test@7103cb56]" started-at="2022-03-25T17:26:21 IST" name="TextboxTestingBaba_test02" finished-at="2022-03-25T17:26:21 IST" duration-ms="49" status="PASS">
          <reporter-output>
            <line>
              <![CDATA[Testcase TextboxTestingBaba_test02 started successfully]]>
            </line>
            <line>
              <![CDATA[inside test01]]>
            </line>
            <line>
              <![CDATA[Testcase TextboxTestingBaba_test02 passed successfully]]>
            </line>
          </reporter-output>
        </test-method> <!-- TextboxTestingBaba_test02 -->
        <test-method is-config="true" signature="analysis(org.testng.ITestResult)[pri:0, instance:testingbaba.Testingbaba_textbox_test@7103cb56]" started-at="2022-03-25T17:26:21 IST" name="analysis" finished-at="2022-03-25T17:26:21 IST" duration-ms="0" status="PASS">
          <params>
            <param index="0">
              <value>
                <![CDATA[[TestResult name=TextboxTestingBaba_test01 status=SUCCESS method=Testingbaba_textbox_test.TextboxTestingBaba_test01()[pri:0, instance:testingbaba.Testingbaba_textbox_test@7103cb56] output=Testcase TextboxTestingBaba_test01 started successfully]]]>
              </value>
            </param>
          </params>
          <reporter-output>
          </reporter-output>
        </test-method> <!-- analysis -->
        <test-method is-config="true" signature="analysis(org.testng.ITestResult)[pri:0, instance:testingbaba.Testingbaba_textbox_test@7103cb56]" started-at="2022-03-25T17:26:21 IST" name="analysis" finished-at="2022-03-25T17:26:21 IST" duration-ms="1" status="PASS">
          <params>
            <param index="0">
              <value>
                <![CDATA[[TestResult name=TextboxTestingBaba_test02 status=SUCCESS method=Testingbaba_textbox_test.TextboxTestingBaba_test02()[pri:1, instance:testingbaba.Testingbaba_textbox_test@7103cb56] output=Testcase TextboxTestingBaba_test02 started successfully]]]>
              </value>
            </param>
          </params>
          <reporter-output>
          </reporter-output>
        </test-method> <!-- analysis -->
        <test-method signature="TextboxTestingBaba_test03()[pri:2, instance:testingbaba.Testingbaba_textbox_test@7103cb56]" started-at="2022-03-25T17:26:21 IST" name="TextboxTestingBaba_test03" finished-at="2022-03-25T17:26:21 IST" duration-ms="509" status="PASS">
          <reporter-output>
            <line>
              <![CDATA[Testcase TextboxTestingBaba_test03 started successfully]]>
            </line>
            <line>
              <![CDATA[inside test01]]>
            </line>
            <line>
              <![CDATA[Testcase TextboxTestingBaba_test03 passed successfully]]>
            </line>
          </reporter-output>
        </test-method> <!-- TextboxTestingBaba_test03 -->
        <test-method is-config="true" signature="analysis(org.testng.ITestResult)[pri:0, instance:testingbaba.Testingbaba_textbox_test@7103cb56]" started-at="2022-03-25T17:26:21 IST" name="analysis" finished-at="2022-03-25T17:26:21 IST" duration-ms="0" status="PASS">
          <params>
            <param index="0">
              <value>
                <![CDATA[[TestResult name=TextboxTestingBaba_test03 status=SUCCESS method=Testingbaba_textbox_test.TextboxTestingBaba_test03()[pri:2, instance:testingbaba.Testingbaba_textbox_test@7103cb56] output=Testcase TextboxTestingBaba_test03 started successfully]]]>
              </value>
            </param>
          </params>
          <reporter-output>
          </reporter-output>
        </test-method> <!-- analysis -->
        <test-method signature="TextboxTestingBaba_test04()[pri:3, instance:testingbaba.Testingbaba_textbox_test@7103cb56]" started-at="2022-03-25T17:26:21 IST" name="TextboxTestingBaba_test04" finished-at="2022-03-25T17:26:21 IST" duration-ms="99" status="PASS">
          <reporter-output>
            <line>
              <![CDATA[Testcase TextboxTestingBaba_test04 started successfully]]>
            </line>
            <line>
              <![CDATA[inside test01]]>
            </line>
            <line>
              <![CDATA[Testcase TextboxTestingBaba_test04 passed successfully]]>
            </line>
          </reporter-output>
        </test-method> <!-- TextboxTestingBaba_test04 -->
        <test-method is-config="true" signature="Teardown()[pri:0, instance:testingbaba.Testingbaba_textbox_test@7103cb56]" started-at="2022-03-25T17:26:21 IST" name="Teardown" finished-at="2022-03-25T17:26:21 IST" duration-ms="201" status="PASS">
          <reporter-output>
          </reporter-output>
        </test-method> <!-- Teardown -->
        <test-method is-config="true" signature="analysis(org.testng.ITestResult)[pri:0, instance:testingbaba.Testingbaba_textbox_test@7103cb56]" started-at="2022-03-25T17:26:21 IST" name="analysis" finished-at="2022-03-25T17:26:21 IST" duration-ms="0" status="PASS">
          <params>
            <param index="0">
              <value>
                <![CDATA[[TestResult name=TextboxTestingBaba_test04 status=SUCCESS method=Testingbaba_textbox_test.TextboxTestingBaba_test04()[pri:3, instance:testingbaba.Testingbaba_textbox_test@7103cb56] output=Testcase TextboxTestingBaba_test04 started successfully]]]>
              </value>
            </param>
          </params>
          <reporter-output>
          </reporter-output>
        </test-method> <!-- analysis -->
      </class> <!-- testingbaba.Testingbaba_textbox_test -->
    </test> <!-- Textbox -->
    <test started-at="2022-03-25T17:26:21 IST" name="buttons" finished-at="2022-03-25T17:26:29 IST" duration-ms="7275">
      <class name="testingbaba.Testingbaba_buttons_test">
        <test-method is-config="true" signature="launchtestingbaba()[pri:0, instance:testingbaba.Testingbaba_buttons_test@fc258b1]" started-at="2022-03-25T17:26:21 IST" name="launchtestingbaba" finished-at="2022-03-25T17:26:27 IST" duration-ms="6098" status="PASS">
          <reporter-output>
          </reporter-output>
        </test-method> <!-- launchtestingbaba -->
        <test-method signature="ButtonsTestingBaba_test01()[pri:0, instance:testingbaba.Testingbaba_buttons_test@fc258b1]" started-at="2022-03-25T17:26:27 IST" name="ButtonsTestingBaba_test01" finished-at="2022-03-25T17:26:28 IST" duration-ms="106" status="PASS">
          <reporter-output>
            <line>
              <![CDATA[Testcase ButtonsTestingBaba_test01 started successfully]]>
            </line>
            <line>
              <![CDATA[Testcase ButtonsTestingBaba_test01 passed successfully]]>
            </line>
          </reporter-output>
        </test-method> <!-- ButtonsTestingBaba_test01 -->
        <test-method is-config="true" signature="analysis(org.testng.ITestResult)[pri:0, instance:testingbaba.Testingbaba_buttons_test@fc258b1]" started-at="2022-03-25T17:26:28 IST" name="analysis" finished-at="2022-03-25T17:26:28 IST" duration-ms="0" status="PASS">
          <params>
            <param index="0">
              <value>
                <![CDATA[[TestResult name=ButtonsTestingBaba_test01 status=SUCCESS method=Testingbaba_buttons_test.ButtonsTestingBaba_test01()[pri:0, instance:testingbaba.Testingbaba_buttons_test@fc258b1] output=Testcase ButtonsTestingBaba_test01 started successfully]]]>
              </value>
            </param>
          </params>
          <reporter-output>
          </reporter-output>
        </test-method> <!-- analysis -->
        <test-method signature="ButtonsTestingBaba_test02()[pri:1, instance:testingbaba.Testingbaba_buttons_test@fc258b1]" started-at="2022-03-25T17:26:28 IST" name="ButtonsTestingBaba_test02" finished-at="2022-03-25T17:26:28 IST" duration-ms="669" status="PASS">
          <reporter-output>
            <line>
              <![CDATA[Testcase ButtonsTestingBaba_test02 started successfully]]>
            </line>
            <line>
              <![CDATA[Testcase ButtonsTestingBaba_test02 passed successfully]]>
            </line>
          </reporter-output>
        </test-method> <!-- ButtonsTestingBaba_test02 -->
        <test-method is-config="true" signature="analysis(org.testng.ITestResult)[pri:0, instance:testingbaba.Testingbaba_buttons_test@fc258b1]" started-at="2022-03-25T17:26:28 IST" name="analysis" finished-at="2022-03-25T17:26:28 IST" duration-ms="2" status="PASS">
          <params>
            <param index="0">
              <value>
                <![CDATA[[TestResult name=ButtonsTestingBaba_test02 status=SUCCESS method=Testingbaba_buttons_test.ButtonsTestingBaba_test02()[pri:1, instance:testingbaba.Testingbaba_buttons_test@fc258b1] output=Testcase ButtonsTestingBaba_test02 started successfully]]]>
              </value>
            </param>
          </params>
          <reporter-output>
          </reporter-output>
        </test-method> <!-- analysis -->
        <test-method signature="ButtonsTestingBaba_test03()[pri:2, instance:testingbaba.Testingbaba_buttons_test@fc258b1]" started-at="2022-03-25T17:26:28 IST" name="ButtonsTestingBaba_test03" finished-at="2022-03-25T17:26:28 IST" duration-ms="187" status="PASS">
          <reporter-output>
            <line>
              <![CDATA[Testcase ButtonsTestingBaba_test03 started successfully]]>
            </line>
            <line>
              <![CDATA[Testcase ButtonsTestingBaba_test03 passed successfully]]>
            </line>
          </reporter-output>
        </test-method> <!-- ButtonsTestingBaba_test03 -->
        <test-method is-config="true" signature="Teardown()[pri:0, instance:testingbaba.Testingbaba_buttons_test@fc258b1]" started-at="2022-03-25T17:26:28 IST" name="Teardown" finished-at="2022-03-25T17:26:29 IST" duration-ms="191" status="PASS">
          <reporter-output>
          </reporter-output>
        </test-method> <!-- Teardown -->
        <test-method is-config="true" signature="analysis(org.testng.ITestResult)[pri:0, instance:testingbaba.Testingbaba_buttons_test@fc258b1]" started-at="2022-03-25T17:26:28 IST" name="analysis" finished-at="2022-03-25T17:26:28 IST" duration-ms="0" status="PASS">
          <params>
            <param index="0">
              <value>
                <![CDATA[[TestResult name=ButtonsTestingBaba_test03 status=SUCCESS method=Testingbaba_buttons_test.ButtonsTestingBaba_test03()[pri:2, instance:testingbaba.Testingbaba_buttons_test@fc258b1] output=Testcase ButtonsTestingBaba_test03 started successfully]]]>
              </value>
            </param>
          </params>
          <reporter-output>
          </reporter-output>
        </test-method> <!-- analysis -->
      </class> <!-- testingbaba.Testingbaba_buttons_test -->
    </test> <!-- buttons -->
    <test started-at="2022-03-25T17:26:29 IST" name="checkbox" finished-at="2022-03-25T17:26:45 IST" duration-ms="16010">
      <class name="testingbaba.Testingbaba_checkbox_test">
        <test-method is-config="true" signature="launchtestingbaba()[pri:0, instance:testingbaba.Testingbaba_checkbox_test@4b45dcb8]" started-at="2022-03-25T17:26:29 IST" name="launchtestingbaba" finished-at="2022-03-25T17:26:35 IST" duration-ms="6162" status="PASS">
          <reporter-output>
          </reporter-output>
        </test-method> <!-- launchtestingbaba -->
        <test-method signature="CheckboxTestingBaba_test01()[pri:1, instance:testingbaba.Testingbaba_checkbox_test@4b45dcb8]" started-at="2022-03-25T17:26:35 IST" name="CheckboxTestingBaba_test01" finished-at="2022-03-25T17:26:35 IST" duration-ms="56" status="PASS">
          <reporter-output>
            <line>
              <![CDATA[Testcase CheckboxTestingBaba_test01 started successfully]]>
            </line>
            <line>
              <![CDATA[Testcase CheckboxTestingBaba_test01 passed successfully]]>
            </line>
          </reporter-output>
        </test-method> <!-- CheckboxTestingBaba_test01 -->
        <test-method is-config="true" signature="analysis(org.testng.ITestResult)[pri:0, instance:testingbaba.Testingbaba_checkbox_test@4b45dcb8]" started-at="2022-03-25T17:26:35 IST" name="analysis" finished-at="2022-03-25T17:26:35 IST" duration-ms="0" status="PASS">
          <params>
            <param index="0">
              <value>
                <![CDATA[[TestResult name=CheckboxTestingBaba_test01 status=SUCCESS method=Testingbaba_checkbox_test.CheckboxTestingBaba_test01()[pri:1, instance:testingbaba.Testingbaba_checkbox_test@4b45dcb8] output=Testcase CheckboxTestingBaba_test01 started successfully]]]>
              </value>
            </param>
          </params>
          <reporter-output>
          </reporter-output>
        </test-method> <!-- analysis -->
        <test-method signature="CheckboxTestingBaba_test02()[pri:2, instance:testingbaba.Testingbaba_checkbox_test@4b45dcb8]" started-at="2022-03-25T17:26:35 IST" name="CheckboxTestingBaba_test02" finished-at="2022-03-25T17:26:39 IST" duration-ms="4089" status="PASS">
          <reporter-output>
            <line>
              <![CDATA[Testcase CheckboxTestingBaba_test02 started successfully]]>
            </line>
            <line>
              <![CDATA[Testcase CheckboxTestingBaba_test02 passed successfully]]>
            </line>
          </reporter-output>
        </test-method> <!-- CheckboxTestingBaba_test02 -->
        <test-method is-config="true" signature="analysis(org.testng.ITestResult)[pri:0, instance:testingbaba.Testingbaba_checkbox_test@4b45dcb8]" started-at="2022-03-25T17:26:39 IST" name="analysis" finished-at="2022-03-25T17:26:39 IST" duration-ms="1" status="PASS">
          <params>
            <param index="0">
              <value>
                <![CDATA[[TestResult name=CheckboxTestingBaba_test02 status=SUCCESS method=Testingbaba_checkbox_test.CheckboxTestingBaba_test02()[pri:2, instance:testingbaba.Testingbaba_checkbox_test@4b45dcb8] output=Testcase CheckboxTestingBaba_test02 started successfully]]]>
              </value>
            </param>
          </params>
          <reporter-output>
          </reporter-output>
        </test-method> <!-- analysis -->
        <test-method signature="CheckboxTestingBaba_test03()[pri:3, instance:testingbaba.Testingbaba_checkbox_test@4b45dcb8]" started-at="2022-03-25T17:26:39 IST" name="CheckboxTestingBaba_test03" finished-at="2022-03-25T17:26:44 IST" duration-ms="5437" status="PASS">
          <reporter-output>
            <line>
              <![CDATA[Testcase CheckboxTestingBaba_test03 started successfully]]>
            </line>
            <line>
              <![CDATA[Testcase CheckboxTestingBaba_test03 passed successfully]]>
            </line>
          </reporter-output>
        </test-method> <!-- CheckboxTestingBaba_test03 -->
        <test-method is-config="true" signature="Teardown()[pri:0, instance:testingbaba.Testingbaba_checkbox_test@4b45dcb8]" started-at="2022-03-25T17:26:44 IST" name="Teardown" finished-at="2022-03-25T17:26:45 IST" duration-ms="256" status="PASS">
          <reporter-output>
          </reporter-output>
        </test-method> <!-- Teardown -->
        <test-method is-config="true" signature="analysis(org.testng.ITestResult)[pri:0, instance:testingbaba.Testingbaba_checkbox_test@4b45dcb8]" started-at="2022-03-25T17:26:44 IST" name="analysis" finished-at="2022-03-25T17:26:44 IST" duration-ms="0" status="PASS">
          <params>
            <param index="0">
              <value>
                <![CDATA[[TestResult name=CheckboxTestingBaba_test03 status=SUCCESS method=Testingbaba_checkbox_test.CheckboxTestingBaba_test03()[pri:3, instance:testingbaba.Testingbaba_checkbox_test@4b45dcb8] output=Testcase CheckboxTestingBaba_test03 started successfully]]]>
              </value>
            </param>
          </params>
          <reporter-output>
          </reporter-output>
        </test-method> <!-- analysis -->
      </class> <!-- testingbaba.Testingbaba_checkbox_test -->
    </test> <!-- checkbox -->
    <test started-at="2022-03-25T17:26:45 IST" name="dropdown" finished-at="2022-03-25T17:26:51 IST" duration-ms="6405">
      <class name="testingbaba.Testingbaba_dropdown_test">
        <test-method is-config="true" signature="launchtestingbaba()[pri:0, instance:testingbaba.Testingbaba_dropdown_test@d3957fe]" started-at="2022-03-25T17:26:45 IST" name="launchtestingbaba" finished-at="2022-03-25T17:26:49 IST" duration-ms="3963" status="PASS">
          <reporter-output>
          </reporter-output>
        </test-method> <!-- launchtestingbaba -->
        <test-method signature="DropdownTestingBaba_test01()[pri:0, instance:testingbaba.Testingbaba_dropdown_test@d3957fe]" started-at="2022-03-25T17:26:49 IST" name="DropdownTestingBaba_test01" finished-at="2022-03-25T17:26:51 IST" duration-ms="2215" status="PASS">
          <reporter-output>
            <line>
              <![CDATA[Testcase DropdownTestingBaba_test01 started successfully]]>
            </line>
            <line>
              <![CDATA[Testcase DropdownTestingBaba_test01 passed successfully]]>
            </line>
          </reporter-output>
        </test-method> <!-- DropdownTestingBaba_test01 -->
        <test-method is-config="true" signature="Teardown()[pri:0, instance:testingbaba.Testingbaba_dropdown_test@d3957fe]" started-at="2022-03-25T17:26:51 IST" name="Teardown" finished-at="2022-03-25T17:26:51 IST" duration-ms="220" status="PASS">
          <reporter-output>
          </reporter-output>
        </test-method> <!-- Teardown -->
        <test-method is-config="true" signature="analysis(org.testng.ITestResult)[pri:0, instance:testingbaba.Testingbaba_dropdown_test@d3957fe]" started-at="2022-03-25T17:26:51 IST" name="analysis" finished-at="2022-03-25T17:26:51 IST" duration-ms="0" status="PASS">
          <params>
            <param index="0">
              <value>
                <![CDATA[[TestResult name=DropdownTestingBaba_test01 status=SUCCESS method=Testingbaba_dropdown_test.DropdownTestingBaba_test01()[pri:0, instance:testingbaba.Testingbaba_dropdown_test@d3957fe] output=Testcase DropdownTestingBaba_test01 started successfully]]]>
              </value>
            </param>
          </params>
          <reporter-output>
          </reporter-output>
        </test-method> <!-- analysis -->
      </class> <!-- testingbaba.Testingbaba_dropdown_test -->
    </test> <!-- dropdown -->
    <test started-at="2022-03-25T17:26:51 IST" name="links" finished-at="2022-03-25T17:26:57 IST" duration-ms="5826">
      <class name="testingbaba.Testingbaba_links_test">
        <test-method is-config="true" signature="launchtestingbaba()[pri:0, instance:testingbaba.Testingbaba_links_test@6b00f608]" started-at="2022-03-25T17:26:51 IST" name="launchtestingbaba" finished-at="2022-03-25T17:26:57 IST" duration-ms="5789" status="FAIL">
          <exception class="org.openqa.selenium.ElementClickInterceptedException">
            <message>
              <![CDATA[element click intercepted: Element <a class="nav-link" href="newdemo.html">...</a> is not clickable at point (601, 40). Other element would receive the click: <div class="modal-header">...</div>
  (Session info: chrome=99.0.4844.82)
Build info: version: '4.1.2', revision: '9a5a329c5a'
System info: host: 'DESKTOP-493EAAE', ip: '192.168.1.8', os.name: 'Windows 11', os.arch: 'amd64', os.version: '10.0', java.version: '17.0.2'
Driver info: org.openqa.selenium.chrome.ChromeDriver
Command: [8412dffac4d45fc3dbfb912e25a68a11, clickElement {id=a14755f9-d4b6-41de-8a66-c06b6f52ce83}]
Capabilities {acceptInsecureCerts: false, browserName: chrome, browserVersion: 99.0.4844.82, chrome: {chromedriverVersion: 99.0.4844.51 (d537ec02474b5..., userDataDir: C:\Users\dubey\AppData\Loca...}, goog:chromeOptions: {debuggerAddress: localhost:55063}, javascriptEnabled: true, networkConnectionEnabled: false, pageLoadStrategy: normal, platform: WINDOWS, platformName: WINDOWS, proxy: Proxy(), se:cdp: ws://localhost:55063/devtoo..., se:cdpVersion: 99.0.4844.82, setWindowRect: true, strictFileInteractability: false, timeouts: {implicit: 0, pageLoad: 300000, script: 30000}, unhandledPromptBehavior: dismiss and notify, webauthn:extension:credBlob: true, webauthn:extension:largeBlob: true, webauthn:virtualAuthenticators: true}
Element: [[ChromeDriver: chrome on WINDOWS (8412dffac4d45fc3dbfb912e25a68a11)] -> xpath: //*[@id="navbarSupportedContent"]/ul/li[5]/a]
Session ID: 8412dffac4d45fc3dbfb912e25a68a11]]>
            </message>
            <full-stacktrace>
              <![CDATA[org.openqa.selenium.ElementClickInterceptedException: element click intercepted: Element <a class="nav-link" href="newdemo.html">...</a> is not clickable at point (601, 40). Other element would receive the click: <div class="modal-header">...</div>
  (Session info: chrome=99.0.4844.82)
Build info: version: '4.1.2', revision: '9a5a329c5a'
System info: host: 'DESKTOP-493EAAE', ip: '192.168.1.8', os.name: 'Windows 11', os.arch: 'amd64', os.version: '10.0', java.version: '17.0.2'
Driver info: org.openqa.selenium.chrome.ChromeDriver
Command: [8412dffac4d45fc3dbfb912e25a68a11, clickElement {id=a14755f9-d4b6-41de-8a66-c06b6f52ce83}]
Capabilities {acceptInsecureCerts: false, browserName: chrome, browserVersion: 99.0.4844.82, chrome: {chromedriverVersion: 99.0.4844.51 (d537ec02474b5..., userDataDir: C:\Users\dubey\AppData\Loca...}, goog:chromeOptions: {debuggerAddress: localhost:55063}, javascriptEnabled: true, networkConnectionEnabled: false, pageLoadStrategy: normal, platform: WINDOWS, platformName: WINDOWS, proxy: Proxy(), se:cdp: ws://localhost:55063/devtoo..., se:cdpVersion: 99.0.4844.82, setWindowRect: true, strictFileInteractability: false, timeouts: {implicit: 0, pageLoad: 300000, script: 30000}, unhandledPromptBehavior: dismiss and notify, webauthn:extension:credBlob: true, webauthn:extension:largeBlob: true, webauthn:virtualAuthenticators: true}
Element: [[ChromeDriver: chrome on WINDOWS (8412dffac4d45fc3dbfb912e25a68a11)] -> xpath: //*[@id="navbarSupportedContent"]/ul/li[5]/a]
Session ID: 8412dffac4d45fc3dbfb912e25a68a11
at java.base/jdk.internal.reflect.NativeConstructorAccessorImpl.newInstance0(Native Method)
at java.base/jdk.internal.reflect.NativeConstructorAccessorImpl.newInstance(NativeConstructorAccessorImpl.java:77)
at java.base/jdk.internal.reflect.DelegatingConstructorAccessorImpl.newInstance(DelegatingConstructorAccessorImpl.java:45)
at java.base/java.lang.reflect.Constructor.newInstanceWithCaller(Constructor.java:499)
at java.base/java.lang.reflect.Constructor.newInstance(Constructor.java:480)
at org.openqa.selenium.remote.codec.w3c.W3CHttpResponseCodec.createException(W3CHttpResponseCodec.java:200)
at org.openqa.selenium.remote.codec.w3c.W3CHttpResponseCodec.decode(W3CHttpResponseCodec.java:133)
at org.openqa.selenium.remote.codec.w3c.W3CHttpResponseCodec.decode(W3CHttpResponseCodec.java:53)
at org.openqa.selenium.remote.HttpCommandExecutor.execute(HttpCommandExecutor.java:184)
at org.openqa.selenium.remote.service.DriverCommandExecutor.invokeExecute(DriverCommandExecutor.java:167)
at org.openqa.selenium.remote.service.DriverCommandExecutor.execute(DriverCommandExecutor.java:142)
at org.openqa.selenium.remote.RemoteWebDriver.execute(RemoteWebDriver.java:558)
at org.openqa.selenium.remote.RemoteWebElement.execute(RemoteWebElement.java:251)
at org.openqa.selenium.remote.RemoteWebElement.click(RemoteWebElement.java:77)
at jdk.internal.reflect.GeneratedMethodAccessor1.invoke(Unknown Source)
at java.base/jdk.internal.reflect.DelegatingMethodAccessorImpl.invoke(DelegatingMethodAccessorImpl.java:43)
at java.base/java.lang.reflect.Method.invoke(Method.java:568)
at org.openqa.selenium.support.pagefactory.internal.LocatingElementHandler.invoke(LocatingElementHandler.java:52)
at jdk.proxy2/jdk.proxy2.$Proxy33.click(Unknown Source)
at pages.Testingbaba_links_page.closebtn(Testingbaba_links_page.java:43)
at testingbaba.Testingbaba_links_test.launchtestingbaba(Testingbaba_links_test.java:23)
at java.base/jdk.internal.reflect.NativeMethodAccessorImpl.invoke0(Native Method)
at java.base/jdk.internal.reflect.NativeMethodAccessorImpl.invoke(NativeMethodAccessorImpl.java:77)
at java.base/jdk.internal.reflect.DelegatingMethodAccessorImpl.invoke(DelegatingMethodAccessorImpl.java:43)
at java.base/java.lang.reflect.Method.invoke(Method.java:568)
at org.testng.internal.MethodInvocationHelper.invokeMethod(MethodInvocationHelper.java:133)
at org.testng.internal.MethodInvocationHelper.invokeMethodConsideringTimeout(MethodInvocationHelper.java:62)
at org.testng.internal.ConfigInvoker.invokeConfigurationMethod(ConfigInvoker.java:385)
at org.testng.internal.ConfigInvoker.invokeConfigurations(ConfigInvoker.java:321)
at org.testng.TestRunner.invokeTestConfigurations(TestRunner.java:637)
at org.testng.TestRunner.beforeRun(TestRunner.java:627)
at org.testng.TestRunner.run(TestRunner.java:589)
at org.testng.SuiteRunner.runTest(SuiteRunner.java:377)
at org.testng.SuiteRunner.runSequentially(SuiteRunner.java:371)
at org.testng.SuiteRunner.privateRun(SuiteRunner.java:332)
at org.testng.SuiteRunner.run(SuiteRunner.java:276)
at org.testng.SuiteRunnerWorker.runSuite(SuiteRunnerWorker.java:53)
at org.testng.SuiteRunnerWorker.run(SuiteRunnerWorker.java:96)
at org.testng.TestNG.runSuitesSequentially(TestNG.java:1212)
at org.testng.TestNG.runSuitesLocally(TestNG.java:1134)
at org.testng.TestNG.runSuites(TestNG.java:1063)
at org.testng.TestNG.run(TestNG.java:1031)
at org.testng.remote.AbstractRemoteTestNG.run(AbstractRemoteTestNG.java:115)
at org.testng.remote.RemoteTestNG.initAndRun(RemoteTestNG.java:251)
at org.testng.remote.RemoteTestNG.main(RemoteTestNG.java:77)
]]>
            </full-stacktrace>
          </exception> <!-- org.openqa.selenium.ElementClickInterceptedException -->
          <reporter-output>
          </reporter-output>
        </test-method> <!-- launchtestingbaba -->
        <test-method signature="LinksTestingBaba_test01()[pri:1, instance:testingbaba.Testingbaba_links_test@6b00f608]" started-at="2022-03-25T17:26:57 IST" name="LinksTestingBaba_test01" finished-at="2022-03-25T17:26:57 IST" duration-ms="0" status="SKIP">
          <exception class="org.openqa.selenium.ElementClickInterceptedException">
            <message>
              <![CDATA[element click intercepted: Element <a class="nav-link" href="newdemo.html">...</a> is not clickable at point (601, 40). Other element would receive the click: <div class="modal-header">...</div>
  (Session info: chrome=99.0.4844.82)
Build info: version: '4.1.2', revision: '9a5a329c5a'
System info: host: 'DESKTOP-493EAAE', ip: '192.168.1.8', os.name: 'Windows 11', os.arch: 'amd64', os.version: '10.0', java.version: '17.0.2'
Driver info: org.openqa.selenium.chrome.ChromeDriver
Command: [8412dffac4d45fc3dbfb912e25a68a11, clickElement {id=a14755f9-d4b6-41de-8a66-c06b6f52ce83}]
Capabilities {acceptInsecureCerts: false, browserName: chrome, browserVersion: 99.0.4844.82, chrome: {chromedriverVersion: 99.0.4844.51 (d537ec02474b5..., userDataDir: C:\Users\dubey\AppData\Loca...}, goog:chromeOptions: {debuggerAddress: localhost:55063}, javascriptEnabled: true, networkConnectionEnabled: false, pageLoadStrategy: normal, platform: WINDOWS, platformName: WINDOWS, proxy: Proxy(), se:cdp: ws://localhost:55063/devtoo..., se:cdpVersion: 99.0.4844.82, setWindowRect: true, strictFileInteractability: false, timeouts: {implicit: 0, pageLoad: 300000, script: 30000}, unhandledPromptBehavior: dismiss and notify, webauthn:extension:credBlob: true, webauthn:extension:largeBlob: true, webauthn:virtualAuthenticators: true}
Element: [[ChromeDriver: chrome on WINDOWS (8412dffac4d45fc3dbfb912e25a68a11)] -> xpath: //*[@id="navbarSupportedContent"]/ul/li[5]/a]
Session ID: 8412dffac4d45fc3dbfb912e25a68a11]]>
            </message>
            <full-stacktrace>
              <![CDATA[org.openqa.selenium.ElementClickInterceptedException: element click intercepted: Element <a class="nav-link" href="newdemo.html">...</a> is not clickable at point (601, 40). Other element would receive the click: <div class="modal-header">...</div>
  (Session info: chrome=99.0.4844.82)
Build info: version: '4.1.2', revision: '9a5a329c5a'
System info: host: 'DESKTOP-493EAAE', ip: '192.168.1.8', os.name: 'Windows 11', os.arch: 'amd64', os.version: '10.0', java.version: '17.0.2'
Driver info: org.openqa.selenium.chrome.ChromeDriver
Command: [8412dffac4d45fc3dbfb912e25a68a11, clickElement {id=a14755f9-d4b6-41de-8a66-c06b6f52ce83}]
Capabilities {acceptInsecureCerts: false, browserName: chrome, browserVersion: 99.0.4844.82, chrome: {chromedriverVersion: 99.0.4844.51 (d537ec02474b5..., userDataDir: C:\Users\dubey\AppData\Loca...}, goog:chromeOptions: {debuggerAddress: localhost:55063}, javascriptEnabled: true, networkConnectionEnabled: false, pageLoadStrategy: normal, platform: WINDOWS, platformName: WINDOWS, proxy: Proxy(), se:cdp: ws://localhost:55063/devtoo..., se:cdpVersion: 99.0.4844.82, setWindowRect: true, strictFileInteractability: false, timeouts: {implicit: 0, pageLoad: 300000, script: 30000}, unhandledPromptBehavior: dismiss and notify, webauthn:extension:credBlob: true, webauthn:extension:largeBlob: true, webauthn:virtualAuthenticators: true}
Element: [[ChromeDriver: chrome on WINDOWS (8412dffac4d45fc3dbfb912e25a68a11)] -> xpath: //*[@id="navbarSupportedContent"]/ul/li[5]/a]
Session ID: 8412dffac4d45fc3dbfb912e25a68a11
at java.base/jdk.internal.reflect.NativeConstructorAccessorImpl.newInstance0(Native Method)
at java.base/jdk.internal.reflect.NativeConstructorAccessorImpl.newInstance(NativeConstructorAccessorImpl.java:77)
at java.base/jdk.internal.reflect.DelegatingConstructorAccessorImpl.newInstance(DelegatingConstructorAccessorImpl.java:45)
at java.base/java.lang.reflect.Constructor.newInstanceWithCaller(Constructor.java:499)
at java.base/java.lang.reflect.Constructor.newInstance(Constructor.java:480)
at org.openqa.selenium.remote.codec.w3c.W3CHttpResponseCodec.createException(W3CHttpResponseCodec.java:200)
at org.openqa.selenium.remote.codec.w3c.W3CHttpResponseCodec.decode(W3CHttpResponseCodec.java:133)
at org.openqa.selenium.remote.codec.w3c.W3CHttpResponseCodec.decode(W3CHttpResponseCodec.java:53)
at org.openqa.selenium.remote.HttpCommandExecutor.execute(HttpCommandExecutor.java:184)
at org.openqa.selenium.remote.service.DriverCommandExecutor.invokeExecute(DriverCommandExecutor.java:167)
at org.openqa.selenium.remote.service.DriverCommandExecutor.execute(DriverCommandExecutor.java:142)
at org.openqa.selenium.remote.RemoteWebDriver.execute(RemoteWebDriver.java:558)
at org.openqa.selenium.remote.RemoteWebElement.execute(RemoteWebElement.java:251)
at org.openqa.selenium.remote.RemoteWebElement.click(RemoteWebElement.java:77)
at jdk.internal.reflect.GeneratedMethodAccessor1.invoke(Unknown Source)
at java.base/jdk.internal.reflect.DelegatingMethodAccessorImpl.invoke(DelegatingMethodAccessorImpl.java:43)
at java.base/java.lang.reflect.Method.invoke(Method.java:568)
at org.openqa.selenium.support.pagefactory.internal.LocatingElementHandler.invoke(LocatingElementHandler.java:52)
at jdk.proxy2/jdk.proxy2.$Proxy33.click(Unknown Source)
at pages.Testingbaba_links_page.closebtn(Testingbaba_links_page.java:43)
at testingbaba.Testingbaba_links_test.launchtestingbaba(Testingbaba_links_test.java:23)
at java.base/jdk.internal.reflect.NativeMethodAccessorImpl.invoke0(Native Method)
at java.base/jdk.internal.reflect.NativeMethodAccessorImpl.invoke(NativeMethodAccessorImpl.java:77)
at java.base/jdk.internal.reflect.DelegatingMethodAccessorImpl.invoke(DelegatingMethodAccessorImpl.java:43)
at java.base/java.lang.reflect.Method.invoke(Method.java:568)
at org.testng.internal.MethodInvocationHelper.invokeMethod(MethodInvocationHelper.java:133)
at org.testng.internal.MethodInvocationHelper.invokeMethodConsideringTimeout(MethodInvocationHelper.java:62)
at org.testng.internal.ConfigInvoker.invokeConfigurationMethod(ConfigInvoker.java:385)
at org.testng.internal.ConfigInvoker.invokeConfigurations(ConfigInvoker.java:321)
at org.testng.TestRunner.invokeTestConfigurations(TestRunner.java:637)
at org.testng.TestRunner.beforeRun(TestRunner.java:627)
at org.testng.TestRunner.run(TestRunner.java:589)
at org.testng.SuiteRunner.runTest(SuiteRunner.java:377)
at org.testng.SuiteRunner.runSequentially(SuiteRunner.java:371)
at org.testng.SuiteRunner.privateRun(SuiteRunner.java:332)
at org.testng.SuiteRunner.run(SuiteRunner.java:276)
at org.testng.SuiteRunnerWorker.runSuite(SuiteRunnerWorker.java:53)
at org.testng.SuiteRunnerWorker.run(SuiteRunnerWorker.java:96)
at org.testng.TestNG.runSuitesSequentially(TestNG.java:1212)
at org.testng.TestNG.runSuitesLocally(TestNG.java:1134)
at org.testng.TestNG.runSuites(TestNG.java:1063)
at org.testng.TestNG.run(TestNG.java:1031)
at org.testng.remote.AbstractRemoteTestNG.run(AbstractRemoteTestNG.java:115)
at org.testng.remote.RemoteTestNG.initAndRun(RemoteTestNG.java:251)
at org.testng.remote.RemoteTestNG.main(RemoteTestNG.java:77)
]]>
            </full-stacktrace>
          </exception> <!-- org.openqa.selenium.ElementClickInterceptedException -->
          <reporter-output>
            <line>
              <![CDATA[Testcase LinksTestingBaba_test01 got skipped]]>
            </line>
            <line>
              <![CDATA[Testcase LinksTestingBaba_test02 started successfully]]>
            </line>
          </reporter-output>
        </test-method> <!-- LinksTestingBaba_test01 -->
        <test-method is-config="true" signature="analysis(org.testng.ITestResult)[pri:0, instance:testingbaba.Testingbaba_links_test@6b00f608]" started-at="2022-03-25T17:26:57 IST" name="analysis" finished-at="1970-01-01T05:30:00 IST" duration-ms="-1648209417404" status="SKIP">
          <reporter-output>
          </reporter-output>
        </test-method> <!-- analysis -->
        <test-method signature="LinksTestingBaba_test02()[pri:2, instance:testingbaba.Testingbaba_links_test@6b00f608]" started-at="2022-03-25T17:26:57 IST" name="LinksTestingBaba_test02" finished-at="2022-03-25T17:26:57 IST" duration-ms="0" status="SKIP">
          <exception class="org.openqa.selenium.ElementClickInterceptedException">
            <message>
              <![CDATA[element click intercepted: Element <a class="nav-link" href="newdemo.html">...</a> is not clickable at point (601, 40). Other element would receive the click: <div class="modal-header">...</div>
  (Session info: chrome=99.0.4844.82)
Build info: version: '4.1.2', revision: '9a5a329c5a'
System info: host: 'DESKTOP-493EAAE', ip: '192.168.1.8', os.name: 'Windows 11', os.arch: 'amd64', os.version: '10.0', java.version: '17.0.2'
Driver info: org.openqa.selenium.chrome.ChromeDriver
Command: [8412dffac4d45fc3dbfb912e25a68a11, clickElement {id=a14755f9-d4b6-41de-8a66-c06b6f52ce83}]
Capabilities {acceptInsecureCerts: false, browserName: chrome, browserVersion: 99.0.4844.82, chrome: {chromedriverVersion: 99.0.4844.51 (d537ec02474b5..., userDataDir: C:\Users\dubey\AppData\Loca...}, goog:chromeOptions: {debuggerAddress: localhost:55063}, javascriptEnabled: true, networkConnectionEnabled: false, pageLoadStrategy: normal, platform: WINDOWS, platformName: WINDOWS, proxy: Proxy(), se:cdp: ws://localhost:55063/devtoo..., se:cdpVersion: 99.0.4844.82, setWindowRect: true, strictFileInteractability: false, timeouts: {implicit: 0, pageLoad: 300000, script: 30000}, unhandledPromptBehavior: dismiss and notify, webauthn:extension:credBlob: true, webauthn:extension:largeBlob: true, webauthn:virtualAuthenticators: true}
Element: [[ChromeDriver: chrome on WINDOWS (8412dffac4d45fc3dbfb912e25a68a11)] -> xpath: //*[@id="navbarSupportedContent"]/ul/li[5]/a]
Session ID: 8412dffac4d45fc3dbfb912e25a68a11]]>
            </message>
            <full-stacktrace>
              <![CDATA[org.openqa.selenium.ElementClickInterceptedException: element click intercepted: Element <a class="nav-link" href="newdemo.html">...</a> is not clickable at point (601, 40). Other element would receive the click: <div class="modal-header">...</div>
  (Session info: chrome=99.0.4844.82)
Build info: version: '4.1.2', revision: '9a5a329c5a'
System info: host: 'DESKTOP-493EAAE', ip: '192.168.1.8', os.name: 'Windows 11', os.arch: 'amd64', os.version: '10.0', java.version: '17.0.2'
Driver info: org.openqa.selenium.chrome.ChromeDriver
Command: [8412dffac4d45fc3dbfb912e25a68a11, clickElement {id=a14755f9-d4b6-41de-8a66-c06b6f52ce83}]
Capabilities {acceptInsecureCerts: false, browserName: chrome, browserVersion: 99.0.4844.82, chrome: {chromedriverVersion: 99.0.4844.51 (d537ec02474b5..., userDataDir: C:\Users\dubey\AppData\Loca...}, goog:chromeOptions: {debuggerAddress: localhost:55063}, javascriptEnabled: true, networkConnectionEnabled: false, pageLoadStrategy: normal, platform: WINDOWS, platformName: WINDOWS, proxy: Proxy(), se:cdp: ws://localhost:55063/devtoo..., se:cdpVersion: 99.0.4844.82, setWindowRect: true, strictFileInteractability: false, timeouts: {implicit: 0, pageLoad: 300000, script: 30000}, unhandledPromptBehavior: dismiss and notify, webauthn:extension:credBlob: true, webauthn:extension:largeBlob: true, webauthn:virtualAuthenticators: true}
Element: [[ChromeDriver: chrome on WINDOWS (8412dffac4d45fc3dbfb912e25a68a11)] -> xpath: //*[@id="navbarSupportedContent"]/ul/li[5]/a]
Session ID: 8412dffac4d45fc3dbfb912e25a68a11
at java.base/jdk.internal.reflect.NativeConstructorAccessorImpl.newInstance0(Native Method)
at java.base/jdk.internal.reflect.NativeConstructorAccessorImpl.newInstance(NativeConstructorAccessorImpl.java:77)
at java.base/jdk.internal.reflect.DelegatingConstructorAccessorImpl.newInstance(DelegatingConstructorAccessorImpl.java:45)
at java.base/java.lang.reflect.Constructor.newInstanceWithCaller(Constructor.java:499)
at java.base/java.lang.reflect.Constructor.newInstance(Constructor.java:480)
at org.openqa.selenium.remote.codec.w3c.W3CHttpResponseCodec.createException(W3CHttpResponseCodec.java:200)
at org.openqa.selenium.remote.codec.w3c.W3CHttpResponseCodec.decode(W3CHttpResponseCodec.java:133)
at org.openqa.selenium.remote.codec.w3c.W3CHttpResponseCodec.decode(W3CHttpResponseCodec.java:53)
at org.openqa.selenium.remote.HttpCommandExecutor.execute(HttpCommandExecutor.java:184)
at org.openqa.selenium.remote.service.DriverCommandExecutor.invokeExecute(DriverCommandExecutor.java:167)
at org.openqa.selenium.remote.service.DriverCommandExecutor.execute(DriverCommandExecutor.java:142)
at org.openqa.selenium.remote.RemoteWebDriver.execute(RemoteWebDriver.java:558)
at org.openqa.selenium.remote.RemoteWebElement.execute(RemoteWebElement.java:251)
at org.openqa.selenium.remote.RemoteWebElement.click(RemoteWebElement.java:77)
at jdk.internal.reflect.GeneratedMethodAccessor1.invoke(Unknown Source)
at java.base/jdk.internal.reflect.DelegatingMethodAccessorImpl.invoke(DelegatingMethodAccessorImpl.java:43)
at java.base/java.lang.reflect.Method.invoke(Method.java:568)
at org.openqa.selenium.support.pagefactory.internal.LocatingElementHandler.invoke(LocatingElementHandler.java:52)
at jdk.proxy2/jdk.proxy2.$Proxy33.click(Unknown Source)
at pages.Testingbaba_links_page.closebtn(Testingbaba_links_page.java:43)
at testingbaba.Testingbaba_links_test.launchtestingbaba(Testingbaba_links_test.java:23)
at java.base/jdk.internal.reflect.NativeMethodAccessorImpl.invoke0(Native Method)
at java.base/jdk.internal.reflect.NativeMethodAccessorImpl.invoke(NativeMethodAccessorImpl.java:77)
at java.base/jdk.internal.reflect.DelegatingMethodAccessorImpl.invoke(DelegatingMethodAccessorImpl.java:43)
at java.base/java.lang.reflect.Method.invoke(Method.java:568)
at org.testng.internal.MethodInvocationHelper.invokeMethod(MethodInvocationHelper.java:133)
at org.testng.internal.MethodInvocationHelper.invokeMethodConsideringTimeout(MethodInvocationHelper.java:62)
at org.testng.internal.ConfigInvoker.invokeConfigurationMethod(ConfigInvoker.java:385)
at org.testng.internal.ConfigInvoker.invokeConfigurations(ConfigInvoker.java:321)
at org.testng.TestRunner.invokeTestConfigurations(TestRunner.java:637)
at org.testng.TestRunner.beforeRun(TestRunner.java:627)
at org.testng.TestRunner.run(TestRunner.java:589)
at org.testng.SuiteRunner.runTest(SuiteRunner.java:377)
at org.testng.SuiteRunner.runSequentially(SuiteRunner.java:371)
at org.testng.SuiteRunner.privateRun(SuiteRunner.java:332)
at org.testng.SuiteRunner.run(SuiteRunner.java:276)
at org.testng.SuiteRunnerWorker.runSuite(SuiteRunnerWorker.java:53)
at org.testng.SuiteRunnerWorker.run(SuiteRunnerWorker.java:96)
at org.testng.TestNG.runSuitesSequentially(TestNG.java:1212)
at org.testng.TestNG.runSuitesLocally(TestNG.java:1134)
at org.testng.TestNG.runSuites(TestNG.java:1063)
at org.testng.TestNG.run(TestNG.java:1031)
at org.testng.remote.AbstractRemoteTestNG.run(AbstractRemoteTestNG.java:115)
at org.testng.remote.RemoteTestNG.initAndRun(RemoteTestNG.java:251)
at org.testng.remote.RemoteTestNG.main(RemoteTestNG.java:77)
]]>
            </full-stacktrace>
          </exception> <!-- org.openqa.selenium.ElementClickInterceptedException -->
          <reporter-output>
            <line>
              <![CDATA[Testcase LinksTestingBaba_test02 got skipped]]>
            </line>
            <line>
              <![CDATA[About to end executing Class links]]>
            </line>
            <line>
              <![CDATA[About to begin executing Class radio]]>
            </line>
          </reporter-output>
        </test-method> <!-- LinksTestingBaba_test02 -->
        <test-method is-config="true" signature="analysis(org.testng.ITestResult)[pri:0, instance:testingbaba.Testingbaba_links_test@6b00f608]" started-at="2022-03-25T17:26:57 IST" name="analysis" finished-at="1970-01-01T05:30:00 IST" duration-ms="-1648209417423" status="SKIP">
          <reporter-output>
          </reporter-output>
        </test-method> <!-- analysis -->
        <test-method is-config="true" signature="Teardown()[pri:0, instance:testingbaba.Testingbaba_links_test@6b00f608]" started-at="2022-03-25T17:26:57 IST" name="Teardown" finished-at="1970-01-01T05:30:00 IST" duration-ms="-1648209417426" status="SKIP">
          <reporter-output>
          </reporter-output>
        </test-method> <!-- Teardown -->
      </class> <!-- testingbaba.Testingbaba_links_test -->
    </test> <!-- links -->
    <test started-at="2022-03-25T17:26:57 IST" name="radio" finished-at="2022-03-25T17:27:06 IST" duration-ms="8577">
      <class name="testingbaba.Testingbaba_radio_test">
        <test-method is-config="true" signature="launchtestingbaba()[pri:0, instance:testingbaba.Testingbaba_radio_test@4aa83f4f]" started-at="2022-03-25T17:26:57 IST" name="launchtestingbaba" finished-at="2022-03-25T17:27:01 IST" duration-ms="4231" status="PASS">
          <reporter-output>
          </reporter-output>
        </test-method> <!-- launchtestingbaba -->
        <test-method signature="RadioButtonTestingBaba_test01()[pri:0, instance:testingbaba.Testingbaba_radio_test@4aa83f4f]" started-at="2022-03-25T17:27:01 IST" name="RadioButtonTestingBaba_test01" finished-at="2022-03-25T17:27:05 IST" duration-ms="4133" status="PASS">
          <reporter-output>
            <line>
              <![CDATA[Testcase RadioButtonTestingBaba_test01 started successfully]]>
            </line>
            <line>
              <![CDATA[Testcase RadioButtonTestingBaba_test01 passed successfully]]>
            </line>
          </reporter-output>
        </test-method> <!-- RadioButtonTestingBaba_test01 -->
        <test-method is-config="true" signature="analysis(org.testng.ITestResult)[pri:0, instance:testingbaba.Testingbaba_radio_test@4aa83f4f]" started-at="2022-03-25T17:27:05 IST" name="analysis" finished-at="2022-03-25T17:27:05 IST" duration-ms="0" status="PASS">
          <params>
            <param index="0">
              <value>
                <![CDATA[[TestResult name=RadioButtonTestingBaba_test01 status=SUCCESS method=Testingbaba_radio_test.RadioButtonTestingBaba_test01()[pri:0, instance:testingbaba.Testingbaba_radio_test@4aa83f4f] output=Testcase RadioButtonTestingBaba_test01 started successfully]]]>
              </value>
            </param>
          </params>
          <reporter-output>
          </reporter-output>
        </test-method> <!-- analysis -->
        <test-method is-config="true" signature="Teardown()[pri:0, instance:testingbaba.Testingbaba_radio_test@4aa83f4f]" started-at="2022-03-25T17:27:05 IST" name="Teardown" finished-at="2022-03-25T17:27:06 IST" duration-ms="212" status="PASS">
          <reporter-output>
          </reporter-output>
        </test-method> <!-- Teardown -->
      </class> <!-- testingbaba.Testingbaba_radio_test -->
    </test> <!-- radio -->
    <test started-at="2022-03-25T17:27:06 IST" name="autocomplete" finished-at="2022-03-25T17:27:15 IST" duration-ms="9871">
      <class name="testingbaba.Testingbaba_autocomplete_test">
        <test-method is-config="true" signature="launchtestingbaba()[pri:0, instance:testingbaba.Testingbaba_autocomplete_test@3a393455]" started-at="2022-03-25T17:27:06 IST" name="launchtestingbaba" finished-at="2022-03-25T17:27:12 IST" duration-ms="6252" status="PASS">
          <reporter-output>
          </reporter-output>
        </test-method> <!-- launchtestingbaba -->
        <test-method signature="AutocompleteTestingBaba_test01()[pri:1, instance:testingbaba.Testingbaba_autocomplete_test@3a393455]" started-at="2022-03-25T17:27:12 IST" name="AutocompleteTestingBaba_test01" finished-at="2022-03-25T17:27:12 IST" duration-ms="80" status="PASS">
          <reporter-output>
            <line>
              <![CDATA[Testcase AutocompleteTestingBaba_test01 started successfully]]>
            </line>
            <line>
              <![CDATA[Testcase AutocompleteTestingBaba_test01 passed successfully]]>
            </line>
          </reporter-output>
        </test-method> <!-- AutocompleteTestingBaba_test01 -->
        <test-method is-config="true" signature="analysis(org.testng.ITestResult)[pri:0, instance:testingbaba.Testingbaba_autocomplete_test@3a393455]" started-at="2022-03-25T17:27:12 IST" name="analysis" finished-at="2022-03-25T17:27:12 IST" duration-ms="0" status="PASS">
          <params>
            <param index="0">
              <value>
                <![CDATA[[TestResult name=AutocompleteTestingBaba_test01 status=SUCCESS method=Testingbaba_autocomplete_test.AutocompleteTestingBaba_test01()[pri:1, instance:testingbaba.Testingbaba_autocomplete_test@3a393455] output=Testcase AutocompleteTestingBaba_test01 started successfully]]]>
              </value>
            </param>
          </params>
          <reporter-output>
          </reporter-output>
        </test-method> <!-- analysis -->
        <test-method signature="AutocompleteTestingBaba_test02()[pri:2, instance:testingbaba.Testingbaba_autocomplete_test@3a393455]" started-at="2022-03-25T17:27:12 IST" name="AutocompleteTestingBaba_test02" finished-at="2022-03-25T17:27:13 IST" duration-ms="1079" status="PASS">
          <reporter-output>
            <line>
              <![CDATA[Testcase AutocompleteTestingBaba_test02 started successfully]]>
            </line>
            <line>
              <![CDATA[Testcase AutocompleteTestingBaba_test02 passed successfully]]>
            </line>
          </reporter-output>
        </test-method> <!-- AutocompleteTestingBaba_test02 -->
        <test-method is-config="true" signature="analysis(org.testng.ITestResult)[pri:0, instance:testingbaba.Testingbaba_autocomplete_test@3a393455]" started-at="2022-03-25T17:27:13 IST" name="analysis" finished-at="2022-03-25T17:27:13 IST" duration-ms="2" status="PASS">
          <params>
            <param index="0">
              <value>
                <![CDATA[[TestResult name=AutocompleteTestingBaba_test02 status=SUCCESS method=Testingbaba_autocomplete_test.AutocompleteTestingBaba_test02()[pri:2, instance:testingbaba.Testingbaba_autocomplete_test@3a393455] output=Testcase AutocompleteTestingBaba_test02 started successfully]]]>
              </value>
            </param>
          </params>
          <reporter-output>
          </reporter-output>
        </test-method> <!-- analysis -->
        <test-method signature="AutocompleteTestingBaba_test03()[pri:3, instance:testingbaba.Testingbaba_autocomplete_test@3a393455]" started-at="2022-03-25T17:27:13 IST" name="AutocompleteTestingBaba_test03" finished-at="2022-03-25T17:27:15 IST" duration-ms="2266" status="PASS">
          <reporter-output>
            <line>
              <![CDATA[Testcase AutocompleteTestingBaba_test03 started successfully]]>
            </line>
            <line>
              <![CDATA[Testcase AutocompleteTestingBaba_test03 passed successfully]]>
            </line>
          </reporter-output>
        </test-method> <!-- AutocompleteTestingBaba_test03 -->
        <test-method is-config="true" signature="analysis(org.testng.ITestResult)[pri:0, instance:testingbaba.Testingbaba_autocomplete_test@3a393455]" started-at="2022-03-25T17:27:15 IST" name="analysis" finished-at="2022-03-25T17:27:15 IST" duration-ms="0" status="PASS">
          <params>
            <param index="0">
              <value>
                <![CDATA[[TestResult name=AutocompleteTestingBaba_test03 status=SUCCESS method=Testingbaba_autocomplete_test.AutocompleteTestingBaba_test03()[pri:3, instance:testingbaba.Testingbaba_autocomplete_test@3a393455] output=Testcase AutocompleteTestingBaba_test03 started successfully]]]>
              </value>
            </param>
          </params>
          <reporter-output>
          </reporter-output>
        </test-method> <!-- analysis -->
        <test-method is-config="true" signature="Teardown()[pri:0, instance:testingbaba.Testingbaba_autocomplete_test@3a393455]" started-at="2022-03-25T17:27:15 IST" name="Teardown" finished-at="2022-03-25T17:27:15 IST" duration-ms="184" status="PASS">
          <reporter-output>
          </reporter-output>
        </test-method> <!-- Teardown -->
      </class> <!-- testingbaba.Testingbaba_autocomplete_test -->
    </test> <!-- autocomplete -->
    <test started-at="2022-03-25T17:27:15 IST" name="Webtable" finished-at="2022-03-25T17:27:33 IST" duration-ms="17869">
      <class name="testingbaba.Testingbaba_webtables_test">
        <test-method is-config="true" signature="launchtestingbaba()[pri:0, instance:testingbaba.Testingbaba_webtables_test@8692d67]" started-at="2022-03-25T17:27:15 IST" name="launchtestingbaba" finished-at="2022-03-25T17:27:22 IST" duration-ms="6519" status="PASS">
          <reporter-output>
          </reporter-output>
        </test-method> <!-- launchtestingbaba -->
        <test-method signature="WebTablesTestingBaba_test01()[pri:0, instance:testingbaba.Testingbaba_webtables_test@8692d67]" started-at="2022-03-25T17:27:22 IST" name="WebTablesTestingBaba_test01" finished-at="2022-03-25T17:27:33 IST" duration-ms="11342" status="PASS">
          <reporter-output>
            <line>
              <![CDATA[Testcase WebTablesTestingBaba_test01 started successfully]]>
            </line>
            <line>
              <![CDATA[Testcase WebTablesTestingBaba_test01 passed successfully]]>
            </line>
          </reporter-output>
        </test-method> <!-- WebTablesTestingBaba_test01 -->
        <test-method is-config="true" signature="analysis(org.testng.ITestResult)[pri:0, instance:testingbaba.Testingbaba_webtables_test@8692d67]" started-at="2022-03-25T17:27:33 IST" name="analysis" finished-at="2022-03-25T17:27:33 IST" duration-ms="0" status="PASS">
          <params>
            <param index="0">
              <value>
                <![CDATA[[TestResult name=WebTablesTestingBaba_test01 status=SUCCESS method=Testingbaba_webtables_test.WebTablesTestingBaba_test01()[pri:0, instance:testingbaba.Testingbaba_webtables_test@8692d67] output=Testcase WebTablesTestingBaba_test01 started successfully]]]>
              </value>
            </param>
          </params>
          <reporter-output>
          </reporter-output>
        </test-method> <!-- analysis -->
        <test-method is-config="true" signature="Teardown()[pri:0, instance:testingbaba.Testingbaba_webtables_test@8692d67]" started-at="2022-03-25T17:27:33 IST" name="Teardown" finished-at="2022-03-25T17:27:33 IST" duration-ms="3" status="PASS">
          <reporter-output>
          </reporter-output>
        </test-method> <!-- Teardown -->
      </class> <!-- testingbaba.Testingbaba_webtables_test -->
    </test> <!-- Webtable -->
    <test started-at="2022-03-25T17:27:33 IST" name="Flipkart" finished-at="2022-03-25T17:27:59 IST" duration-ms="26096">
      <class name="flipkart.Flipkart_buy_test">
        <test-method is-config="true" signature="launchFB()[pri:0, instance:flipkart.Flipkart_buy_test@4c550889]" started-at="2022-03-25T17:27:33 IST" name="launchFB" finished-at="2022-03-25T17:27:37 IST" duration-ms="3859" status="PASS">
          <reporter-output>
          </reporter-output>
        </test-method> <!-- launchFB -->
        <test-method signature="FlipkartLogin_Test01()[pri:0, instance:flipkart.Flipkart_buy_test@4c550889]" started-at="2022-03-25T17:27:37 IST" name="FlipkartLogin_Test01" finished-at="2022-03-25T17:27:39 IST" duration-ms="2362" status="PASS">
          <reporter-output>
            <line>
              <![CDATA[Testcase FlipkartLogin_Test01 started successfully]]>
            </line>
            <line>
              <![CDATA[Testcase FlipkartLogin_Test01 passed successfully]]>
            </line>
          </reporter-output>
        </test-method> <!-- FlipkartLogin_Test01 -->
        <test-method signature="FlipkartProfileChange_Test02()[pri:0, instance:flipkart.Flipkart_buy_test@4c550889]" started-at="2022-03-25T17:27:39 IST" name="FlipkartProfileChange_Test02" finished-at="2022-03-25T17:27:59 IST" duration-ms="19503" status="PASS">
          <reporter-output>
            <line>
              <![CDATA[Testcase FlipkartProfileChange_Test02 started successfully]]>
            </line>
            <line>
              <![CDATA[Testcase FlipkartProfileChange_Test02 passed successfully]]>
            </line>
          </reporter-output>
        </test-method> <!-- FlipkartProfileChange_Test02 -->
        <test-method is-config="true" signature="analysis(org.testng.ITestResult)[pri:0, instance:flipkart.Flipkart_buy_test@4c550889]" started-at="2022-03-25T17:27:39 IST" name="analysis" finished-at="2022-03-25T17:27:39 IST" duration-ms="0" status="PASS">
          <params>
            <param index="0">
              <value>
                <![CDATA[[TestResult name=FlipkartLogin_Test01 status=SUCCESS method=Flipkart_buy_test.FlipkartLogin_Test01()[pri:0, instance:flipkart.Flipkart_buy_test@4c550889] output=Testcase FlipkartLogin_Test01 started successfully]]]>
              </value>
            </param>
          </params>
          <reporter-output>
          </reporter-output>
        </test-method> <!-- analysis -->
        <test-method is-config="true" signature="Teardown()[pri:0, instance:flipkart.Flipkart_buy_test@4c550889]" started-at="2022-03-25T17:27:59 IST" name="Teardown" finished-at="2022-03-25T17:27:59 IST" duration-ms="368" status="PASS">
          <reporter-output>
          </reporter-output>
        </test-method> <!-- Teardown -->
        <test-method is-config="true" signature="analysis(org.testng.ITestResult)[pri:0, instance:flipkart.Flipkart_buy_test@4c550889]" started-at="2022-03-25T17:27:59 IST" name="analysis" finished-at="2022-03-25T17:27:59 IST" duration-ms="0" status="PASS">
          <params>
            <param index="0">
              <value>
                <![CDATA[[TestResult name=FlipkartProfileChange_Test02 status=SUCCESS method=Flipkart_buy_test.FlipkartProfileChange_Test02()[pri:0, instance:flipkart.Flipkart_buy_test@4c550889] output=Testcase FlipkartProfileChange_Test02 started successfully]]]>
              </value>
            </param>
          </params>
          <reporter-output>
          </reporter-output>
        </test-method> <!-- analysis -->
      </class> <!-- flipkart.Flipkart_buy_test -->
    </test> <!-- Flipkart -->
    <test started-at="2022-03-25T17:27:59 IST" name="Flipkart_Buy_product" finished-at="2022-03-25T17:28:06 IST" duration-ms="7110">
      <class name="flipkart.Flipkart_buyproduct_test">
        <test-method is-config="true" signature="launchFB()[pri:0, instance:flipkart.Flipkart_buyproduct_test@3724af13]" started-at="2022-03-25T17:27:59 IST" name="launchFB" finished-at="2022-03-25T17:28:03 IST" duration-ms="3969" status="PASS">
          <reporter-output>
          </reporter-output>
        </test-method> <!-- launchFB -->
        <test-method signature="FlipkartLoginInvalidCred_Test01()[pri:0, instance:flipkart.Flipkart_buyproduct_test@3724af13]" started-at="2022-03-25T17:28:03 IST" name="FlipkartLoginInvalidCred_Test01" finished-at="2022-03-25T17:28:06 IST" duration-ms="2677" status="PASS">
          <reporter-output>
            <line>
              <![CDATA[Testcase FlipkartLoginInvalidCred_Test01 started successfully]]>
            </line>
            <line>
              <![CDATA[Testcase FlipkartLoginInvalidCred_Test01 passed successfully]]>
            </line>
          </reporter-output>
        </test-method> <!-- FlipkartLoginInvalidCred_Test01 -->
        <test-method is-config="true" signature="analysis(org.testng.ITestResult)[pri:0, instance:flipkart.Flipkart_buyproduct_test@3724af13]" started-at="2022-03-25T17:28:06 IST" name="analysis" finished-at="2022-03-25T17:28:06 IST" duration-ms="1" status="PASS">
          <params>
            <param index="0">
              <value>
                <![CDATA[[TestResult name=FlipkartLoginInvalidCred_Test01 status=SUCCESS method=Flipkart_buyproduct_test.FlipkartLoginInvalidCred_Test01()[pri:0, instance:flipkart.Flipkart_buyproduct_test@3724af13] output=Testcase FlipkartLoginInvalidCred_Test01 started successfully]]]>
              </value>
            </param>
          </params>
          <reporter-output>
          </reporter-output>
        </test-method> <!-- analysis -->
        <test-method is-config="true" signature="Teardown()[pri:0, instance:flipkart.Flipkart_buyproduct_test@3724af13]" started-at="2022-03-25T17:28:06 IST" name="Teardown" finished-at="2022-03-25T17:28:06 IST" duration-ms="458" status="PASS">
          <reporter-output>
          </reporter-output>
        </test-method> <!-- Teardown -->
      </class> <!-- flipkart.Flipkart_buyproduct_test -->
    </test> <!-- Flipkart_Buy_product -->
    <test started-at="2022-03-25T17:28:06 IST" name="Makemytrip" finished-at="2022-03-25T17:28:26 IST" duration-ms="19460">
      <class name="makemytrip.Makemytrip_launch_test">
        <test-method is-config="true" signature="launchFB()[pri:0, instance:makemytrip.Makemytrip_launch_test@2320fa6f]" started-at="2022-03-25T17:28:06 IST" name="launchFB" finished-at="2022-03-25T17:28:11 IST" duration-ms="4794" status="PASS">
          <reporter-output>
          </reporter-output>
        </test-method> <!-- launchFB -->
        <test-method signature="MakemyTripSendValidNumber_Test01()[pri:0, instance:makemytrip.Makemytrip_launch_test@2320fa6f]" started-at="2022-03-25T17:28:11 IST" name="MakemyTripSendValidNumber_Test01" finished-at="2022-03-25T17:28:16 IST" duration-ms="4552" status="PASS">
          <reporter-output>
            <line>
              <![CDATA[Testcase MakemyTripSendValidNumber_Test01 started successfully]]>
            </line>
            <line>
              <![CDATA[Testcase MakemyTripSendValidNumber_Test01 passed successfully]]>
            </line>
          </reporter-output>
        </test-method> <!-- MakemyTripSendValidNumber_Test01 -->
        <test-method signature="MakemyTripSendINValidNumber_Test02()[pri:1, instance:makemytrip.Makemytrip_launch_test@2320fa6f]" started-at="2022-03-25T17:28:16 IST" name="MakemyTripSendINValidNumber_Test02" finished-at="2022-03-25T17:28:26 IST" duration-ms="9861" status="PASS">
          <reporter-output>
            <line>
              <![CDATA[Testcase MakemyTripSendINValidNumber_Test02 started successfully]]>
            </line>
            <line>
              <![CDATA[Testcase MakemyTripSendINValidNumber_Test02 passed successfully]]>
            </line>
          </reporter-output>
        </test-method> <!-- MakemyTripSendINValidNumber_Test02 -->
        <test-method is-config="true" signature="analysis(org.testng.ITestResult)[pri:0, instance:makemytrip.Makemytrip_launch_test@2320fa6f]" started-at="2022-03-25T17:28:16 IST" name="analysis" finished-at="2022-03-25T17:28:16 IST" duration-ms="0" status="PASS">
          <params>
            <param index="0">
              <value>
                <![CDATA[[TestResult name=MakemyTripSendValidNumber_Test01 status=SUCCESS method=Makemytrip_launch_test.MakemyTripSendValidNumber_Test01()[pri:0, instance:makemytrip.Makemytrip_launch_test@2320fa6f] output=Testcase MakemyTripSendValidNumber_Test01 started successfully]]]>
              </value>
            </param>
          </params>
          <reporter-output>
          </reporter-output>
        </test-method> <!-- analysis -->
        <test-method is-config="true" signature="Teardown()[pri:0, instance:makemytrip.Makemytrip_launch_test@2320fa6f]" started-at="2022-03-25T17:28:26 IST" name="Teardown" finished-at="2022-03-25T17:28:26 IST" duration-ms="250" status="PASS">
          <reporter-output>
          </reporter-output>
        </test-method> <!-- Teardown -->
        <test-method is-config="true" signature="analysis(org.testng.ITestResult)[pri:0, instance:makemytrip.Makemytrip_launch_test@2320fa6f]" started-at="2022-03-25T17:28:26 IST" name="analysis" finished-at="2022-03-25T17:28:26 IST" duration-ms="0" status="PASS">
          <params>
            <param index="0">
              <value>
                <![CDATA[[TestResult name=MakemyTripSendINValidNumber_Test02 status=SUCCESS method=Makemytrip_launch_test.MakemyTripSendINValidNumber_Test02()[pri:1, instance:makemytrip.Makemytrip_launch_test@2320fa6f] output=Testcase MakemyTripSendINValidNumber_Test02 started successfully]]]>
              </value>
            </param>
          </params>
          <reporter-output>
          </reporter-output>
        </test-method> <!-- analysis -->
      </class> <!-- makemytrip.Makemytrip_launch_test -->
    </test> <!-- Makemytrip -->
  </suite> <!-- Testingbaba -->
</testng-results>
