<?xml version="1.0" encoding="UTF-8"?>
<testng-results ignored="0" total="1" passed="1" failed="0" skipped="0">
  <reporter-output>
    <line>
      <![CDATA[About to begin executing Class Single test]]>
    </line>
    <line>
      <![CDATA[Testcase SearchFlightToday started successfully]]>
    </line>
    <line>
      <![CDATA[Testcase SearchFlightToday passed successfully]]>
    </line>
  </reporter-output>
  <suite started-at="2022-04-22T17:44:37 IST" name="Testingbaba" finished-at="2022-04-22T17:45:17 IST" duration-ms="39608">
    <groups>
      <group name="Functional testing">
        <method signature="Makemytrip_Flightsearch_test.SearchFlightToday()[pri:0, instance:makemytrip.Makemytrip_Flightsearch_test@57ea113a]" name="SearchFlightToday" class="makemytrip.Makemytrip_Flightsearch_test"/>
      </group> <!-- Functional testing -->
    </groups>
    <test started-at="2022-04-22T17:44:37 IST" name="Single test" finished-at="2022-04-22T17:45:17 IST" duration-ms="39608">
      <class name="makemytrip.Makemytrip_Flightsearch_test">
        <test-method is-config="true" signature="launchFB(java.lang.String,java.lang.String)[pri:0, instance:makemytrip.Makemytrip_Flightsearch_test@57ea113a]" started-at="2022-04-22T17:44:37 IST" name="launchFB" finished-at="2022-04-22T17:44:57 IST" duration-ms="19400" status="PASS">
          <params>
            <param index="0">
              <value>
                <![CDATA[chrome]]>
              </value>
            </param>
            <param index="1">
              <value>
                <![CDATA[https://makemytrip.com/]]>
              </value>
            </param>
          </params>
          <reporter-output>
          </reporter-output>
        </test-method> <!-- launchFB -->
        <test-method signature="SearchFlightToday()[pri:0, instance:makemytrip.Makemytrip_Flightsearch_test@57ea113a]" started-at="2022-04-22T17:44:57 IST" name="SearchFlightToday" finished-at="2022-04-22T17:45:16 IST" duration-ms="19518" status="PASS">
          <reporter-output>
            <line>
              <![CDATA[Testcase SearchFlightToday started successfully]]>
            </line>
            <line>
              <![CDATA[Testcase SearchFlightToday passed successfully]]>
            </line>
          </reporter-output>
        </test-method> <!-- SearchFlightToday -->
        <test-method is-config="true" signature="analysis(org.testng.ITestResult)[pri:0, instance:makemytrip.Makemytrip_Flightsearch_test@57ea113a]" started-at="2022-04-22T17:45:16 IST" name="analysis" finished-at="2022-04-22T17:45:16 IST" duration-ms="20" status="PASS">
          <params>
            <param index="0">
              <value>
                <![CDATA[[TestResult name=SearchFlightToday status=SUCCESS method=Makemytrip_Flightsearch_test.SearchFlightToday()[pri:0, instance:makemytrip.Makemytrip_Flightsearch_test@57ea113a] output=Testcase SearchFlightToday started successfully]]]>
              </value>
            </param>
          </params>
          <reporter-output>
          </reporter-output>
        </test-method> <!-- analysis -->
        <test-method is-config="true" signature="Teardown2(java.lang.String)[pri:0, instance:makemytrip.Makemytrip_Flightsearch_test@57ea113a]" started-at="2022-04-22T17:45:16 IST" name="Teardown2" finished-at="2022-04-22T17:45:17 IST" duration-ms="598" status="PASS">
          <params>
            <param index="0">
              <value>
                <![CDATA[chrome]]>
              </value>
            </param>
          </params>
          <reporter-output>
          </reporter-output>
        </test-method> <!-- Teardown2 -->
      </class> <!-- makemytrip.Makemytrip_Flightsearch_test -->
    </test> <!-- Single test -->
  </suite> <!-- Testingbaba -->
</testng-results>
