<?xml version="1.0" encoding="UTF-8"?>
<testng-results ignored="0" total="2" passed="2" failed="0" skipped="0">
  <reporter-output>
    <line>
      <![CDATA[About to begin executing Class Launch]]>
    </line>
    <line>
      <![CDATA[Testcase FlipkartLogin_Test01 started successfully]]>
    </line>
    <line>
      <![CDATA[Testcase FlipkartLogin_Test01 passed successfully]]>
    </line>
    <line>
      <![CDATA[Testcase FlipkartProfileChange_Test02 started successfully]]>
    </line>
    <line>
      <![CDATA[Testcase FlipkartProfileChange_Test02 passed successfully]]>
    </line>
  </reporter-output>
  <suite started-at="2022-03-18T20:34:23 IST" name="Testingbaba" finished-at="2022-03-18T20:34:48 IST" duration-ms="25601">
    <groups>
    </groups>
    <test started-at="2022-03-18T20:34:23 IST" name="Launch" finished-at="2022-03-18T20:34:48 IST" duration-ms="25601">
      <class name="test.Flipkart_buy_test">
        <test-method is-config="true" signature="launchFB()[pri:0, instance:test.Flipkart_buy_test@6ad59d92]" started-at="2022-03-18T20:34:23 IST" name="launchFB" finished-at="2022-03-18T20:34:27 IST" duration-ms="3918" status="PASS">
          <reporter-output>
          </reporter-output>
        </test-method> <!-- launchFB -->
        <test-method signature="FlipkartLogin_Test01()[pri:0, instance:test.Flipkart_buy_test@6ad59d92]" started-at="2022-03-18T20:34:27 IST" name="FlipkartLogin_Test01" finished-at="2022-03-18T20:34:29 IST" duration-ms="2333" status="PASS">
          <reporter-output>
            <line>
              <![CDATA[Testcase FlipkartLogin_Test01 started successfully]]>
            </line>
            <line>
              <![CDATA[Testcase FlipkartLogin_Test01 passed successfully]]>
            </line>
          </reporter-output>
        </test-method> <!-- FlipkartLogin_Test01 -->
        <test-method signature="FlipkartProfileChange_Test02()[pri:0, instance:test.Flipkart_buy_test@6ad59d92]" started-at="2022-03-18T20:34:29 IST" name="FlipkartProfileChange_Test02" finished-at="2022-03-18T20:34:48 IST" duration-ms="18986" status="PASS">
          <reporter-output>
            <line>
              <![CDATA[Testcase FlipkartProfileChange_Test02 started successfully]]>
            </line>
            <line>
              <![CDATA[Testcase FlipkartProfileChange_Test02 passed successfully]]>
            </line>
          </reporter-output>
        </test-method> <!-- FlipkartProfileChange_Test02 -->
        <test-method is-config="true" signature="Teardown()[pri:0, instance:test.Flipkart_buy_test@6ad59d92]" started-at="2022-03-18T20:34:48 IST" name="Teardown" finished-at="2022-03-18T20:34:48 IST" duration-ms="317" status="PASS">
          <reporter-output>
          </reporter-output>
        </test-method> <!-- Teardown -->
      </class> <!-- test.Flipkart_buy_test -->
    </test> <!-- Launch -->
  </suite> <!-- Testingbaba -->
</testng-results>
