<?xml version="1.0" encoding="UTF-8"?>
<testng-results ignored="0" total="1" passed="1" failed="0" skipped="0">
  <reporter-output>
    <line>
      <![CDATA[About to begin executing Class Single_Test]]>
    </line>
    <line>
      <![CDATA[Testcase WebTablesTestingBaba_test01 started successfully]]>
    </line>
    <line>
      <![CDATA[Testcase WebTablesTestingBaba_test01 passed successfully]]>
    </line>
  </reporter-output>
  <suite started-at="2022-04-10T20:33:43 IST" name="Testingbaba" finished-at="2022-04-10T20:34:09 IST" duration-ms="26461">
    <groups>
    </groups>
    <test started-at="2022-04-10T20:33:43 IST" name="Single_Test" finished-at="2022-04-10T20:34:09 IST" duration-ms="26461">
      <class name="testingbaba.Testingbaba_webtables_test">
        <test-method is-config="true" signature="launchtestingbaba()[pri:0, instance:testingbaba.Testingbaba_webtables_test@2cc44ad]" started-at="2022-04-10T20:33:43 IST" name="launchtestingbaba" finished-at="2022-04-10T20:33:50 IST" duration-ms="7379" status="PASS">
          <reporter-output>
          </reporter-output>
        </test-method> <!-- launchtestingbaba -->
        <test-method signature="WebTablesTestingBaba_test01()[pri:0, instance:testingbaba.Testingbaba_webtables_test@2cc44ad]" started-at="2022-04-10T20:33:50 IST" name="WebTablesTestingBaba_test01" finished-at="2022-04-10T20:34:09 IST" duration-ms="19004" status="PASS">
          <reporter-output>
            <line>
              <![CDATA[Testcase WebTablesTestingBaba_test01 started successfully]]>
            </line>
            <line>
              <![CDATA[Testcase WebTablesTestingBaba_test01 passed successfully]]>
            </line>
          </reporter-output>
        </test-method> <!-- WebTablesTestingBaba_test01 -->
        <test-method is-config="true" signature="Teardown()[pri:0, instance:testingbaba.Testingbaba_webtables_test@2cc44ad]" started-at="2022-04-10T20:34:09 IST" name="Teardown" finished-at="2022-04-10T20:34:09 IST" duration-ms="3" status="PASS">
          <reporter-output>
          </reporter-output>
        </test-method> <!-- Teardown -->
      </class> <!-- testingbaba.Testingbaba_webtables_test -->
    </test> <!-- Single_Test -->
  </suite> <!-- Testingbaba -->
</testng-results>
