<?xml version="1.0" encoding="UTF-8"?>
<testng-results ignored="0" total="1" passed="1" failed="0" skipped="0">
  <reporter-output>
    <line>
      <![CDATA[About to begin executing Class Single test]]>
    </line>
    <line>
      <![CDATA[Testcase SearchFlightToday started successfully]]>
    </line>
    <line>
      <![CDATA[Testcase SearchFlightToday passed successfully]]>
    </line>
  </reporter-output>
  <suite started-at="2022-04-21T09:16:01 IST" name="Testingbaba" finished-at="2022-04-21T09:16:22 IST" duration-ms="20939">
    <groups>
      <group name="Functional testing">
        <method signature="Makemytrip_Flightsearch_test.SearchFlightToday()[pri:0, instance:makemytrip.Makemytrip_Flightsearch_test@47f4e407]" name="SearchFlightToday" class="makemytrip.Makemytrip_Flightsearch_test"/>
      </group> <!-- Functional testing -->
    </groups>
    <test started-at="2022-04-21T09:16:01 IST" name="Single test" finished-at="2022-04-21T09:16:22 IST" duration-ms="20939">
      <class name="makemytrip.Makemytrip_Flightsearch_test">
        <test-method is-config="true" signature="launchFB(java.lang.String,java.lang.String)[pri:0, instance:makemytrip.Makemytrip_Flightsearch_test@47f4e407]" started-at="2022-04-21T09:16:01 IST" name="launchFB" finished-at="2022-04-21T09:16:12 IST" duration-ms="10884" status="PASS">
          <params>
            <param index="0">
              <value>
                <![CDATA[firefox]]>
              </value>
            </param>
            <param index="1">
              <value>
                <![CDATA[https://makemytrip.com/]]>
              </value>
            </param>
          </params>
          <reporter-output>
          </reporter-output>
        </test-method> <!-- launchFB -->
        <test-method signature="SearchFlightToday()[pri:0, instance:makemytrip.Makemytrip_Flightsearch_test@47f4e407]" started-at="2022-04-21T09:16:12 IST" name="SearchFlightToday" finished-at="2022-04-21T09:16:19 IST" duration-ms="7504" status="PASS">
          <reporter-output>
            <line>
              <![CDATA[Testcase SearchFlightToday started successfully]]>
            </line>
            <line>
              <![CDATA[Testcase SearchFlightToday passed successfully]]>
            </line>
          </reporter-output>
        </test-method> <!-- SearchFlightToday -->
        <test-method is-config="true" signature="Teardown2(java.lang.String)[pri:0, instance:makemytrip.Makemytrip_Flightsearch_test@47f4e407]" started-at="2022-04-21T09:16:19 IST" name="Teardown2" finished-at="2022-04-21T09:16:22 IST" duration-ms="2483" status="PASS">
          <params>
            <param index="0">
              <value>
                <![CDATA[firefox]]>
              </value>
            </param>
          </params>
          <reporter-output>
          </reporter-output>
        </test-method> <!-- Teardown2 -->
      </class> <!-- makemytrip.Makemytrip_Flightsearch_test -->
    </test> <!-- Single test -->
  </suite> <!-- Testingbaba -->
</testng-results>
