<?xml version="1.0" encoding="UTF-8"?>
<testng-results ignored="0" total="1" passed="1" failed="0" skipped="0">
  <reporter-output>
  </reporter-output>
  <suite started-at="2022-04-02T17:01:20 IST" name="Default suite" finished-at="2022-04-02T17:01:37 IST" duration-ms="16819">
    <groups>
    </groups>
    <test started-at="2022-04-02T17:01:20 IST" name="Default test" finished-at="2022-04-02T17:01:37 IST" duration-ms="16819">
      <class name="jenkins.Jenkins_launch_test">
        <test-method is-config="true" signature="launchtestingbaba()[pri:0, instance:jenkins.Jenkins_launch_test@6ad59d92]" started-at="2022-04-02T17:01:20 IST" name="launchtestingbaba" finished-at="2022-04-02T17:01:23 IST" duration-ms="2462" status="PASS">
          <reporter-output>
          </reporter-output>
        </test-method> <!-- launchtestingbaba -->
        <test-method signature="LaunchTestingBaba_test01()[pri:0, instance:jenkins.Jenkins_launch_test@6ad59d92]" started-at="2022-04-02T17:01:23 IST" name="LaunchTestingBaba_test01" finished-at="2022-04-02T17:01:30 IST" duration-ms="7066" status="PASS">
          <reporter-output>
          </reporter-output>
        </test-method> <!-- LaunchTestingBaba_test01 -->
        <test-method is-config="true" signature="Teardown()[pri:0, instance:jenkins.Jenkins_launch_test@6ad59d92]" started-at="2022-04-02T17:01:30 IST" name="Teardown" finished-at="2022-04-02T17:01:37 IST" duration-ms="7225" status="PASS">
          <reporter-output>
          </reporter-output>
        </test-method> <!-- Teardown -->
      </class> <!-- jenkins.Jenkins_launch_test -->
    </test> <!-- Default test -->
  </suite> <!-- Default suite -->
</testng-results>
