<?xml version="1.0" encoding="UTF-8"?>
<testng-results ignored="0" total="1" passed="1" failed="0" skipped="0">
  <reporter-output>
  </reporter-output>
  <suite started-at="2022-03-12T17:31:09 IST" name="Testingbaba" finished-at="2022-03-12T17:31:15 IST" duration-ms="5912">
    <groups>
    </groups>
    <test started-at="2022-03-12T17:31:09 IST" name="smoke" finished-at="2022-03-12T17:31:15 IST" duration-ms="5912">
      <class name="test.Testingbaba_launch_test">
        <test-method is-config="true" signature="launchtestingbaba()[pri:0, instance:test.Testingbaba_launch_test@3e6104fc]" started-at="2022-03-12T17:31:09 IST" name="launchtestingbaba" finished-at="2022-03-12T17:31:15 IST" duration-ms="5463" status="PASS">
          <reporter-output>
          </reporter-output>
        </test-method> <!-- launchtestingbaba -->
        <test-method signature="gettitle()[pri:0, instance:test.Testingbaba_launch_test@3e6104fc]" started-at="2022-03-12T17:31:15 IST" name="gettitle" finished-at="2022-03-12T17:31:15 IST" duration-ms="34" status="PASS">
          <reporter-output>
          </reporter-output>
        </test-method> <!-- gettitle -->
        <test-method is-config="true" signature="Teardown()[pri:0, instance:test.Testingbaba_launch_test@3e6104fc]" started-at="2022-03-12T17:31:15 IST" name="Teardown" finished-at="2022-03-12T17:31:15 IST" duration-ms="334" status="PASS">
          <reporter-output>
          </reporter-output>
        </test-method> <!-- Teardown -->
      </class> <!-- test.Testingbaba_launch_test -->
    </test> <!-- smoke -->
  </suite> <!-- Testingbaba -->
</testng-results>
