<?xml version="1.0" encoding="UTF-8"?>
<testng-results ignored="0" total="24" passed="24" failed="0" skipped="0">
  <reporter-output>
    <line>
      <![CDATA[About to begin executing Class smoke]]>
    </line>
    <line>
      <![CDATA[Testcase LaunchTestingBaba_test01 started successfully]]>
    </line>
    <line>
      <![CDATA[Testcase LaunchTestingBaba_test01 passed successfully]]>
    </line>
    <line>
      <![CDATA[About to end executing Class smoke]]>
    </line>
    <line>
      <![CDATA[About to begin executing Class Textbox]]>
    </line>
    <line>
      <![CDATA[Testcase TextboxTestingBaba_test01 started successfully]]>
    </line>
    <line>
      <![CDATA[inside test01]]>
    </line>
    <line>
      <![CDATA[Testcase TextboxTestingBaba_test01 passed successfully]]>
    </line>
    <line>
      <![CDATA[Testcase TextboxTestingBaba_test02 started successfully]]>
    </line>
    <line>
      <![CDATA[inside test01]]>
    </line>
    <line>
      <![CDATA[Testcase TextboxTestingBaba_test02 passed successfully]]>
    </line>
    <line>
      <![CDATA[Testcase TextboxTestingBaba_test03 started successfully]]>
    </line>
    <line>
      <![CDATA[inside test01]]>
    </line>
    <line>
      <![CDATA[Testcase TextboxTestingBaba_test03 passed successfully]]>
    </line>
    <line>
      <![CDATA[Testcase TextboxTestingBaba_test04 started successfully]]>
    </line>
    <line>
      <![CDATA[inside test01]]>
    </line>
    <line>
      <![CDATA[Testcase TextboxTestingBaba_test04 passed successfully]]>
    </line>
    <line>
      <![CDATA[About to end executing Class Textbox]]>
    </line>
    <line>
      <![CDATA[About to begin executing Class buttons]]>
    </line>
    <line>
      <![CDATA[Testcase ButtonsTestingBaba_test01 started successfully]]>
    </line>
    <line>
      <![CDATA[Testcase ButtonsTestingBaba_test01 passed successfully]]>
    </line>
    <line>
      <![CDATA[Testcase ButtonsTestingBaba_test02 started successfully]]>
    </line>
    <line>
      <![CDATA[Testcase ButtonsTestingBaba_test02 passed successfully]]>
    </line>
    <line>
      <![CDATA[Testcase ButtonsTestingBaba_test03 started successfully]]>
    </line>
    <line>
      <![CDATA[Testcase ButtonsTestingBaba_test03 passed successfully]]>
    </line>
    <line>
      <![CDATA[About to end executing Class buttons]]>
    </line>
    <line>
      <![CDATA[About to begin executing Class checkbox]]>
    </line>
    <line>
      <![CDATA[Testcase CheckboxTestingBaba_test01 started successfully]]>
    </line>
    <line>
      <![CDATA[Testcase CheckboxTestingBaba_test01 passed successfully]]>
    </line>
    <line>
      <![CDATA[Testcase CheckboxTestingBaba_test02 started successfully]]>
    </line>
    <line>
      <![CDATA[Testcase CheckboxTestingBaba_test02 passed successfully]]>
    </line>
    <line>
      <![CDATA[Testcase CheckboxTestingBaba_test03 started successfully]]>
    </line>
    <line>
      <![CDATA[Testcase CheckboxTestingBaba_test03 passed successfully]]>
    </line>
    <line>
      <![CDATA[About to end executing Class checkbox]]>
    </line>
    <line>
      <![CDATA[About to begin executing Class dropdown]]>
    </line>
    <line>
      <![CDATA[Testcase DropdownTestingBaba_test01 started successfully]]>
    </line>
    <line>
      <![CDATA[Testcase DropdownTestingBaba_test01 passed successfully]]>
    </line>
    <line>
      <![CDATA[About to end executing Class dropdown]]>
    </line>
    <line>
      <![CDATA[About to begin executing Class links]]>
    </line>
    <line>
      <![CDATA[Testcase LinksTestingBaba_test01 started successfully]]>
    </line>
    <line>
      <![CDATA[Testcase LinksTestingBaba_test01 passed successfully]]>
    </line>
    <line>
      <![CDATA[Testcase LinksTestingBaba_test02 started successfully]]>
    </line>
    <line>
      <![CDATA[Testcase LinksTestingBaba_test02 passed successfully]]>
    </line>
    <line>
      <![CDATA[About to end executing Class links]]>
    </line>
    <line>
      <![CDATA[About to begin executing Class radio]]>
    </line>
    <line>
      <![CDATA[Testcase RadioButtonTestingBaba_test01 started successfully]]>
    </line>
    <line>
      <![CDATA[Testcase RadioButtonTestingBaba_test01 passed successfully]]>
    </line>
    <line>
      <![CDATA[About to end executing Class radio]]>
    </line>
    <line>
      <![CDATA[About to begin executing Class autocomplete]]>
    </line>
    <line>
      <![CDATA[Testcase AutocompleteTestingBaba_test01 started successfully]]>
    </line>
    <line>
      <![CDATA[Testcase AutocompleteTestingBaba_test01 passed successfully]]>
    </line>
    <line>
      <![CDATA[Testcase AutocompleteTestingBaba_test02 started successfully]]>
    </line>
    <line>
      <![CDATA[Testcase AutocompleteTestingBaba_test02 passed successfully]]>
    </line>
    <line>
      <![CDATA[Testcase AutocompleteTestingBaba_test03 started successfully]]>
    </line>
    <line>
      <![CDATA[Testcase AutocompleteTestingBaba_test03 passed successfully]]>
    </line>
    <line>
      <![CDATA[About to end executing Class autocomplete]]>
    </line>
    <line>
      <![CDATA[About to begin executing Class Webtable]]>
    </line>
    <line>
      <![CDATA[Testcase WebTablesTestingBaba_test01 started successfully]]>
    </line>
    <line>
      <![CDATA[Testcase WebTablesTestingBaba_test01 passed successfully]]>
    </line>
    <line>
      <![CDATA[About to end executing Class Webtable]]>
    </line>
    <line>
      <![CDATA[About to begin executing Class Flipkart]]>
    </line>
    <line>
      <![CDATA[Testcase FlipkartLogin_Test01 started successfully]]>
    </line>
    <line>
      <![CDATA[Testcase FlipkartLogin_Test01 passed successfully]]>
    </line>
    <line>
      <![CDATA[Testcase FlipkartProfileChange_Test02 started successfully]]>
    </line>
    <line>
      <![CDATA[Testcase FlipkartProfileChange_Test02 passed successfully]]>
    </line>
    <line>
      <![CDATA[About to end executing Class Flipkart]]>
    </line>
    <line>
      <![CDATA[About to begin executing Class Flipkart_Buy_product]]>
    </line>
    <line>
      <![CDATA[Testcase FlipkartLoginInvalidCred_Test01 started successfully]]>
    </line>
    <line>
      <![CDATA[Testcase FlipkartLoginInvalidCred_Test01 passed successfully]]>
    </line>
    <line>
      <![CDATA[About to end executing Class Flipkart_Buy_product]]>
    </line>
    <line>
      <![CDATA[About to begin executing Class Makemytrip]]>
    </line>
    <line>
      <![CDATA[Testcase MakemyTripSendValidNumber_Test01 started successfully]]>
    </line>
    <line>
      <![CDATA[Testcase MakemyTripSendValidNumber_Test01 passed successfully]]>
    </line>
    <line>
      <![CDATA[Testcase MakemyTripSendINValidNumber_Test02 started successfully]]>
    </line>
    <line>
      <![CDATA[Testcase MakemyTripSendINValidNumber_Test02 passed successfully]]>
    </line>
  </reporter-output>
  <suite started-at="2022-04-07T19:03:16 IST" name="Testingbaba" finished-at="2022-04-07T19:06:02 IST" duration-ms="165579">
    <groups>
    </groups>
    <test started-at="2022-04-07T19:03:16 IST" name="smoke" finished-at="2022-04-07T19:03:24 IST" duration-ms="7833">
      <class name="testingbaba.Testingbaba_launch_test">
        <test-method is-config="true" signature="launchtestingbaba()[pri:0, instance:testingbaba.Testingbaba_launch_test@2cc44ad]" started-at="2022-04-07T19:03:16 IST" name="launchtestingbaba" finished-at="2022-04-07T19:03:24 IST" duration-ms="7375" status="PASS">
          <reporter-output>
          </reporter-output>
        </test-method> <!-- launchtestingbaba -->
        <test-method signature="LaunchTestingBaba_test01()[pri:0, instance:testingbaba.Testingbaba_launch_test@2cc44ad]" started-at="2022-04-07T19:03:24 IST" name="LaunchTestingBaba_test01" finished-at="2022-04-07T19:03:24 IST" duration-ms="26" status="PASS">
          <reporter-output>
            <line>
              <![CDATA[Testcase LaunchTestingBaba_test01 started successfully]]>
            </line>
            <line>
              <![CDATA[Testcase LaunchTestingBaba_test01 passed successfully]]>
            </line>
          </reporter-output>
        </test-method> <!-- LaunchTestingBaba_test01 -->
        <test-method is-config="true" signature="Teardown()[pri:0, instance:testingbaba.Testingbaba_launch_test@2cc44ad]" started-at="2022-04-07T19:03:24 IST" name="Teardown" finished-at="2022-04-07T19:03:24 IST" duration-ms="368" status="PASS">
          <reporter-output>
          </reporter-output>
        </test-method> <!-- Teardown -->
      </class> <!-- testingbaba.Testingbaba_launch_test -->
    </test> <!-- smoke -->
    <test started-at="2022-04-07T19:03:24 IST" name="Textbox" finished-at="2022-04-07T19:03:33 IST" duration-ms="8889">
      <class name="testingbaba.Testingbaba_textbox_test">
        <test-method is-config="true" signature="launchtestingbaba()[pri:0, instance:testingbaba.Testingbaba_textbox_test@178213b]" started-at="2022-04-07T19:03:24 IST" name="launchtestingbaba" finished-at="2022-04-07T19:03:31 IST" duration-ms="7140" status="PASS">
          <reporter-output>
          </reporter-output>
        </test-method> <!-- launchtestingbaba -->
        <test-method signature="TextboxTestingBaba_test01()[pri:0, instance:testingbaba.Testingbaba_textbox_test@178213b]" started-at="2022-04-07T19:03:31 IST" name="TextboxTestingBaba_test01" finished-at="2022-04-07T19:03:32 IST" duration-ms="22" status="PASS">
          <reporter-output>
            <line>
              <![CDATA[Testcase TextboxTestingBaba_test01 started successfully]]>
            </line>
            <line>
              <![CDATA[inside test01]]>
            </line>
            <line>
              <![CDATA[Testcase TextboxTestingBaba_test01 passed successfully]]>
            </line>
          </reporter-output>
        </test-method> <!-- TextboxTestingBaba_test01 -->
        <test-method signature="TextboxTestingBaba_test02()[pri:1, instance:testingbaba.Testingbaba_textbox_test@178213b]" started-at="2022-04-07T19:03:32 IST" name="TextboxTestingBaba_test02" finished-at="2022-04-07T19:03:32 IST" duration-ms="103" status="PASS">
          <reporter-output>
            <line>
              <![CDATA[Testcase TextboxTestingBaba_test02 started successfully]]>
            </line>
            <line>
              <![CDATA[inside test01]]>
            </line>
            <line>
              <![CDATA[Testcase TextboxTestingBaba_test02 passed successfully]]>
            </line>
          </reporter-output>
        </test-method> <!-- TextboxTestingBaba_test02 -->
        <test-method signature="TextboxTestingBaba_test03()[pri:2, instance:testingbaba.Testingbaba_textbox_test@178213b]" started-at="2022-04-07T19:03:32 IST" name="TextboxTestingBaba_test03" finished-at="2022-04-07T19:03:33 IST" duration-ms="1217" status="PASS">
          <reporter-output>
            <line>
              <![CDATA[Testcase TextboxTestingBaba_test03 started successfully]]>
            </line>
            <line>
              <![CDATA[inside test01]]>
            </line>
            <line>
              <![CDATA[Testcase TextboxTestingBaba_test03 passed successfully]]>
            </line>
          </reporter-output>
        </test-method> <!-- TextboxTestingBaba_test03 -->
        <test-method signature="TextboxTestingBaba_test04()[pri:3, instance:testingbaba.Testingbaba_textbox_test@178213b]" started-at="2022-04-07T19:03:33 IST" name="TextboxTestingBaba_test04" finished-at="2022-04-07T19:03:33 IST" duration-ms="180" status="PASS">
          <reporter-output>
            <line>
              <![CDATA[Testcase TextboxTestingBaba_test04 started successfully]]>
            </line>
            <line>
              <![CDATA[inside test01]]>
            </line>
            <line>
              <![CDATA[Testcase TextboxTestingBaba_test04 passed successfully]]>
            </line>
          </reporter-output>
        </test-method> <!-- TextboxTestingBaba_test04 -->
        <test-method is-config="true" signature="Teardown()[pri:0, instance:testingbaba.Testingbaba_textbox_test@178213b]" started-at="2022-04-07T19:03:33 IST" name="Teardown" finished-at="2022-04-07T19:03:33 IST" duration-ms="168" status="PASS">
          <reporter-output>
          </reporter-output>
        </test-method> <!-- Teardown -->
      </class> <!-- testingbaba.Testingbaba_textbox_test -->
    </test> <!-- Textbox -->
    <test started-at="2022-04-07T19:03:33 IST" name="buttons" finished-at="2022-04-07T19:03:41 IST" duration-ms="8201">
      <class name="testingbaba.Testingbaba_buttons_test">
        <test-method is-config="true" signature="launchtestingbaba()[pri:0, instance:testingbaba.Testingbaba_buttons_test@fc258b1]" started-at="2022-04-07T19:03:33 IST" name="launchtestingbaba" finished-at="2022-04-07T19:03:40 IST" duration-ms="7119" status="PASS">
          <reporter-output>
          </reporter-output>
        </test-method> <!-- launchtestingbaba -->
        <test-method signature="ButtonsTestingBaba_test01()[pri:0, instance:testingbaba.Testingbaba_buttons_test@fc258b1]" started-at="2022-04-07T19:03:40 IST" name="ButtonsTestingBaba_test01" finished-at="2022-04-07T19:03:41 IST" duration-ms="219" status="PASS">
          <reporter-output>
            <line>
              <![CDATA[Testcase ButtonsTestingBaba_test01 started successfully]]>
            </line>
            <line>
              <![CDATA[Testcase ButtonsTestingBaba_test01 passed successfully]]>
            </line>
          </reporter-output>
        </test-method> <!-- ButtonsTestingBaba_test01 -->
        <test-method signature="ButtonsTestingBaba_test02()[pri:1, instance:testingbaba.Testingbaba_buttons_test@fc258b1]" started-at="2022-04-07T19:03:41 IST" name="ButtonsTestingBaba_test02" finished-at="2022-04-07T19:03:41 IST" duration-ms="391" status="PASS">
          <reporter-output>
            <line>
              <![CDATA[Testcase ButtonsTestingBaba_test02 started successfully]]>
            </line>
            <line>
              <![CDATA[Testcase ButtonsTestingBaba_test02 passed successfully]]>
            </line>
          </reporter-output>
        </test-method> <!-- ButtonsTestingBaba_test02 -->
        <test-method signature="ButtonsTestingBaba_test03()[pri:2, instance:testingbaba.Testingbaba_buttons_test@fc258b1]" started-at="2022-04-07T19:03:41 IST" name="ButtonsTestingBaba_test03" finished-at="2022-04-07T19:03:41 IST" duration-ms="198" status="PASS">
          <reporter-output>
            <line>
              <![CDATA[Testcase ButtonsTestingBaba_test03 started successfully]]>
            </line>
            <line>
              <![CDATA[Testcase ButtonsTestingBaba_test03 passed successfully]]>
            </line>
          </reporter-output>
        </test-method> <!-- ButtonsTestingBaba_test03 -->
        <test-method is-config="true" signature="Teardown()[pri:0, instance:testingbaba.Testingbaba_buttons_test@fc258b1]" started-at="2022-04-07T19:03:41 IST" name="Teardown" finished-at="2022-04-07T19:03:41 IST" duration-ms="257" status="PASS">
          <reporter-output>
          </reporter-output>
        </test-method> <!-- Teardown -->
      </class> <!-- testingbaba.Testingbaba_buttons_test -->
    </test> <!-- buttons -->
    <test started-at="2022-04-07T19:03:41 IST" name="checkbox" finished-at="2022-04-07T19:03:58 IST" duration-ms="16157">
      <class name="testingbaba.Testingbaba_checkbox_test">
        <test-method is-config="true" signature="launchtestingbaba()[pri:0, instance:testingbaba.Testingbaba_checkbox_test@4b45dcb8]" started-at="2022-04-07T19:03:41 IST" name="launchtestingbaba" finished-at="2022-04-07T19:03:48 IST" duration-ms="6204" status="PASS">
          <reporter-output>
          </reporter-output>
        </test-method> <!-- launchtestingbaba -->
        <test-method signature="CheckboxTestingBaba_test01()[pri:1, instance:testingbaba.Testingbaba_checkbox_test@4b45dcb8]" started-at="2022-04-07T19:03:48 IST" name="CheckboxTestingBaba_test01" finished-at="2022-04-07T19:03:48 IST" duration-ms="86" status="PASS">
          <reporter-output>
            <line>
              <![CDATA[Testcase CheckboxTestingBaba_test01 started successfully]]>
            </line>
            <line>
              <![CDATA[Testcase CheckboxTestingBaba_test01 passed successfully]]>
            </line>
          </reporter-output>
        </test-method> <!-- CheckboxTestingBaba_test01 -->
        <test-method signature="CheckboxTestingBaba_test02()[pri:2, instance:testingbaba.Testingbaba_checkbox_test@4b45dcb8]" started-at="2022-04-07T19:03:48 IST" name="CheckboxTestingBaba_test02" finished-at="2022-04-07T19:03:52 IST" duration-ms="4134" status="PASS">
          <reporter-output>
            <line>
              <![CDATA[Testcase CheckboxTestingBaba_test02 started successfully]]>
            </line>
            <line>
              <![CDATA[Testcase CheckboxTestingBaba_test02 passed successfully]]>
            </line>
          </reporter-output>
        </test-method> <!-- CheckboxTestingBaba_test02 -->
        <test-method signature="CheckboxTestingBaba_test03()[pri:3, instance:testingbaba.Testingbaba_checkbox_test@4b45dcb8]" started-at="2022-04-07T19:03:52 IST" name="CheckboxTestingBaba_test03" finished-at="2022-04-07T19:03:57 IST" duration-ms="5432" status="PASS">
          <reporter-output>
            <line>
              <![CDATA[Testcase CheckboxTestingBaba_test03 started successfully]]>
            </line>
            <line>
              <![CDATA[Testcase CheckboxTestingBaba_test03 passed successfully]]>
            </line>
          </reporter-output>
        </test-method> <!-- CheckboxTestingBaba_test03 -->
        <test-method is-config="true" signature="Teardown()[pri:0, instance:testingbaba.Testingbaba_checkbox_test@4b45dcb8]" started-at="2022-04-07T19:03:57 IST" name="Teardown" finished-at="2022-04-07T19:03:58 IST" duration-ms="285" status="PASS">
          <reporter-output>
          </reporter-output>
        </test-method> <!-- Teardown -->
      </class> <!-- testingbaba.Testingbaba_checkbox_test -->
    </test> <!-- checkbox -->
    <test started-at="2022-04-07T19:03:58 IST" name="dropdown" finished-at="2022-04-07T19:04:04 IST" duration-ms="6849">
      <class name="testingbaba.Testingbaba_dropdown_test">
        <test-method is-config="true" signature="launchtestingbaba()[pri:0, instance:testingbaba.Testingbaba_dropdown_test@732f29af]" started-at="2022-04-07T19:03:58 IST" name="launchtestingbaba" finished-at="2022-04-07T19:04:02 IST" duration-ms="4211" status="PASS">
          <reporter-output>
          </reporter-output>
        </test-method> <!-- launchtestingbaba -->
        <test-method signature="DropdownTestingBaba_test01()[pri:0, instance:testingbaba.Testingbaba_dropdown_test@732f29af]" started-at="2022-04-07T19:04:02 IST" name="DropdownTestingBaba_test01" finished-at="2022-04-07T19:04:04 IST" duration-ms="2198" status="PASS">
          <reporter-output>
            <line>
              <![CDATA[Testcase DropdownTestingBaba_test01 started successfully]]>
            </line>
            <line>
              <![CDATA[Testcase DropdownTestingBaba_test01 passed successfully]]>
            </line>
          </reporter-output>
        </test-method> <!-- DropdownTestingBaba_test01 -->
        <test-method is-config="true" signature="Teardown()[pri:0, instance:testingbaba.Testingbaba_dropdown_test@732f29af]" started-at="2022-04-07T19:04:04 IST" name="Teardown" finished-at="2022-04-07T19:04:04 IST" duration-ms="437" status="PASS">
          <reporter-output>
          </reporter-output>
        </test-method> <!-- Teardown -->
      </class> <!-- testingbaba.Testingbaba_dropdown_test -->
    </test> <!-- dropdown -->
    <test started-at="2022-04-07T19:04:04 IST" name="links" finished-at="2022-04-07T19:04:13 IST" duration-ms="8199">
      <class name="testingbaba.Testingbaba_links_test">
        <test-method is-config="true" signature="launchtestingbaba()[pri:0, instance:testingbaba.Testingbaba_links_test@5e1fa5b1]" started-at="2022-04-07T19:04:04 IST" name="launchtestingbaba" finished-at="2022-04-07T19:04:10 IST" duration-ms="5665" status="PASS">
          <reporter-output>
          </reporter-output>
        </test-method> <!-- launchtestingbaba -->
        <test-method signature="LinksTestingBaba_test01()[pri:1, instance:testingbaba.Testingbaba_links_test@5e1fa5b1]" started-at="2022-04-07T19:04:10 IST" name="LinksTestingBaba_test01" finished-at="2022-04-07T19:04:10 IST" duration-ms="79" status="PASS">
          <reporter-output>
            <line>
              <![CDATA[Testcase LinksTestingBaba_test01 started successfully]]>
            </line>
            <line>
              <![CDATA[Testcase LinksTestingBaba_test01 passed successfully]]>
            </line>
          </reporter-output>
        </test-method> <!-- LinksTestingBaba_test01 -->
        <test-method signature="LinksTestingBaba_test02()[pri:2, instance:testingbaba.Testingbaba_links_test@5e1fa5b1]" started-at="2022-04-07T19:04:10 IST" name="LinksTestingBaba_test02" finished-at="2022-04-07T19:04:12 IST" duration-ms="2227" status="PASS">
          <reporter-output>
            <line>
              <![CDATA[Testcase LinksTestingBaba_test02 started successfully]]>
            </line>
            <line>
              <![CDATA[Testcase LinksTestingBaba_test02 passed successfully]]>
            </line>
          </reporter-output>
        </test-method> <!-- LinksTestingBaba_test02 -->
        <test-method is-config="true" signature="Teardown()[pri:0, instance:testingbaba.Testingbaba_links_test@5e1fa5b1]" started-at="2022-04-07T19:04:12 IST" name="Teardown" finished-at="2022-04-07T19:04:13 IST" duration-ms="216" status="PASS">
          <reporter-output>
          </reporter-output>
        </test-method> <!-- Teardown -->
      </class> <!-- testingbaba.Testingbaba_links_test -->
    </test> <!-- links -->
    <test started-at="2022-04-07T19:04:13 IST" name="radio" finished-at="2022-04-07T19:04:21 IST" duration-ms="8506">
      <class name="testingbaba.Testingbaba_radio_test">
        <test-method is-config="true" signature="launchtestingbaba()[pri:0, instance:testingbaba.Testingbaba_radio_test@4fce136b]" started-at="2022-04-07T19:04:13 IST" name="launchtestingbaba" finished-at="2022-04-07T19:04:17 IST" duration-ms="3993" status="PASS">
          <reporter-output>
          </reporter-output>
        </test-method> <!-- launchtestingbaba -->
        <test-method signature="RadioButtonTestingBaba_test01()[pri:0, instance:testingbaba.Testingbaba_radio_test@4fce136b]" started-at="2022-04-07T19:04:17 IST" name="RadioButtonTestingBaba_test01" finished-at="2022-04-07T19:04:21 IST" duration-ms="4140" status="PASS">
          <reporter-output>
            <line>
              <![CDATA[Testcase RadioButtonTestingBaba_test01 started successfully]]>
            </line>
            <line>
              <![CDATA[Testcase RadioButtonTestingBaba_test01 passed successfully]]>
            </line>
          </reporter-output>
        </test-method> <!-- RadioButtonTestingBaba_test01 -->
        <test-method is-config="true" signature="Teardown()[pri:0, instance:testingbaba.Testingbaba_radio_test@4fce136b]" started-at="2022-04-07T19:04:21 IST" name="Teardown" finished-at="2022-04-07T19:04:21 IST" duration-ms="365" status="PASS">
          <reporter-output>
          </reporter-output>
        </test-method> <!-- Teardown -->
      </class> <!-- testingbaba.Testingbaba_radio_test -->
    </test> <!-- radio -->
    <test started-at="2022-04-07T19:04:21 IST" name="autocomplete" finished-at="2022-04-07T19:04:31 IST" duration-ms="9607">
      <class name="testingbaba.Testingbaba_autocomplete_test">
        <test-method is-config="true" signature="launchtestingbaba()[pri:0, instance:testingbaba.Testingbaba_autocomplete_test@6f152006]" started-at="2022-04-07T19:04:21 IST" name="launchtestingbaba" finished-at="2022-04-07T19:04:27 IST" duration-ms="5815" status="PASS">
          <reporter-output>
          </reporter-output>
        </test-method> <!-- launchtestingbaba -->
        <test-method signature="AutocompleteTestingBaba_test01()[pri:1, instance:testingbaba.Testingbaba_autocomplete_test@6f152006]" started-at="2022-04-07T19:04:27 IST" name="AutocompleteTestingBaba_test01" finished-at="2022-04-07T19:04:27 IST" duration-ms="127" status="PASS">
          <reporter-output>
            <line>
              <![CDATA[Testcase AutocompleteTestingBaba_test01 started successfully]]>
            </line>
            <line>
              <![CDATA[Testcase AutocompleteTestingBaba_test01 passed successfully]]>
            </line>
          </reporter-output>
        </test-method> <!-- AutocompleteTestingBaba_test01 -->
        <test-method signature="AutocompleteTestingBaba_test02()[pri:2, instance:testingbaba.Testingbaba_autocomplete_test@6f152006]" started-at="2022-04-07T19:04:27 IST" name="AutocompleteTestingBaba_test02" finished-at="2022-04-07T19:04:28 IST" duration-ms="1122" status="PASS">
          <reporter-output>
            <line>
              <![CDATA[Testcase AutocompleteTestingBaba_test02 started successfully]]>
            </line>
            <line>
              <![CDATA[Testcase AutocompleteTestingBaba_test02 passed successfully]]>
            </line>
          </reporter-output>
        </test-method> <!-- AutocompleteTestingBaba_test02 -->
        <test-method signature="AutocompleteTestingBaba_test03()[pri:3, instance:testingbaba.Testingbaba_autocomplete_test@6f152006]" started-at="2022-04-07T19:04:28 IST" name="AutocompleteTestingBaba_test03" finished-at="2022-04-07T19:04:31 IST" duration-ms="2275" status="PASS">
          <reporter-output>
            <line>
              <![CDATA[Testcase AutocompleteTestingBaba_test03 started successfully]]>
            </line>
            <line>
              <![CDATA[Testcase AutocompleteTestingBaba_test03 passed successfully]]>
            </line>
          </reporter-output>
        </test-method> <!-- AutocompleteTestingBaba_test03 -->
        <test-method is-config="true" signature="Teardown()[pri:0, instance:testingbaba.Testingbaba_autocomplete_test@6f152006]" started-at="2022-04-07T19:04:31 IST" name="Teardown" finished-at="2022-04-07T19:04:31 IST" duration-ms="243" status="PASS">
          <reporter-output>
          </reporter-output>
        </test-method> <!-- Teardown -->
      </class> <!-- testingbaba.Testingbaba_autocomplete_test -->
    </test> <!-- autocomplete -->
    <test started-at="2022-04-07T19:04:31 IST" name="Webtable" finished-at="2022-04-07T19:04:47 IST" duration-ms="16684">
      <class name="testingbaba.Testingbaba_webtables_test">
        <test-method is-config="true" signature="launchtestingbaba()[pri:0, instance:testingbaba.Testingbaba_webtables_test@4b2a01d4]" started-at="2022-04-07T19:04:31 IST" name="launchtestingbaba" finished-at="2022-04-07T19:04:36 IST" duration-ms="5000" status="PASS">
          <reporter-output>
          </reporter-output>
        </test-method> <!-- launchtestingbaba -->
        <test-method signature="WebTablesTestingBaba_test01()[pri:0, instance:testingbaba.Testingbaba_webtables_test@4b2a01d4]" started-at="2022-04-07T19:04:36 IST" name="WebTablesTestingBaba_test01" finished-at="2022-04-07T19:04:47 IST" duration-ms="11677" status="PASS">
          <reporter-output>
            <line>
              <![CDATA[Testcase WebTablesTestingBaba_test01 started successfully]]>
            </line>
            <line>
              <![CDATA[Testcase WebTablesTestingBaba_test01 passed successfully]]>
            </line>
          </reporter-output>
        </test-method> <!-- WebTablesTestingBaba_test01 -->
        <test-method is-config="true" signature="Teardown()[pri:0, instance:testingbaba.Testingbaba_webtables_test@4b2a01d4]" started-at="2022-04-07T19:04:47 IST" name="Teardown" finished-at="2022-04-07T19:04:47 IST" duration-ms="2" status="PASS">
          <reporter-output>
          </reporter-output>
        </test-method> <!-- Teardown -->
      </class> <!-- testingbaba.Testingbaba_webtables_test -->
    </test> <!-- Webtable -->
    <test started-at="2022-04-07T19:04:47 IST" name="Flipkart" finished-at="2022-04-07T19:05:21 IST" duration-ms="33269">
      <class name="flipkart.Flipkart_buy_test">
        <test-method is-config="true" signature="launchFB()[pri:0, instance:flipkart.Flipkart_buy_test@101639ae]" started-at="2022-04-07T19:04:47 IST" name="launchFB" finished-at="2022-04-07T19:04:52 IST" duration-ms="4517" status="PASS">
          <reporter-output>
          </reporter-output>
        </test-method> <!-- launchFB -->
        <test-method signature="FlipkartLogin_Test01()[pri:0, instance:flipkart.Flipkart_buy_test@101639ae]" started-at="2022-04-07T19:04:52 IST" name="FlipkartLogin_Test01" finished-at="2022-04-07T19:04:54 IST" duration-ms="2325" status="PASS">
          <reporter-output>
            <line>
              <![CDATA[Testcase FlipkartLogin_Test01 started successfully]]>
            </line>
            <line>
              <![CDATA[Testcase FlipkartLogin_Test01 passed successfully]]>
            </line>
          </reporter-output>
        </test-method> <!-- FlipkartLogin_Test01 -->
        <test-method signature="FlipkartProfileChange_Test02()[pri:0, instance:flipkart.Flipkart_buy_test@101639ae]" started-at="2022-04-07T19:04:54 IST" name="FlipkartProfileChange_Test02" finished-at="2022-04-07T19:05:20 IST" duration-ms="25941" status="PASS">
          <reporter-output>
            <line>
              <![CDATA[Testcase FlipkartProfileChange_Test02 started successfully]]>
            </line>
            <line>
              <![CDATA[Testcase FlipkartProfileChange_Test02 passed successfully]]>
            </line>
          </reporter-output>
        </test-method> <!-- FlipkartProfileChange_Test02 -->
        <test-method is-config="true" signature="Teardown()[pri:0, instance:flipkart.Flipkart_buy_test@101639ae]" started-at="2022-04-07T19:05:20 IST" name="Teardown" finished-at="2022-04-07T19:05:21 IST" duration-ms="462" status="PASS">
          <reporter-output>
          </reporter-output>
        </test-method> <!-- Teardown -->
      </class> <!-- flipkart.Flipkart_buy_test -->
    </test> <!-- Flipkart -->
    <test started-at="2022-04-07T19:05:21 IST" name="Flipkart_Buy_product" finished-at="2022-04-07T19:05:40 IST" duration-ms="19504">
      <class name="flipkart.Flipkart_buyproduct_test">
        <test-method is-config="true" signature="launchFB()[pri:0, instance:flipkart.Flipkart_buyproduct_test@26bab2f1]" started-at="2022-04-07T19:05:21 IST" name="launchFB" finished-at="2022-04-07T19:05:31 IST" duration-ms="10629" status="PASS">
          <reporter-output>
          </reporter-output>
        </test-method> <!-- launchFB -->
        <test-method signature="FlipkartLoginInvalidCred_Test01()[pri:0, instance:flipkart.Flipkart_buyproduct_test@26bab2f1]" started-at="2022-04-07T19:05:31 IST" name="FlipkartLoginInvalidCred_Test01" finished-at="2022-04-07T19:05:40 IST" duration-ms="8423" status="PASS">
          <reporter-output>
            <line>
              <![CDATA[Testcase FlipkartLoginInvalidCred_Test01 started successfully]]>
            </line>
            <line>
              <![CDATA[Testcase FlipkartLoginInvalidCred_Test01 passed successfully]]>
            </line>
          </reporter-output>
        </test-method> <!-- FlipkartLoginInvalidCred_Test01 -->
        <test-method is-config="true" signature="Teardown()[pri:0, instance:flipkart.Flipkart_buyproduct_test@26bab2f1]" started-at="2022-04-07T19:05:40 IST" name="Teardown" finished-at="2022-04-07T19:05:40 IST" duration-ms="448" status="PASS">
          <reporter-output>
          </reporter-output>
        </test-method> <!-- Teardown -->
      </class> <!-- flipkart.Flipkart_buyproduct_test -->
    </test> <!-- Flipkart_Buy_product -->
    <test started-at="2022-04-07T19:05:40 IST" name="Makemytrip" finished-at="2022-04-07T19:06:02 IST" duration-ms="21765">
      <class name="makemytrip.Makemytrip_launch_test">
        <test-method is-config="true" signature="launchFB()[pri:0, instance:makemytrip.Makemytrip_launch_test@37052337]" started-at="2022-04-07T19:05:40 IST" name="launchFB" finished-at="2022-04-07T19:05:46 IST" duration-ms="5922" status="PASS">
          <reporter-output>
          </reporter-output>
        </test-method> <!-- launchFB -->
        <test-method signature="MakemyTripSendValidNumber_Test01()[pri:0, instance:makemytrip.Makemytrip_launch_test@37052337]" started-at="2022-04-07T19:05:46 IST" name="MakemyTripSendValidNumber_Test01" finished-at="2022-04-07T19:05:51 IST" duration-ms="4799" status="PASS">
          <reporter-output>
            <line>
              <![CDATA[Testcase MakemyTripSendValidNumber_Test01 started successfully]]>
            </line>
            <line>
              <![CDATA[Testcase MakemyTripSendValidNumber_Test01 passed successfully]]>
            </line>
          </reporter-output>
        </test-method> <!-- MakemyTripSendValidNumber_Test01 -->
        <test-method signature="MakemyTripSendINValidNumber_Test02()[pri:1, instance:makemytrip.Makemytrip_launch_test@37052337]" started-at="2022-04-07T19:05:51 IST" name="MakemyTripSendINValidNumber_Test02" finished-at="2022-04-07T19:06:02 IST" duration-ms="10666" status="PASS">
          <reporter-output>
            <line>
              <![CDATA[Testcase MakemyTripSendINValidNumber_Test02 started successfully]]>
            </line>
            <line>
              <![CDATA[Testcase MakemyTripSendINValidNumber_Test02 passed successfully]]>
            </line>
          </reporter-output>
        </test-method> <!-- MakemyTripSendINValidNumber_Test02 -->
        <test-method is-config="true" signature="Teardown()[pri:0, instance:makemytrip.Makemytrip_launch_test@37052337]" started-at="2022-04-07T19:06:02 IST" name="Teardown" finished-at="2022-04-07T19:06:02 IST" duration-ms="369" status="PASS">
          <reporter-output>
          </reporter-output>
        </test-method> <!-- Teardown -->
      </class> <!-- makemytrip.Makemytrip_launch_test -->
    </test> <!-- Makemytrip -->
  </suite> <!-- Testingbaba -->
</testng-results>
