<?xml version="1.0" encoding="UTF-8"?>
<!-- Generated by org.testng.reporters.JUnitReportReporter -->
<testsuite hostname="DESKTOP-493EAAE" failures="0" tests="3" name="test.Testingbaba_checkbox_test" time="1.406" errors="0" timestamp="2022-03-13T11:41:03 IST" skipped="0">
  <testcase classname="test.Testingbaba_checkbox_test" name="CheckboxTestingBaba_test01" time="0.047"/>
  <system-out>
    <![CDATA[Testcase CheckboxTestingBaba_test01 started successfully
Testcase CheckboxTestingBaba_test01 passed successfully]]>
  </system-out>
  <testcase classname="test.Testingbaba_checkbox_test" name="CheckboxTestingBaba_test02" time="0.068"/>
  <system-out>
    <![CDATA[Testcase CheckboxTestingBaba_test02 started successfully
Testcase CheckboxTestingBaba_test02 passed successfully]]>
  </system-out>
  <testcase classname="test.Testingbaba_checkbox_test" name="CheckboxTestingBaba_test03" time="1.291"/>
  <system-out>
    <![CDATA[Testcase CheckboxTestingBaba_test03 started successfully
Testcase CheckboxTestingBaba_test03 passed successfully]]>
  </system-out>
</testsuite> <!-- test.Testingbaba_checkbox_test -->
