<?xml version="1.0" encoding="UTF-8"?>
<!-- Generated by org.testng.reporters.JUnitReportReporter -->
<testsuite hostname="DESKTOP-493EAAE" failures="0" tests="1" name="testingbaba.Testingbaba_radio_test" time="0.000" errors="0" timestamp="2022-04-18T20:18:04 IST" skipped="1">
  <testcase classname="testingbaba.Testingbaba_radio_test" name="RadioButtonTestingBaba_test01" time="0.000">
    <skipped/>
  </testcase> <!-- RadioButtonTestingBaba_test01 -->
  <system-out>
    <![CDATA[Testcase RadioButtonTestingBaba_test01 got skipped
Testcase TextboxTestingBaba_test01 started successfully]]>
  </system-out>
</testsuite> <!-- testingbaba.Testingbaba_radio_test -->
