<?xml version="1.0" encoding="UTF-8"?>
<!-- Generated by org.testng.reporters.JUnitReportReporter -->
<testsuite hostname="DESKTOP-493EAAE" failures="0" tests="2" name="makemytrip.Makemytrip_launch_test" time="14.413" errors="0" timestamp="2022-03-25T17:28:27 IST" skipped="0">
  <testcase classname="makemytrip.Makemytrip_launch_test" name="MakemyTripSendValidNumber_Test01" time="4.552"/>
  <system-out>
    <![CDATA[Testcase MakemyTripSendValidNumber_Test01 started successfully
Testcase MakemyTripSendValidNumber_Test01 passed successfully]]>
  </system-out>
  <testcase classname="makemytrip.Makemytrip_launch_test" name="MakemyTripSendINValidNumber_Test02" time="9.861"/>
  <system-out>
    <![CDATA[Testcase MakemyTripSendINValidNumber_Test02 started successfully
Testcase MakemyTripSendINValidNumber_Test02 passed successfully]]>
  </system-out>
</testsuite> <!-- makemytrip.Makemytrip_launch_test -->
