<?xml version="1.0" encoding="UTF-8"?>
<!-- Generated by org.testng.reporters.JUnitReportReporter -->
<testsuite hostname="DESKTOP-493EAAE" failures="0" tests="1" name="testingbaba.Testingbaba_dropdown_test" time="2.321" errors="0" timestamp="2022-04-05T20:28:44 IST" skipped="0">
  <testcase classname="testingbaba.Testingbaba_dropdown_test" name="DropdownTestingBaba_test01" time="2.321"/>
  <system-out>
    <![CDATA[Testcase DropdownTestingBaba_test01 started successfully
Testcase DropdownTestingBaba_test01 passed successfully]]>
  </system-out>
</testsuite> <!-- testingbaba.Testingbaba_dropdown_test -->
