<?xml version="1.0" encoding="UTF-8"?>
<!-- Generated by org.testng.reporters.JUnitReportReporter -->
<testsuite hostname="DESKTOP-493EAAE" failures="0" tests="2" name="flipkart.Flipkart_buy_test" time="23.535" errors="0" timestamp="2022-04-05T20:28:44 IST" skipped="0">
  <testcase classname="flipkart.Flipkart_buy_test" name="FlipkartLogin_Test01" time="2.606"/>
  <system-out>
    <![CDATA[Testcase FlipkartLogin_Test01 started successfully
Testcase FlipkartLogin_Test01 passed successfully]]>
  </system-out>
  <testcase classname="flipkart.Flipkart_buy_test" name="FlipkartProfileChange_Test02" time="20.929"/>
  <system-out>
    <![CDATA[Testcase FlipkartProfileChange_Test02 started successfully
Testcase FlipkartProfileChange_Test02 passed successfully]]>
  </system-out>
</testsuite> <!-- flipkart.Flipkart_buy_test -->
