<?xml version="1.0" encoding="UTF-8"?>
<!-- Generated by org.testng.reporters.JUnitXMLReporter -->
<testsuite ignored="0" hostname="DESKTOP-493EAAE" failures="0" tests="3" name="autocomplete" time="9.93" errors="0" timestamp="2022-03-04T20:17:37 IST">
  <testcase classname="test.Testingbaba_autocomplete_test" name="getweb" time="0.18"/>
  <testcase classname="test.Testingbaba_autocomplete_test" name="completeclick" time="1.124"/>
  <testcase classname="test.Testingbaba_autocomplete_test" name="filldetails" time="2.297"/>
</testsuite> <!-- autocomplete -->
