<?xml version="1.0" encoding="UTF-8"?>
<!-- Generated by org.testng.reporters.JUnitXMLReporter -->
<testsuite ignored="0" hostname="DESKTOP-493EAAE" failures="0" tests="3" name="autocomplete" time="10.015" errors="0" timestamp="2022-03-12T10:21:48 IST">
  <testcase classname="test.Testingbaba_autocomplete_test" name="getweb" time="0.093"/>
  <testcase classname="test.Testingbaba_autocomplete_test" name="completeclick" time="1.127"/>
  <testcase classname="test.Testingbaba_autocomplete_test" name="filldetails" time="2.45"/>
</testsuite> <!-- autocomplete -->
