<?xml version="1.0" encoding="UTF-8"?>
<!-- Generated by org.testng.reporters.JUnitXMLReporter -->
<testsuite ignored="0" hostname="DESKTOP-493EAAE" failures="0" tests="3" name="buttons" time="7.917" errors="0" timestamp="2022-03-19T13:02:50 IST">
  <testcase classname="testingbaba.Testingbaba_buttons_test" name="ButtonsTestingBaba_test01" time="0.175"/>
  <testcase classname="testingbaba.Testingbaba_buttons_test" name="ButtonsTestingBaba_test02" time="0.687"/>
  <testcase classname="testingbaba.Testingbaba_buttons_test" name="ButtonsTestingBaba_test03" time="0.184"/>
</testsuite> <!-- buttons -->
