<?xml version="1.0" encoding="UTF-8"?>
<!-- Generated by org.testng.reporters.JUnitXMLReporter -->
<testsuite ignored="0" hostname="DESKTOP-493EAAE" failures="0" tests="3" name="checkbox" time="7.598" errors="0" timestamp="2022-03-18T14:31:59 IST">
  <testcase classname="test.Testingbaba_checkbox_test" name="CheckboxTestingBaba_test01" time="0.055"/>
  <testcase classname="test.Testingbaba_checkbox_test" name="CheckboxTestingBaba_test02" time="0.142"/>
  <testcase classname="test.Testingbaba_checkbox_test" name="CheckboxTestingBaba_test03" time="1.382"/>
</testsuite> <!-- checkbox -->
