<?xml version="1.0" encoding="UTF-8"?>
<!-- Generated by org.testng.reporters.JUnitXMLReporter -->
<testsuite ignored="0" hostname="DESKTOP-493EAAE" failures="0" tests="3" name="checkbox" time="9.262" errors="0" timestamp="2022-03-18T12:07:33 IST">
  <testcase classname="test.Testingbaba_checkbox_test" name="CheckboxTestingBaba_test01" time="0.111"/>
  <testcase classname="test.Testingbaba_checkbox_test" name="CheckboxTestingBaba_test02" time="0.106"/>
  <testcase classname="test.Testingbaba_checkbox_test" name="CheckboxTestingBaba_test03" time="1.372"/>
</testsuite> <!-- checkbox -->
