<?xml version="1.0" encoding="UTF-8"?>
<!-- Generated by org.testng.reporters.JUnitXMLReporter -->
<testsuite ignored="0" hostname="DESKTOP-493EAAE" failures="0" tests="3" name="checkbox" time="16.781" errors="0" timestamp="2022-04-05T20:29:58 IST">
  <testcase classname="testingbaba.Testingbaba_checkbox_test" name="CheckboxTestingBaba_test01" time="0.127"/>
  <testcase classname="testingbaba.Testingbaba_checkbox_test" name="CheckboxTestingBaba_test02" time="4.193"/>
  <testcase classname="testingbaba.Testingbaba_checkbox_test" name="CheckboxTestingBaba_test03" time="5.672"/>
</testsuite> <!-- checkbox -->
