<?xml version="1.0" encoding="UTF-8"?>
<!-- Generated by org.testng.reporters.JUnitXMLReporter -->
<testsuite ignored="0" hostname="DESKTOP-493EAAE" failures="0" tests="2" name="Makemytrip" time="22.977" errors="0" timestamp="2022-03-19T13:05:26 IST">
  <testcase classname="makemytrip.Makemytrip_launch_test" name="MakemyTripSendValidNumber_Test01" time="4.814"/>
  <testcase classname="makemytrip.Makemytrip_launch_test" name="MakemyTripSendINValidNumber_Test02" time="10.573"/>
</testsuite> <!-- Makemytrip -->
