<?xml version="1.0" encoding="UTF-8"?>
<!-- Generated by org.testng.reporters.JUnitXMLReporter -->
<testsuite ignored="0" hostname="DESKTOP-GN8H4QN" failures="1" tests="1" name="radio" time="7.152" errors="0" timestamp="2022-03-19T18:47:24 IST">
  <testcase classname="testingbaba.Testingbaba_radio_test" name="RadioButtonTestingBaba_test01" time="1.435">
    <failure type="org.openqa.selenium.ElementClickInterceptedException" message="element click intercepted: Element &amp;lt;a class=&amp;quot;nav-link&amp;quot; href=&amp;quot;newdemo.html&amp;quot;&amp;gt;...&amp;lt;/a&amp;gt; is not clickable at point (601, 40). Other element would receive the click: &amp;lt;div class=&amp;quot;modal-header&amp;quot;&amp;gt;...&amp;lt;/div&amp;gt;
  (Session info: chrome=99.0.4844.74)
Build info: version: &amp;apos;4.1.2&amp;apos;, revision: &amp;apos;9a5a329c5a&amp;apos;
System info: host: &amp;apos;DESKTOP-GN8H4QN&amp;apos;, ip: &amp;apos;192.168.1.34&amp;apos;, os.name: &amp;apos;Windows 10&amp;apos;, os.arch: &amp;apos;amd64&amp;apos;, os.version: &amp;apos;10.0&amp;apos;, java.version: &amp;apos;16.0.1&amp;apos;
Driver info: org.openqa.selenium.chrome.ChromeDriver
Command: [7cf1237f6d9ce22d2e02fbe1bf8c7515, clickElement {id=7d47907c-8393-4081-8354-b829c0dcdfb0}]
Capabilities {acceptInsecureCerts: false, browserName: chrome, browserVersion: 99.0.4844.74, chrome: {chromedriverVersion: 99.0.4844.51 (d537ec02474b5..., userDataDir: C:\Users\POOJA SINGH\AppDat...}, goog:chromeOptions: {debuggerAddress: localhost:62672}, javascriptEnabled: true, networkConnectionEnabled: false, pageLoadStrategy: normal, platform: WINDOWS, platformName: WINDOWS, proxy: Proxy(), se:cdp: ws://localhost:62672/devtoo..., se:cdpVersion: 99.0.4844.74, setWindowRect: true, strictFileInteractability: false, timeouts: {implicit: 0, pageLoad: 300000, script: 30000}, unhandledPromptBehavior: dismiss and notify, webauthn:extension:credBlob: true, webauthn:extension:largeBlob: true, webauthn:virtualAuthenticators: true}
Element: [[ChromeDriver: chrome on WINDOWS (7cf1237f6d9ce22d2e02fbe1bf8c7515)] -&amp;gt; xpath: //*[@id=&amp;quot;navbarSupportedContent&amp;quot;]/ul/li[5]/a]
Session ID: 7cf1237f6d9ce22d2e02fbe1bf8c7515">
      <![CDATA[org.openqa.selenium.ElementClickInterceptedException: element click intercepted: Element <a class="nav-link" href="newdemo.html">...</a> is not clickable at point (601, 40). Other element would receive the click: <div class="modal-header">...</div>
  (Session info: chrome=99.0.4844.74)
Build info: version: '4.1.2', revision: '9a5a329c5a'
System info: host: 'DESKTOP-GN8H4QN', ip: '192.168.1.34', os.name: 'Windows 10', os.arch: 'amd64', os.version: '10.0', java.version: '16.0.1'
Driver info: org.openqa.selenium.chrome.ChromeDriver
Command: [7cf1237f6d9ce22d2e02fbe1bf8c7515, clickElement {id=7d47907c-8393-4081-8354-b829c0dcdfb0}]
Capabilities {acceptInsecureCerts: false, browserName: chrome, browserVersion: 99.0.4844.74, chrome: {chromedriverVersion: 99.0.4844.51 (d537ec02474b5..., userDataDir: C:\Users\POOJA SINGH\AppDat...}, goog:chromeOptions: {debuggerAddress: localhost:62672}, javascriptEnabled: true, networkConnectionEnabled: false, pageLoadStrategy: normal, platform: WINDOWS, platformName: WINDOWS, proxy: Proxy(), se:cdp: ws://localhost:62672/devtoo..., se:cdpVersion: 99.0.4844.74, setWindowRect: true, strictFileInteractability: false, timeouts: {implicit: 0, pageLoad: 300000, script: 30000}, unhandledPromptBehavior: dismiss and notify, webauthn:extension:credBlob: true, webauthn:extension:largeBlob: true, webauthn:virtualAuthenticators: true}
Element: [[ChromeDriver: chrome on WINDOWS (7cf1237f6d9ce22d2e02fbe1bf8c7515)] -> xpath: //*[@id="navbarSupportedContent"]/ul/li[5]/a]
Session ID: 7cf1237f6d9ce22d2e02fbe1bf8c7515
at org.openqa.selenium.remote.codec.w3c.W3CHttpResponseCodec.createException(W3CHttpResponseCodec.java:200)
at org.openqa.selenium.remote.codec.w3c.W3CHttpResponseCodec.decode(W3CHttpResponseCodec.java:133)
at org.openqa.selenium.remote.codec.w3c.W3CHttpResponseCodec.decode(W3CHttpResponseCodec.java:53)
at org.openqa.selenium.remote.HttpCommandExecutor.execute(HttpCommandExecutor.java:184)
at org.openqa.selenium.remote.service.DriverCommandExecutor.invokeExecute(DriverCommandExecutor.java:167)
at org.openqa.selenium.remote.service.DriverCommandExecutor.execute(DriverCommandExecutor.java:142)
at org.openqa.selenium.remote.RemoteWebDriver.execute(RemoteWebDriver.java:558)
at org.openqa.selenium.remote.RemoteWebElement.execute(RemoteWebElement.java:251)
at org.openqa.selenium.remote.RemoteWebElement.click(RemoteWebElement.java:77)
at org.openqa.selenium.support.pagefactory.internal.LocatingElementHandler.invoke(LocatingElementHandler.java:52)
at jdk.proxy2/jdk.proxy2.$Proxy30.click(Unknown Source)
at pages.Testingbaba_radio_page.getradio(Testingbaba_radio_page.java:43)
at testingbaba.Testingbaba_radio_test.RadioButtonTestingBaba_test01(Testingbaba_radio_test.java:31)
at java.base/java.util.ArrayList.forEach(ArrayList.java:1511)
... Removed 38 stack frames]]>
    </failure>
  </testcase> <!-- RadioButtonTestingBaba_test01 -->
</testsuite> <!-- radio -->
