<?xml version="1.0" encoding="UTF-8"?>
<!-- Generated by org.testng.reporters.JUnitXMLReporter -->
<testsuite ignored="0" hostname="DESKTOP-493EAAE" failures="0" tests="4" name="Textbox" time="6.673" errors="0" timestamp="2022-03-13T10:09:55 IST">
  <testcase classname="test.Testingbaba_textbox_test" name="gettitle" time="0.014"/>
  <testcase classname="test.Testingbaba_textbox_test" name="clickonelements" time="0.046"/>
  <testcase classname="test.Testingbaba_textbox_test" name="filldetails" time="0.421"/>
  <testcase classname="test.Testingbaba_textbox_test" name="getverify" time="0.113"/>
</testsuite> <!-- Textbox -->
