<?xml version="1.0" encoding="UTF-8"?>
<!-- Generated by org.testng.reporters.JUnitXMLReporter -->
<testsuite ignored="0" hostname="DESKTOP-GN8H4QN" failures="1" tests="1" name="Webtable" time="73.656" errors="0" timestamp="2022-03-19T18:48:48 IST">
  <testcase classname="testingbaba.Testingbaba_webtables_test" name="WebTablesTestingBaba_test01" time="67.421">
    <failure type="java.lang.IndexOutOfBoundsException" message="Index 0 out of bounds for length 0">
      <![CDATA[java.lang.IndexOutOfBoundsException: Index 0 out of bounds for length 0
at java.base/jdk.internal.util.Preconditions.outOfBounds(Preconditions.java:64)
at java.base/jdk.internal.util.Preconditions.outOfBoundsCheckIndex(Preconditions.java:70)
at java.base/jdk.internal.util.Preconditions.checkIndex(Preconditions.java:266)
at java.base/java.util.Objects.checkIndex(Objects.java:359)
at java.base/java.util.ArrayList.get(ArrayList.java:427)
at org.openqa.selenium.support.pagefactory.internal.LocatingElementListHandler.invoke(LocatingElementListHandler.java:40)
at jdk.proxy2/jdk.proxy2.$Proxy31.get(Unknown Source)
at pages.Testingbaba_webtables_page.getweb(Testingbaba_webtables_page.java:100)
at testingbaba.Testingbaba_webtables_test.WebTablesTestingBaba_test01(Testingbaba_webtables_test.java:33)
at java.base/java.util.ArrayList.forEach(ArrayList.java:1511)
... Removed 34 stack frames]]>
    </failure>
  </testcase> <!-- WebTablesTestingBaba_test01 -->
</testsuite> <!-- Webtable -->
